INFO: [VRFC 10-2263] Analyzing Verilog file "C:/Users/Vrael/Desktop/FFT_Project/module_sim/fft_module/fft_module.sim/sim_1/synth/func/xsim/FFT_Microblaze_Tb_func_synth.v" into library xil_defaultlib
INFO: [VRFC 10-311] analyzing module FFT_Butterfly_Microblaze
INFO: [VRFC 10-311] analyzing module FFT_Butterfly_Microblaze_FFT_Butterfly_Axi_Li_0_0
INFO: [VRFC 10-311] analyzing module FFT_Butterfly_Microblaze_FFT_Butterfly_Axi_Li_0_0_FFT_Butterfly_Axi_Lite_v1_0
INFO: [VRFC 10-311] analyzing module FFT_Butterfly_Microblaze_FFT_Butterfly_Axi_Li_0_0_FFT_Butterfly_Axi_Lite_v1_0_S00_AXI
INFO: [VRFC 10-311] analyzing module FFT_Butterfly_Microblaze_FFT_Butterfly_Axi_Li_0_0_FFT_STAGE
INFO: [VRFC 10-311] analyzing module FFT_Butterfly_Microblaze_FFT_Butterfly_Axi_Li_0_0_FFT_STAGE__parameterized0
INFO: [VRFC 10-311] analyzing module FFT_Butterfly_Microblaze_FFT_Butterfly_Axi_Li_0_0_FFT_STAGE__parameterized1
INFO: [VRFC 10-311] analyzing module FFT_Butterfly_Microblaze_FFT_Butterfly_Axi_Li_0_0_Main_Module
INFO: [VRFC 10-311] analyzing module FFT_Butterfly_Microblaze_FFT_Butterfly_Axi_Li_0_0_Phase_Im_Factor_ROM_Memory
INFO: [VRFC 10-311] analyzing module FFT_Butterfly_Microblaze_FFT_Butterfly_Axi_Li_0_0_Phase_Im_Factor_ROM_Memory__1
INFO: [VRFC 10-311] analyzing module FFT_Butterfly_Microblaze_FFT_Butterfly_Axi_Li_0_0_Phase_Im_Factor_ROM_Memory__2
INFO: [VRFC 10-311] analyzing module FFT_Butterfly_Microblaze_FFT_Butterfly_Axi_Li_0_0_Phase_Re_Factor_ROM_Memory
INFO: [VRFC 10-311] analyzing module FFT_Butterfly_Microblaze_FFT_Butterfly_Axi_Li_0_0_Phase_Re_Factor_ROM_Memory__1
INFO: [VRFC 10-311] analyzing module FFT_Butterfly_Microblaze_FFT_Butterfly_Axi_Li_0_0_Phase_Re_Factor_ROM_Memory__2
INFO: [VRFC 10-311] analyzing module FFT_Butterfly_Microblaze_FFT_Butterfly_Axi_Li_0_0_Reverse_Input_Data_Adress
INFO: [VRFC 10-311] analyzing module FFT_Butterfly_Microblaze_FFT_Butterfly_Axi_Li_0_0_Simplified_fft_stage
INFO: [VRFC 10-311] analyzing module FFT_Butterfly_Microblaze_FFT_Butterfly_Axi_Li_0_0_change_sign_rtl
INFO: [VRFC 10-311] analyzing module FFT_Butterfly_Microblaze_FFT_Butterfly_Axi_Li_0_0_change_sign_rtl_16
INFO: [VRFC 10-311] analyzing module FFT_Butterfly_Microblaze_FFT_Butterfly_Axi_Li_0_0_change_sign_rtl_17
INFO: [VRFC 10-311] analyzing module FFT_Butterfly_Microblaze_FFT_Butterfly_Axi_Li_0_0_change_sign_rtl_18
INFO: [VRFC 10-311] analyzing module FFT_Butterfly_Microblaze_FFT_Butterfly_Axi_Li_0_0_change_sign_rtl_19
INFO: [VRFC 10-311] analyzing module FFT_Butterfly_Microblaze_FFT_Butterfly_Axi_Li_0_0_change_sign_rtl_20
INFO: [VRFC 10-311] analyzing module FFT_Butterfly_Microblaze_FFT_Butterfly_Axi_Li_0_0_change_sign_rtl_21
INFO: [VRFC 10-311] analyzing module FFT_Butterfly_Microblaze_FFT_Butterfly_Axi_Li_0_0_change_sign_rtl_22
INFO: [VRFC 10-311] analyzing module FFT_Butterfly_Microblaze_FFT_Butterfly_Axi_Li_0_0_change_sign_rtl_23
INFO: [VRFC 10-311] analyzing module FFT_Butterfly_Microblaze_FFT_Butterfly_Axi_Li_0_0_change_sign_rtl_3
INFO: [VRFC 10-311] analyzing module FFT_Butterfly_Microblaze_FFT_Butterfly_Axi_Li_0_0_change_sign_rtl_4
INFO: [VRFC 10-311] analyzing module FFT_Butterfly_Microblaze_FFT_Butterfly_Axi_Li_0_0_change_sign_rtl_40
INFO: [VRFC 10-311] analyzing module FFT_Butterfly_Microblaze_FFT_Butterfly_Axi_Li_0_0_change_sign_rtl_41
INFO: [VRFC 10-311] analyzing module FFT_Butterfly_Microblaze_FFT_Butterfly_Axi_Li_0_0_change_sign_rtl_42
INFO: [VRFC 10-311] analyzing module FFT_Butterfly_Microblaze_FFT_Butterfly_Axi_Li_0_0_change_sign_rtl_43
INFO: [VRFC 10-311] analyzing module FFT_Butterfly_Microblaze_FFT_Butterfly_Axi_Li_0_0_change_sign_rtl_44
INFO: [VRFC 10-311] analyzing module FFT_Butterfly_Microblaze_FFT_Butterfly_Axi_Li_0_0_change_sign_rtl_45
INFO: [VRFC 10-311] analyzing module FFT_Butterfly_Microblaze_FFT_Butterfly_Axi_Li_0_0_change_sign_rtl_46
INFO: [VRFC 10-311] analyzing module FFT_Butterfly_Microblaze_FFT_Butterfly_Axi_Li_0_0_change_sign_rtl_47
INFO: [VRFC 10-311] analyzing module FFT_Butterfly_Microblaze_FFT_Butterfly_Axi_Li_0_0_change_sign_rtl_5
INFO: [VRFC 10-311] analyzing module FFT_Butterfly_Microblaze_FFT_Butterfly_Axi_Li_0_0_change_sign_rtl_6
INFO: [VRFC 10-311] analyzing module FFT_Butterfly_Microblaze_FFT_Butterfly_Axi_Li_0_0_change_sign_rtl_7
INFO: [VRFC 10-311] analyzing module FFT_Butterfly_Microblaze_FFT_Butterfly_Axi_Li_0_0_change_sign_rtl_8
INFO: [VRFC 10-311] analyzing module FFT_Butterfly_Microblaze_FFT_Butterfly_Axi_Li_0_0_change_sign_rtl_9
INFO: [VRFC 10-311] analyzing module FFT_Butterfly_Microblaze_FFT_Butterfly_Axi_Li_0_0_comp_mult_rtl
INFO: [VRFC 10-311] analyzing module FFT_Butterfly_Microblaze_FFT_Butterfly_Axi_Li_0_0_comp_mult_rtl_11
INFO: [VRFC 10-311] analyzing module FFT_Butterfly_Microblaze_FFT_Butterfly_Axi_Li_0_0_comp_mult_rtl_35
INFO: [VRFC 10-311] analyzing module FFT_Butterfly_Microblaze_FFT_Butterfly_Axi_Li_0_0_fft_block_rtl
INFO: [VRFC 10-311] analyzing module FFT_Butterfly_Microblaze_FFT_Butterfly_Axi_Li_0_0_fft_block_rtl_10
INFO: [VRFC 10-311] analyzing module FFT_Butterfly_Microblaze_FFT_Butterfly_Axi_Li_0_0_fft_block_rtl_34
INFO: [VRFC 10-311] analyzing module FFT_Butterfly_Microblaze_FFT_Butterfly_Axi_Li_0_0_fft_block_simplified_rtl
INFO: [VRFC 10-311] analyzing module FFT_Butterfly_Microblaze_FFT_Butterfly_Axi_Li_0_0_s_mult_rtl
INFO: [VRFC 10-311] analyzing module FFT_Butterfly_Microblaze_FFT_Butterfly_Axi_Li_0_0_s_mult_rtl_0
INFO: [VRFC 10-311] analyzing module FFT_Butterfly_Microblaze_FFT_Butterfly_Axi_Li_0_0_s_mult_rtl_1
INFO: [VRFC 10-311] analyzing module FFT_Butterfly_Microblaze_FFT_Butterfly_Axi_Li_0_0_s_mult_rtl_12
INFO: [VRFC 10-311] analyzing module FFT_Butterfly_Microblaze_FFT_Butterfly_Axi_Li_0_0_s_mult_rtl_13
INFO: [VRFC 10-311] analyzing module FFT_Butterfly_Microblaze_FFT_Butterfly_Axi_Li_0_0_s_mult_rtl_14
INFO: [VRFC 10-311] analyzing module FFT_Butterfly_Microblaze_FFT_Butterfly_Axi_Li_0_0_s_mult_rtl_15
INFO: [VRFC 10-311] analyzing module FFT_Butterfly_Microblaze_FFT_Butterfly_Axi_Li_0_0_s_mult_rtl_2
INFO: [VRFC 10-311] analyzing module FFT_Butterfly_Microblaze_FFT_Butterfly_Axi_Li_0_0_s_mult_rtl_36
INFO: [VRFC 10-311] analyzing module FFT_Butterfly_Microblaze_FFT_Butterfly_Axi_Li_0_0_s_mult_rtl_37
INFO: [VRFC 10-311] analyzing module FFT_Butterfly_Microblaze_FFT_Butterfly_Axi_Li_0_0_s_mult_rtl_38
INFO: [VRFC 10-311] analyzing module FFT_Butterfly_Microblaze_FFT_Butterfly_Axi_Li_0_0_s_mult_rtl_39
INFO: [VRFC 10-311] analyzing module FFT_Butterfly_Microblaze_clk_wiz_1_0
INFO: [VRFC 10-311] analyzing module FFT_Butterfly_Microblaze_clk_wiz_1_0__FFT_Microblaze_clk_wiz_1_0_clk_wiz
INFO: [VRFC 10-311] analyzing module FFT_Butterfly_Microblaze_dlmb_bram_if_cntlr_0
INFO: [VRFC 10-311] analyzing module FFT_Butterfly_Microblaze_dlmb_bram_if_cntlr_0__lmb_bram_if_cntlr
INFO: [VRFC 10-311] analyzing module FFT_Butterfly_Microblaze_dlmb_v10_0
INFO: [VRFC 10-311] analyzing module FFT_Butterfly_Microblaze_dlmb_v10_0__lmb_v10
INFO: [VRFC 10-311] analyzing module FFT_Butterfly_Microblaze_ilmb_bram_if_cntlr_0
INFO: [VRFC 10-311] analyzing module FFT_Butterfly_Microblaze_ilmb_bram_if_cntlr_0__lmb_bram_if_cntlr
INFO: [VRFC 10-311] analyzing module FFT_Butterfly_Microblaze_ilmb_v10_0
INFO: [VRFC 10-311] analyzing module FFT_Butterfly_Microblaze_ilmb_v10_0__lmb_v10
INFO: [VRFC 10-311] analyzing module FFT_Butterfly_Microblaze_lmb_bram_0
INFO: [VRFC 10-311] analyzing module FFT_Butterfly_Microblaze_mdm_1_0
INFO: [VRFC 10-311] analyzing module FFT_Butterfly_Microblaze_mdm_1_0__JTAG_CONTROL
INFO: [VRFC 10-311] analyzing module FFT_Butterfly_Microblaze_mdm_1_0__MB_BSCANE2
INFO: [VRFC 10-311] analyzing module FFT_Butterfly_Microblaze_mdm_1_0__MB_BUFG
INFO: [VRFC 10-311] analyzing module FFT_Butterfly_Microblaze_mdm_1_0__MB_FDC_1
INFO: [VRFC 10-311] analyzing module FFT_Butterfly_Microblaze_mdm_1_0__MB_FDRE_1
INFO: [VRFC 10-311] analyzing module FFT_Butterfly_Microblaze_mdm_1_0__MB_SRL16E
INFO: [VRFC 10-311] analyzing module FFT_Butterfly_Microblaze_mdm_1_0__MB_SRL16E__parameterized1
INFO: [VRFC 10-311] analyzing module FFT_Butterfly_Microblaze_mdm_1_0__MB_SRL16E__parameterized3
INFO: [VRFC 10-311] analyzing module FFT_Butterfly_Microblaze_mdm_1_0__MB_SRL16E__parameterized5
INFO: [VRFC 10-311] analyzing module FFT_Butterfly_Microblaze_mdm_1_0__MDM
INFO: [VRFC 10-311] analyzing module FFT_Butterfly_Microblaze_mdm_1_0__MDM_Core
INFO: [VRFC 10-311] analyzing module FFT_Butterfly_Microblaze_microblaze_0_0
INFO: [VRFC 10-311] analyzing module FFT_Butterfly_Microblaze_microblaze_0_axi_periph_0
INFO: [VRFC 10-311] analyzing module FFT_Butterfly_Microblaze_rst_clk_wiz_1_100M_0
INFO: [VRFC 10-311] analyzing module FFT_Butterfly_Microblaze_rst_clk_wiz_1_100M_0__cdc_sync
INFO: [VRFC 10-311] analyzing module FFT_Butterfly_Microblaze_rst_clk_wiz_1_100M_0__cdc_sync_0
INFO: [VRFC 10-311] analyzing module FFT_Butterfly_Microblaze_rst_clk_wiz_1_100M_0__lpf
INFO: [VRFC 10-311] analyzing module FFT_Butterfly_Microblaze_rst_clk_wiz_1_100M_0__proc_sys_reset
INFO: [VRFC 10-311] analyzing module FFT_Butterfly_Microblaze_rst_clk_wiz_1_100M_0__sequence_psr
INFO: [VRFC 10-311] analyzing module FFT_Butterfly_Microblaze_rst_clk_wiz_1_100M_0__upcnt_n
INFO: [VRFC 10-311] analyzing module FFT_Butterfly_Microblaze_wrapper
INFO: [VRFC 10-311] analyzing module microblaze_0_local_memory_imp_R3MC26
INFO: [VRFC 10-311] analyzing module FFT_Butterfly_Microblaze_FFT_Butterfly_Axi_Li_0_0_blk_mem_gen_generic_cstr
INFO: [VRFC 10-311] analyzing module FFT_Butterfly_Microblaze_FFT_Butterfly_Axi_Li_0_0_blk_mem_gen_generic_cstr_31
INFO: [VRFC 10-311] analyzing module FFT_Butterfly_Microblaze_FFT_Butterfly_Axi_Li_0_0_blk_mem_gen_generic_cstr_55
INFO: [VRFC 10-311] analyzing module FFT_Butterfly_Microblaze_FFT_Butterfly_Axi_Li_0_0_blk_mem_gen_generic_cstr__parameterized0
INFO: [VRFC 10-311] analyzing module FFT_Butterfly_Microblaze_FFT_Butterfly_Axi_Li_0_0_blk_mem_gen_generic_cstr__parameterized0_26
INFO: [VRFC 10-311] analyzing module FFT_Butterfly_Microblaze_FFT_Butterfly_Axi_Li_0_0_blk_mem_gen_generic_cstr__parameterized0_50
INFO: [VRFC 10-311] analyzing module FFT_Butterfly_Microblaze_FFT_Butterfly_Axi_Li_0_0_blk_mem_gen_prim_width
INFO: [VRFC 10-311] analyzing module FFT_Butterfly_Microblaze_FFT_Butterfly_Axi_Li_0_0_blk_mem_gen_prim_width_32
INFO: [VRFC 10-311] analyzing module FFT_Butterfly_Microblaze_FFT_Butterfly_Axi_Li_0_0_blk_mem_gen_prim_width_56
INFO: [VRFC 10-311] analyzing module FFT_Butterfly_Microblaze_FFT_Butterfly_Axi_Li_0_0_blk_mem_gen_prim_width__parameterized0
INFO: [VRFC 10-311] analyzing module FFT_Butterfly_Microblaze_FFT_Butterfly_Axi_Li_0_0_blk_mem_gen_prim_width__parameterized0_27
INFO: [VRFC 10-311] analyzing module FFT_Butterfly_Microblaze_FFT_Butterfly_Axi_Li_0_0_blk_mem_gen_prim_width__parameterized0_51
INFO: [VRFC 10-311] analyzing module FFT_Butterfly_Microblaze_FFT_Butterfly_Axi_Li_0_0_blk_mem_gen_prim_wrapper_init
INFO: [VRFC 10-311] analyzing module FFT_Butterfly_Microblaze_FFT_Butterfly_Axi_Li_0_0_blk_mem_gen_prim_wrapper_init_33
INFO: [VRFC 10-311] analyzing module FFT_Butterfly_Microblaze_FFT_Butterfly_Axi_Li_0_0_blk_mem_gen_prim_wrapper_init_57
INFO: [VRFC 10-311] analyzing module FFT_Butterfly_Microblaze_FFT_Butterfly_Axi_Li_0_0_blk_mem_gen_prim_wrapper_init__parameterized0
INFO: [VRFC 10-311] analyzing module FFT_Butterfly_Microblaze_FFT_Butterfly_Axi_Li_0_0_blk_mem_gen_prim_wrapper_init__parameterized0_28
INFO: [VRFC 10-311] analyzing module FFT_Butterfly_Microblaze_FFT_Butterfly_Axi_Li_0_0_blk_mem_gen_prim_wrapper_init__parameterized0_52
INFO: [VRFC 10-311] analyzing module FFT_Butterfly_Microblaze_FFT_Butterfly_Axi_Li_0_0_blk_mem_gen_top
INFO: [VRFC 10-311] analyzing module FFT_Butterfly_Microblaze_FFT_Butterfly_Axi_Li_0_0_blk_mem_gen_top_30
INFO: [VRFC 10-311] analyzing module FFT_Butterfly_Microblaze_FFT_Butterfly_Axi_Li_0_0_blk_mem_gen_top_54
INFO: [VRFC 10-311] analyzing module FFT_Butterfly_Microblaze_FFT_Butterfly_Axi_Li_0_0_blk_mem_gen_top__parameterized0
INFO: [VRFC 10-311] analyzing module FFT_Butterfly_Microblaze_FFT_Butterfly_Axi_Li_0_0_blk_mem_gen_top__parameterized0_25
INFO: [VRFC 10-311] analyzing module FFT_Butterfly_Microblaze_FFT_Butterfly_Axi_Li_0_0_blk_mem_gen_top__parameterized0_49
INFO: [VRFC 10-311] analyzing module FFT_Butterfly_Microblaze_FFT_Butterfly_Axi_Li_0_0_blk_mem_gen_v8_4_2
INFO: [VRFC 10-311] analyzing module FFT_Butterfly_Microblaze_FFT_Butterfly_Axi_Li_0_0_blk_mem_gen_v8_4_2__1
INFO: [VRFC 10-311] analyzing module FFT_Butterfly_Microblaze_FFT_Butterfly_Axi_Li_0_0_blk_mem_gen_v8_4_2__2
INFO: [VRFC 10-311] analyzing module FFT_Butterfly_Microblaze_FFT_Butterfly_Axi_Li_0_0_blk_mem_gen_v8_4_2__parameterized1
INFO: [VRFC 10-311] analyzing module FFT_Butterfly_Microblaze_FFT_Butterfly_Axi_Li_0_0_blk_mem_gen_v8_4_2__parameterized1__1
INFO: [VRFC 10-311] analyzing module FFT_Butterfly_Microblaze_FFT_Butterfly_Axi_Li_0_0_blk_mem_gen_v8_4_2__parameterized1__2
INFO: [VRFC 10-311] analyzing module FFT_Butterfly_Microblaze_FFT_Butterfly_Axi_Li_0_0_blk_mem_gen_v8_4_2_synth
INFO: [VRFC 10-311] analyzing module FFT_Butterfly_Microblaze_FFT_Butterfly_Axi_Li_0_0_blk_mem_gen_v8_4_2_synth_29
INFO: [VRFC 10-311] analyzing module FFT_Butterfly_Microblaze_FFT_Butterfly_Axi_Li_0_0_blk_mem_gen_v8_4_2_synth_53
INFO: [VRFC 10-311] analyzing module FFT_Butterfly_Microblaze_FFT_Butterfly_Axi_Li_0_0_blk_mem_gen_v8_4_2_synth__parameterized0
INFO: [VRFC 10-311] analyzing module FFT_Butterfly_Microblaze_FFT_Butterfly_Axi_Li_0_0_blk_mem_gen_v8_4_2_synth__parameterized0_24
INFO: [VRFC 10-311] analyzing module FFT_Butterfly_Microblaze_FFT_Butterfly_Axi_Li_0_0_blk_mem_gen_v8_4_2_synth__parameterized0_48
INFO: [VRFC 10-311] analyzing module FFT_Butterfly_Microblaze_lmb_bram_0_blk_mem_gen_generic_cstr
INFO: [VRFC 10-311] analyzing module FFT_Butterfly_Microblaze_lmb_bram_0_blk_mem_gen_prim_width
INFO: [VRFC 10-311] analyzing module FFT_Butterfly_Microblaze_lmb_bram_0_blk_mem_gen_prim_width__parameterized0
INFO: [VRFC 10-311] analyzing module FFT_Butterfly_Microblaze_lmb_bram_0_blk_mem_gen_prim_wrapper
INFO: [VRFC 10-311] analyzing module FFT_Butterfly_Microblaze_lmb_bram_0_blk_mem_gen_prim_wrapper__parameterized0
INFO: [VRFC 10-311] analyzing module FFT_Butterfly_Microblaze_lmb_bram_0_blk_mem_gen_top
INFO: [VRFC 10-311] analyzing module FFT_Butterfly_Microblaze_lmb_bram_0_blk_mem_gen_v8_4_2
INFO: [VRFC 10-311] analyzing module FFT_Butterfly_Microblaze_lmb_bram_0_blk_mem_gen_v8_4_2_synth
INFO: [VRFC 10-311] analyzing module FFT_Butterfly_Microblaze_microblaze_0_0__ALU
INFO: [VRFC 10-311] analyzing module FFT_Butterfly_Microblaze_microblaze_0_0__ALU_Bit
INFO: [VRFC 10-311] analyzing module FFT_Butterfly_Microblaze_microblaze_0_0__ALU_Bit_489
INFO: [VRFC 10-311] analyzing module FFT_Butterfly_Microblaze_microblaze_0_0__ALU_Bit_490
INFO: [VRFC 10-311] analyzing module FFT_Butterfly_Microblaze_microblaze_0_0__ALU_Bit_491
INFO: [VRFC 10-311] analyzing module FFT_Butterfly_Microblaze_microblaze_0_0__ALU_Bit_492
INFO: [VRFC 10-311] analyzing module FFT_Butterfly_Microblaze_microblaze_0_0__ALU_Bit_493
INFO: [VRFC 10-311] analyzing module FFT_Butterfly_Microblaze_microblaze_0_0__ALU_Bit_494
INFO: [VRFC 10-311] analyzing module FFT_Butterfly_Microblaze_microblaze_0_0__ALU_Bit_495
INFO: [VRFC 10-311] analyzing module FFT_Butterfly_Microblaze_microblaze_0_0__ALU_Bit_496
INFO: [VRFC 10-311] analyzing module FFT_Butterfly_Microblaze_microblaze_0_0__ALU_Bit_497
INFO: [VRFC 10-311] analyzing module FFT_Butterfly_Microblaze_microblaze_0_0__ALU_Bit_498
INFO: [VRFC 10-311] analyzing module FFT_Butterfly_Microblaze_microblaze_0_0__ALU_Bit_499
INFO: [VRFC 10-311] analyzing module FFT_Butterfly_Microblaze_microblaze_0_0__ALU_Bit_500
INFO: [VRFC 10-311] analyzing module FFT_Butterfly_Microblaze_microblaze_0_0__ALU_Bit_501
INFO: [VRFC 10-311] analyzing module FFT_Butterfly_Microblaze_microblaze_0_0__ALU_Bit_502
INFO: [VRFC 10-311] analyzing module FFT_Butterfly_Microblaze_microblaze_0_0__ALU_Bit_503
INFO: [VRFC 10-311] analyzing module FFT_Butterfly_Microblaze_microblaze_0_0__ALU_Bit_504
INFO: [VRFC 10-311] analyzing module FFT_Butterfly_Microblaze_microblaze_0_0__ALU_Bit_505
INFO: [VRFC 10-311] analyzing module FFT_Butterfly_Microblaze_microblaze_0_0__ALU_Bit_506
INFO: [VRFC 10-311] analyzing module FFT_Butterfly_Microblaze_microblaze_0_0__ALU_Bit_507
INFO: [VRFC 10-311] analyzing module FFT_Butterfly_Microblaze_microblaze_0_0__ALU_Bit_508
INFO: [VRFC 10-311] analyzing module FFT_Butterfly_Microblaze_microblaze_0_0__ALU_Bit_509
INFO: [VRFC 10-311] analyzing module FFT_Butterfly_Microblaze_microblaze_0_0__ALU_Bit_510
INFO: [VRFC 10-311] analyzing module FFT_Butterfly_Microblaze_microblaze_0_0__ALU_Bit_511
INFO: [VRFC 10-311] analyzing module FFT_Butterfly_Microblaze_microblaze_0_0__ALU_Bit_512
INFO: [VRFC 10-311] analyzing module FFT_Butterfly_Microblaze_microblaze_0_0__ALU_Bit_513
INFO: [VRFC 10-311] analyzing module FFT_Butterfly_Microblaze_microblaze_0_0__ALU_Bit_514
INFO: [VRFC 10-311] analyzing module FFT_Butterfly_Microblaze_microblaze_0_0__ALU_Bit_515
INFO: [VRFC 10-311] analyzing module FFT_Butterfly_Microblaze_microblaze_0_0__ALU_Bit_516
INFO: [VRFC 10-311] analyzing module FFT_Butterfly_Microblaze_microblaze_0_0__ALU_Bit_517
INFO: [VRFC 10-311] analyzing module FFT_Butterfly_Microblaze_microblaze_0_0__ALU_Bit_518
INFO: [VRFC 10-311] analyzing module FFT_Butterfly_Microblaze_microblaze_0_0__ALU_Bit__parameterized2
INFO: [VRFC 10-311] analyzing module FFT_Butterfly_Microblaze_microblaze_0_0__Byte_Doublet_Handle_gti
INFO: [VRFC 10-311] analyzing module FFT_Butterfly_Microblaze_microblaze_0_0__DAXI_interface
INFO: [VRFC 10-311] analyzing module FFT_Butterfly_Microblaze_microblaze_0_0__Data_Flow_Logic
INFO: [VRFC 10-311] analyzing module FFT_Butterfly_Microblaze_microblaze_0_0__Data_Flow_gti
INFO: [VRFC 10-311] analyzing module FFT_Butterfly_Microblaze_microblaze_0_0__Debug
INFO: [VRFC 10-311] analyzing module FFT_Butterfly_Microblaze_microblaze_0_0__Decode_gti
INFO: [VRFC 10-311] analyzing module FFT_Butterfly_Microblaze_microblaze_0_0__MB_AND2B1L
INFO: [VRFC 10-311] analyzing module FFT_Butterfly_Microblaze_microblaze_0_0__MB_FDE
INFO: [VRFC 10-311] analyzing module FFT_Butterfly_Microblaze_microblaze_0_0__MB_FDE_311
INFO: [VRFC 10-311] analyzing module FFT_Butterfly_Microblaze_microblaze_0_0__MB_FDE_314
INFO: [VRFC 10-311] analyzing module FFT_Butterfly_Microblaze_microblaze_0_0__MB_FDE_317
INFO: [VRFC 10-311] analyzing module FFT_Butterfly_Microblaze_microblaze_0_0__MB_FDE_320
INFO: [VRFC 10-311] analyzing module FFT_Butterfly_Microblaze_microblaze_0_0__MB_FDE_323
INFO: [VRFC 10-311] analyzing module FFT_Butterfly_Microblaze_microblaze_0_0__MB_FDE_326
INFO: [VRFC 10-311] analyzing module FFT_Butterfly_Microblaze_microblaze_0_0__MB_FDE_329
INFO: [VRFC 10-311] analyzing module FFT_Butterfly_Microblaze_microblaze_0_0__MB_FDE_332
INFO: [VRFC 10-311] analyzing module FFT_Butterfly_Microblaze_microblaze_0_0__MB_FDE_335
INFO: [VRFC 10-311] analyzing module FFT_Butterfly_Microblaze_microblaze_0_0__MB_FDE_338
INFO: [VRFC 10-311] analyzing module FFT_Butterfly_Microblaze_microblaze_0_0__MB_FDE_341
INFO: [VRFC 10-311] analyzing module FFT_Butterfly_Microblaze_microblaze_0_0__MB_FDE_344
INFO: [VRFC 10-311] analyzing module FFT_Butterfly_Microblaze_microblaze_0_0__MB_FDE_347
INFO: [VRFC 10-311] analyzing module FFT_Butterfly_Microblaze_microblaze_0_0__MB_FDE_350
INFO: [VRFC 10-311] analyzing module FFT_Butterfly_Microblaze_microblaze_0_0__MB_FDE_353
INFO: [VRFC 10-311] analyzing module FFT_Butterfly_Microblaze_microblaze_0_0__MB_FDE_356
INFO: [VRFC 10-311] analyzing module FFT_Butterfly_Microblaze_microblaze_0_0__MB_FDE_359
INFO: [VRFC 10-311] analyzing module FFT_Butterfly_Microblaze_microblaze_0_0__MB_FDE_362
INFO: [VRFC 10-311] analyzing module FFT_Butterfly_Microblaze_microblaze_0_0__MB_FDE_365
INFO: [VRFC 10-311] analyzing module FFT_Butterfly_Microblaze_microblaze_0_0__MB_FDE_368
INFO: [VRFC 10-311] analyzing module FFT_Butterfly_Microblaze_microblaze_0_0__MB_FDE_371
INFO: [VRFC 10-311] analyzing module FFT_Butterfly_Microblaze_microblaze_0_0__MB_FDE_374
INFO: [VRFC 10-311] analyzing module FFT_Butterfly_Microblaze_microblaze_0_0__MB_FDE_377
INFO: [VRFC 10-311] analyzing module FFT_Butterfly_Microblaze_microblaze_0_0__MB_FDE_380
INFO: [VRFC 10-311] analyzing module FFT_Butterfly_Microblaze_microblaze_0_0__MB_FDE_383
INFO: [VRFC 10-311] analyzing module FFT_Butterfly_Microblaze_microblaze_0_0__MB_FDE_386
INFO: [VRFC 10-311] analyzing module FFT_Butterfly_Microblaze_microblaze_0_0__MB_FDE_389
INFO: [VRFC 10-311] analyzing module FFT_Butterfly_Microblaze_microblaze_0_0__MB_FDE_392
INFO: [VRFC 10-311] analyzing module FFT_Butterfly_Microblaze_microblaze_0_0__MB_FDE_395
INFO: [VRFC 10-311] analyzing module FFT_Butterfly_Microblaze_microblaze_0_0__MB_FDE_398
INFO: [VRFC 10-311] analyzing module FFT_Butterfly_Microblaze_microblaze_0_0__MB_FDE_401
INFO: [VRFC 10-311] analyzing module FFT_Butterfly_Microblaze_microblaze_0_0__MB_FDR
INFO: [VRFC 10-311] analyzing module FFT_Butterfly_Microblaze_microblaze_0_0__MB_FDRE
INFO: [VRFC 10-311] analyzing module FFT_Butterfly_Microblaze_microblaze_0_0__MB_FDRE_456
INFO: [VRFC 10-311] analyzing module FFT_Butterfly_Microblaze_microblaze_0_0__MB_FDRE_457
INFO: [VRFC 10-311] analyzing module FFT_Butterfly_Microblaze_microblaze_0_0__MB_FDRE_458
INFO: [VRFC 10-311] analyzing module FFT_Butterfly_Microblaze_microblaze_0_0__MB_FDRE_459
INFO: [VRFC 10-311] analyzing module FFT_Butterfly_Microblaze_microblaze_0_0__MB_FDRE_460
INFO: [VRFC 10-311] analyzing module FFT_Butterfly_Microblaze_microblaze_0_0__MB_FDRE_461
INFO: [VRFC 10-311] analyzing module FFT_Butterfly_Microblaze_microblaze_0_0__MB_FDRE_462
INFO: [VRFC 10-311] analyzing module FFT_Butterfly_Microblaze_microblaze_0_0__MB_FDRE_463
INFO: [VRFC 10-311] analyzing module FFT_Butterfly_Microblaze_microblaze_0_0__MB_FDRE_464
INFO: [VRFC 10-311] analyzing module FFT_Butterfly_Microblaze_microblaze_0_0__MB_FDRE_465
INFO: [VRFC 10-311] analyzing module FFT_Butterfly_Microblaze_microblaze_0_0__MB_FDRE_466
INFO: [VRFC 10-311] analyzing module FFT_Butterfly_Microblaze_microblaze_0_0__MB_FDRE_467
INFO: [VRFC 10-311] analyzing module FFT_Butterfly_Microblaze_microblaze_0_0__MB_FDRE_468
INFO: [VRFC 10-311] analyzing module FFT_Butterfly_Microblaze_microblaze_0_0__MB_FDRE_469
INFO: [VRFC 10-311] analyzing module FFT_Butterfly_Microblaze_microblaze_0_0__MB_FDRE_470
INFO: [VRFC 10-311] analyzing module FFT_Butterfly_Microblaze_microblaze_0_0__MB_FDRE_471
INFO: [VRFC 10-311] analyzing module FFT_Butterfly_Microblaze_microblaze_0_0__MB_FDRE_472
INFO: [VRFC 10-311] analyzing module FFT_Butterfly_Microblaze_microblaze_0_0__MB_FDRE_473
INFO: [VRFC 10-311] analyzing module FFT_Butterfly_Microblaze_microblaze_0_0__MB_FDRE_474
INFO: [VRFC 10-311] analyzing module FFT_Butterfly_Microblaze_microblaze_0_0__MB_FDRE_475
INFO: [VRFC 10-311] analyzing module FFT_Butterfly_Microblaze_microblaze_0_0__MB_FDRE_476
INFO: [VRFC 10-311] analyzing module FFT_Butterfly_Microblaze_microblaze_0_0__MB_FDRE_477
INFO: [VRFC 10-311] analyzing module FFT_Butterfly_Microblaze_microblaze_0_0__MB_FDRE_478
INFO: [VRFC 10-311] analyzing module FFT_Butterfly_Microblaze_microblaze_0_0__MB_FDRE_479
INFO: [VRFC 10-311] analyzing module FFT_Butterfly_Microblaze_microblaze_0_0__MB_FDRE_480
INFO: [VRFC 10-311] analyzing module FFT_Butterfly_Microblaze_microblaze_0_0__MB_FDRE_481
INFO: [VRFC 10-311] analyzing module FFT_Butterfly_Microblaze_microblaze_0_0__MB_FDRE_482
INFO: [VRFC 10-311] analyzing module FFT_Butterfly_Microblaze_microblaze_0_0__MB_FDRE_483
INFO: [VRFC 10-311] analyzing module FFT_Butterfly_Microblaze_microblaze_0_0__MB_FDRE_484
INFO: [VRFC 10-311] analyzing module FFT_Butterfly_Microblaze_microblaze_0_0__MB_FDRE_485
INFO: [VRFC 10-311] analyzing module FFT_Butterfly_Microblaze_microblaze_0_0__MB_FDRE_486
INFO: [VRFC 10-311] analyzing module FFT_Butterfly_Microblaze_microblaze_0_0__MB_FDRE_487
INFO: [VRFC 10-311] analyzing module FFT_Butterfly_Microblaze_microblaze_0_0__MB_FDRE_67
INFO: [VRFC 10-311] analyzing module FFT_Butterfly_Microblaze_microblaze_0_0__MB_FDRE_68
INFO: [VRFC 10-311] analyzing module FFT_Butterfly_Microblaze_microblaze_0_0__MB_FDRE_69
INFO: [VRFC 10-311] analyzing module FFT_Butterfly_Microblaze_microblaze_0_0__MB_FDRE_70
INFO: [VRFC 10-311] analyzing module FFT_Butterfly_Microblaze_microblaze_0_0__MB_FDRE_71
INFO: [VRFC 10-311] analyzing module FFT_Butterfly_Microblaze_microblaze_0_0__MB_FDRE_72
INFO: [VRFC 10-311] analyzing module FFT_Butterfly_Microblaze_microblaze_0_0__MB_FDRE_73
INFO: [VRFC 10-311] analyzing module FFT_Butterfly_Microblaze_microblaze_0_0__MB_FDRE_74
INFO: [VRFC 10-311] analyzing module FFT_Butterfly_Microblaze_microblaze_0_0__MB_FDRE_75
INFO: [VRFC 10-311] analyzing module FFT_Butterfly_Microblaze_microblaze_0_0__MB_FDR_112
INFO: [VRFC 10-311] analyzing module FFT_Butterfly_Microblaze_microblaze_0_0__MB_FDR_113
INFO: [VRFC 10-311] analyzing module FFT_Butterfly_Microblaze_microblaze_0_0__MB_FDR_115
INFO: [VRFC 10-311] analyzing module FFT_Butterfly_Microblaze_microblaze_0_0__MB_FDR_117
INFO: [VRFC 10-311] analyzing module FFT_Butterfly_Microblaze_microblaze_0_0__MB_FDR_119
INFO: [VRFC 10-311] analyzing module FFT_Butterfly_Microblaze_microblaze_0_0__MB_FDR_121
INFO: [VRFC 10-311] analyzing module FFT_Butterfly_Microblaze_microblaze_0_0__MB_FDR_123
INFO: [VRFC 10-311] analyzing module FFT_Butterfly_Microblaze_microblaze_0_0__MB_FDR_125
INFO: [VRFC 10-311] analyzing module FFT_Butterfly_Microblaze_microblaze_0_0__MB_FDR_127
INFO: [VRFC 10-311] analyzing module FFT_Butterfly_Microblaze_microblaze_0_0__MB_FDR_129
INFO: [VRFC 10-311] analyzing module FFT_Butterfly_Microblaze_microblaze_0_0__MB_FDR_131
INFO: [VRFC 10-311] analyzing module FFT_Butterfly_Microblaze_microblaze_0_0__MB_FDR_133
INFO: [VRFC 10-311] analyzing module FFT_Butterfly_Microblaze_microblaze_0_0__MB_FDR_135
INFO: [VRFC 10-311] analyzing module FFT_Butterfly_Microblaze_microblaze_0_0__MB_FDR_137
INFO: [VRFC 10-311] analyzing module FFT_Butterfly_Microblaze_microblaze_0_0__MB_FDR_139
INFO: [VRFC 10-311] analyzing module FFT_Butterfly_Microblaze_microblaze_0_0__MB_FDR_141
INFO: [VRFC 10-311] analyzing module FFT_Butterfly_Microblaze_microblaze_0_0__MB_FDR_143
INFO: [VRFC 10-311] analyzing module FFT_Butterfly_Microblaze_microblaze_0_0__MB_FDR_145
INFO: [VRFC 10-311] analyzing module FFT_Butterfly_Microblaze_microblaze_0_0__MB_FDR_147
INFO: [VRFC 10-311] analyzing module FFT_Butterfly_Microblaze_microblaze_0_0__MB_FDR_149
INFO: [VRFC 10-311] analyzing module FFT_Butterfly_Microblaze_microblaze_0_0__MB_FDR_151
INFO: [VRFC 10-311] analyzing module FFT_Butterfly_Microblaze_microblaze_0_0__MB_FDR_153
INFO: [VRFC 10-311] analyzing module FFT_Butterfly_Microblaze_microblaze_0_0__MB_FDR_155
INFO: [VRFC 10-311] analyzing module FFT_Butterfly_Microblaze_microblaze_0_0__MB_FDR_157
INFO: [VRFC 10-311] analyzing module FFT_Butterfly_Microblaze_microblaze_0_0__MB_FDR_159
INFO: [VRFC 10-311] analyzing module FFT_Butterfly_Microblaze_microblaze_0_0__MB_FDR_161
INFO: [VRFC 10-311] analyzing module FFT_Butterfly_Microblaze_microblaze_0_0__MB_FDR_163
INFO: [VRFC 10-311] analyzing module FFT_Butterfly_Microblaze_microblaze_0_0__MB_FDR_165
INFO: [VRFC 10-311] analyzing module FFT_Butterfly_Microblaze_microblaze_0_0__MB_FDR_167
INFO: [VRFC 10-311] analyzing module FFT_Butterfly_Microblaze_microblaze_0_0__MB_FDR_169
INFO: [VRFC 10-311] analyzing module FFT_Butterfly_Microblaze_microblaze_0_0__MB_FDR_171
INFO: [VRFC 10-311] analyzing module FFT_Butterfly_Microblaze_microblaze_0_0__MB_FDR_173
INFO: [VRFC 10-311] analyzing module FFT_Butterfly_Microblaze_microblaze_0_0__MB_FDR_175
INFO: [VRFC 10-311] analyzing module FFT_Butterfly_Microblaze_microblaze_0_0__MB_FDR_177
INFO: [VRFC 10-311] analyzing module FFT_Butterfly_Microblaze_microblaze_0_0__MB_FDR_179
INFO: [VRFC 10-311] analyzing module FFT_Butterfly_Microblaze_microblaze_0_0__MB_FDR_181
INFO: [VRFC 10-311] analyzing module FFT_Butterfly_Microblaze_microblaze_0_0__MB_FDR_183
INFO: [VRFC 10-311] analyzing module FFT_Butterfly_Microblaze_microblaze_0_0__MB_FDR_185
INFO: [VRFC 10-311] analyzing module FFT_Butterfly_Microblaze_microblaze_0_0__MB_FDR_187
INFO: [VRFC 10-311] analyzing module FFT_Butterfly_Microblaze_microblaze_0_0__MB_FDR_189
INFO: [VRFC 10-311] analyzing module FFT_Butterfly_Microblaze_microblaze_0_0__MB_FDR_191
INFO: [VRFC 10-311] analyzing module FFT_Butterfly_Microblaze_microblaze_0_0__MB_FDR_193
INFO: [VRFC 10-311] analyzing module FFT_Butterfly_Microblaze_microblaze_0_0__MB_FDR_195
INFO: [VRFC 10-311] analyzing module FFT_Butterfly_Microblaze_microblaze_0_0__MB_FDR_197
INFO: [VRFC 10-311] analyzing module FFT_Butterfly_Microblaze_microblaze_0_0__MB_FDR_199
INFO: [VRFC 10-311] analyzing module FFT_Butterfly_Microblaze_microblaze_0_0__MB_FDR_201
INFO: [VRFC 10-311] analyzing module FFT_Butterfly_Microblaze_microblaze_0_0__MB_FDR_203
INFO: [VRFC 10-311] analyzing module FFT_Butterfly_Microblaze_microblaze_0_0__MB_FDR_205
INFO: [VRFC 10-311] analyzing module FFT_Butterfly_Microblaze_microblaze_0_0__MB_FDR_206
INFO: [VRFC 10-311] analyzing module FFT_Butterfly_Microblaze_microblaze_0_0__MB_FDR_208
INFO: [VRFC 10-311] analyzing module FFT_Butterfly_Microblaze_microblaze_0_0__MB_FDR_210
INFO: [VRFC 10-311] analyzing module FFT_Butterfly_Microblaze_microblaze_0_0__MB_FDR_212
INFO: [VRFC 10-311] analyzing module FFT_Butterfly_Microblaze_microblaze_0_0__MB_FDR_214
INFO: [VRFC 10-311] analyzing module FFT_Butterfly_Microblaze_microblaze_0_0__MB_FDR_216
INFO: [VRFC 10-311] analyzing module FFT_Butterfly_Microblaze_microblaze_0_0__MB_FDR_218
INFO: [VRFC 10-311] analyzing module FFT_Butterfly_Microblaze_microblaze_0_0__MB_FDR_220
INFO: [VRFC 10-311] analyzing module FFT_Butterfly_Microblaze_microblaze_0_0__MB_FDR_222
INFO: [VRFC 10-311] analyzing module FFT_Butterfly_Microblaze_microblaze_0_0__MB_FDR_224
INFO: [VRFC 10-311] analyzing module FFT_Butterfly_Microblaze_microblaze_0_0__MB_FDR_226
INFO: [VRFC 10-311] analyzing module FFT_Butterfly_Microblaze_microblaze_0_0__MB_FDR_228
INFO: [VRFC 10-311] analyzing module FFT_Butterfly_Microblaze_microblaze_0_0__MB_FDR_230
INFO: [VRFC 10-311] analyzing module FFT_Butterfly_Microblaze_microblaze_0_0__MB_FDR_232
INFO: [VRFC 10-311] analyzing module FFT_Butterfly_Microblaze_microblaze_0_0__MB_FDR_234
INFO: [VRFC 10-311] analyzing module FFT_Butterfly_Microblaze_microblaze_0_0__MB_FDR_236
INFO: [VRFC 10-311] analyzing module FFT_Butterfly_Microblaze_microblaze_0_0__MB_FDR_238
INFO: [VRFC 10-311] analyzing module FFT_Butterfly_Microblaze_microblaze_0_0__MB_FDR_240
INFO: [VRFC 10-311] analyzing module FFT_Butterfly_Microblaze_microblaze_0_0__MB_FDR_242
INFO: [VRFC 10-311] analyzing module FFT_Butterfly_Microblaze_microblaze_0_0__MB_FDR_244
INFO: [VRFC 10-311] analyzing module FFT_Butterfly_Microblaze_microblaze_0_0__MB_FDR_246
INFO: [VRFC 10-311] analyzing module FFT_Butterfly_Microblaze_microblaze_0_0__MB_FDR_248
INFO: [VRFC 10-311] analyzing module FFT_Butterfly_Microblaze_microblaze_0_0__MB_FDR_250
INFO: [VRFC 10-311] analyzing module FFT_Butterfly_Microblaze_microblaze_0_0__MB_FDR_252
INFO: [VRFC 10-311] analyzing module FFT_Butterfly_Microblaze_microblaze_0_0__MB_FDR_254
INFO: [VRFC 10-311] analyzing module FFT_Butterfly_Microblaze_microblaze_0_0__MB_FDR_256
INFO: [VRFC 10-311] analyzing module FFT_Butterfly_Microblaze_microblaze_0_0__MB_FDR_258
INFO: [VRFC 10-311] analyzing module FFT_Butterfly_Microblaze_microblaze_0_0__MB_FDR_260
INFO: [VRFC 10-311] analyzing module FFT_Butterfly_Microblaze_microblaze_0_0__MB_FDR_262
INFO: [VRFC 10-311] analyzing module FFT_Butterfly_Microblaze_microblaze_0_0__MB_FDR_264
INFO: [VRFC 10-311] analyzing module FFT_Butterfly_Microblaze_microblaze_0_0__MB_FDR_266
INFO: [VRFC 10-311] analyzing module FFT_Butterfly_Microblaze_microblaze_0_0__MB_FDR_268
INFO: [VRFC 10-311] analyzing module FFT_Butterfly_Microblaze_microblaze_0_0__MB_FDR_301
INFO: [VRFC 10-311] analyzing module FFT_Butterfly_Microblaze_microblaze_0_0__MB_FDR_302
INFO: [VRFC 10-311] analyzing module FFT_Butterfly_Microblaze_microblaze_0_0__MB_FDR_303
INFO: [VRFC 10-311] analyzing module FFT_Butterfly_Microblaze_microblaze_0_0__MB_FDR_304
INFO: [VRFC 10-311] analyzing module FFT_Butterfly_Microblaze_microblaze_0_0__MB_FDR_305
INFO: [VRFC 10-311] analyzing module FFT_Butterfly_Microblaze_microblaze_0_0__MB_FDR_306
INFO: [VRFC 10-311] analyzing module FFT_Butterfly_Microblaze_microblaze_0_0__MB_FDS
INFO: [VRFC 10-311] analyzing module FFT_Butterfly_Microblaze_microblaze_0_0__MB_LUT4
INFO: [VRFC 10-311] analyzing module FFT_Butterfly_Microblaze_microblaze_0_0__MB_LUT6
INFO: [VRFC 10-311] analyzing module FFT_Butterfly_Microblaze_microblaze_0_0__MB_LUT6_114
INFO: [VRFC 10-311] analyzing module FFT_Butterfly_Microblaze_microblaze_0_0__MB_LUT6_116
INFO: [VRFC 10-311] analyzing module FFT_Butterfly_Microblaze_microblaze_0_0__MB_LUT6_118
INFO: [VRFC 10-311] analyzing module FFT_Butterfly_Microblaze_microblaze_0_0__MB_LUT6_2
INFO: [VRFC 10-311] analyzing module FFT_Butterfly_Microblaze_microblaze_0_0__MB_LUT6_2_520
INFO: [VRFC 10-311] analyzing module FFT_Butterfly_Microblaze_microblaze_0_0__MB_LUT6_2_522
INFO: [VRFC 10-311] analyzing module FFT_Butterfly_Microblaze_microblaze_0_0__MB_LUT6_2_524
INFO: [VRFC 10-311] analyzing module FFT_Butterfly_Microblaze_microblaze_0_0__MB_LUT6_2_526
INFO: [VRFC 10-311] analyzing module FFT_Butterfly_Microblaze_microblaze_0_0__MB_LUT6_2_528
INFO: [VRFC 10-311] analyzing module FFT_Butterfly_Microblaze_microblaze_0_0__MB_LUT6_2_530
INFO: [VRFC 10-311] analyzing module FFT_Butterfly_Microblaze_microblaze_0_0__MB_LUT6_2_532
INFO: [VRFC 10-311] analyzing module FFT_Butterfly_Microblaze_microblaze_0_0__MB_LUT6_2_534
INFO: [VRFC 10-311] analyzing module FFT_Butterfly_Microblaze_microblaze_0_0__MB_LUT6_2_536
INFO: [VRFC 10-311] analyzing module FFT_Butterfly_Microblaze_microblaze_0_0__MB_LUT6_2_538
INFO: [VRFC 10-311] analyzing module FFT_Butterfly_Microblaze_microblaze_0_0__MB_LUT6_2_540
INFO: [VRFC 10-311] analyzing module FFT_Butterfly_Microblaze_microblaze_0_0__MB_LUT6_2_542
INFO: [VRFC 10-311] analyzing module FFT_Butterfly_Microblaze_microblaze_0_0__MB_LUT6_2_544
INFO: [VRFC 10-311] analyzing module FFT_Butterfly_Microblaze_microblaze_0_0__MB_LUT6_2_546
INFO: [VRFC 10-311] analyzing module FFT_Butterfly_Microblaze_microblaze_0_0__MB_LUT6_2_548
INFO: [VRFC 10-311] analyzing module FFT_Butterfly_Microblaze_microblaze_0_0__MB_LUT6_2_550
INFO: [VRFC 10-311] analyzing module FFT_Butterfly_Microblaze_microblaze_0_0__MB_LUT6_2_552
INFO: [VRFC 10-311] analyzing module FFT_Butterfly_Microblaze_microblaze_0_0__MB_LUT6_2_554
INFO: [VRFC 10-311] analyzing module FFT_Butterfly_Microblaze_microblaze_0_0__MB_LUT6_2_556
INFO: [VRFC 10-311] analyzing module FFT_Butterfly_Microblaze_microblaze_0_0__MB_LUT6_2_558
INFO: [VRFC 10-311] analyzing module FFT_Butterfly_Microblaze_microblaze_0_0__MB_LUT6_2_560
INFO: [VRFC 10-311] analyzing module FFT_Butterfly_Microblaze_microblaze_0_0__MB_LUT6_2_562
INFO: [VRFC 10-311] analyzing module FFT_Butterfly_Microblaze_microblaze_0_0__MB_LUT6_2_564
INFO: [VRFC 10-311] analyzing module FFT_Butterfly_Microblaze_microblaze_0_0__MB_LUT6_2_566
INFO: [VRFC 10-311] analyzing module FFT_Butterfly_Microblaze_microblaze_0_0__MB_LUT6_2_568
INFO: [VRFC 10-311] analyzing module FFT_Butterfly_Microblaze_microblaze_0_0__MB_LUT6_2_570
INFO: [VRFC 10-311] analyzing module FFT_Butterfly_Microblaze_microblaze_0_0__MB_LUT6_2_572
INFO: [VRFC 10-311] analyzing module FFT_Butterfly_Microblaze_microblaze_0_0__MB_LUT6_2_574
INFO: [VRFC 10-311] analyzing module FFT_Butterfly_Microblaze_microblaze_0_0__MB_LUT6_2_576
INFO: [VRFC 10-311] analyzing module FFT_Butterfly_Microblaze_microblaze_0_0__MB_LUT6_2_578
INFO: [VRFC 10-311] analyzing module FFT_Butterfly_Microblaze_microblaze_0_0__MB_LUT6_2__parameterized1
INFO: [VRFC 10-311] analyzing module FFT_Butterfly_Microblaze_microblaze_0_0__MB_LUT6_2__parameterized3
INFO: [VRFC 10-311] analyzing module FFT_Butterfly_Microblaze_microblaze_0_0__MB_LUT6_2__parameterized3_10
INFO: [VRFC 10-311] analyzing module FFT_Butterfly_Microblaze_microblaze_0_0__MB_LUT6_2__parameterized3_11
INFO: [VRFC 10-311] analyzing module FFT_Butterfly_Microblaze_microblaze_0_0__MB_LUT6_2__parameterized3_12
INFO: [VRFC 10-311] analyzing module FFT_Butterfly_Microblaze_microblaze_0_0__MB_LUT6_2__parameterized3_13
INFO: [VRFC 10-311] analyzing module FFT_Butterfly_Microblaze_microblaze_0_0__MB_LUT6_2__parameterized3_14
INFO: [VRFC 10-311] analyzing module FFT_Butterfly_Microblaze_microblaze_0_0__MB_LUT6_2__parameterized3_15
INFO: [VRFC 10-311] analyzing module FFT_Butterfly_Microblaze_microblaze_0_0__MB_LUT6_2__parameterized3_16
INFO: [VRFC 10-311] analyzing module FFT_Butterfly_Microblaze_microblaze_0_0__MB_LUT6_2__parameterized3_2
INFO: [VRFC 10-311] analyzing module FFT_Butterfly_Microblaze_microblaze_0_0__MB_LUT6_2__parameterized3_3
INFO: [VRFC 10-311] analyzing module FFT_Butterfly_Microblaze_microblaze_0_0__MB_LUT6_2__parameterized3_4
INFO: [VRFC 10-311] analyzing module FFT_Butterfly_Microblaze_microblaze_0_0__MB_LUT6_2__parameterized3_5
INFO: [VRFC 10-311] analyzing module FFT_Butterfly_Microblaze_microblaze_0_0__MB_LUT6_2__parameterized3_6
INFO: [VRFC 10-311] analyzing module FFT_Butterfly_Microblaze_microblaze_0_0__MB_LUT6_2__parameterized3_7
INFO: [VRFC 10-311] analyzing module FFT_Butterfly_Microblaze_microblaze_0_0__MB_LUT6_2__parameterized3_8
INFO: [VRFC 10-311] analyzing module FFT_Butterfly_Microblaze_microblaze_0_0__MB_LUT6_2__parameterized3_9
INFO: [VRFC 10-311] analyzing module FFT_Butterfly_Microblaze_microblaze_0_0__MB_LUT6_2__parameterized5
INFO: [VRFC 10-311] analyzing module FFT_Butterfly_Microblaze_microblaze_0_0__MB_LUT6_2__parameterized5_309
INFO: [VRFC 10-311] analyzing module FFT_Butterfly_Microblaze_microblaze_0_0__MB_LUT6_2__parameterized5_312
INFO: [VRFC 10-311] analyzing module FFT_Butterfly_Microblaze_microblaze_0_0__MB_LUT6_2__parameterized5_315
INFO: [VRFC 10-311] analyzing module FFT_Butterfly_Microblaze_microblaze_0_0__MB_LUT6_2__parameterized5_318
INFO: [VRFC 10-311] analyzing module FFT_Butterfly_Microblaze_microblaze_0_0__MB_LUT6_2__parameterized5_321
INFO: [VRFC 10-311] analyzing module FFT_Butterfly_Microblaze_microblaze_0_0__MB_LUT6_2__parameterized5_324
INFO: [VRFC 10-311] analyzing module FFT_Butterfly_Microblaze_microblaze_0_0__MB_LUT6_2__parameterized5_327
INFO: [VRFC 10-311] analyzing module FFT_Butterfly_Microblaze_microblaze_0_0__MB_LUT6_2__parameterized5_330
INFO: [VRFC 10-311] analyzing module FFT_Butterfly_Microblaze_microblaze_0_0__MB_LUT6_2__parameterized5_333
INFO: [VRFC 10-311] analyzing module FFT_Butterfly_Microblaze_microblaze_0_0__MB_LUT6_2__parameterized5_336
INFO: [VRFC 10-311] analyzing module FFT_Butterfly_Microblaze_microblaze_0_0__MB_LUT6_2__parameterized5_339
INFO: [VRFC 10-311] analyzing module FFT_Butterfly_Microblaze_microblaze_0_0__MB_LUT6_2__parameterized5_342
INFO: [VRFC 10-311] analyzing module FFT_Butterfly_Microblaze_microblaze_0_0__MB_LUT6_2__parameterized5_345
INFO: [VRFC 10-311] analyzing module FFT_Butterfly_Microblaze_microblaze_0_0__MB_LUT6_2__parameterized5_348
INFO: [VRFC 10-311] analyzing module FFT_Butterfly_Microblaze_microblaze_0_0__MB_LUT6_2__parameterized5_351
INFO: [VRFC 10-311] analyzing module FFT_Butterfly_Microblaze_microblaze_0_0__MB_LUT6_2__parameterized5_354
INFO: [VRFC 10-311] analyzing module FFT_Butterfly_Microblaze_microblaze_0_0__MB_LUT6_2__parameterized5_357
INFO: [VRFC 10-311] analyzing module FFT_Butterfly_Microblaze_microblaze_0_0__MB_LUT6_2__parameterized5_360
INFO: [VRFC 10-311] analyzing module FFT_Butterfly_Microblaze_microblaze_0_0__MB_LUT6_2__parameterized5_363
INFO: [VRFC 10-311] analyzing module FFT_Butterfly_Microblaze_microblaze_0_0__MB_LUT6_2__parameterized5_366
INFO: [VRFC 10-311] analyzing module FFT_Butterfly_Microblaze_microblaze_0_0__MB_LUT6_2__parameterized5_369
INFO: [VRFC 10-311] analyzing module FFT_Butterfly_Microblaze_microblaze_0_0__MB_LUT6_2__parameterized5_372
INFO: [VRFC 10-311] analyzing module FFT_Butterfly_Microblaze_microblaze_0_0__MB_LUT6_2__parameterized5_375
INFO: [VRFC 10-311] analyzing module FFT_Butterfly_Microblaze_microblaze_0_0__MB_LUT6_2__parameterized5_378
INFO: [VRFC 10-311] analyzing module FFT_Butterfly_Microblaze_microblaze_0_0__MB_LUT6_2__parameterized5_381
INFO: [VRFC 10-311] analyzing module FFT_Butterfly_Microblaze_microblaze_0_0__MB_LUT6_2__parameterized5_384
INFO: [VRFC 10-311] analyzing module FFT_Butterfly_Microblaze_microblaze_0_0__MB_LUT6_2__parameterized5_387
INFO: [VRFC 10-311] analyzing module FFT_Butterfly_Microblaze_microblaze_0_0__MB_LUT6_2__parameterized5_390
INFO: [VRFC 10-311] analyzing module FFT_Butterfly_Microblaze_microblaze_0_0__MB_LUT6_2__parameterized5_393
INFO: [VRFC 10-311] analyzing module FFT_Butterfly_Microblaze_microblaze_0_0__MB_LUT6_2__parameterized5_396
INFO: [VRFC 10-311] analyzing module FFT_Butterfly_Microblaze_microblaze_0_0__MB_LUT6_2__parameterized5_399
INFO: [VRFC 10-311] analyzing module FFT_Butterfly_Microblaze_microblaze_0_0__MB_LUT6__parameterized10
INFO: [VRFC 10-311] analyzing module FFT_Butterfly_Microblaze_microblaze_0_0__MB_LUT6__parameterized10_77
INFO: [VRFC 10-311] analyzing module FFT_Butterfly_Microblaze_microblaze_0_0__MB_LUT6__parameterized10_79
INFO: [VRFC 10-311] analyzing module FFT_Butterfly_Microblaze_microblaze_0_0__MB_LUT6__parameterized10_81
INFO: [VRFC 10-311] analyzing module FFT_Butterfly_Microblaze_microblaze_0_0__MB_LUT6__parameterized10_83
INFO: [VRFC 10-311] analyzing module FFT_Butterfly_Microblaze_microblaze_0_0__MB_LUT6__parameterized10_85
INFO: [VRFC 10-311] analyzing module FFT_Butterfly_Microblaze_microblaze_0_0__MB_LUT6__parameterized12
INFO: [VRFC 10-311] analyzing module FFT_Butterfly_Microblaze_microblaze_0_0__MB_LUT6__parameterized2
INFO: [VRFC 10-311] analyzing module FFT_Butterfly_Microblaze_microblaze_0_0__MB_LUT6__parameterized4
INFO: [VRFC 10-311] analyzing module FFT_Butterfly_Microblaze_microblaze_0_0__MB_LUT6__parameterized6
INFO: [VRFC 10-311] analyzing module FFT_Butterfly_Microblaze_microblaze_0_0__MB_LUT6__parameterized8
INFO: [VRFC 10-311] analyzing module FFT_Butterfly_Microblaze_microblaze_0_0__MB_LUT6__parameterized8_76
INFO: [VRFC 10-311] analyzing module FFT_Butterfly_Microblaze_microblaze_0_0__MB_LUT6__parameterized8_78
INFO: [VRFC 10-311] analyzing module FFT_Butterfly_Microblaze_microblaze_0_0__MB_LUT6__parameterized8_80
INFO: [VRFC 10-311] analyzing module FFT_Butterfly_Microblaze_microblaze_0_0__MB_LUT6__parameterized8_82
INFO: [VRFC 10-311] analyzing module FFT_Butterfly_Microblaze_microblaze_0_0__MB_LUT6__parameterized8_84
INFO: [VRFC 10-311] analyzing module FFT_Butterfly_Microblaze_microblaze_0_0__MB_MULT_AND
INFO: [VRFC 10-311] analyzing module FFT_Butterfly_Microblaze_microblaze_0_0__MB_MUXCY
INFO: [VRFC 10-311] analyzing module FFT_Butterfly_Microblaze_microblaze_0_0__MB_MUXCY_100
INFO: [VRFC 10-311] analyzing module FFT_Butterfly_Microblaze_microblaze_0_0__MB_MUXCY_101
INFO: [VRFC 10-311] analyzing module FFT_Butterfly_Microblaze_microblaze_0_0__MB_MUXCY_102
INFO: [VRFC 10-311] analyzing module FFT_Butterfly_Microblaze_microblaze_0_0__MB_MUXCY_103
INFO: [VRFC 10-311] analyzing module FFT_Butterfly_Microblaze_microblaze_0_0__MB_MUXCY_104
INFO: [VRFC 10-311] analyzing module FFT_Butterfly_Microblaze_microblaze_0_0__MB_MUXCY_105
INFO: [VRFC 10-311] analyzing module FFT_Butterfly_Microblaze_microblaze_0_0__MB_MUXCY_106
INFO: [VRFC 10-311] analyzing module FFT_Butterfly_Microblaze_microblaze_0_0__MB_MUXCY_107
INFO: [VRFC 10-311] analyzing module FFT_Butterfly_Microblaze_microblaze_0_0__MB_MUXCY_108
INFO: [VRFC 10-311] analyzing module FFT_Butterfly_Microblaze_microblaze_0_0__MB_MUXCY_109
INFO: [VRFC 10-311] analyzing module FFT_Butterfly_Microblaze_microblaze_0_0__MB_MUXCY_110
INFO: [VRFC 10-311] analyzing module FFT_Butterfly_Microblaze_microblaze_0_0__MB_MUXCY_111
INFO: [VRFC 10-311] analyzing module FFT_Butterfly_Microblaze_microblaze_0_0__MB_MUXCY_299
INFO: [VRFC 10-311] analyzing module FFT_Butterfly_Microblaze_microblaze_0_0__MB_MUXCY_300
INFO: [VRFC 10-311] analyzing module FFT_Butterfly_Microblaze_microblaze_0_0__MB_MUXCY_307
INFO: [VRFC 10-311] analyzing module FFT_Butterfly_Microblaze_microblaze_0_0__MB_MUXCY_31
INFO: [VRFC 10-311] analyzing module FFT_Butterfly_Microblaze_microblaze_0_0__MB_MUXCY_33
INFO: [VRFC 10-311] analyzing module FFT_Butterfly_Microblaze_microblaze_0_0__MB_MUXCY_35
INFO: [VRFC 10-311] analyzing module FFT_Butterfly_Microblaze_microblaze_0_0__MB_MUXCY_37
INFO: [VRFC 10-311] analyzing module FFT_Butterfly_Microblaze_microblaze_0_0__MB_MUXCY_39
INFO: [VRFC 10-311] analyzing module FFT_Butterfly_Microblaze_microblaze_0_0__MB_MUXCY_402
INFO: [VRFC 10-311] analyzing module FFT_Butterfly_Microblaze_microblaze_0_0__MB_MUXCY_403
INFO: [VRFC 10-311] analyzing module FFT_Butterfly_Microblaze_microblaze_0_0__MB_MUXCY_404
INFO: [VRFC 10-311] analyzing module FFT_Butterfly_Microblaze_microblaze_0_0__MB_MUXCY_405
INFO: [VRFC 10-311] analyzing module FFT_Butterfly_Microblaze_microblaze_0_0__MB_MUXCY_406
INFO: [VRFC 10-311] analyzing module FFT_Butterfly_Microblaze_microblaze_0_0__MB_MUXCY_407
INFO: [VRFC 10-311] analyzing module FFT_Butterfly_Microblaze_microblaze_0_0__MB_MUXCY_408
INFO: [VRFC 10-311] analyzing module FFT_Butterfly_Microblaze_microblaze_0_0__MB_MUXCY_41
INFO: [VRFC 10-311] analyzing module FFT_Butterfly_Microblaze_microblaze_0_0__MB_MUXCY_43
INFO: [VRFC 10-311] analyzing module FFT_Butterfly_Microblaze_microblaze_0_0__MB_MUXCY_45
INFO: [VRFC 10-311] analyzing module FFT_Butterfly_Microblaze_microblaze_0_0__MB_MUXCY_488
INFO: [VRFC 10-311] analyzing module FFT_Butterfly_Microblaze_microblaze_0_0__MB_MUXCY_581
INFO: [VRFC 10-311] analyzing module FFT_Butterfly_Microblaze_microblaze_0_0__MB_MUXCY_90
INFO: [VRFC 10-311] analyzing module FFT_Butterfly_Microblaze_microblaze_0_0__MB_MUXCY_91
INFO: [VRFC 10-311] analyzing module FFT_Butterfly_Microblaze_microblaze_0_0__MB_MUXCY_92
INFO: [VRFC 10-311] analyzing module FFT_Butterfly_Microblaze_microblaze_0_0__MB_MUXCY_93
INFO: [VRFC 10-311] analyzing module FFT_Butterfly_Microblaze_microblaze_0_0__MB_MUXCY_94
INFO: [VRFC 10-311] analyzing module FFT_Butterfly_Microblaze_microblaze_0_0__MB_MUXCY_95
INFO: [VRFC 10-311] analyzing module FFT_Butterfly_Microblaze_microblaze_0_0__MB_MUXCY_96
INFO: [VRFC 10-311] analyzing module FFT_Butterfly_Microblaze_microblaze_0_0__MB_MUXCY_97
INFO: [VRFC 10-311] analyzing module FFT_Butterfly_Microblaze_microblaze_0_0__MB_MUXCY_98
INFO: [VRFC 10-311] analyzing module FFT_Butterfly_Microblaze_microblaze_0_0__MB_MUXCY_99
INFO: [VRFC 10-311] analyzing module FFT_Butterfly_Microblaze_microblaze_0_0__MB_MUXCY_XORCY
INFO: [VRFC 10-311] analyzing module FFT_Butterfly_Microblaze_microblaze_0_0__MB_MUXCY_XORCY_270
INFO: [VRFC 10-311] analyzing module FFT_Butterfly_Microblaze_microblaze_0_0__MB_MUXCY_XORCY_271
INFO: [VRFC 10-311] analyzing module FFT_Butterfly_Microblaze_microblaze_0_0__MB_MUXCY_XORCY_272
INFO: [VRFC 10-311] analyzing module FFT_Butterfly_Microblaze_microblaze_0_0__MB_MUXCY_XORCY_273
INFO: [VRFC 10-311] analyzing module FFT_Butterfly_Microblaze_microblaze_0_0__MB_MUXCY_XORCY_274
INFO: [VRFC 10-311] analyzing module FFT_Butterfly_Microblaze_microblaze_0_0__MB_MUXCY_XORCY_275
INFO: [VRFC 10-311] analyzing module FFT_Butterfly_Microblaze_microblaze_0_0__MB_MUXCY_XORCY_276
INFO: [VRFC 10-311] analyzing module FFT_Butterfly_Microblaze_microblaze_0_0__MB_MUXCY_XORCY_277
INFO: [VRFC 10-311] analyzing module FFT_Butterfly_Microblaze_microblaze_0_0__MB_MUXCY_XORCY_278
INFO: [VRFC 10-311] analyzing module FFT_Butterfly_Microblaze_microblaze_0_0__MB_MUXCY_XORCY_279
INFO: [VRFC 10-311] analyzing module FFT_Butterfly_Microblaze_microblaze_0_0__MB_MUXCY_XORCY_280
INFO: [VRFC 10-311] analyzing module FFT_Butterfly_Microblaze_microblaze_0_0__MB_MUXCY_XORCY_281
INFO: [VRFC 10-311] analyzing module FFT_Butterfly_Microblaze_microblaze_0_0__MB_MUXCY_XORCY_282
INFO: [VRFC 10-311] analyzing module FFT_Butterfly_Microblaze_microblaze_0_0__MB_MUXCY_XORCY_283
INFO: [VRFC 10-311] analyzing module FFT_Butterfly_Microblaze_microblaze_0_0__MB_MUXCY_XORCY_284
INFO: [VRFC 10-311] analyzing module FFT_Butterfly_Microblaze_microblaze_0_0__MB_MUXCY_XORCY_285
INFO: [VRFC 10-311] analyzing module FFT_Butterfly_Microblaze_microblaze_0_0__MB_MUXCY_XORCY_286
INFO: [VRFC 10-311] analyzing module FFT_Butterfly_Microblaze_microblaze_0_0__MB_MUXCY_XORCY_287
INFO: [VRFC 10-311] analyzing module FFT_Butterfly_Microblaze_microblaze_0_0__MB_MUXCY_XORCY_288
INFO: [VRFC 10-311] analyzing module FFT_Butterfly_Microblaze_microblaze_0_0__MB_MUXCY_XORCY_289
INFO: [VRFC 10-311] analyzing module FFT_Butterfly_Microblaze_microblaze_0_0__MB_MUXCY_XORCY_290
INFO: [VRFC 10-311] analyzing module FFT_Butterfly_Microblaze_microblaze_0_0__MB_MUXCY_XORCY_291
INFO: [VRFC 10-311] analyzing module FFT_Butterfly_Microblaze_microblaze_0_0__MB_MUXCY_XORCY_292
INFO: [VRFC 10-311] analyzing module FFT_Butterfly_Microblaze_microblaze_0_0__MB_MUXCY_XORCY_293
INFO: [VRFC 10-311] analyzing module FFT_Butterfly_Microblaze_microblaze_0_0__MB_MUXCY_XORCY_294
INFO: [VRFC 10-311] analyzing module FFT_Butterfly_Microblaze_microblaze_0_0__MB_MUXCY_XORCY_295
INFO: [VRFC 10-311] analyzing module FFT_Butterfly_Microblaze_microblaze_0_0__MB_MUXCY_XORCY_296
INFO: [VRFC 10-311] analyzing module FFT_Butterfly_Microblaze_microblaze_0_0__MB_MUXCY_XORCY_297
INFO: [VRFC 10-311] analyzing module FFT_Butterfly_Microblaze_microblaze_0_0__MB_MUXCY_XORCY_298
INFO: [VRFC 10-311] analyzing module FFT_Butterfly_Microblaze_microblaze_0_0__MB_MUXCY_XORCY_308
INFO: [VRFC 10-311] analyzing module FFT_Butterfly_Microblaze_microblaze_0_0__MB_MUXCY_XORCY_310
INFO: [VRFC 10-311] analyzing module FFT_Butterfly_Microblaze_microblaze_0_0__MB_MUXCY_XORCY_313
INFO: [VRFC 10-311] analyzing module FFT_Butterfly_Microblaze_microblaze_0_0__MB_MUXCY_XORCY_316
INFO: [VRFC 10-311] analyzing module FFT_Butterfly_Microblaze_microblaze_0_0__MB_MUXCY_XORCY_319
INFO: [VRFC 10-311] analyzing module FFT_Butterfly_Microblaze_microblaze_0_0__MB_MUXCY_XORCY_322
INFO: [VRFC 10-311] analyzing module FFT_Butterfly_Microblaze_microblaze_0_0__MB_MUXCY_XORCY_325
INFO: [VRFC 10-311] analyzing module FFT_Butterfly_Microblaze_microblaze_0_0__MB_MUXCY_XORCY_328
INFO: [VRFC 10-311] analyzing module FFT_Butterfly_Microblaze_microblaze_0_0__MB_MUXCY_XORCY_331
INFO: [VRFC 10-311] analyzing module FFT_Butterfly_Microblaze_microblaze_0_0__MB_MUXCY_XORCY_334
INFO: [VRFC 10-311] analyzing module FFT_Butterfly_Microblaze_microblaze_0_0__MB_MUXCY_XORCY_337
INFO: [VRFC 10-311] analyzing module FFT_Butterfly_Microblaze_microblaze_0_0__MB_MUXCY_XORCY_340
INFO: [VRFC 10-311] analyzing module FFT_Butterfly_Microblaze_microblaze_0_0__MB_MUXCY_XORCY_343
INFO: [VRFC 10-311] analyzing module FFT_Butterfly_Microblaze_microblaze_0_0__MB_MUXCY_XORCY_346
INFO: [VRFC 10-311] analyzing module FFT_Butterfly_Microblaze_microblaze_0_0__MB_MUXCY_XORCY_349
INFO: [VRFC 10-311] analyzing module FFT_Butterfly_Microblaze_microblaze_0_0__MB_MUXCY_XORCY_352
INFO: [VRFC 10-311] analyzing module FFT_Butterfly_Microblaze_microblaze_0_0__MB_MUXCY_XORCY_355
INFO: [VRFC 10-311] analyzing module FFT_Butterfly_Microblaze_microblaze_0_0__MB_MUXCY_XORCY_358
INFO: [VRFC 10-311] analyzing module FFT_Butterfly_Microblaze_microblaze_0_0__MB_MUXCY_XORCY_361
INFO: [VRFC 10-311] analyzing module FFT_Butterfly_Microblaze_microblaze_0_0__MB_MUXCY_XORCY_364
INFO: [VRFC 10-311] analyzing module FFT_Butterfly_Microblaze_microblaze_0_0__MB_MUXCY_XORCY_367
INFO: [VRFC 10-311] analyzing module FFT_Butterfly_Microblaze_microblaze_0_0__MB_MUXCY_XORCY_370
INFO: [VRFC 10-311] analyzing module FFT_Butterfly_Microblaze_microblaze_0_0__MB_MUXCY_XORCY_373
INFO: [VRFC 10-311] analyzing module FFT_Butterfly_Microblaze_microblaze_0_0__MB_MUXCY_XORCY_376
INFO: [VRFC 10-311] analyzing module FFT_Butterfly_Microblaze_microblaze_0_0__MB_MUXCY_XORCY_379
INFO: [VRFC 10-311] analyzing module FFT_Butterfly_Microblaze_microblaze_0_0__MB_MUXCY_XORCY_382
INFO: [VRFC 10-311] analyzing module FFT_Butterfly_Microblaze_microblaze_0_0__MB_MUXCY_XORCY_385
INFO: [VRFC 10-311] analyzing module FFT_Butterfly_Microblaze_microblaze_0_0__MB_MUXCY_XORCY_388
INFO: [VRFC 10-311] analyzing module FFT_Butterfly_Microblaze_microblaze_0_0__MB_MUXCY_XORCY_391
INFO: [VRFC 10-311] analyzing module FFT_Butterfly_Microblaze_microblaze_0_0__MB_MUXCY_XORCY_394
INFO: [VRFC 10-311] analyzing module FFT_Butterfly_Microblaze_microblaze_0_0__MB_MUXCY_XORCY_397
INFO: [VRFC 10-311] analyzing module FFT_Butterfly_Microblaze_microblaze_0_0__MB_MUXCY_XORCY_400
INFO: [VRFC 10-311] analyzing module FFT_Butterfly_Microblaze_microblaze_0_0__MB_MUXCY_XORCY_519
INFO: [VRFC 10-311] analyzing module FFT_Butterfly_Microblaze_microblaze_0_0__MB_MUXCY_XORCY_521
INFO: [VRFC 10-311] analyzing module FFT_Butterfly_Microblaze_microblaze_0_0__MB_MUXCY_XORCY_523
INFO: [VRFC 10-311] analyzing module FFT_Butterfly_Microblaze_microblaze_0_0__MB_MUXCY_XORCY_525
INFO: [VRFC 10-311] analyzing module FFT_Butterfly_Microblaze_microblaze_0_0__MB_MUXCY_XORCY_527
INFO: [VRFC 10-311] analyzing module FFT_Butterfly_Microblaze_microblaze_0_0__MB_MUXCY_XORCY_529
INFO: [VRFC 10-311] analyzing module FFT_Butterfly_Microblaze_microblaze_0_0__MB_MUXCY_XORCY_531
INFO: [VRFC 10-311] analyzing module FFT_Butterfly_Microblaze_microblaze_0_0__MB_MUXCY_XORCY_533
INFO: [VRFC 10-311] analyzing module FFT_Butterfly_Microblaze_microblaze_0_0__MB_MUXCY_XORCY_535
INFO: [VRFC 10-311] analyzing module FFT_Butterfly_Microblaze_microblaze_0_0__MB_MUXCY_XORCY_537
INFO: [VRFC 10-311] analyzing module FFT_Butterfly_Microblaze_microblaze_0_0__MB_MUXCY_XORCY_539
INFO: [VRFC 10-311] analyzing module FFT_Butterfly_Microblaze_microblaze_0_0__MB_MUXCY_XORCY_541
INFO: [VRFC 10-311] analyzing module FFT_Butterfly_Microblaze_microblaze_0_0__MB_MUXCY_XORCY_543
INFO: [VRFC 10-311] analyzing module FFT_Butterfly_Microblaze_microblaze_0_0__MB_MUXCY_XORCY_545
INFO: [VRFC 10-311] analyzing module FFT_Butterfly_Microblaze_microblaze_0_0__MB_MUXCY_XORCY_547
INFO: [VRFC 10-311] analyzing module FFT_Butterfly_Microblaze_microblaze_0_0__MB_MUXCY_XORCY_549
INFO: [VRFC 10-311] analyzing module FFT_Butterfly_Microblaze_microblaze_0_0__MB_MUXCY_XORCY_551
INFO: [VRFC 10-311] analyzing module FFT_Butterfly_Microblaze_microblaze_0_0__MB_MUXCY_XORCY_553
INFO: [VRFC 10-311] analyzing module FFT_Butterfly_Microblaze_microblaze_0_0__MB_MUXCY_XORCY_555
INFO: [VRFC 10-311] analyzing module FFT_Butterfly_Microblaze_microblaze_0_0__MB_MUXCY_XORCY_557
INFO: [VRFC 10-311] analyzing module FFT_Butterfly_Microblaze_microblaze_0_0__MB_MUXCY_XORCY_559
INFO: [VRFC 10-311] analyzing module FFT_Butterfly_Microblaze_microblaze_0_0__MB_MUXCY_XORCY_561
INFO: [VRFC 10-311] analyzing module FFT_Butterfly_Microblaze_microblaze_0_0__MB_MUXCY_XORCY_563
INFO: [VRFC 10-311] analyzing module FFT_Butterfly_Microblaze_microblaze_0_0__MB_MUXCY_XORCY_565
INFO: [VRFC 10-311] analyzing module FFT_Butterfly_Microblaze_microblaze_0_0__MB_MUXCY_XORCY_567
INFO: [VRFC 10-311] analyzing module FFT_Butterfly_Microblaze_microblaze_0_0__MB_MUXCY_XORCY_569
INFO: [VRFC 10-311] analyzing module FFT_Butterfly_Microblaze_microblaze_0_0__MB_MUXCY_XORCY_571
INFO: [VRFC 10-311] analyzing module FFT_Butterfly_Microblaze_microblaze_0_0__MB_MUXCY_XORCY_573
INFO: [VRFC 10-311] analyzing module FFT_Butterfly_Microblaze_microblaze_0_0__MB_MUXCY_XORCY_575
INFO: [VRFC 10-311] analyzing module FFT_Butterfly_Microblaze_microblaze_0_0__MB_MUXCY_XORCY_577
INFO: [VRFC 10-311] analyzing module FFT_Butterfly_Microblaze_microblaze_0_0__MB_MUXCY_XORCY_579
INFO: [VRFC 10-311] analyzing module FFT_Butterfly_Microblaze_microblaze_0_0__MB_MUXCY_XORCY_580
INFO: [VRFC 10-311] analyzing module FFT_Butterfly_Microblaze_microblaze_0_0__MB_MUXF7
INFO: [VRFC 10-311] analyzing module FFT_Butterfly_Microblaze_microblaze_0_0__MB_MUXF7_120
INFO: [VRFC 10-311] analyzing module FFT_Butterfly_Microblaze_microblaze_0_0__MB_MUXF7_122
INFO: [VRFC 10-311] analyzing module FFT_Butterfly_Microblaze_microblaze_0_0__MB_MUXF7_124
INFO: [VRFC 10-311] analyzing module FFT_Butterfly_Microblaze_microblaze_0_0__MB_MUXF7_126
INFO: [VRFC 10-311] analyzing module FFT_Butterfly_Microblaze_microblaze_0_0__MB_MUXF7_128
INFO: [VRFC 10-311] analyzing module FFT_Butterfly_Microblaze_microblaze_0_0__MB_MUXF7_130
INFO: [VRFC 10-311] analyzing module FFT_Butterfly_Microblaze_microblaze_0_0__MB_MUXF7_132
INFO: [VRFC 10-311] analyzing module FFT_Butterfly_Microblaze_microblaze_0_0__MB_MUXF7_134
INFO: [VRFC 10-311] analyzing module FFT_Butterfly_Microblaze_microblaze_0_0__MB_MUXF7_136
INFO: [VRFC 10-311] analyzing module FFT_Butterfly_Microblaze_microblaze_0_0__MB_MUXF7_138
INFO: [VRFC 10-311] analyzing module FFT_Butterfly_Microblaze_microblaze_0_0__MB_MUXF7_140
INFO: [VRFC 10-311] analyzing module FFT_Butterfly_Microblaze_microblaze_0_0__MB_MUXF7_142
INFO: [VRFC 10-311] analyzing module FFT_Butterfly_Microblaze_microblaze_0_0__MB_MUXF7_144
INFO: [VRFC 10-311] analyzing module FFT_Butterfly_Microblaze_microblaze_0_0__MB_MUXF7_146
INFO: [VRFC 10-311] analyzing module FFT_Butterfly_Microblaze_microblaze_0_0__MB_MUXF7_148
INFO: [VRFC 10-311] analyzing module FFT_Butterfly_Microblaze_microblaze_0_0__MB_MUXF7_150
INFO: [VRFC 10-311] analyzing module FFT_Butterfly_Microblaze_microblaze_0_0__MB_MUXF7_152
INFO: [VRFC 10-311] analyzing module FFT_Butterfly_Microblaze_microblaze_0_0__MB_MUXF7_154
INFO: [VRFC 10-311] analyzing module FFT_Butterfly_Microblaze_microblaze_0_0__MB_MUXF7_156
INFO: [VRFC 10-311] analyzing module FFT_Butterfly_Microblaze_microblaze_0_0__MB_MUXF7_158
INFO: [VRFC 10-311] analyzing module FFT_Butterfly_Microblaze_microblaze_0_0__MB_MUXF7_160
INFO: [VRFC 10-311] analyzing module FFT_Butterfly_Microblaze_microblaze_0_0__MB_MUXF7_162
INFO: [VRFC 10-311] analyzing module FFT_Butterfly_Microblaze_microblaze_0_0__MB_MUXF7_164
INFO: [VRFC 10-311] analyzing module FFT_Butterfly_Microblaze_microblaze_0_0__MB_MUXF7_166
INFO: [VRFC 10-311] analyzing module FFT_Butterfly_Microblaze_microblaze_0_0__MB_MUXF7_168
INFO: [VRFC 10-311] analyzing module FFT_Butterfly_Microblaze_microblaze_0_0__MB_MUXF7_170
INFO: [VRFC 10-311] analyzing module FFT_Butterfly_Microblaze_microblaze_0_0__MB_MUXF7_172
INFO: [VRFC 10-311] analyzing module FFT_Butterfly_Microblaze_microblaze_0_0__MB_MUXF7_174
INFO: [VRFC 10-311] analyzing module FFT_Butterfly_Microblaze_microblaze_0_0__MB_MUXF7_176
INFO: [VRFC 10-311] analyzing module FFT_Butterfly_Microblaze_microblaze_0_0__MB_MUXF7_178
INFO: [VRFC 10-311] analyzing module FFT_Butterfly_Microblaze_microblaze_0_0__MB_MUXF7_180
INFO: [VRFC 10-311] analyzing module FFT_Butterfly_Microblaze_microblaze_0_0__MB_MUXF7_182
INFO: [VRFC 10-311] analyzing module FFT_Butterfly_Microblaze_microblaze_0_0__MB_MUXF7_184
INFO: [VRFC 10-311] analyzing module FFT_Butterfly_Microblaze_microblaze_0_0__MB_MUXF7_186
INFO: [VRFC 10-311] analyzing module FFT_Butterfly_Microblaze_microblaze_0_0__MB_MUXF7_188
INFO: [VRFC 10-311] analyzing module FFT_Butterfly_Microblaze_microblaze_0_0__MB_MUXF7_190
INFO: [VRFC 10-311] analyzing module FFT_Butterfly_Microblaze_microblaze_0_0__MB_MUXF7_192
INFO: [VRFC 10-311] analyzing module FFT_Butterfly_Microblaze_microblaze_0_0__MB_MUXF7_194
INFO: [VRFC 10-311] analyzing module FFT_Butterfly_Microblaze_microblaze_0_0__MB_MUXF7_196
INFO: [VRFC 10-311] analyzing module FFT_Butterfly_Microblaze_microblaze_0_0__MB_MUXF7_198
INFO: [VRFC 10-311] analyzing module FFT_Butterfly_Microblaze_microblaze_0_0__MB_MUXF7_200
INFO: [VRFC 10-311] analyzing module FFT_Butterfly_Microblaze_microblaze_0_0__MB_MUXF7_202
INFO: [VRFC 10-311] analyzing module FFT_Butterfly_Microblaze_microblaze_0_0__MB_MUXF7_204
INFO: [VRFC 10-311] analyzing module FFT_Butterfly_Microblaze_microblaze_0_0__MB_MUXF7_207
INFO: [VRFC 10-311] analyzing module FFT_Butterfly_Microblaze_microblaze_0_0__MB_MUXF7_209
INFO: [VRFC 10-311] analyzing module FFT_Butterfly_Microblaze_microblaze_0_0__MB_MUXF7_211
INFO: [VRFC 10-311] analyzing module FFT_Butterfly_Microblaze_microblaze_0_0__MB_MUXF7_213
INFO: [VRFC 10-311] analyzing module FFT_Butterfly_Microblaze_microblaze_0_0__MB_MUXF7_215
INFO: [VRFC 10-311] analyzing module FFT_Butterfly_Microblaze_microblaze_0_0__MB_MUXF7_217
INFO: [VRFC 10-311] analyzing module FFT_Butterfly_Microblaze_microblaze_0_0__MB_MUXF7_219
INFO: [VRFC 10-311] analyzing module FFT_Butterfly_Microblaze_microblaze_0_0__MB_MUXF7_221
INFO: [VRFC 10-311] analyzing module FFT_Butterfly_Microblaze_microblaze_0_0__MB_MUXF7_223
INFO: [VRFC 10-311] analyzing module FFT_Butterfly_Microblaze_microblaze_0_0__MB_MUXF7_225
INFO: [VRFC 10-311] analyzing module FFT_Butterfly_Microblaze_microblaze_0_0__MB_MUXF7_227
INFO: [VRFC 10-311] analyzing module FFT_Butterfly_Microblaze_microblaze_0_0__MB_MUXF7_229
INFO: [VRFC 10-311] analyzing module FFT_Butterfly_Microblaze_microblaze_0_0__MB_MUXF7_231
INFO: [VRFC 10-311] analyzing module FFT_Butterfly_Microblaze_microblaze_0_0__MB_MUXF7_233
INFO: [VRFC 10-311] analyzing module FFT_Butterfly_Microblaze_microblaze_0_0__MB_MUXF7_235
INFO: [VRFC 10-311] analyzing module FFT_Butterfly_Microblaze_microblaze_0_0__MB_MUXF7_237
INFO: [VRFC 10-311] analyzing module FFT_Butterfly_Microblaze_microblaze_0_0__MB_MUXF7_239
INFO: [VRFC 10-311] analyzing module FFT_Butterfly_Microblaze_microblaze_0_0__MB_MUXF7_241
INFO: [VRFC 10-311] analyzing module FFT_Butterfly_Microblaze_microblaze_0_0__MB_MUXF7_243
INFO: [VRFC 10-311] analyzing module FFT_Butterfly_Microblaze_microblaze_0_0__MB_MUXF7_245
INFO: [VRFC 10-311] analyzing module FFT_Butterfly_Microblaze_microblaze_0_0__MB_MUXF7_247
INFO: [VRFC 10-311] analyzing module FFT_Butterfly_Microblaze_microblaze_0_0__MB_MUXF7_249
INFO: [VRFC 10-311] analyzing module FFT_Butterfly_Microblaze_microblaze_0_0__MB_MUXF7_251
INFO: [VRFC 10-311] analyzing module FFT_Butterfly_Microblaze_microblaze_0_0__MB_MUXF7_253
INFO: [VRFC 10-311] analyzing module FFT_Butterfly_Microblaze_microblaze_0_0__MB_MUXF7_255
INFO: [VRFC 10-311] analyzing module FFT_Butterfly_Microblaze_microblaze_0_0__MB_MUXF7_257
INFO: [VRFC 10-311] analyzing module FFT_Butterfly_Microblaze_microblaze_0_0__MB_MUXF7_259
INFO: [VRFC 10-311] analyzing module FFT_Butterfly_Microblaze_microblaze_0_0__MB_MUXF7_261
INFO: [VRFC 10-311] analyzing module FFT_Butterfly_Microblaze_microblaze_0_0__MB_MUXF7_263
INFO: [VRFC 10-311] analyzing module FFT_Butterfly_Microblaze_microblaze_0_0__MB_MUXF7_265
INFO: [VRFC 10-311] analyzing module FFT_Butterfly_Microblaze_microblaze_0_0__MB_MUXF7_267
INFO: [VRFC 10-311] analyzing module FFT_Butterfly_Microblaze_microblaze_0_0__MB_MUXF7_269
INFO: [VRFC 10-311] analyzing module FFT_Butterfly_Microblaze_microblaze_0_0__MB_MUXF7_424
INFO: [VRFC 10-311] analyzing module FFT_Butterfly_Microblaze_microblaze_0_0__MB_MUXF7_425
INFO: [VRFC 10-311] analyzing module FFT_Butterfly_Microblaze_microblaze_0_0__MB_MUXF7_426
INFO: [VRFC 10-311] analyzing module FFT_Butterfly_Microblaze_microblaze_0_0__MB_MUXF7_427
INFO: [VRFC 10-311] analyzing module FFT_Butterfly_Microblaze_microblaze_0_0__MB_MUXF7_428
INFO: [VRFC 10-311] analyzing module FFT_Butterfly_Microblaze_microblaze_0_0__MB_MUXF7_429
INFO: [VRFC 10-311] analyzing module FFT_Butterfly_Microblaze_microblaze_0_0__MB_MUXF7_430
INFO: [VRFC 10-311] analyzing module FFT_Butterfly_Microblaze_microblaze_0_0__MB_MUXF7_431
INFO: [VRFC 10-311] analyzing module FFT_Butterfly_Microblaze_microblaze_0_0__MB_MUXF7_432
INFO: [VRFC 10-311] analyzing module FFT_Butterfly_Microblaze_microblaze_0_0__MB_MUXF7_433
INFO: [VRFC 10-311] analyzing module FFT_Butterfly_Microblaze_microblaze_0_0__MB_MUXF7_434
INFO: [VRFC 10-311] analyzing module FFT_Butterfly_Microblaze_microblaze_0_0__MB_MUXF7_435
INFO: [VRFC 10-311] analyzing module FFT_Butterfly_Microblaze_microblaze_0_0__MB_MUXF7_436
INFO: [VRFC 10-311] analyzing module FFT_Butterfly_Microblaze_microblaze_0_0__MB_MUXF7_437
INFO: [VRFC 10-311] analyzing module FFT_Butterfly_Microblaze_microblaze_0_0__MB_MUXF7_438
INFO: [VRFC 10-311] analyzing module FFT_Butterfly_Microblaze_microblaze_0_0__MB_MUXF7_439
INFO: [VRFC 10-311] analyzing module FFT_Butterfly_Microblaze_microblaze_0_0__MB_MUXF7_440
INFO: [VRFC 10-311] analyzing module FFT_Butterfly_Microblaze_microblaze_0_0__MB_MUXF7_441
INFO: [VRFC 10-311] analyzing module FFT_Butterfly_Microblaze_microblaze_0_0__MB_MUXF7_442
INFO: [VRFC 10-311] analyzing module FFT_Butterfly_Microblaze_microblaze_0_0__MB_MUXF7_443
INFO: [VRFC 10-311] analyzing module FFT_Butterfly_Microblaze_microblaze_0_0__MB_MUXF7_444
INFO: [VRFC 10-311] analyzing module FFT_Butterfly_Microblaze_microblaze_0_0__MB_MUXF7_445
INFO: [VRFC 10-311] analyzing module FFT_Butterfly_Microblaze_microblaze_0_0__MB_MUXF7_446
INFO: [VRFC 10-311] analyzing module FFT_Butterfly_Microblaze_microblaze_0_0__MB_MUXF7_447
INFO: [VRFC 10-311] analyzing module FFT_Butterfly_Microblaze_microblaze_0_0__MB_MUXF7_448
INFO: [VRFC 10-311] analyzing module FFT_Butterfly_Microblaze_microblaze_0_0__MB_MUXF7_449
INFO: [VRFC 10-311] analyzing module FFT_Butterfly_Microblaze_microblaze_0_0__MB_MUXF7_450
INFO: [VRFC 10-311] analyzing module FFT_Butterfly_Microblaze_microblaze_0_0__MB_MUXF7_451
INFO: [VRFC 10-311] analyzing module FFT_Butterfly_Microblaze_microblaze_0_0__MB_MUXF7_452
INFO: [VRFC 10-311] analyzing module FFT_Butterfly_Microblaze_microblaze_0_0__MB_MUXF7_453
INFO: [VRFC 10-311] analyzing module FFT_Butterfly_Microblaze_microblaze_0_0__MB_MUXF7_454
INFO: [VRFC 10-311] analyzing module FFT_Butterfly_Microblaze_microblaze_0_0__MB_MUXF7_455
INFO: [VRFC 10-311] analyzing module FFT_Butterfly_Microblaze_microblaze_0_0__MB_RAM32M
INFO: [VRFC 10-311] analyzing module FFT_Butterfly_Microblaze_microblaze_0_0__MB_RAM32M_409
INFO: [VRFC 10-311] analyzing module FFT_Butterfly_Microblaze_microblaze_0_0__MB_RAM32M_410
INFO: [VRFC 10-311] analyzing module FFT_Butterfly_Microblaze_microblaze_0_0__MB_RAM32M_411
INFO: [VRFC 10-311] analyzing module FFT_Butterfly_Microblaze_microblaze_0_0__MB_RAM32M_412
INFO: [VRFC 10-311] analyzing module FFT_Butterfly_Microblaze_microblaze_0_0__MB_RAM32M_413
INFO: [VRFC 10-311] analyzing module FFT_Butterfly_Microblaze_microblaze_0_0__MB_RAM32M_414
INFO: [VRFC 10-311] analyzing module FFT_Butterfly_Microblaze_microblaze_0_0__MB_RAM32M_415
INFO: [VRFC 10-311] analyzing module FFT_Butterfly_Microblaze_microblaze_0_0__MB_RAM32M_416
INFO: [VRFC 10-311] analyzing module FFT_Butterfly_Microblaze_microblaze_0_0__MB_RAM32M_417
INFO: [VRFC 10-311] analyzing module FFT_Butterfly_Microblaze_microblaze_0_0__MB_RAM32M_418
INFO: [VRFC 10-311] analyzing module FFT_Butterfly_Microblaze_microblaze_0_0__MB_RAM32M_419
INFO: [VRFC 10-311] analyzing module FFT_Butterfly_Microblaze_microblaze_0_0__MB_RAM32M_420
INFO: [VRFC 10-311] analyzing module FFT_Butterfly_Microblaze_microblaze_0_0__MB_RAM32M_421
INFO: [VRFC 10-311] analyzing module FFT_Butterfly_Microblaze_microblaze_0_0__MB_RAM32M_422
INFO: [VRFC 10-311] analyzing module FFT_Butterfly_Microblaze_microblaze_0_0__MB_RAM32M_423
INFO: [VRFC 10-311] analyzing module FFT_Butterfly_Microblaze_microblaze_0_0__MB_SRL16E
INFO: [VRFC 10-311] analyzing module FFT_Butterfly_Microblaze_microblaze_0_0__MB_SRL16E__parameterized1
INFO: [VRFC 10-311] analyzing module FFT_Butterfly_Microblaze_microblaze_0_0__MB_SRL16E__parameterized1_17
INFO: [VRFC 10-311] analyzing module FFT_Butterfly_Microblaze_microblaze_0_0__MB_SRL16E__parameterized1_18
INFO: [VRFC 10-311] analyzing module FFT_Butterfly_Microblaze_microblaze_0_0__MB_SRL16E__parameterized1_19
INFO: [VRFC 10-311] analyzing module FFT_Butterfly_Microblaze_microblaze_0_0__MB_SRL16E__parameterized1_20
INFO: [VRFC 10-311] analyzing module FFT_Butterfly_Microblaze_microblaze_0_0__MB_SRL16E__parameterized1_23
INFO: [VRFC 10-311] analyzing module FFT_Butterfly_Microblaze_microblaze_0_0__MB_SRL16E__parameterized1_24
INFO: [VRFC 10-311] analyzing module FFT_Butterfly_Microblaze_microblaze_0_0__MB_SRL16E__parameterized3
INFO: [VRFC 10-311] analyzing module FFT_Butterfly_Microblaze_microblaze_0_0__MB_SRL16E__parameterized3_21
INFO: [VRFC 10-311] analyzing module FFT_Butterfly_Microblaze_microblaze_0_0__MB_SRL16E__parameterized5
INFO: [VRFC 10-311] analyzing module FFT_Butterfly_Microblaze_microblaze_0_0__MB_SRL16E__parameterized5_22
INFO: [VRFC 10-311] analyzing module FFT_Butterfly_Microblaze_microblaze_0_0__MB_SRL16E__parameterized7
INFO: [VRFC 10-311] analyzing module FFT_Butterfly_Microblaze_microblaze_0_0__MB_SRL16E__parameterized9
INFO: [VRFC 10-311] analyzing module FFT_Butterfly_Microblaze_microblaze_0_0__MB_SRLC16E
INFO: [VRFC 10-311] analyzing module FFT_Butterfly_Microblaze_microblaze_0_0__MB_SRLC16E_32
INFO: [VRFC 10-311] analyzing module FFT_Butterfly_Microblaze_microblaze_0_0__MB_SRLC16E_34
INFO: [VRFC 10-311] analyzing module FFT_Butterfly_Microblaze_microblaze_0_0__MB_SRLC16E_36
INFO: [VRFC 10-311] analyzing module FFT_Butterfly_Microblaze_microblaze_0_0__MB_SRLC16E_38
INFO: [VRFC 10-311] analyzing module FFT_Butterfly_Microblaze_microblaze_0_0__MB_SRLC16E_40
INFO: [VRFC 10-311] analyzing module FFT_Butterfly_Microblaze_microblaze_0_0__MB_SRLC16E_42
INFO: [VRFC 10-311] analyzing module FFT_Butterfly_Microblaze_microblaze_0_0__MB_SRLC16E_44
INFO: [VRFC 10-311] analyzing module FFT_Butterfly_Microblaze_microblaze_0_0__MicroBlaze
INFO: [VRFC 10-311] analyzing module FFT_Butterfly_Microblaze_microblaze_0_0__MicroBlaze_Core
INFO: [VRFC 10-311] analyzing module FFT_Butterfly_Microblaze_microblaze_0_0__MicroBlaze_GTi
INFO: [VRFC 10-311] analyzing module FFT_Butterfly_Microblaze_microblaze_0_0__Operand_Select_gti
INFO: [VRFC 10-311] analyzing module FFT_Butterfly_Microblaze_microblaze_0_0__PC_Module_gti
INFO: [VRFC 10-311] analyzing module FFT_Butterfly_Microblaze_microblaze_0_0__PreFetch_Buffer_gti
INFO: [VRFC 10-311] analyzing module FFT_Butterfly_Microblaze_microblaze_0_0__Register_File_gti
INFO: [VRFC 10-311] analyzing module FFT_Butterfly_Microblaze_microblaze_0_0__Shift_Logic_Module_gti
INFO: [VRFC 10-311] analyzing module FFT_Butterfly_Microblaze_microblaze_0_0__Zero_Detect_gti
INFO: [VRFC 10-311] analyzing module FFT_Butterfly_Microblaze_microblaze_0_0__address_hit
INFO: [VRFC 10-311] analyzing module FFT_Butterfly_Microblaze_microblaze_0_0__carry_and
INFO: [VRFC 10-311] analyzing module FFT_Butterfly_Microblaze_microblaze_0_0__carry_and_57
INFO: [VRFC 10-311] analyzing module FFT_Butterfly_Microblaze_microblaze_0_0__carry_and_58
INFO: [VRFC 10-311] analyzing module FFT_Butterfly_Microblaze_microblaze_0_0__carry_and_59
INFO: [VRFC 10-311] analyzing module FFT_Butterfly_Microblaze_microblaze_0_0__carry_and_60
INFO: [VRFC 10-311] analyzing module FFT_Butterfly_Microblaze_microblaze_0_0__carry_and_61
INFO: [VRFC 10-311] analyzing module FFT_Butterfly_Microblaze_microblaze_0_0__carry_and_62
INFO: [VRFC 10-311] analyzing module FFT_Butterfly_Microblaze_microblaze_0_0__carry_and_63
INFO: [VRFC 10-311] analyzing module FFT_Butterfly_Microblaze_microblaze_0_0__carry_and_64
INFO: [VRFC 10-311] analyzing module FFT_Butterfly_Microblaze_microblaze_0_0__carry_and_65
INFO: [VRFC 10-311] analyzing module FFT_Butterfly_Microblaze_microblaze_0_0__carry_and_66
INFO: [VRFC 10-311] analyzing module FFT_Butterfly_Microblaze_microblaze_0_0__carry_and_86
INFO: [VRFC 10-311] analyzing module FFT_Butterfly_Microblaze_microblaze_0_0__carry_and_87
INFO: [VRFC 10-311] analyzing module FFT_Butterfly_Microblaze_microblaze_0_0__carry_and_88
INFO: [VRFC 10-311] analyzing module FFT_Butterfly_Microblaze_microblaze_0_0__carry_and_89
INFO: [VRFC 10-311] analyzing module FFT_Butterfly_Microblaze_microblaze_0_0__carry_or
INFO: [VRFC 10-311] analyzing module FFT_Butterfly_Microblaze_microblaze_0_0__exception_registers_gti
INFO: [VRFC 10-311] analyzing module FFT_Butterfly_Microblaze_microblaze_0_0__instr_mux
INFO: [VRFC 10-311] analyzing module FFT_Butterfly_Microblaze_microblaze_0_0__jump_logic
INFO: [VRFC 10-311] analyzing module FFT_Butterfly_Microblaze_microblaze_0_0__mb_sync_bit
INFO: [VRFC 10-311] analyzing module FFT_Butterfly_Microblaze_microblaze_0_0__mb_sync_bit_0
INFO: [VRFC 10-311] analyzing module FFT_Butterfly_Microblaze_microblaze_0_0__mb_sync_bit_1
INFO: [VRFC 10-311] analyzing module FFT_Butterfly_Microblaze_microblaze_0_0__mb_sync_bit_46
INFO: [VRFC 10-311] analyzing module FFT_Butterfly_Microblaze_microblaze_0_0__mb_sync_bit_47
INFO: [VRFC 10-311] analyzing module FFT_Butterfly_Microblaze_microblaze_0_0__mb_sync_bit_48
INFO: [VRFC 10-311] analyzing module FFT_Butterfly_Microblaze_microblaze_0_0__mb_sync_bit_49
INFO: [VRFC 10-311] analyzing module FFT_Butterfly_Microblaze_microblaze_0_0__mb_sync_bit_50
INFO: [VRFC 10-311] analyzing module FFT_Butterfly_Microblaze_microblaze_0_0__mb_sync_bit_51
INFO: [VRFC 10-311] analyzing module FFT_Butterfly_Microblaze_microblaze_0_0__mb_sync_bit_52
INFO: [VRFC 10-311] analyzing module FFT_Butterfly_Microblaze_microblaze_0_0__mb_sync_bit_53
INFO: [VRFC 10-311] analyzing module FFT_Butterfly_Microblaze_microblaze_0_0__mb_sync_bit_54
INFO: [VRFC 10-311] analyzing module FFT_Butterfly_Microblaze_microblaze_0_0__mb_sync_bit_55
INFO: [VRFC 10-311] analyzing module FFT_Butterfly_Microblaze_microblaze_0_0__mb_sync_bit__parameterized2
INFO: [VRFC 10-311] analyzing module FFT_Butterfly_Microblaze_microblaze_0_0__mb_sync_bit__parameterized2_25
INFO: [VRFC 10-311] analyzing module FFT_Butterfly_Microblaze_microblaze_0_0__mb_sync_bit__parameterized2_26
INFO: [VRFC 10-311] analyzing module FFT_Butterfly_Microblaze_microblaze_0_0__mb_sync_bit__parameterized2_27
INFO: [VRFC 10-311] analyzing module FFT_Butterfly_Microblaze_microblaze_0_0__mb_sync_bit__parameterized2_28
INFO: [VRFC 10-311] analyzing module FFT_Butterfly_Microblaze_microblaze_0_0__mb_sync_bit__parameterized2_56
INFO: [VRFC 10-311] analyzing module FFT_Butterfly_Microblaze_microblaze_0_0__mb_sync_bit__parameterized4
INFO: [VRFC 10-311] analyzing module FFT_Butterfly_Microblaze_microblaze_0_0__mb_sync_bit__parameterized4_29
INFO: [VRFC 10-311] analyzing module FFT_Butterfly_Microblaze_microblaze_0_0__mb_sync_bit__parameterized4_30
INFO: [VRFC 10-311] analyzing module FFT_Butterfly_Microblaze_microblaze_0_0__mb_sync_vec
INFO: [VRFC 10-311] analyzing module FFT_Butterfly_Microblaze_microblaze_0_0__mb_sync_vec__parameterized1
INFO: [VRFC 10-311] analyzing module FFT_Butterfly_Microblaze_microblaze_0_0__msr_reg_gti
INFO: [VRFC 10-311] analyzing module FFT_Butterfly_Microblaze_microblaze_0_0__mux_bus
INFO: [VRFC 10-311] analyzing module glbl
