Vivado Simulator 2018.3
Copyright 1986-1999, 2001-2018 Xilinx, Inc. All Rights Reserved.
Running: E:/Vivado_2018_3/Vivado/2018.3/bin/unwrapped/win64.o/xelab.exe -wto 2ce66c6aef364950b00b24e9ac48c0c3 --incr --debug typical --relax --mt 2 -L xil_defaultlib -L unisims_ver -L secureip --snapshot FFT_Microblaze_Tb_func_synth xil_defaultlib.FFT_Microblaze_Tb xil_defaultlib.glbl -log elaborate.log 
Using 2 slave threads.
Starting static elaboration
Completed static elaboration
Starting simulation data flow analysis
Completed simulation data flow analysis
Time Resolution for simulation is 1ps
Compiling module unisims_ver.GND
Compiling module unisims_ver.x_lut1_mux2
Compiling module unisims_ver.LUT1
Compiling module unisims_ver.x_lut2_mux4
Compiling module unisims_ver.LUT2
Compiling module unisims_ver.x_lut3_mux8
Compiling module unisims_ver.LUT3
Compiling module unisims_ver.LUT4
Compiling module unisims_ver.LUT5
Compiling module unisims_ver.FDRE_default
Compiling module unisims_ver.LUT6
Compiling module unisims_ver.MUXF8
Compiling module unisims_ver.MUXF7
Compiling module unisims_ver.FDSE_default
Compiling module xil_defaultlib.FFT_Butterfly_Microblaze_FFT_But...
Compiling module unisims_ver.SRL16E_default
Compiling module unisims_ver.CARRY4
Compiling module unisims_ver.latchsre_ldce
Compiling module unisims_ver.LDCE
Compiling module xil_defaultlib.FFT_Butterfly_Microblaze_FFT_But...
Compiling module xil_defaultlib.FFT_Butterfly_Microblaze_FFT_But...
Compiling module xil_defaultlib.FFT_Butterfly_Microblaze_FFT_But...
Compiling module xil_defaultlib.FFT_Butterfly_Microblaze_FFT_But...
Compiling module xil_defaultlib.FFT_Butterfly_Microblaze_FFT_But...
Compiling module unisims_ver.DSP48E1(ALUMODEREG=0,CARRYINREG=...
Compiling module xil_defaultlib.FFT_Butterfly_Microblaze_FFT_But...
Compiling module xil_defaultlib.FFT_Butterfly_Microblaze_FFT_But...
Compiling module xil_defaultlib.FFT_Butterfly_Microblaze_FFT_But...
Compiling module xil_defaultlib.FFT_Butterfly_Microblaze_FFT_But...
Compiling module xil_defaultlib.FFT_Butterfly_Microblaze_FFT_But...
Compiling module xil_defaultlib.FFT_Butterfly_Microblaze_FFT_But...
Compiling module xil_defaultlib.FFT_Butterfly_Microblaze_FFT_But...
Compiling module xil_defaultlib.FFT_Butterfly_Microblaze_FFT_But...
Compiling module xil_defaultlib.FFT_Butterfly_Microblaze_FFT_But...
Compiling module xil_defaultlib.FFT_Butterfly_Microblaze_FFT_But...
Compiling module xil_defaultlib.FFT_Butterfly_Microblaze_FFT_But...
Compiling module unisims_ver.RB18_INTERNAL_VLOG(RDADDR_COLLIS...
Compiling module unisims_ver.RAMB18E1(INIT_00=256'b0111100001...
Compiling module xil_defaultlib.FFT_Butterfly_Microblaze_FFT_But...
Compiling module xil_defaultlib.FFT_Butterfly_Microblaze_FFT_But...
Compiling module xil_defaultlib.FFT_Butterfly_Microblaze_FFT_But...
Compiling module xil_defaultlib.FFT_Butterfly_Microblaze_FFT_But...
Compiling module xil_defaultlib.FFT_Butterfly_Microblaze_FFT_But...
Compiling module xil_defaultlib.FFT_Butterfly_Microblaze_FFT_But...
Compiling module xil_defaultlib.FFT_Butterfly_Microblaze_FFT_But...
Compiling module unisims_ver.RB18_INTERNAL_VLOG(RDADDR_COLLIS...
Compiling module unisims_ver.RAMB18E1(INIT_00=256'b0110000101...
Compiling module xil_defaultlib.FFT_Butterfly_Microblaze_FFT_But...
Compiling module xil_defaultlib.FFT_Butterfly_Microblaze_FFT_But...
Compiling module xil_defaultlib.FFT_Butterfly_Microblaze_FFT_But...
Compiling module xil_defaultlib.FFT_Butterfly_Microblaze_FFT_But...
Compiling module xil_defaultlib.FFT_Butterfly_Microblaze_FFT_But...
Compiling module xil_defaultlib.FFT_Butterfly_Microblaze_FFT_But...
Compiling module xil_defaultlib.FFT_Butterfly_Microblaze_FFT_But...
Compiling module xil_defaultlib.FFT_Butterfly_Microblaze_FFT_But...
Compiling module xil_defaultlib.FFT_Butterfly_Microblaze_FFT_But...
Compiling module xil_defaultlib.FFT_Butterfly_Microblaze_FFT_But...
Compiling module xil_defaultlib.FFT_Butterfly_Microblaze_FFT_But...
Compiling module xil_defaultlib.FFT_Butterfly_Microblaze_FFT_But...
Compiling module xil_defaultlib.FFT_Butterfly_Microblaze_FFT_But...
Compiling module xil_defaultlib.FFT_Butterfly_Microblaze_FFT_But...
Compiling module xil_defaultlib.FFT_Butterfly_Microblaze_FFT_But...
Compiling module xil_defaultlib.FFT_Butterfly_Microblaze_FFT_But...
Compiling module xil_defaultlib.FFT_Butterfly_Microblaze_FFT_But...
Compiling module xil_defaultlib.FFT_Butterfly_Microblaze_FFT_But...
Compiling module xil_defaultlib.FFT_Butterfly_Microblaze_FFT_But...
Compiling module xil_defaultlib.FFT_Butterfly_Microblaze_FFT_But...
Compiling module xil_defaultlib.FFT_Butterfly_Microblaze_FFT_But...
Compiling module xil_defaultlib.FFT_Butterfly_Microblaze_FFT_But...
Compiling module xil_defaultlib.FFT_Butterfly_Microblaze_FFT_But...
Compiling module xil_defaultlib.FFT_Butterfly_Microblaze_FFT_But...
Compiling module xil_defaultlib.FFT_Butterfly_Microblaze_FFT_But...
Compiling module xil_defaultlib.FFT_Butterfly_Microblaze_FFT_But...
Compiling module xil_defaultlib.FFT_Butterfly_Microblaze_FFT_But...
Compiling module xil_defaultlib.FFT_Butterfly_Microblaze_FFT_But...
Compiling module xil_defaultlib.FFT_Butterfly_Microblaze_FFT_But...
Compiling module xil_defaultlib.FFT_Butterfly_Microblaze_FFT_But...
Compiling module xil_defaultlib.FFT_Butterfly_Microblaze_FFT_But...
Compiling module xil_defaultlib.FFT_Butterfly_Microblaze_FFT_But...
Compiling module xil_defaultlib.FFT_Butterfly_Microblaze_FFT_But...
Compiling module xil_defaultlib.FFT_Butterfly_Microblaze_FFT_But...
Compiling module xil_defaultlib.FFT_Butterfly_Microblaze_FFT_But...
Compiling module xil_defaultlib.FFT_Butterfly_Microblaze_FFT_But...
Compiling module unisims_ver.FDSE(INIT=1'b0)
Compiling module xil_defaultlib.FFT_Butterfly_Microblaze_FFT_But...
Compiling module xil_defaultlib.FFT_Butterfly_Microblaze_FFT_But...
Compiling module xil_defaultlib.FFT_Butterfly_Microblaze_FFT_But...
Compiling module xil_defaultlib.FFT_Butterfly_Microblaze_FFT_But...
Compiling module xil_defaultlib.FFT_Butterfly_Microblaze_FFT_But...
Compiling module xil_defaultlib.FFT_Butterfly_Microblaze_FFT_But...
Compiling module xil_defaultlib.FFT_Butterfly_Microblaze_FFT_But...
Compiling module xil_defaultlib.FFT_Butterfly_Microblaze_FFT_But...
Compiling module xil_defaultlib.FFT_Butterfly_Microblaze_FFT_But...
Compiling module xil_defaultlib.FFT_Butterfly_Microblaze_FFT_But...
Compiling module xil_defaultlib.FFT_Butterfly_Microblaze_FFT_But...
Compiling module xil_defaultlib.FFT_Butterfly_Microblaze_FFT_But...
Compiling module xil_defaultlib.FFT_Butterfly_Microblaze_FFT_But...
Compiling module xil_defaultlib.FFT_Butterfly_Microblaze_FFT_But...
Compiling module xil_defaultlib.FFT_Butterfly_Microblaze_FFT_But...
Compiling module xil_defaultlib.FFT_Butterfly_Microblaze_FFT_But...
Compiling module xil_defaultlib.FFT_Butterfly_Microblaze_FFT_But...
Compiling module xil_defaultlib.FFT_Butterfly_Microblaze_FFT_But...
Compiling module xil_defaultlib.FFT_Butterfly_Microblaze_FFT_But...
Compiling module xil_defaultlib.FFT_Butterfly_Microblaze_FFT_But...
Compiling module xil_defaultlib.FFT_Butterfly_Microblaze_FFT_But...
Compiling module xil_defaultlib.FFT_Butterfly_Microblaze_FFT_But...
Compiling module xil_defaultlib.FFT_Butterfly_Microblaze_FFT_But...
Compiling module xil_defaultlib.FFT_Butterfly_Microblaze_FFT_But...
Compiling module xil_defaultlib.FFT_Butterfly_Microblaze_FFT_But...
Compiling module xil_defaultlib.FFT_Butterfly_Microblaze_FFT_But...
Compiling module xil_defaultlib.FFT_Butterfly_Microblaze_FFT_But...
Compiling module xil_defaultlib.FFT_Butterfly_Microblaze_FFT_But...
Compiling module xil_defaultlib.FFT_Butterfly_Microblaze_FFT_But...
Compiling module xil_defaultlib.FFT_Butterfly_Microblaze_FFT_But...
Compiling module xil_defaultlib.FFT_Butterfly_Microblaze_FFT_But...
Compiling module xil_defaultlib.FFT_Butterfly_Microblaze_FFT_But...
Compiling module xil_defaultlib.FFT_Butterfly_Microblaze_FFT_But...
Compiling module xil_defaultlib.FFT_Butterfly_Microblaze_FFT_But...
Compiling module unisims_ver.BUFG
Compiling module unisims_ver.IBUFDS
Compiling module unisims_ver.MMCME2_ADV(CLKFBOUT_MULT_F=10.0,...
Compiling module xil_defaultlib.FFT_Butterfly_Microblaze_clk_wiz...
Compiling module xil_defaultlib.FFT_Butterfly_Microblaze_clk_wiz...
Compiling module unisims_ver.FDCE_default
Compiling module unisims_ver.FDCE(IS_C_INVERTED=1'b1)
Compiling module xil_defaultlib.FFT_Butterfly_Microblaze_mdm_1_0...
Compiling module unisims_ver.FDRE(IS_C_INVERTED=1'b1)
Compiling module xil_defaultlib.FFT_Butterfly_Microblaze_mdm_1_0...
Compiling module xil_defaultlib.FFT_Butterfly_Microblaze_mdm_1_0...
Compiling module xil_defaultlib.FFT_Butterfly_Microblaze_mdm_1_0...
Compiling module xil_defaultlib.FFT_Butterfly_Microblaze_mdm_1_0...
Compiling module xil_defaultlib.FFT_Butterfly_Microblaze_mdm_1_0...
Compiling module unisims_ver.FDPE_default
Compiling module xil_defaultlib.FFT_Butterfly_Microblaze_mdm_1_0...
Compiling module xil_defaultlib.FFT_Butterfly_Microblaze_mdm_1_0...
Compiling module xil_defaultlib.FFT_Butterfly_Microblaze_mdm_1_0...
Compiling module unisims_ver.BSCANE2(JTAG_CHAIN=2)
Compiling module xil_defaultlib.FFT_Butterfly_Microblaze_mdm_1_0...
Compiling module unisims_ver.VCC
Compiling module xil_defaultlib.FFT_Butterfly_Microblaze_mdm_1_0...
Compiling module xil_defaultlib.FFT_Butterfly_Microblaze_mdm_1_0
Compiling module xil_defaultlib.FFT_Butterfly_Microblaze_microbl...
Compiling module xil_defaultlib.FFT_Butterfly_Microblaze_microbl...
Compiling module xil_defaultlib.FFT_Butterfly_Microblaze_microbl...
Compiling module xil_defaultlib.FFT_Butterfly_Microblaze_microbl...
Compiling module xil_defaultlib.FFT_Butterfly_Microblaze_microbl...
Compiling module xil_defaultlib.FFT_Butterfly_Microblaze_microbl...
Compiling module xil_defaultlib.FFT_Butterfly_Microblaze_microbl...
Compiling module unisims_ver.LUT6_2(INIT=64'b0110000001111010...
Compiling module xil_defaultlib.FFT_Butterfly_Microblaze_microbl...
Compiling module xil_defaultlib.FFT_Butterfly_Microblaze_microbl...
Compiling module xil_defaultlib.FFT_Butterfly_Microblaze_microbl...
Compiling module xil_defaultlib.FFT_Butterfly_Microblaze_microbl...
Compiling module xil_defaultlib.FFT_Butterfly_Microblaze_microbl...
Compiling module xil_defaultlib.FFT_Butterfly_Microblaze_microbl...
Compiling module xil_defaultlib.FFT_Butterfly_Microblaze_microbl...
Compiling module xil_defaultlib.FFT_Butterfly_Microblaze_microbl...
Compiling module xil_defaultlib.FFT_Butterfly_Microblaze_microbl...
Compiling module xil_defaultlib.FFT_Butterfly_Microblaze_microbl...
Compiling module xil_defaultlib.FFT_Butterfly_Microblaze_microbl...
Compiling module xil_defaultlib.FFT_Butterfly_Microblaze_microbl...
Compiling module xil_defaultlib.FFT_Butterfly_Microblaze_microbl...
Compiling module xil_defaultlib.FFT_Butterfly_Microblaze_microbl...
Compiling module xil_defaultlib.FFT_Butterfly_Microblaze_microbl...
Compiling module xil_defaultlib.FFT_Butterfly_Microblaze_microbl...
Compiling module xil_defaultlib.FFT_Butterfly_Microblaze_microbl...
Compiling module xil_defaultlib.FFT_Butterfly_Microblaze_microbl...
Compiling module xil_defaultlib.FFT_Butterfly_Microblaze_microbl...
Compiling module xil_defaultlib.FFT_Butterfly_Microblaze_microbl...
Compiling module xil_defaultlib.FFT_Butterfly_Microblaze_microbl...
Compiling module xil_defaultlib.FFT_Butterfly_Microblaze_microbl...
Compiling module xil_defaultlib.FFT_Butterfly_Microblaze_microbl...
Compiling module xil_defaultlib.FFT_Butterfly_Microblaze_microbl...
Compiling module xil_defaultlib.FFT_Butterfly_Microblaze_microbl...
Compiling module xil_defaultlib.FFT_Butterfly_Microblaze_microbl...
Compiling module xil_defaultlib.FFT_Butterfly_Microblaze_microbl...
Compiling module xil_defaultlib.FFT_Butterfly_Microblaze_microbl...
Compiling module xil_defaultlib.FFT_Butterfly_Microblaze_microbl...
Compiling module xil_defaultlib.FFT_Butterfly_Microblaze_microbl...
Compiling module xil_defaultlib.FFT_Butterfly_Microblaze_microbl...
Compiling module xil_defaultlib.FFT_Butterfly_Microblaze_microbl...
Compiling module xil_defaultlib.FFT_Butterfly_Microblaze_microbl...
Compiling module xil_defaultlib.FFT_Butterfly_Microblaze_microbl...
Compiling module xil_defaultlib.FFT_Butterfly_Microblaze_microbl...
Compiling module xil_defaultlib.FFT_Butterfly_Microblaze_microbl...
Compiling module xil_defaultlib.FFT_Butterfly_Microblaze_microbl...
Compiling module xil_defaultlib.FFT_Butterfly_Microblaze_microbl...
Compiling module xil_defaultlib.FFT_Butterfly_Microblaze_microbl...
Compiling module xil_defaultlib.FFT_Butterfly_Microblaze_microbl...
Compiling module xil_defaultlib.FFT_Butterfly_Microblaze_microbl...
Compiling module xil_defaultlib.FFT_Butterfly_Microblaze_microbl...
Compiling module xil_defaultlib.FFT_Butterfly_Microblaze_microbl...
Compiling module xil_defaultlib.FFT_Butterfly_Microblaze_microbl...
Compiling module xil_defaultlib.FFT_Butterfly_Microblaze_microbl...
Compiling module xil_defaultlib.FFT_Butterfly_Microblaze_microbl...
Compiling module xil_defaultlib.FFT_Butterfly_Microblaze_microbl...
Compiling module xil_defaultlib.FFT_Butterfly_Microblaze_microbl...
Compiling module xil_defaultlib.FFT_Butterfly_Microblaze_microbl...
Compiling module xil_defaultlib.FFT_Butterfly_Microblaze_microbl...
Compiling module xil_defaultlib.FFT_Butterfly_Microblaze_microbl...
Compiling module xil_defaultlib.FFT_Butterfly_Microblaze_microbl...
Compiling module xil_defaultlib.FFT_Butterfly_Microblaze_microbl...
Compiling module xil_defaultlib.FFT_Butterfly_Microblaze_microbl...
Compiling module xil_defaultlib.FFT_Butterfly_Microblaze_microbl...
Compiling module xil_defaultlib.FFT_Butterfly_Microblaze_microbl...
Compiling module xil_defaultlib.FFT_Butterfly_Microblaze_microbl...
Compiling module xil_defaultlib.FFT_Butterfly_Microblaze_microbl...
Compiling module xil_defaultlib.FFT_Butterfly_Microblaze_microbl...
Compiling module xil_defaultlib.FFT_Butterfly_Microblaze_microbl...
Compiling module xil_defaultlib.FFT_Butterfly_Microblaze_microbl...
Compiling module xil_defaultlib.FFT_Butterfly_Microblaze_microbl...
Compiling module xil_defaultlib.FFT_Butterfly_Microblaze_microbl...
Compiling module xil_defaultlib.FFT_Butterfly_Microblaze_microbl...
Compiling module xil_defaultlib.FFT_Butterfly_Microblaze_microbl...
Compiling module xil_defaultlib.FFT_Butterfly_Microblaze_microbl...
Compiling module xil_defaultlib.FFT_Butterfly_Microblaze_microbl...
Compiling module xil_defaultlib.FFT_Butterfly_Microblaze_microbl...
Compiling module xil_defaultlib.FFT_Butterfly_Microblaze_microbl...
Compiling module xil_defaultlib.FFT_Butterfly_Microblaze_microbl...
Compiling module xil_defaultlib.FFT_Butterfly_Microblaze_microbl...
Compiling module xil_defaultlib.FFT_Butterfly_Microblaze_microbl...
Compiling module xil_defaultlib.FFT_Butterfly_Microblaze_microbl...
Compiling module xil_defaultlib.FFT_Butterfly_Microblaze_microbl...
Compiling module xil_defaultlib.FFT_Butterfly_Microblaze_microbl...
Compiling module xil_defaultlib.FFT_Butterfly_Microblaze_microbl...
Compiling module xil_defaultlib.FFT_Butterfly_Microblaze_microbl...
Compiling module xil_defaultlib.FFT_Butterfly_Microblaze_microbl...
Compiling module xil_defaultlib.FFT_Butterfly_Microblaze_microbl...
Compiling module xil_defaultlib.FFT_Butterfly_Microblaze_microbl...
Compiling module xil_defaultlib.FFT_Butterfly_Microblaze_microbl...
Compiling module xil_defaultlib.FFT_Butterfly_Microblaze_microbl...
Compiling module xil_defaultlib.FFT_Butterfly_Microblaze_microbl...
Compiling module xil_defaultlib.FFT_Butterfly_Microblaze_microbl...
Compiling module xil_defaultlib.FFT_Butterfly_Microblaze_microbl...
Compiling module xil_defaultlib.FFT_Butterfly_Microblaze_microbl...
Compiling module xil_defaultlib.FFT_Butterfly_Microblaze_microbl...
Compiling module xil_defaultlib.FFT_Butterfly_Microblaze_microbl...
Compiling module xil_defaultlib.FFT_Butterfly_Microblaze_microbl...
Compiling module xil_defaultlib.FFT_Butterfly_Microblaze_microbl...
Compiling module xil_defaultlib.FFT_Butterfly_Microblaze_microbl...
Compiling module xil_defaultlib.FFT_Butterfly_Microblaze_microbl...
Compiling module xil_defaultlib.FFT_Butterfly_Microblaze_microbl...
Compiling module xil_defaultlib.FFT_Butterfly_Microblaze_microbl...
Compiling module xil_defaultlib.FFT_Butterfly_Microblaze_microbl...
Compiling module xil_defaultlib.FFT_Butterfly_Microblaze_microbl...
Compiling module xil_defaultlib.FFT_Butterfly_Microblaze_microbl...
Compiling module xil_defaultlib.FFT_Butterfly_Microblaze_microbl...
Compiling module xil_defaultlib.FFT_Butterfly_Microblaze_microbl...
Compiling module xil_defaultlib.FFT_Butterfly_Microblaze_microbl...
Compiling module xil_defaultlib.FFT_Butterfly_Microblaze_microbl...
Compiling module xil_defaultlib.FFT_Butterfly_Microblaze_microbl...
Compiling module xil_defaultlib.FFT_Butterfly_Microblaze_microbl...
Compiling module xil_defaultlib.FFT_Butterfly_Microblaze_microbl...
Compiling module xil_defaultlib.FFT_Butterfly_Microblaze_microbl...
Compiling module xil_defaultlib.FFT_Butterfly_Microblaze_microbl...
Compiling module xil_defaultlib.FFT_Butterfly_Microblaze_microbl...
Compiling module xil_defaultlib.FFT_Butterfly_Microblaze_microbl...
Compiling module xil_defaultlib.FFT_Butterfly_Microblaze_microbl...
Compiling module xil_defaultlib.FFT_Butterfly_Microblaze_microbl...
Compiling module xil_defaultlib.FFT_Butterfly_Microblaze_microbl...
Compiling module xil_defaultlib.FFT_Butterfly_Microblaze_microbl...
Compiling module xil_defaultlib.FFT_Butterfly_Microblaze_microbl...
Compiling module xil_defaultlib.FFT_Butterfly_Microblaze_microbl...
Compiling module xil_defaultlib.FFT_Butterfly_Microblaze_microbl...
Compiling module xil_defaultlib.FFT_Butterfly_Microblaze_microbl...
Compiling module xil_defaultlib.FFT_Butterfly_Microblaze_microbl...
Compiling module xil_defaultlib.FFT_Butterfly_Microblaze_microbl...
Compiling module xil_defaultlib.FFT_Butterfly_Microblaze_microbl...
Compiling module xil_defaultlib.FFT_Butterfly_Microblaze_microbl...
Compiling module xil_defaultlib.FFT_Butterfly_Microblaze_microbl...
Compiling module xil_defaultlib.FFT_Butterfly_Microblaze_microbl...
Compiling module xil_defaultlib.FFT_Butterfly_Microblaze_microbl...
Compiling module xil_defaultlib.FFT_Butterfly_Microblaze_microbl...
Compiling module xil_defaultlib.FFT_Butterfly_Microblaze_microbl...
Compiling module xil_defaultlib.FFT_Butterfly_Microblaze_microbl...
Compiling module xil_defaultlib.FFT_Butterfly_Microblaze_microbl...
Compiling module xil_defaultlib.FFT_Butterfly_Microblaze_microbl...
Compiling module xil_defaultlib.FFT_Butterfly_Microblaze_microbl...
Compiling module xil_defaultlib.FFT_Butterfly_Microblaze_microbl...
Compiling module xil_defaultlib.FFT_Butterfly_Microblaze_microbl...
Compiling module xil_defaultlib.FFT_Butterfly_Microblaze_microbl...
Compiling module xil_defaultlib.FFT_Butterfly_Microblaze_microbl...
Compiling module xil_defaultlib.FFT_Butterfly_Microblaze_microbl...
Compiling module xil_defaultlib.FFT_Butterfly_Microblaze_microbl...
Compiling module xil_defaultlib.FFT_Butterfly_Microblaze_microbl...
Compiling module xil_defaultlib.FFT_Butterfly_Microblaze_microbl...
Compiling module xil_defaultlib.FFT_Butterfly_Microblaze_microbl...
Compiling module xil_defaultlib.FFT_Butterfly_Microblaze_microbl...
Compiling module xil_defaultlib.FFT_Butterfly_Microblaze_microbl...
Compiling module xil_defaultlib.FFT_Butterfly_Microblaze_microbl...
Compiling module xil_defaultlib.FFT_Butterfly_Microblaze_microbl...
Compiling module xil_defaultlib.FFT_Butterfly_Microblaze_microbl...
Compiling module xil_defaultlib.FFT_Butterfly_Microblaze_microbl...
Compiling module xil_defaultlib.FFT_Butterfly_Microblaze_microbl...
Compiling module xil_defaultlib.FFT_Butterfly_Microblaze_microbl...
Compiling module xil_defaultlib.FFT_Butterfly_Microblaze_microbl...
Compiling module xil_defaultlib.FFT_Butterfly_Microblaze_microbl...
Compiling module xil_defaultlib.FFT_Butterfly_Microblaze_microbl...
Compiling module xil_defaultlib.FFT_Butterfly_Microblaze_microbl...
Compiling module xil_defaultlib.FFT_Butterfly_Microblaze_microbl...
Compiling module xil_defaultlib.FFT_Butterfly_Microblaze_microbl...
Compiling module xil_defaultlib.FFT_Butterfly_Microblaze_microbl...
Compiling module xil_defaultlib.FFT_Butterfly_Microblaze_microbl...
Compiling module xil_defaultlib.FFT_Butterfly_Microblaze_microbl...
Compiling module xil_defaultlib.FFT_Butterfly_Microblaze_microbl...
Compiling module xil_defaultlib.FFT_Butterfly_Microblaze_microbl...
Compiling module xil_defaultlib.FFT_Butterfly_Microblaze_microbl...
Compiling module xil_defaultlib.FFT_Butterfly_Microblaze_microbl...
Compiling module xil_defaultlib.FFT_Butterfly_Microblaze_microbl...
Compiling module xil_defaultlib.FFT_Butterfly_Microblaze_microbl...
Compiling module unisims_ver.RAM32M
Compiling module xil_defaultlib.FFT_Butterfly_Microblaze_microbl...
Compiling module xil_defaultlib.FFT_Butterfly_Microblaze_microbl...
Compiling module xil_defaultlib.FFT_Butterfly_Microblaze_microbl...
Compiling module xil_defaultlib.FFT_Butterfly_Microblaze_microbl...
Compiling module xil_defaultlib.FFT_Butterfly_Microblaze_microbl...
Compiling module xil_defaultlib.FFT_Butterfly_Microblaze_microbl...
Compiling module xil_defaultlib.FFT_Butterfly_Microblaze_microbl...
Compiling module xil_defaultlib.FFT_Butterfly_Microblaze_microbl...
Compiling module xil_defaultlib.FFT_Butterfly_Microblaze_microbl...
Compiling module xil_defaultlib.FFT_Butterfly_Microblaze_microbl...
Compiling module xil_defaultlib.FFT_Butterfly_Microblaze_microbl...
Compiling module xil_defaultlib.FFT_Butterfly_Microblaze_microbl...
Compiling module xil_defaultlib.FFT_Butterfly_Microblaze_microbl...
Compiling module xil_defaultlib.FFT_Butterfly_Microblaze_microbl...
Compiling module xil_defaultlib.FFT_Butterfly_Microblaze_microbl...
Compiling module xil_defaultlib.FFT_Butterfly_Microblaze_microbl...
Compiling module xil_defaultlib.FFT_Butterfly_Microblaze_microbl...
Compiling module xil_defaultlib.FFT_Butterfly_Microblaze_microbl...
Compiling module xil_defaultlib.FFT_Butterfly_Microblaze_microbl...
Compiling module xil_defaultlib.FFT_Butterfly_Microblaze_microbl...
Compiling module unisims_ver.LUT6_2(INIT=64'b0111111110000000...
Compiling module xil_defaultlib.FFT_Butterfly_Microblaze_microbl...
Compiling module xil_defaultlib.FFT_Butterfly_Microblaze_microbl...
Compiling module xil_defaultlib.FFT_Butterfly_Microblaze_microbl...
Compiling module xil_defaultlib.FFT_Butterfly_Microblaze_microbl...
Compiling module xil_defaultlib.FFT_Butterfly_Microblaze_microbl...
Compiling module xil_defaultlib.FFT_Butterfly_Microblaze_microbl...
Compiling module xil_defaultlib.FFT_Butterfly_Microblaze_microbl...
Compiling module xil_defaultlib.FFT_Butterfly_Microblaze_microbl...
Compiling module xil_defaultlib.FFT_Butterfly_Microblaze_microbl...
Compiling module xil_defaultlib.FFT_Butterfly_Microblaze_microbl...
Compiling module unisims_ver.LUT6_2(INIT=64'b1001011010010110...
Compiling module xil_defaultlib.FFT_Butterfly_Microblaze_microbl...
Compiling module xil_defaultlib.FFT_Butterfly_Microblaze_microbl...
Compiling module xil_defaultlib.FFT_Butterfly_Microblaze_microbl...
Compiling module xil_defaultlib.FFT_Butterfly_Microblaze_microbl...
Compiling module xil_defaultlib.FFT_Butterfly_Microblaze_microbl...
Compiling module xil_defaultlib.FFT_Butterfly_Microblaze_microbl...
Compiling module xil_defaultlib.FFT_Butterfly_Microblaze_microbl...
Compiling module xil_defaultlib.FFT_Butterfly_Microblaze_microbl...
Compiling module xil_defaultlib.FFT_Butterfly_Microblaze_microbl...
Compiling module xil_defaultlib.FFT_Butterfly_Microblaze_microbl...
Compiling module xil_defaultlib.FFT_Butterfly_Microblaze_microbl...
Compiling module xil_defaultlib.FFT_Butterfly_Microblaze_microbl...
Compiling module xil_defaultlib.FFT_Butterfly_Microblaze_microbl...
Compiling module xil_defaultlib.FFT_Butterfly_Microblaze_microbl...
Compiling module xil_defaultlib.FFT_Butterfly_Microblaze_microbl...
Compiling module xil_defaultlib.FFT_Butterfly_Microblaze_microbl...
Compiling module xil_defaultlib.FFT_Butterfly_Microblaze_microbl...
Compiling module xil_defaultlib.FFT_Butterfly_Microblaze_microbl...
Compiling module xil_defaultlib.FFT_Butterfly_Microblaze_microbl...
Compiling module xil_defaultlib.FFT_Butterfly_Microblaze_microbl...
Compiling module xil_defaultlib.FFT_Butterfly_Microblaze_microbl...
Compiling module xil_defaultlib.FFT_Butterfly_Microblaze_microbl...
Compiling module xil_defaultlib.FFT_Butterfly_Microblaze_microbl...
Compiling module xil_defaultlib.FFT_Butterfly_Microblaze_microbl...
Compiling module xil_defaultlib.FFT_Butterfly_Microblaze_microbl...
Compiling module xil_defaultlib.FFT_Butterfly_Microblaze_microbl...
Compiling module xil_defaultlib.FFT_Butterfly_Microblaze_microbl...
Compiling module xil_defaultlib.FFT_Butterfly_Microblaze_microbl...
Compiling module xil_defaultlib.FFT_Butterfly_Microblaze_microbl...
Compiling module xil_defaultlib.FFT_Butterfly_Microblaze_microbl...
Compiling module xil_defaultlib.FFT_Butterfly_Microblaze_microbl...
Compiling module xil_defaultlib.FFT_Butterfly_Microblaze_microbl...
Compiling module xil_defaultlib.FFT_Butterfly_Microblaze_microbl...
Compiling module xil_defaultlib.FFT_Butterfly_Microblaze_microbl...
Compiling module xil_defaultlib.FFT_Butterfly_Microblaze_microbl...
Compiling module xil_defaultlib.FFT_Butterfly_Microblaze_microbl...
Compiling module xil_defaultlib.FFT_Butterfly_Microblaze_microbl...
Compiling module xil_defaultlib.FFT_Butterfly_Microblaze_microbl...
Compiling module xil_defaultlib.FFT_Butterfly_Microblaze_microbl...
Compiling module xil_defaultlib.FFT_Butterfly_Microblaze_microbl...
Compiling module xil_defaultlib.FFT_Butterfly_Microblaze_microbl...
Compiling module xil_defaultlib.FFT_Butterfly_Microblaze_microbl...
Compiling module xil_defaultlib.FFT_Butterfly_Microblaze_microbl...
Compiling module xil_defaultlib.FFT_Butterfly_Microblaze_microbl...
Compiling module xil_defaultlib.FFT_Butterfly_Microblaze_microbl...
Compiling module xil_defaultlib.FFT_Butterfly_Microblaze_microbl...
Compiling module xil_defaultlib.FFT_Butterfly_Microblaze_microbl...
Compiling module xil_defaultlib.FFT_Butterfly_Microblaze_microbl...
Compiling module xil_defaultlib.FFT_Butterfly_Microblaze_microbl...
Compiling module xil_defaultlib.FFT_Butterfly_Microblaze_microbl...
Compiling module xil_defaultlib.FFT_Butterfly_Microblaze_microbl...
Compiling module xil_defaultlib.FFT_Butterfly_Microblaze_microbl...
Compiling module xil_defaultlib.FFT_Butterfly_Microblaze_microbl...
Compiling module xil_defaultlib.FFT_Butterfly_Microblaze_microbl...
Compiling module xil_defaultlib.FFT_Butterfly_Microblaze_microbl...
Compiling module xil_defaultlib.FFT_Butterfly_Microblaze_microbl...
Compiling module xil_defaultlib.FFT_Butterfly_Microblaze_microbl...
Compiling module xil_defaultlib.FFT_Butterfly_Microblaze_microbl...
Compiling module xil_defaultlib.FFT_Butterfly_Microblaze_microbl...
Compiling module xil_defaultlib.FFT_Butterfly_Microblaze_microbl...
Compiling module xil_defaultlib.FFT_Butterfly_Microblaze_microbl...
Compiling module xil_defaultlib.FFT_Butterfly_Microblaze_microbl...
Compiling module xil_defaultlib.FFT_Butterfly_Microblaze_microbl...
Compiling module xil_defaultlib.FFT_Butterfly_Microblaze_microbl...
Compiling module xil_defaultlib.FFT_Butterfly_Microblaze_microbl...
Compiling module xil_defaultlib.FFT_Butterfly_Microblaze_microbl...
Compiling module xil_defaultlib.FFT_Butterfly_Microblaze_microbl...
Compiling module xil_defaultlib.FFT_Butterfly_Microblaze_microbl...
Compiling module xil_defaultlib.FFT_Butterfly_Microblaze_microbl...
Compiling module xil_defaultlib.FFT_Butterfly_Microblaze_microbl...
Compiling module xil_defaultlib.FFT_Butterfly_Microblaze_microbl...
Compiling module xil_defaultlib.FFT_Butterfly_Microblaze_microbl...
Compiling module xil_defaultlib.FFT_Butterfly_Microblaze_microbl...
Compiling module xil_defaultlib.FFT_Butterfly_Microblaze_microbl...
Compiling module xil_defaultlib.FFT_Butterfly_Microblaze_microbl...
Compiling module xil_defaultlib.FFT_Butterfly_Microblaze_microbl...
Compiling module xil_defaultlib.FFT_Butterfly_Microblaze_microbl...
Compiling module xil_defaultlib.FFT_Butterfly_Microblaze_microbl...
Compiling module xil_defaultlib.FFT_Butterfly_Microblaze_microbl...
Compiling module xil_defaultlib.FFT_Butterfly_Microblaze_microbl...
Compiling module xil_defaultlib.FFT_Butterfly_Microblaze_microbl...
Compiling module xil_defaultlib.FFT_Butterfly_Microblaze_microbl...
Compiling module xil_defaultlib.FFT_Butterfly_Microblaze_microbl...
Compiling module xil_defaultlib.FFT_Butterfly_Microblaze_microbl...
Compiling module xil_defaultlib.FFT_Butterfly_Microblaze_microbl...
Compiling module xil_defaultlib.FFT_Butterfly_Microblaze_microbl...
Compiling module xil_defaultlib.FFT_Butterfly_Microblaze_microbl...
Compiling module xil_defaultlib.FFT_Butterfly_Microblaze_microbl...
Compiling module xil_defaultlib.FFT_Butterfly_Microblaze_microbl...
Compiling module xil_defaultlib.FFT_Butterfly_Microblaze_microbl...
Compiling module xil_defaultlib.FFT_Butterfly_Microblaze_microbl...
Compiling module xil_defaultlib.FFT_Butterfly_Microblaze_microbl...
Compiling module xil_defaultlib.FFT_Butterfly_Microblaze_microbl...
Compiling module xil_defaultlib.FFT_Butterfly_Microblaze_microbl...
Compiling module xil_defaultlib.FFT_Butterfly_Microblaze_microbl...
Compiling module xil_defaultlib.FFT_Butterfly_Microblaze_microbl...
Compiling module xil_defaultlib.FFT_Butterfly_Microblaze_microbl...
Compiling module xil_defaultlib.FFT_Butterfly_Microblaze_microbl...
Compiling module xil_defaultlib.FFT_Butterfly_Microblaze_microbl...
Compiling module xil_defaultlib.FFT_Butterfly_Microblaze_microbl...
Compiling module xil_defaultlib.FFT_Butterfly_Microblaze_microbl...
Compiling module xil_defaultlib.FFT_Butterfly_Microblaze_microbl...
Compiling module xil_defaultlib.FFT_Butterfly_Microblaze_microbl...
Compiling module xil_defaultlib.FFT_Butterfly_Microblaze_microbl...
Compiling module xil_defaultlib.FFT_Butterfly_Microblaze_microbl...
Compiling module xil_defaultlib.FFT_Butterfly_Microblaze_microbl...
Compiling module xil_defaultlib.FFT_Butterfly_Microblaze_microbl...
Compiling module xil_defaultlib.FFT_Butterfly_Microblaze_microbl...
Compiling module xil_defaultlib.FFT_Butterfly_Microblaze_microbl...
Compiling module xil_defaultlib.FFT_Butterfly_Microblaze_microbl...
Compiling module xil_defaultlib.FFT_Butterfly_Microblaze_microbl...
Compiling module xil_defaultlib.FFT_Butterfly_Microblaze_microbl...
Compiling module xil_defaultlib.FFT_Butterfly_Microblaze_microbl...
Compiling module xil_defaultlib.FFT_Butterfly_Microblaze_microbl...
Compiling module xil_defaultlib.FFT_Butterfly_Microblaze_microbl...
Compiling module xil_defaultlib.FFT_Butterfly_Microblaze_microbl...
Compiling module xil_defaultlib.FFT_Butterfly_Microblaze_microbl...
Compiling module xil_defaultlib.FFT_Butterfly_Microblaze_microbl...
Compiling module xil_defaultlib.FFT_Butterfly_Microblaze_microbl...
Compiling module xil_defaultlib.FFT_Butterfly_Microblaze_microbl...
Compiling module xil_defaultlib.FFT_Butterfly_Microblaze_microbl...
Compiling module xil_defaultlib.FFT_Butterfly_Microblaze_microbl...
Compiling module xil_defaultlib.FFT_Butterfly_Microblaze_microbl...
Compiling module xil_defaultlib.FFT_Butterfly_Microblaze_microbl...
Compiling module xil_defaultlib.FFT_Butterfly_Microblaze_microbl...
Compiling module xil_defaultlib.FFT_Butterfly_Microblaze_microbl...
Compiling module xil_defaultlib.FFT_Butterfly_Microblaze_microbl...
Compiling module xil_defaultlib.FFT_Butterfly_Microblaze_microbl...
Compiling module xil_defaultlib.FFT_Butterfly_Microblaze_microbl...
Compiling module xil_defaultlib.FFT_Butterfly_Microblaze_microbl...
Compiling module xil_defaultlib.FFT_Butterfly_Microblaze_microbl...
Compiling module xil_defaultlib.FFT_Butterfly_Microblaze_microbl...
Compiling module xil_defaultlib.FFT_Butterfly_Microblaze_microbl...
Compiling module xil_defaultlib.FFT_Butterfly_Microblaze_microbl...
Compiling module xil_defaultlib.FFT_Butterfly_Microblaze_microbl...
Compiling module xil_defaultlib.FFT_Butterfly_Microblaze_microbl...
Compiling module xil_defaultlib.FFT_Butterfly_Microblaze_microbl...
Compiling module xil_defaultlib.FFT_Butterfly_Microblaze_microbl...
Compiling module xil_defaultlib.FFT_Butterfly_Microblaze_microbl...
Compiling module xil_defaultlib.FFT_Butterfly_Microblaze_microbl...
Compiling module xil_defaultlib.FFT_Butterfly_Microblaze_microbl...
Compiling module xil_defaultlib.FFT_Butterfly_Microblaze_microbl...
Compiling module xil_defaultlib.FFT_Butterfly_Microblaze_microbl...
Compiling module xil_defaultlib.FFT_Butterfly_Microblaze_microbl...
Compiling module xil_defaultlib.FFT_Butterfly_Microblaze_microbl...
Compiling module xil_defaultlib.FFT_Butterfly_Microblaze_microbl...
Compiling module xil_defaultlib.FFT_Butterfly_Microblaze_microbl...
Compiling module xil_defaultlib.FFT_Butterfly_Microblaze_microbl...
Compiling module xil_defaultlib.FFT_Butterfly_Microblaze_microbl...
Compiling module xil_defaultlib.FFT_Butterfly_Microblaze_microbl...
Compiling module xil_defaultlib.FFT_Butterfly_Microblaze_microbl...
Compiling module xil_defaultlib.FFT_Butterfly_Microblaze_microbl...
Compiling module xil_defaultlib.FFT_Butterfly_Microblaze_microbl...
Compiling module xil_defaultlib.FFT_Butterfly_Microblaze_microbl...
Compiling module xil_defaultlib.FFT_Butterfly_Microblaze_microbl...
Compiling module xil_defaultlib.FFT_Butterfly_Microblaze_microbl...
Compiling module xil_defaultlib.FFT_Butterfly_Microblaze_microbl...
Compiling module xil_defaultlib.FFT_Butterfly_Microblaze_microbl...
Compiling module xil_defaultlib.FFT_Butterfly_Microblaze_microbl...
Compiling module xil_defaultlib.FFT_Butterfly_Microblaze_microbl...
Compiling module xil_defaultlib.FFT_Butterfly_Microblaze_microbl...
Compiling module xil_defaultlib.FFT_Butterfly_Microblaze_microbl...
Compiling module xil_defaultlib.FFT_Butterfly_Microblaze_microbl...
Compiling module xil_defaultlib.FFT_Butterfly_Microblaze_microbl...
Compiling module xil_defaultlib.FFT_Butterfly_Microblaze_microbl...
Compiling module xil_defaultlib.FFT_Butterfly_Microblaze_microbl...
Compiling module xil_defaultlib.FFT_Butterfly_Microblaze_microbl...
Compiling module xil_defaultlib.FFT_Butterfly_Microblaze_microbl...
Compiling module xil_defaultlib.FFT_Butterfly_Microblaze_microbl...
Compiling module xil_defaultlib.FFT_Butterfly_Microblaze_microbl...
Compiling module xil_defaultlib.FFT_Butterfly_Microblaze_microbl...
Compiling module xil_defaultlib.FFT_Butterfly_Microblaze_microbl...
Compiling module xil_defaultlib.FFT_Butterfly_Microblaze_microbl...
Compiling module xil_defaultlib.FFT_Butterfly_Microblaze_microbl...
Compiling module xil_defaultlib.FFT_Butterfly_Microblaze_microbl...
Compiling module xil_defaultlib.FFT_Butterfly_Microblaze_microbl...
Compiling module xil_defaultlib.FFT_Butterfly_Microblaze_microbl...
Compiling module xil_defaultlib.FFT_Butterfly_Microblaze_microbl...
Compiling module xil_defaultlib.FFT_Butterfly_Microblaze_microbl...
Compiling module xil_defaultlib.FFT_Butterfly_Microblaze_microbl...
Compiling module xil_defaultlib.FFT_Butterfly_Microblaze_microbl...
Compiling module xil_defaultlib.FFT_Butterfly_Microblaze_microbl...
Compiling module xil_defaultlib.FFT_Butterfly_Microblaze_microbl...
Compiling module xil_defaultlib.FFT_Butterfly_Microblaze_microbl...
Compiling module xil_defaultlib.FFT_Butterfly_Microblaze_microbl...
Compiling module xil_defaultlib.FFT_Butterfly_Microblaze_microbl...
Compiling module xil_defaultlib.FFT_Butterfly_Microblaze_microbl...
Compiling module xil_defaultlib.FFT_Butterfly_Microblaze_microbl...
Compiling module xil_defaultlib.FFT_Butterfly_Microblaze_microbl...
Compiling module xil_defaultlib.FFT_Butterfly_Microblaze_microbl...
Compiling module xil_defaultlib.FFT_Butterfly_Microblaze_microbl...
Compiling module xil_defaultlib.FFT_Butterfly_Microblaze_microbl...
Compiling module xil_defaultlib.FFT_Butterfly_Microblaze_microbl...
Compiling module xil_defaultlib.FFT_Butterfly_Microblaze_microbl...
Compiling module xil_defaultlib.FFT_Butterfly_Microblaze_microbl...
Compiling module xil_defaultlib.FFT_Butterfly_Microblaze_microbl...
Compiling module xil_defaultlib.FFT_Butterfly_Microblaze_microbl...
Compiling module xil_defaultlib.FFT_Butterfly_Microblaze_microbl...
Compiling module xil_defaultlib.FFT_Butterfly_Microblaze_microbl...
Compiling module xil_defaultlib.FFT_Butterfly_Microblaze_microbl...
Compiling module xil_defaultlib.FFT_Butterfly_Microblaze_microbl...
Compiling module xil_defaultlib.FFT_Butterfly_Microblaze_microbl...
Compiling module xil_defaultlib.FFT_Butterfly_Microblaze_microbl...
Compiling module xil_defaultlib.FFT_Butterfly_Microblaze_microbl...
Compiling module xil_defaultlib.FFT_Butterfly_Microblaze_microbl...
Compiling module xil_defaultlib.FFT_Butterfly_Microblaze_microbl...
Compiling module xil_defaultlib.FFT_Butterfly_Microblaze_microbl...
Compiling module xil_defaultlib.FFT_Butterfly_Microblaze_microbl...
Compiling module xil_defaultlib.FFT_Butterfly_Microblaze_microbl...
Compiling module xil_defaultlib.FFT_Butterfly_Microblaze_microbl...
Compiling module xil_defaultlib.FFT_Butterfly_Microblaze_microbl...
Compiling module xil_defaultlib.FFT_Butterfly_Microblaze_microbl...
Compiling module xil_defaultlib.FFT_Butterfly_Microblaze_microbl...
Compiling module xil_defaultlib.FFT_Butterfly_Microblaze_microbl...
Compiling module xil_defaultlib.FFT_Butterfly_Microblaze_microbl...
Compiling module xil_defaultlib.FFT_Butterfly_Microblaze_microbl...
Compiling module xil_defaultlib.FFT_Butterfly_Microblaze_microbl...
Compiling module xil_defaultlib.FFT_Butterfly_Microblaze_microbl...
Compiling module xil_defaultlib.FFT_Butterfly_Microblaze_microbl...
Compiling module xil_defaultlib.FFT_Butterfly_Microblaze_microbl...
Compiling module xil_defaultlib.FFT_Butterfly_Microblaze_microbl...
Compiling module xil_defaultlib.FFT_Butterfly_Microblaze_microbl...
Compiling module xil_defaultlib.FFT_Butterfly_Microblaze_microbl...
Compiling module xil_defaultlib.FFT_Butterfly_Microblaze_microbl...
Compiling module xil_defaultlib.FFT_Butterfly_Microblaze_microbl...
Compiling module xil_defaultlib.FFT_Butterfly_Microblaze_microbl...
Compiling module xil_defaultlib.FFT_Butterfly_Microblaze_microbl...
Compiling module xil_defaultlib.FFT_Butterfly_Microblaze_microbl...
Compiling module xil_defaultlib.FFT_Butterfly_Microblaze_microbl...
Compiling module xil_defaultlib.FFT_Butterfly_Microblaze_microbl...
Compiling module xil_defaultlib.FFT_Butterfly_Microblaze_microbl...
Compiling module xil_defaultlib.FFT_Butterfly_Microblaze_microbl...
Compiling module xil_defaultlib.FFT_Butterfly_Microblaze_microbl...
Compiling module xil_defaultlib.FFT_Butterfly_Microblaze_microbl...
Compiling module xil_defaultlib.FFT_Butterfly_Microblaze_microbl...
Compiling module xil_defaultlib.FFT_Butterfly_Microblaze_microbl...
Compiling module xil_defaultlib.FFT_Butterfly_Microblaze_microbl...
Compiling module xil_defaultlib.FFT_Butterfly_Microblaze_microbl...
Compiling module xil_defaultlib.FFT_Butterfly_Microblaze_microbl...
Compiling module xil_defaultlib.FFT_Butterfly_Microblaze_microbl...
Compiling module xil_defaultlib.FFT_Butterfly_Microblaze_microbl...
Compiling module xil_defaultlib.FFT_Butterfly_Microblaze_microbl...
Compiling module xil_defaultlib.FFT_Butterfly_Microblaze_microbl...
Compiling module xil_defaultlib.FFT_Butterfly_Microblaze_microbl...
Compiling module xil_defaultlib.FFT_Butterfly_Microblaze_microbl...
Compiling module xil_defaultlib.FFT_Butterfly_Microblaze_microbl...
Compiling module xil_defaultlib.FFT_Butterfly_Microblaze_microbl...
Compiling module xil_defaultlib.FFT_Butterfly_Microblaze_microbl...
Compiling module xil_defaultlib.FFT_Butterfly_Microblaze_microbl...
Compiling module xil_defaultlib.FFT_Butterfly_Microblaze_microbl...
Compiling module xil_defaultlib.FFT_Butterfly_Microblaze_microbl...
Compiling module xil_defaultlib.FFT_Butterfly_Microblaze_microbl...
Compiling module xil_defaultlib.FFT_Butterfly_Microblaze_microbl...
Compiling module xil_defaultlib.FFT_Butterfly_Microblaze_microbl...
Compiling module xil_defaultlib.FFT_Butterfly_Microblaze_microbl...
Compiling module xil_defaultlib.FFT_Butterfly_Microblaze_microbl...
Compiling module xil_defaultlib.FFT_Butterfly_Microblaze_microbl...
Compiling module xil_defaultlib.FFT_Butterfly_Microblaze_microbl...
Compiling module xil_defaultlib.FFT_Butterfly_Microblaze_microbl...
Compiling module xil_defaultlib.FFT_Butterfly_Microblaze_microbl...
Compiling module xil_defaultlib.FFT_Butterfly_Microblaze_microbl...
Compiling module xil_defaultlib.FFT_Butterfly_Microblaze_microbl...
Compiling module xil_defaultlib.FFT_Butterfly_Microblaze_microbl...
Compiling module xil_defaultlib.FFT_Butterfly_Microblaze_microbl...
Compiling module xil_defaultlib.FFT_Butterfly_Microblaze_microbl...
Compiling module xil_defaultlib.FFT_Butterfly_Microblaze_microbl...
Compiling module xil_defaultlib.FFT_Butterfly_Microblaze_microbl...
Compiling module xil_defaultlib.FFT_Butterfly_Microblaze_microbl...
Compiling module xil_defaultlib.FFT_Butterfly_Microblaze_microbl...
Compiling module xil_defaultlib.FFT_Butterfly_Microblaze_microbl...
Compiling module xil_defaultlib.FFT_Butterfly_Microblaze_microbl...
Compiling module xil_defaultlib.FFT_Butterfly_Microblaze_microbl...
Compiling module xil_defaultlib.FFT_Butterfly_Microblaze_microbl...
Compiling module xil_defaultlib.FFT_Butterfly_Microblaze_microbl...
Compiling module xil_defaultlib.FFT_Butterfly_Microblaze_microbl...
Compiling module xil_defaultlib.FFT_Butterfly_Microblaze_microbl...
Compiling module xil_defaultlib.FFT_Butterfly_Microblaze_microbl...
Compiling module xil_defaultlib.FFT_Butterfly_Microblaze_microbl...
Compiling module xil_defaultlib.FFT_Butterfly_Microblaze_microbl...
Compiling module xil_defaultlib.FFT_Butterfly_Microblaze_microbl...
Compiling module xil_defaultlib.FFT_Butterfly_Microblaze_microbl...
Compiling module xil_defaultlib.FFT_Butterfly_Microblaze_microbl...
Compiling module xil_defaultlib.FFT_Butterfly_Microblaze_microbl...
Compiling module xil_defaultlib.FFT_Butterfly_Microblaze_microbl...
Compiling module xil_defaultlib.FFT_Butterfly_Microblaze_microbl...
Compiling module xil_defaultlib.FFT_Butterfly_Microblaze_microbl...
Compiling module xil_defaultlib.FFT_Butterfly_Microblaze_microbl...
Compiling module xil_defaultlib.FFT_Butterfly_Microblaze_microbl...
Compiling module xil_defaultlib.FFT_Butterfly_Microblaze_microbl...
Compiling module xil_defaultlib.FFT_Butterfly_Microblaze_microbl...
Compiling module xil_defaultlib.FFT_Butterfly_Microblaze_microbl...
Compiling module xil_defaultlib.FFT_Butterfly_Microblaze_microbl...
Compiling module xil_defaultlib.FFT_Butterfly_Microblaze_microbl...
Compiling module xil_defaultlib.FFT_Butterfly_Microblaze_microbl...
Compiling module xil_defaultlib.FFT_Butterfly_Microblaze_microbl...
Compiling module xil_defaultlib.FFT_Butterfly_Microblaze_microbl...
Compiling module xil_defaultlib.FFT_Butterfly_Microblaze_microbl...
Compiling module xil_defaultlib.FFT_Butterfly_Microblaze_microbl...
Compiling module xil_defaultlib.FFT_Butterfly_Microblaze_microbl...
Compiling module xil_defaultlib.FFT_Butterfly_Microblaze_microbl...
Compiling module xil_defaultlib.FFT_Butterfly_Microblaze_microbl...
Compiling module xil_defaultlib.FFT_Butterfly_Microblaze_microbl...
Compiling module xil_defaultlib.FFT_Butterfly_Microblaze_microbl...
Compiling module xil_defaultlib.FFT_Butterfly_Microblaze_microbl...
Compiling module xil_defaultlib.FFT_Butterfly_Microblaze_microbl...
Compiling module xil_defaultlib.FFT_Butterfly_Microblaze_microbl...
Compiling module xil_defaultlib.FFT_Butterfly_Microblaze_microbl...
Compiling module xil_defaultlib.FFT_Butterfly_Microblaze_microbl...
Compiling module xil_defaultlib.FFT_Butterfly_Microblaze_microbl...
Compiling module xil_defaultlib.FFT_Butterfly_Microblaze_microbl...
Compiling module xil_defaultlib.FFT_Butterfly_Microblaze_microbl...
Compiling module xil_defaultlib.FFT_Butterfly_Microblaze_microbl...
Compiling module xil_defaultlib.FFT_Butterfly_Microblaze_microbl...
Compiling module xil_defaultlib.FFT_Butterfly_Microblaze_microbl...
Compiling module xil_defaultlib.FFT_Butterfly_Microblaze_microbl...
Compiling module xil_defaultlib.FFT_Butterfly_Microblaze_microbl...
Compiling module xil_defaultlib.FFT_Butterfly_Microblaze_microbl...
Compiling module xil_defaultlib.FFT_Butterfly_Microblaze_microbl...
Compiling module xil_defaultlib.FFT_Butterfly_Microblaze_microbl...
Compiling module xil_defaultlib.FFT_Butterfly_Microblaze_microbl...
Compiling module xil_defaultlib.FFT_Butterfly_Microblaze_microbl...
Compiling module xil_defaultlib.FFT_Butterfly_Microblaze_microbl...
Compiling module xil_defaultlib.FFT_Butterfly_Microblaze_microbl...
Compiling module xil_defaultlib.FFT_Butterfly_Microblaze_microbl...
Compiling module xil_defaultlib.FFT_Butterfly_Microblaze_microbl...
Compiling module xil_defaultlib.FFT_Butterfly_Microblaze_microbl...
Compiling module xil_defaultlib.FFT_Butterfly_Microblaze_microbl...
Compiling module xil_defaultlib.FFT_Butterfly_Microblaze_microbl...
Compiling module xil_defaultlib.FFT_Butterfly_Microblaze_microbl...
Compiling module xil_defaultlib.FFT_Butterfly_Microblaze_microbl...
Compiling module xil_defaultlib.FFT_Butterfly_Microblaze_microbl...
Compiling module xil_defaultlib.FFT_Butterfly_Microblaze_microbl...
Compiling module xil_defaultlib.FFT_Butterfly_Microblaze_microbl...
Compiling module xil_defaultlib.FFT_Butterfly_Microblaze_microbl...
Compiling module xil_defaultlib.FFT_Butterfly_Microblaze_microbl...
Compiling module xil_defaultlib.FFT_Butterfly_Microblaze_microbl...
Compiling module xil_defaultlib.FFT_Butterfly_Microblaze_microbl...
Compiling module xil_defaultlib.FFT_Butterfly_Microblaze_microbl...
Compiling module xil_defaultlib.FFT_Butterfly_Microblaze_microbl...
Compiling module xil_defaultlib.FFT_Butterfly_Microblaze_microbl...
Compiling module xil_defaultlib.FFT_Butterfly_Microblaze_microbl...
Compiling module xil_defaultlib.FFT_Butterfly_Microblaze_microbl...
Compiling module xil_defaultlib.FFT_Butterfly_Microblaze_microbl...
Compiling module xil_defaultlib.FFT_Butterfly_Microblaze_microbl...
Compiling module xil_defaultlib.FFT_Butterfly_Microblaze_microbl...
Compiling module xil_defaultlib.FFT_Butterfly_Microblaze_microbl...
Compiling module xil_defaultlib.FFT_Butterfly_Microblaze_microbl...
Compiling module xil_defaultlib.FFT_Butterfly_Microblaze_microbl...
Compiling module xil_defaultlib.FFT_Butterfly_Microblaze_microbl...
Compiling module xil_defaultlib.FFT_Butterfly_Microblaze_microbl...
Compiling module xil_defaultlib.FFT_Butterfly_Microblaze_microbl...
Compiling module xil_defaultlib.FFT_Butterfly_Microblaze_microbl...
Compiling module xil_defaultlib.FFT_Butterfly_Microblaze_microbl...
Compiling module xil_defaultlib.FFT_Butterfly_Microblaze_microbl...
Compiling module xil_defaultlib.FFT_Butterfly_Microblaze_microbl...
Compiling module xil_defaultlib.FFT_Butterfly_Microblaze_microbl...
Compiling module xil_defaultlib.FFT_Butterfly_Microblaze_microbl...
Compiling module xil_defaultlib.FFT_Butterfly_Microblaze_microbl...
Compiling module xil_defaultlib.FFT_Butterfly_Microblaze_microbl...
Compiling module xil_defaultlib.FFT_Butterfly_Microblaze_microbl...
Compiling module xil_defaultlib.FFT_Butterfly_Microblaze_microbl...
Compiling module xil_defaultlib.FFT_Butterfly_Microblaze_microbl...
Compiling module xil_defaultlib.FFT_Butterfly_Microblaze_microbl...
Compiling module xil_defaultlib.FFT_Butterfly_Microblaze_microbl...
Compiling module xil_defaultlib.FFT_Butterfly_Microblaze_microbl...
Compiling module unisims_ver.AND2B1L
Compiling module xil_defaultlib.FFT_Butterfly_Microblaze_microbl...
Compiling module xil_defaultlib.FFT_Butterfly_Microblaze_microbl...
Compiling module xil_defaultlib.FFT_Butterfly_Microblaze_microbl...
Compiling module xil_defaultlib.FFT_Butterfly_Microblaze_microbl...
Compiling module xil_defaultlib.FFT_Butterfly_Microblaze_microbl...
Compiling module xil_defaultlib.FFT_Butterfly_Microblaze_microbl...
Compiling module xil_defaultlib.FFT_Butterfly_Microblaze_microbl...
Compiling module xil_defaultlib.FFT_Butterfly_Microblaze_microbl...
Compiling module xil_defaultlib.FFT_Butterfly_Microblaze_microbl...
Compiling module xil_defaultlib.FFT_Butterfly_Microblaze_microbl...
Compiling module xil_defaultlib.FFT_Butterfly_Microblaze_microbl...
Compiling module xil_defaultlib.FFT_Butterfly_Microblaze_microbl...
Compiling module xil_defaultlib.FFT_Butterfly_Microblaze_microbl...
Compiling module xil_defaultlib.FFT_Butterfly_Microblaze_microbl...
Compiling module xil_defaultlib.FFT_Butterfly_Microblaze_microbl...
Compiling module xil_defaultlib.FFT_Butterfly_Microblaze_microbl...
Compiling module xil_defaultlib.FFT_Butterfly_Microblaze_microbl...
Compiling module xil_defaultlib.FFT_Butterfly_Microblaze_microbl...
Compiling module xil_defaultlib.FFT_Butterfly_Microblaze_microbl...
Compiling module xil_defaultlib.FFT_Butterfly_Microblaze_microbl...
Compiling module xil_defaultlib.FFT_Butterfly_Microblaze_microbl...
Compiling module xil_defaultlib.FFT_Butterfly_Microblaze_microbl...
Compiling module xil_defaultlib.FFT_Butterfly_Microblaze_microbl...
Compiling module xil_defaultlib.FFT_Butterfly_Microblaze_microbl...
Compiling module xil_defaultlib.FFT_Butterfly_Microblaze_microbl...
Compiling module xil_defaultlib.FFT_Butterfly_Microblaze_microbl...
Compiling module xil_defaultlib.FFT_Butterfly_Microblaze_microbl...
Compiling module xil_defaultlib.FFT_Butterfly_Microblaze_microbl...
Compiling module xil_defaultlib.FFT_Butterfly_Microblaze_microbl...
Compiling module xil_defaultlib.FFT_Butterfly_Microblaze_microbl...
Compiling module xil_defaultlib.FFT_Butterfly_Microblaze_microbl...
Compiling module xil_defaultlib.FFT_Butterfly_Microblaze_microbl...
Compiling module xil_defaultlib.FFT_Butterfly_Microblaze_microbl...
Compiling module xil_defaultlib.FFT_Butterfly_Microblaze_microbl...
Compiling module xil_defaultlib.FFT_Butterfly_Microblaze_microbl...
Compiling module unisims_ver.SRLC16E_default
Compiling module xil_defaultlib.FFT_Butterfly_Microblaze_microbl...
Compiling module xil_defaultlib.FFT_Butterfly_Microblaze_microbl...
Compiling module xil_defaultlib.FFT_Butterfly_Microblaze_microbl...
Compiling module xil_defaultlib.FFT_Butterfly_Microblaze_microbl...
Compiling module xil_defaultlib.FFT_Butterfly_Microblaze_microbl...
Compiling module xil_defaultlib.FFT_Butterfly_Microblaze_microbl...
Compiling module xil_defaultlib.FFT_Butterfly_Microblaze_microbl...
Compiling module xil_defaultlib.FFT_Butterfly_Microblaze_microbl...
Compiling module xil_defaultlib.FFT_Butterfly_Microblaze_microbl...
Compiling module xil_defaultlib.FFT_Butterfly_Microblaze_microbl...
Compiling module xil_defaultlib.FFT_Butterfly_Microblaze_microbl...
Compiling module xil_defaultlib.FFT_Butterfly_Microblaze_microbl...
Compiling module xil_defaultlib.FFT_Butterfly_Microblaze_microbl...
Compiling module xil_defaultlib.FFT_Butterfly_Microblaze_microbl...
Compiling module xil_defaultlib.FFT_Butterfly_Microblaze_microbl...
Compiling module xil_defaultlib.FFT_Butterfly_Microblaze_microbl...
Compiling module xil_defaultlib.FFT_Butterfly_Microblaze_microbl...
Compiling module xil_defaultlib.FFT_Butterfly_Microblaze_microbl...
Compiling module xil_defaultlib.FFT_Butterfly_Microblaze_microbl...
Compiling module xil_defaultlib.FFT_Butterfly_Microblaze_microbl...
Compiling module unisims_ver.LUT6_2(INIT=64'b1111111100000000...
Compiling module xil_defaultlib.FFT_Butterfly_Microblaze_microbl...
Compiling module xil_defaultlib.FFT_Butterfly_Microblaze_microbl...
Compiling module xil_defaultlib.FFT_Butterfly_Microblaze_microbl...
Compiling module xil_defaultlib.FFT_Butterfly_Microblaze_microbl...
Compiling module xil_defaultlib.FFT_Butterfly_Microblaze_microbl...
Compiling module xil_defaultlib.FFT_Butterfly_Microblaze_microbl...
Compiling module xil_defaultlib.FFT_Butterfly_Microblaze_microbl...
Compiling module xil_defaultlib.FFT_Butterfly_Microblaze_microbl...
Compiling module xil_defaultlib.FFT_Butterfly_Microblaze_microbl...
Compiling module xil_defaultlib.FFT_Butterfly_Microblaze_microbl...
Compiling module xil_defaultlib.FFT_Butterfly_Microblaze_microbl...
Compiling module xil_defaultlib.FFT_Butterfly_Microblaze_microbl...
Compiling module xil_defaultlib.FFT_Butterfly_Microblaze_microbl...
Compiling module xil_defaultlib.FFT_Butterfly_Microblaze_microbl...
Compiling module xil_defaultlib.FFT_Butterfly_Microblaze_microbl...
Compiling module xil_defaultlib.FFT_Butterfly_Microblaze_microbl...
Compiling module xil_defaultlib.FFT_Butterfly_Microblaze_microbl...
Compiling module xil_defaultlib.FFT_Butterfly_Microblaze_microbl...
Compiling module xil_defaultlib.FFT_Butterfly_Microblaze_microbl...
Compiling module xil_defaultlib.FFT_Butterfly_Microblaze_microbl...
Compiling module unisims_ver.FDRE(INIT=1'b1)
Compiling module xil_defaultlib.FFT_Butterfly_Microblaze_microbl...
Compiling module xil_defaultlib.FFT_Butterfly_Microblaze_microbl...
Compiling module xil_defaultlib.FFT_Butterfly_Microblaze_microbl...
Compiling module xil_defaultlib.FFT_Butterfly_Microblaze_microbl...
Compiling module xil_defaultlib.FFT_Butterfly_Microblaze_microbl...
Compiling module xil_defaultlib.FFT_Butterfly_Microblaze_microbl...
Compiling module xil_defaultlib.FFT_Butterfly_Microblaze_dlmb_br...
Compiling module xil_defaultlib.FFT_Butterfly_Microblaze_dlmb_br...
Compiling module xil_defaultlib.FFT_Butterfly_Microblaze_dlmb_v1...
Compiling module xil_defaultlib.FFT_Butterfly_Microblaze_dlmb_v1...
Compiling module xil_defaultlib.FFT_Butterfly_Microblaze_ilmb_br...
Compiling module xil_defaultlib.FFT_Butterfly_Microblaze_ilmb_br...
Compiling module xil_defaultlib.FFT_Butterfly_Microblaze_ilmb_v1...
Compiling module xil_defaultlib.FFT_Butterfly_Microblaze_ilmb_v1...
Compiling module unisims_ver.RB36_INTERNAL_VLOG(READ_WIDTH_A=...
Compiling module unisims_ver.RAMB36E1(INIT_00=256'b0110111110...
Compiling module xil_defaultlib.FFT_Butterfly_Microblaze_lmb_bra...
Compiling module xil_defaultlib.FFT_Butterfly_Microblaze_lmb_bra...
Compiling module unisims_ver.RB36_INTERNAL_VLOG(READ_WIDTH_A=...
Compiling module unisims_ver.RAMB36E1(INIT_00=256'b0101110000...
Compiling module xil_defaultlib.FFT_Butterfly_Microblaze_lmb_bra...
Compiling module xil_defaultlib.FFT_Butterfly_Microblaze_lmb_bra...
Compiling module xil_defaultlib.FFT_Butterfly_Microblaze_lmb_bra...
Compiling module xil_defaultlib.FFT_Butterfly_Microblaze_lmb_bra...
Compiling module xil_defaultlib.FFT_Butterfly_Microblaze_lmb_bra...
Compiling module xil_defaultlib.FFT_Butterfly_Microblaze_lmb_bra...
Compiling module xil_defaultlib.FFT_Butterfly_Microblaze_lmb_bra...
Compiling module xil_defaultlib.microblaze_0_local_memory_imp_R3...
Compiling module xil_defaultlib.FFT_Butterfly_Microblaze_rst_clk...
Compiling module xil_defaultlib.FFT_Butterfly_Microblaze_rst_clk...
Compiling module xil_defaultlib.FFT_Butterfly_Microblaze_rst_clk...
Compiling module xil_defaultlib.FFT_Butterfly_Microblaze_rst_clk...
Compiling module xil_defaultlib.FFT_Butterfly_Microblaze_rst_clk...
Compiling module xil_defaultlib.FFT_Butterfly_Microblaze_rst_clk...
Compiling module xil_defaultlib.FFT_Butterfly_Microblaze_rst_clk...
Compiling module xil_defaultlib.FFT_Butterfly_Microblaze
Compiling module unisims_ver.IBUF
Compiling module xil_defaultlib.FFT_Butterfly_Microblaze_wrapper
Compiling module xil_defaultlib.FFT_Microblaze_Tb
Compiling module xil_defaultlib.glbl
Built simulation snapshot FFT_Microblaze_Tb_func_synth
