Vivado Simulator 2018.3
Time resolution is 1 ps
 Block Memory Generator module loading initial data...
 Block Memory Generator data initialization complete.
Block Memory Generator module FFT_Microblaze_Tb.FFT_Microblaze.FFT_Microblaze_i.FFT_Butterfly_Axi_Li_0.inst.FFT_Butterfly_Axi_Lite_v1_0_S00_AXI_inst.Main.genblk1[1].FFT_INSTANCE.Im_Memory.inst.native_mem_module.blk_mem_gen_v8_4_2_inst is using a behavioral model for simulation which will not precisely model memory collision behavior.
 Block Memory Generator module loading initial data...
 Block Memory Generator data initialization complete.
Block Memory Generator module FFT_Microblaze_Tb.FFT_Microblaze.FFT_Microblaze_i.FFT_Butterfly_Axi_Li_0.inst.FFT_Butterfly_Axi_Lite_v1_0_S00_AXI_inst.Main.genblk1[1].FFT_INSTANCE.Re_Memory.inst.native_mem_module.blk_mem_gen_v8_4_2_inst is using a behavioral model for simulation which will not precisely model memory collision behavior.
 Block Memory Generator module loading initial data...
 Block Memory Generator data initialization complete.
Block Memory Generator module FFT_Microblaze_Tb.FFT_Microblaze.FFT_Microblaze_i.FFT_Butterfly_Axi_Li_0.inst.FFT_Butterfly_Axi_Lite_v1_0_S00_AXI_inst.Main.genblk1[2].FFT_INSTANCE.Im_Memory.inst.native_mem_module.blk_mem_gen_v8_4_2_inst is using a behavioral model for simulation which will not precisely model memory collision behavior.
 Block Memory Generator module loading initial data...
 Block Memory Generator data initialization complete.
Block Memory Generator module FFT_Microblaze_Tb.FFT_Microblaze.FFT_Microblaze_i.FFT_Butterfly_Axi_Li_0.inst.FFT_Butterfly_Axi_Lite_v1_0_S00_AXI_inst.Main.genblk1[2].FFT_INSTANCE.Re_Memory.inst.native_mem_module.blk_mem_gen_v8_4_2_inst is using a behavioral model for simulation which will not precisely model memory collision behavior.
 Block Memory Generator module loading initial data...
 Block Memory Generator data initialization complete.
Block Memory Generator module FFT_Microblaze_Tb.FFT_Microblaze.FFT_Microblaze_i.FFT_Butterfly_Axi_Li_0.inst.FFT_Butterfly_Axi_Lite_v1_0_S00_AXI_inst.Main.genblk1[3].FFT_INSTANCE.Im_Memory.inst.native_mem_module.blk_mem_gen_v8_4_2_inst is using a behavioral model for simulation which will not precisely model memory collision behavior.
 Block Memory Generator module loading initial data...
 Block Memory Generator data initialization complete.
Block Memory Generator module FFT_Microblaze_Tb.FFT_Microblaze.FFT_Microblaze_i.FFT_Butterfly_Axi_Li_0.inst.FFT_Butterfly_Axi_Lite_v1_0_S00_AXI_inst.Main.genblk1[3].FFT_INSTANCE.Re_Memory.inst.native_mem_module.blk_mem_gen_v8_4_2_inst is using a behavioral model for simulation which will not precisely model memory collision behavior.
Block Memory Generator module FFT_Microblaze_Tb.FFT_Microblaze.FFT_Microblaze_i.microblaze_0_local_memory.lmb_bram.inst.native_mem_mapped_module.blk_mem_gen_v8_4_2_inst is using a behavioral model for simulation which will not precisely model memory collision behavior.
