#-----------------------------------------------------------
# Vivado v2018.3 (64-bit)
# SW Build 2405991 on Thu Dec  6 23:38:27 MST 2018
# IP Build 2404404 on Fri Dec  7 01:43:56 MST 2018
# Start of session at: Wed Jun  9 12:26:14 2021
# Process ID: 4156
# Current directory: C:/Users/Vrael/Desktop/FFT_Project/module_sim/fft_module/fft_module.tmp/fft_butterfly_axi_lite_v1_0_project
# Command line: vivado.exe -gui_launcher_event rodinguilauncherevent10580 C:\Users\Vrael\Desktop\FFT_Project\module_sim\fft_module\fft_module.tmp\fft_butterfly_axi_lite_v1_0_project\FFT_Butterfly_Axi_Lite_v1_0_project.xpr
# Log file: C:/Users/Vrael/Desktop/FFT_Project/module_sim/fft_module/fft_module.tmp/fft_butterfly_axi_lite_v1_0_project/vivado.log
# Journal file: C:/Users/Vrael/Desktop/FFT_Project/module_sim/fft_module/fft_module.tmp/fft_butterfly_axi_lite_v1_0_project\vivado.jou
#-----------------------------------------------------------
start_gui
open_project C:/Users/Vrael/Desktop/FFT_Project/module_sim/fft_module/fft_module.tmp/fft_butterfly_axi_lite_v1_0_project/FFT_Butterfly_Axi_Lite_v1_0_project.xpr
INFO: [ProjectBase 1-489] The host OS only allows 260 characters in a normal path. The project is stored in a path with more than 80 characters. If you experience issues with IP, Block Designs, or files not being found, please consider moving the project to a location with a shorter path. Alternately consider using the OS subst command to map part of the path to a drive letter.
Current project path is 'C:/Users/Vrael/Desktop/FFT_Project/module_sim/fft_module/fft_module.tmp/fft_butterfly_axi_lite_v1_0_project'
WARNING: [filemgmt 56-99] Vivado Synthesis ignores library specification for Verilog or SystemVerilog files. [C:/Users/Vrael/Desktop/FFT_Project/module_sim/ip_repo/FFT_Butterfly_Axi_Lite_1.0/hdl/FFT_Butterfly_Axi_Lite_v1_0_S00_AXI.sv:]
WARNING: [filemgmt 56-99] Vivado Synthesis ignores library specification for Verilog or SystemVerilog files. [C:/Users/Vrael/Desktop/FFT_Project/module_sim/ip_repo/FFT_Butterfly_Axi_Lite_1.0/src/fft_package.sv:]
WARNING: [filemgmt 56-99] Vivado Synthesis ignores library specification for Verilog or SystemVerilog files. [C:/Users/Vrael/Desktop/FFT_Project/module_sim/ip_repo/FFT_Butterfly_Axi_Lite_1.0/src/FFT_STAGE.sv:]
WARNING: [filemgmt 56-99] Vivado Synthesis ignores library specification for Verilog or SystemVerilog files. [C:/Users/Vrael/Desktop/FFT_Project/module_sim/ip_repo/FFT_Butterfly_Axi_Lite_1.0/src/Main_Module.sv:]
WARNING: [filemgmt 56-99] Vivado Synthesis ignores library specification for Verilog or SystemVerilog files. [C:/Users/Vrael/Desktop/FFT_Project/module_sim/ip_repo/FFT_Butterfly_Axi_Lite_1.0/src/Reverse_Input_Data_Adress.sv:]
WARNING: [filemgmt 56-99] Vivado Synthesis ignores library specification for Verilog or SystemVerilog files. [C:/Users/Vrael/Desktop/FFT_Project/module_sim/ip_repo/FFT_Butterfly_Axi_Lite_1.0/src/Simplified_fft_stage.sv:]
WARNING: [filemgmt 56-99] Vivado Synthesis ignores library specification for Verilog or SystemVerilog files. [C:/Users/Vrael/Desktop/FFT_Project/module_sim/ip_repo/FFT_Butterfly_Axi_Lite_1.0/src/s_mult_rtl.sv:]
WARNING: [filemgmt 56-99] Vivado Synthesis ignores library specification for Verilog or SystemVerilog files. [C:/Users/Vrael/Desktop/FFT_Project/module_sim/ip_repo/FFT_Butterfly_Axi_Lite_1.0/hdl/FFT_Butterfly_Axi_Lite_v1_0.sv:]
Scanning sources...
Finished scanning sources
INFO: [IP_Flow 19-234] Refreshing IP repositories
INFO: [IP_Flow 19-1700] Loaded user IP repository 'c:/Users/Vrael/Desktop/FFT_Project/module_sim/ip_repo/FFT_Butterfly_Axi_Lite_1.0'.
WARNING: [IP_Flow 19-2207] Repository 'c:/Users/Vrael/Desktop/FFT_Project/module_sim/ip_repo/fft_butterfly_Axi_Lite_1.0' already exists; ignoring attempt to add it again.
INFO: [IP_Flow 19-1700] Loaded user IP repository 'c:/Users/Vrael/Desktop/FFT_Project/module_sim/ip_repo/fft_butterfly_Axi_Lite_1.0'.
INFO: [IP_Flow 19-1700] Loaded user IP repository 'c:/Users/Vrael/Desktop/FFT_Project/module_sim/ip_repo_1/fft_butterlfy_ip_1.0'.
INFO: [IP_Flow 19-1700] Loaded user IP repository 'c:/Users/Vrael/Desktop/FFT_Project/module_sim/ip_repo/fft_ip_1.0'.
INFO: [IP_Flow 19-2313] Loaded Vivado IP repository 'E:/Vivado_2018_3/Vivado/2018.3/data/ip'.
open_project: Time (s): cpu = 00:00:11 ; elapsed = 00:00:05 . Memory (MB): peak = 690.199 ; gain = 79.777
update_compile_order -fileset sources_1
exit
INFO: [Common 17-206] Exiting Vivado at Wed Jun  9 12:29:27 2021...
