Copyright 1986-2018 Xilinx, Inc. All Rights Reserved.
------------------------------------------------------------------------------------------------------------------------------------------------------------------
| Tool Version : Vivado v.2018.3 (win64) Build 2405991 Thu Dec  6 23:38:27 MST 2018
| Date         : Sat Jun  5 23:06:16 2021
| Host         : DESKTOP-EIN9C5U running 64-bit major release  (build 9200)
| Command      : report_drc -file FFT_Zynq_Axi_Lite_wrapper_drc_opted.rpt -pb FFT_Zynq_Axi_Lite_wrapper_drc_opted.pb -rpx FFT_Zynq_Axi_Lite_wrapper_drc_opted.rpx
| Design       : FFT_Zynq_Axi_Lite_wrapper
| Device       : xc7z020clg484-1
| Speed File   : -1
| Design State : Synthesized
------------------------------------------------------------------------------------------------------------------------------------------------------------------

Report DRC

Table of Contents
-----------------
1. REPORT SUMMARY
2. REPORT DETAILS

1. REPORT SUMMARY
-----------------
            Netlist: netlist
          Floorplan: design_1
      Design limits: <entire design considered>
           Ruledeck: default
             Max violations: <unlimited>
             Violations found: 24
+--------+----------+------------------------+------------+
| Rule   | Severity | Description            | Violations |
+--------+----------+------------------------+------------+
| DPOP-1 | Warning  | PREG Output pipelining | 12         |
| DPOP-2 | Warning  | MREG Output pipelining | 12         |
+--------+----------+------------------------+------------+

2. REPORT DETAILS
-----------------
DPOP-1#1 Warning
PREG Output pipelining  
DSP FFT_Zynq_Axi_Lite_i/FFT_Butterfly_Axi_Li_0/inst/FFT_Butterfly_Axi_Lite_v1_0_S00_AXI_inst/Main/genblk1[1].FFT_INSTANCE/FFT_Block/complex_multiply_inst/a_Im_b_Im_cmult/res_full output FFT_Zynq_Axi_Lite_i/FFT_Butterfly_Axi_Li_0/inst/FFT_Butterfly_Axi_Lite_v1_0_S00_AXI_inst/Main/genblk1[1].FFT_INSTANCE/FFT_Block/complex_multiply_inst/a_Im_b_Im_cmult/res_full/P[47:0] is not pipelined (PREG=0). Pipelining the DSP48 output will improve performance and often saves power so it is suggested whenever possible to fully pipeline this function.  If this DSP48 function was inferred, it is suggested to describe an additional register stage after this function.  If the DSP48 was instantiated in the design, it is suggested to set the PREG attribute to 1.
Related violations: <none>

DPOP-1#2 Warning
PREG Output pipelining  
DSP FFT_Zynq_Axi_Lite_i/FFT_Butterfly_Axi_Li_0/inst/FFT_Butterfly_Axi_Lite_v1_0_S00_AXI_inst/Main/genblk1[1].FFT_INSTANCE/FFT_Block/complex_multiply_inst/a_Im_b_Re_cmult/res_full output FFT_Zynq_Axi_Lite_i/FFT_Butterfly_Axi_Li_0/inst/FFT_Butterfly_Axi_Lite_v1_0_S00_AXI_inst/Main/genblk1[1].FFT_INSTANCE/FFT_Block/complex_multiply_inst/a_Im_b_Re_cmult/res_full/P[47:0] is not pipelined (PREG=0). Pipelining the DSP48 output will improve performance and often saves power so it is suggested whenever possible to fully pipeline this function.  If this DSP48 function was inferred, it is suggested to describe an additional register stage after this function.  If the DSP48 was instantiated in the design, it is suggested to set the PREG attribute to 1.
Related violations: <none>

DPOP-1#3 Warning
PREG Output pipelining  
DSP FFT_Zynq_Axi_Lite_i/FFT_Butterfly_Axi_Li_0/inst/FFT_Butterfly_Axi_Lite_v1_0_S00_AXI_inst/Main/genblk1[1].FFT_INSTANCE/FFT_Block/complex_multiply_inst/a_Re_b_Im_cmult/res_full output FFT_Zynq_Axi_Lite_i/FFT_Butterfly_Axi_Li_0/inst/FFT_Butterfly_Axi_Lite_v1_0_S00_AXI_inst/Main/genblk1[1].FFT_INSTANCE/FFT_Block/complex_multiply_inst/a_Re_b_Im_cmult/res_full/P[47:0] is not pipelined (PREG=0). Pipelining the DSP48 output will improve performance and often saves power so it is suggested whenever possible to fully pipeline this function.  If this DSP48 function was inferred, it is suggested to describe an additional register stage after this function.  If the DSP48 was instantiated in the design, it is suggested to set the PREG attribute to 1.
Related violations: <none>

DPOP-1#4 Warning
PREG Output pipelining  
DSP FFT_Zynq_Axi_Lite_i/FFT_Butterfly_Axi_Li_0/inst/FFT_Butterfly_Axi_Lite_v1_0_S00_AXI_inst/Main/genblk1[1].FFT_INSTANCE/FFT_Block/complex_multiply_inst/a_Re_b_Re_cmult/res_full output FFT_Zynq_Axi_Lite_i/FFT_Butterfly_Axi_Li_0/inst/FFT_Butterfly_Axi_Lite_v1_0_S00_AXI_inst/Main/genblk1[1].FFT_INSTANCE/FFT_Block/complex_multiply_inst/a_Re_b_Re_cmult/res_full/P[47:0] is not pipelined (PREG=0). Pipelining the DSP48 output will improve performance and often saves power so it is suggested whenever possible to fully pipeline this function.  If this DSP48 function was inferred, it is suggested to describe an additional register stage after this function.  If the DSP48 was instantiated in the design, it is suggested to set the PREG attribute to 1.
Related violations: <none>

DPOP-1#5 Warning
PREG Output pipelining  
DSP FFT_Zynq_Axi_Lite_i/FFT_Butterfly_Axi_Li_0/inst/FFT_Butterfly_Axi_Lite_v1_0_S00_AXI_inst/Main/genblk1[2].FFT_INSTANCE/FFT_Block/complex_multiply_inst/a_Im_b_Im_cmult/res_full output FFT_Zynq_Axi_Lite_i/FFT_Butterfly_Axi_Li_0/inst/FFT_Butterfly_Axi_Lite_v1_0_S00_AXI_inst/Main/genblk1[2].FFT_INSTANCE/FFT_Block/complex_multiply_inst/a_Im_b_Im_cmult/res_full/P[47:0] is not pipelined (PREG=0). Pipelining the DSP48 output will improve performance and often saves power so it is suggested whenever possible to fully pipeline this function.  If this DSP48 function was inferred, it is suggested to describe an additional register stage after this function.  If the DSP48 was instantiated in the design, it is suggested to set the PREG attribute to 1.
Related violations: <none>

DPOP-1#6 Warning
PREG Output pipelining  
DSP FFT_Zynq_Axi_Lite_i/FFT_Butterfly_Axi_Li_0/inst/FFT_Butterfly_Axi_Lite_v1_0_S00_AXI_inst/Main/genblk1[2].FFT_INSTANCE/FFT_Block/complex_multiply_inst/a_Im_b_Re_cmult/res_full output FFT_Zynq_Axi_Lite_i/FFT_Butterfly_Axi_Li_0/inst/FFT_Butterfly_Axi_Lite_v1_0_S00_AXI_inst/Main/genblk1[2].FFT_INSTANCE/FFT_Block/complex_multiply_inst/a_Im_b_Re_cmult/res_full/P[47:0] is not pipelined (PREG=0). Pipelining the DSP48 output will improve performance and often saves power so it is suggested whenever possible to fully pipeline this function.  If this DSP48 function was inferred, it is suggested to describe an additional register stage after this function.  If the DSP48 was instantiated in the design, it is suggested to set the PREG attribute to 1.
Related violations: <none>

DPOP-1#7 Warning
PREG Output pipelining  
DSP FFT_Zynq_Axi_Lite_i/FFT_Butterfly_Axi_Li_0/inst/FFT_Butterfly_Axi_Lite_v1_0_S00_AXI_inst/Main/genblk1[2].FFT_INSTANCE/FFT_Block/complex_multiply_inst/a_Re_b_Im_cmult/res_full output FFT_Zynq_Axi_Lite_i/FFT_Butterfly_Axi_Li_0/inst/FFT_Butterfly_Axi_Lite_v1_0_S00_AXI_inst/Main/genblk1[2].FFT_INSTANCE/FFT_Block/complex_multiply_inst/a_Re_b_Im_cmult/res_full/P[47:0] is not pipelined (PREG=0). Pipelining the DSP48 output will improve performance and often saves power so it is suggested whenever possible to fully pipeline this function.  If this DSP48 function was inferred, it is suggested to describe an additional register stage after this function.  If the DSP48 was instantiated in the design, it is suggested to set the PREG attribute to 1.
Related violations: <none>

DPOP-1#8 Warning
PREG Output pipelining  
DSP FFT_Zynq_Axi_Lite_i/FFT_Butterfly_Axi_Li_0/inst/FFT_Butterfly_Axi_Lite_v1_0_S00_AXI_inst/Main/genblk1[2].FFT_INSTANCE/FFT_Block/complex_multiply_inst/a_Re_b_Re_cmult/res_full output FFT_Zynq_Axi_Lite_i/FFT_Butterfly_Axi_Li_0/inst/FFT_Butterfly_Axi_Lite_v1_0_S00_AXI_inst/Main/genblk1[2].FFT_INSTANCE/FFT_Block/complex_multiply_inst/a_Re_b_Re_cmult/res_full/P[47:0] is not pipelined (PREG=0). Pipelining the DSP48 output will improve performance and often saves power so it is suggested whenever possible to fully pipeline this function.  If this DSP48 function was inferred, it is suggested to describe an additional register stage after this function.  If the DSP48 was instantiated in the design, it is suggested to set the PREG attribute to 1.
Related violations: <none>

DPOP-1#9 Warning
PREG Output pipelining  
DSP FFT_Zynq_Axi_Lite_i/FFT_Butterfly_Axi_Li_0/inst/FFT_Butterfly_Axi_Lite_v1_0_S00_AXI_inst/Main/genblk1[3].FFT_INSTANCE/FFT_Block/complex_multiply_inst/a_Im_b_Im_cmult/res_full output FFT_Zynq_Axi_Lite_i/FFT_Butterfly_Axi_Li_0/inst/FFT_Butterfly_Axi_Lite_v1_0_S00_AXI_inst/Main/genblk1[3].FFT_INSTANCE/FFT_Block/complex_multiply_inst/a_Im_b_Im_cmult/res_full/P[47:0] is not pipelined (PREG=0). Pipelining the DSP48 output will improve performance and often saves power so it is suggested whenever possible to fully pipeline this function.  If this DSP48 function was inferred, it is suggested to describe an additional register stage after this function.  If the DSP48 was instantiated in the design, it is suggested to set the PREG attribute to 1.
Related violations: <none>

DPOP-1#10 Warning
PREG Output pipelining  
DSP FFT_Zynq_Axi_Lite_i/FFT_Butterfly_Axi_Li_0/inst/FFT_Butterfly_Axi_Lite_v1_0_S00_AXI_inst/Main/genblk1[3].FFT_INSTANCE/FFT_Block/complex_multiply_inst/a_Im_b_Re_cmult/res_full output FFT_Zynq_Axi_Lite_i/FFT_Butterfly_Axi_Li_0/inst/FFT_Butterfly_Axi_Lite_v1_0_S00_AXI_inst/Main/genblk1[3].FFT_INSTANCE/FFT_Block/complex_multiply_inst/a_Im_b_Re_cmult/res_full/P[47:0] is not pipelined (PREG=0). Pipelining the DSP48 output will improve performance and often saves power so it is suggested whenever possible to fully pipeline this function.  If this DSP48 function was inferred, it is suggested to describe an additional register stage after this function.  If the DSP48 was instantiated in the design, it is suggested to set the PREG attribute to 1.
Related violations: <none>

DPOP-1#11 Warning
PREG Output pipelining  
DSP FFT_Zynq_Axi_Lite_i/FFT_Butterfly_Axi_Li_0/inst/FFT_Butterfly_Axi_Lite_v1_0_S00_AXI_inst/Main/genblk1[3].FFT_INSTANCE/FFT_Block/complex_multiply_inst/a_Re_b_Im_cmult/res_full output FFT_Zynq_Axi_Lite_i/FFT_Butterfly_Axi_Li_0/inst/FFT_Butterfly_Axi_Lite_v1_0_S00_AXI_inst/Main/genblk1[3].FFT_INSTANCE/FFT_Block/complex_multiply_inst/a_Re_b_Im_cmult/res_full/P[47:0] is not pipelined (PREG=0). Pipelining the DSP48 output will improve performance and often saves power so it is suggested whenever possible to fully pipeline this function.  If this DSP48 function was inferred, it is suggested to describe an additional register stage after this function.  If the DSP48 was instantiated in the design, it is suggested to set the PREG attribute to 1.
Related violations: <none>

DPOP-1#12 Warning
PREG Output pipelining  
DSP FFT_Zynq_Axi_Lite_i/FFT_Butterfly_Axi_Li_0/inst/FFT_Butterfly_Axi_Lite_v1_0_S00_AXI_inst/Main/genblk1[3].FFT_INSTANCE/FFT_Block/complex_multiply_inst/a_Re_b_Re_cmult/res_full output FFT_Zynq_Axi_Lite_i/FFT_Butterfly_Axi_Li_0/inst/FFT_Butterfly_Axi_Lite_v1_0_S00_AXI_inst/Main/genblk1[3].FFT_INSTANCE/FFT_Block/complex_multiply_inst/a_Re_b_Re_cmult/res_full/P[47:0] is not pipelined (PREG=0). Pipelining the DSP48 output will improve performance and often saves power so it is suggested whenever possible to fully pipeline this function.  If this DSP48 function was inferred, it is suggested to describe an additional register stage after this function.  If the DSP48 was instantiated in the design, it is suggested to set the PREG attribute to 1.
Related violations: <none>

DPOP-2#1 Warning
MREG Output pipelining  
DSP FFT_Zynq_Axi_Lite_i/FFT_Butterfly_Axi_Li_0/inst/FFT_Butterfly_Axi_Lite_v1_0_S00_AXI_inst/Main/genblk1[1].FFT_INSTANCE/FFT_Block/complex_multiply_inst/a_Im_b_Im_cmult/res_full multiplier stage FFT_Zynq_Axi_Lite_i/FFT_Butterfly_Axi_Li_0/inst/FFT_Butterfly_Axi_Lite_v1_0_S00_AXI_inst/Main/genblk1[1].FFT_INSTANCE/FFT_Block/complex_multiply_inst/a_Im_b_Im_cmult/res_full/P[47:0] is not pipelined (MREG=0). Pipelining the multiplier function will improve performance and will save significant power so it is suggested whenever possible to fully pipeline this function.  If this multiplier was inferred, it is suggested to describe an additional register stage after this function.  If there is no registered adder/accumulator following the multiply function, two pipeline stages are suggested to allow both the MREG and PREG registers to be used.  If the DSP48 was instantiated in the design, it is suggested to set both the MREG and PREG attributes to 1 when performing multiply functions.
Related violations: <none>

DPOP-2#2 Warning
MREG Output pipelining  
DSP FFT_Zynq_Axi_Lite_i/FFT_Butterfly_Axi_Li_0/inst/FFT_Butterfly_Axi_Lite_v1_0_S00_AXI_inst/Main/genblk1[1].FFT_INSTANCE/FFT_Block/complex_multiply_inst/a_Im_b_Re_cmult/res_full multiplier stage FFT_Zynq_Axi_Lite_i/FFT_Butterfly_Axi_Li_0/inst/FFT_Butterfly_Axi_Lite_v1_0_S00_AXI_inst/Main/genblk1[1].FFT_INSTANCE/FFT_Block/complex_multiply_inst/a_Im_b_Re_cmult/res_full/P[47:0] is not pipelined (MREG=0). Pipelining the multiplier function will improve performance and will save significant power so it is suggested whenever possible to fully pipeline this function.  If this multiplier was inferred, it is suggested to describe an additional register stage after this function.  If there is no registered adder/accumulator following the multiply function, two pipeline stages are suggested to allow both the MREG and PREG registers to be used.  If the DSP48 was instantiated in the design, it is suggested to set both the MREG and PREG attributes to 1 when performing multiply functions.
Related violations: <none>

DPOP-2#3 Warning
MREG Output pipelining  
DSP FFT_Zynq_Axi_Lite_i/FFT_Butterfly_Axi_Li_0/inst/FFT_Butterfly_Axi_Lite_v1_0_S00_AXI_inst/Main/genblk1[1].FFT_INSTANCE/FFT_Block/complex_multiply_inst/a_Re_b_Im_cmult/res_full multiplier stage FFT_Zynq_Axi_Lite_i/FFT_Butterfly_Axi_Li_0/inst/FFT_Butterfly_Axi_Lite_v1_0_S00_AXI_inst/Main/genblk1[1].FFT_INSTANCE/FFT_Block/complex_multiply_inst/a_Re_b_Im_cmult/res_full/P[47:0] is not pipelined (MREG=0). Pipelining the multiplier function will improve performance and will save significant power so it is suggested whenever possible to fully pipeline this function.  If this multiplier was inferred, it is suggested to describe an additional register stage after this function.  If there is no registered adder/accumulator following the multiply function, two pipeline stages are suggested to allow both the MREG and PREG registers to be used.  If the DSP48 was instantiated in the design, it is suggested to set both the MREG and PREG attributes to 1 when performing multiply functions.
Related violations: <none>

DPOP-2#4 Warning
MREG Output pipelining  
DSP FFT_Zynq_Axi_Lite_i/FFT_Butterfly_Axi_Li_0/inst/FFT_Butterfly_Axi_Lite_v1_0_S00_AXI_inst/Main/genblk1[1].FFT_INSTANCE/FFT_Block/complex_multiply_inst/a_Re_b_Re_cmult/res_full multiplier stage FFT_Zynq_Axi_Lite_i/FFT_Butterfly_Axi_Li_0/inst/FFT_Butterfly_Axi_Lite_v1_0_S00_AXI_inst/Main/genblk1[1].FFT_INSTANCE/FFT_Block/complex_multiply_inst/a_Re_b_Re_cmult/res_full/P[47:0] is not pipelined (MREG=0). Pipelining the multiplier function will improve performance and will save significant power so it is suggested whenever possible to fully pipeline this function.  If this multiplier was inferred, it is suggested to describe an additional register stage after this function.  If there is no registered adder/accumulator following the multiply function, two pipeline stages are suggested to allow both the MREG and PREG registers to be used.  If the DSP48 was instantiated in the design, it is suggested to set both the MREG and PREG attributes to 1 when performing multiply functions.
Related violations: <none>

DPOP-2#5 Warning
MREG Output pipelining  
DSP FFT_Zynq_Axi_Lite_i/FFT_Butterfly_Axi_Li_0/inst/FFT_Butterfly_Axi_Lite_v1_0_S00_AXI_inst/Main/genblk1[2].FFT_INSTANCE/FFT_Block/complex_multiply_inst/a_Im_b_Im_cmult/res_full multiplier stage FFT_Zynq_Axi_Lite_i/FFT_Butterfly_Axi_Li_0/inst/FFT_Butterfly_Axi_Lite_v1_0_S00_AXI_inst/Main/genblk1[2].FFT_INSTANCE/FFT_Block/complex_multiply_inst/a_Im_b_Im_cmult/res_full/P[47:0] is not pipelined (MREG=0). Pipelining the multiplier function will improve performance and will save significant power so it is suggested whenever possible to fully pipeline this function.  If this multiplier was inferred, it is suggested to describe an additional register stage after this function.  If there is no registered adder/accumulator following the multiply function, two pipeline stages are suggested to allow both the MREG and PREG registers to be used.  If the DSP48 was instantiated in the design, it is suggested to set both the MREG and PREG attributes to 1 when performing multiply functions.
Related violations: <none>

DPOP-2#6 Warning
MREG Output pipelining  
DSP FFT_Zynq_Axi_Lite_i/FFT_Butterfly_Axi_Li_0/inst/FFT_Butterfly_Axi_Lite_v1_0_S00_AXI_inst/Main/genblk1[2].FFT_INSTANCE/FFT_Block/complex_multiply_inst/a_Im_b_Re_cmult/res_full multiplier stage FFT_Zynq_Axi_Lite_i/FFT_Butterfly_Axi_Li_0/inst/FFT_Butterfly_Axi_Lite_v1_0_S00_AXI_inst/Main/genblk1[2].FFT_INSTANCE/FFT_Block/complex_multiply_inst/a_Im_b_Re_cmult/res_full/P[47:0] is not pipelined (MREG=0). Pipelining the multiplier function will improve performance and will save significant power so it is suggested whenever possible to fully pipeline this function.  If this multiplier was inferred, it is suggested to describe an additional register stage after this function.  If there is no registered adder/accumulator following the multiply function, two pipeline stages are suggested to allow both the MREG and PREG registers to be used.  If the DSP48 was instantiated in the design, it is suggested to set both the MREG and PREG attributes to 1 when performing multiply functions.
Related violations: <none>

DPOP-2#7 Warning
MREG Output pipelining  
DSP FFT_Zynq_Axi_Lite_i/FFT_Butterfly_Axi_Li_0/inst/FFT_Butterfly_Axi_Lite_v1_0_S00_AXI_inst/Main/genblk1[2].FFT_INSTANCE/FFT_Block/complex_multiply_inst/a_Re_b_Im_cmult/res_full multiplier stage FFT_Zynq_Axi_Lite_i/FFT_Butterfly_Axi_Li_0/inst/FFT_Butterfly_Axi_Lite_v1_0_S00_AXI_inst/Main/genblk1[2].FFT_INSTANCE/FFT_Block/complex_multiply_inst/a_Re_b_Im_cmult/res_full/P[47:0] is not pipelined (MREG=0). Pipelining the multiplier function will improve performance and will save significant power so it is suggested whenever possible to fully pipeline this function.  If this multiplier was inferred, it is suggested to describe an additional register stage after this function.  If there is no registered adder/accumulator following the multiply function, two pipeline stages are suggested to allow both the MREG and PREG registers to be used.  If the DSP48 was instantiated in the design, it is suggested to set both the MREG and PREG attributes to 1 when performing multiply functions.
Related violations: <none>

DPOP-2#8 Warning
MREG Output pipelining  
DSP FFT_Zynq_Axi_Lite_i/FFT_Butterfly_Axi_Li_0/inst/FFT_Butterfly_Axi_Lite_v1_0_S00_AXI_inst/Main/genblk1[2].FFT_INSTANCE/FFT_Block/complex_multiply_inst/a_Re_b_Re_cmult/res_full multiplier stage FFT_Zynq_Axi_Lite_i/FFT_Butterfly_Axi_Li_0/inst/FFT_Butterfly_Axi_Lite_v1_0_S00_AXI_inst/Main/genblk1[2].FFT_INSTANCE/FFT_Block/complex_multiply_inst/a_Re_b_Re_cmult/res_full/P[47:0] is not pipelined (MREG=0). Pipelining the multiplier function will improve performance and will save significant power so it is suggested whenever possible to fully pipeline this function.  If this multiplier was inferred, it is suggested to describe an additional register stage after this function.  If there is no registered adder/accumulator following the multiply function, two pipeline stages are suggested to allow both the MREG and PREG registers to be used.  If the DSP48 was instantiated in the design, it is suggested to set both the MREG and PREG attributes to 1 when performing multiply functions.
Related violations: <none>

DPOP-2#9 Warning
MREG Output pipelining  
DSP FFT_Zynq_Axi_Lite_i/FFT_Butterfly_Axi_Li_0/inst/FFT_Butterfly_Axi_Lite_v1_0_S00_AXI_inst/Main/genblk1[3].FFT_INSTANCE/FFT_Block/complex_multiply_inst/a_Im_b_Im_cmult/res_full multiplier stage FFT_Zynq_Axi_Lite_i/FFT_Butterfly_Axi_Li_0/inst/FFT_Butterfly_Axi_Lite_v1_0_S00_AXI_inst/Main/genblk1[3].FFT_INSTANCE/FFT_Block/complex_multiply_inst/a_Im_b_Im_cmult/res_full/P[47:0] is not pipelined (MREG=0). Pipelining the multiplier function will improve performance and will save significant power so it is suggested whenever possible to fully pipeline this function.  If this multiplier was inferred, it is suggested to describe an additional register stage after this function.  If there is no registered adder/accumulator following the multiply function, two pipeline stages are suggested to allow both the MREG and PREG registers to be used.  If the DSP48 was instantiated in the design, it is suggested to set both the MREG and PREG attributes to 1 when performing multiply functions.
Related violations: <none>

DPOP-2#10 Warning
MREG Output pipelining  
DSP FFT_Zynq_Axi_Lite_i/FFT_Butterfly_Axi_Li_0/inst/FFT_Butterfly_Axi_Lite_v1_0_S00_AXI_inst/Main/genblk1[3].FFT_INSTANCE/FFT_Block/complex_multiply_inst/a_Im_b_Re_cmult/res_full multiplier stage FFT_Zynq_Axi_Lite_i/FFT_Butterfly_Axi_Li_0/inst/FFT_Butterfly_Axi_Lite_v1_0_S00_AXI_inst/Main/genblk1[3].FFT_INSTANCE/FFT_Block/complex_multiply_inst/a_Im_b_Re_cmult/res_full/P[47:0] is not pipelined (MREG=0). Pipelining the multiplier function will improve performance and will save significant power so it is suggested whenever possible to fully pipeline this function.  If this multiplier was inferred, it is suggested to describe an additional register stage after this function.  If there is no registered adder/accumulator following the multiply function, two pipeline stages are suggested to allow both the MREG and PREG registers to be used.  If the DSP48 was instantiated in the design, it is suggested to set both the MREG and PREG attributes to 1 when performing multiply functions.
Related violations: <none>

DPOP-2#11 Warning
MREG Output pipelining  
DSP FFT_Zynq_Axi_Lite_i/FFT_Butterfly_Axi_Li_0/inst/FFT_Butterfly_Axi_Lite_v1_0_S00_AXI_inst/Main/genblk1[3].FFT_INSTANCE/FFT_Block/complex_multiply_inst/a_Re_b_Im_cmult/res_full multiplier stage FFT_Zynq_Axi_Lite_i/FFT_Butterfly_Axi_Li_0/inst/FFT_Butterfly_Axi_Lite_v1_0_S00_AXI_inst/Main/genblk1[3].FFT_INSTANCE/FFT_Block/complex_multiply_inst/a_Re_b_Im_cmult/res_full/P[47:0] is not pipelined (MREG=0). Pipelining the multiplier function will improve performance and will save significant power so it is suggested whenever possible to fully pipeline this function.  If this multiplier was inferred, it is suggested to describe an additional register stage after this function.  If there is no registered adder/accumulator following the multiply function, two pipeline stages are suggested to allow both the MREG and PREG registers to be used.  If the DSP48 was instantiated in the design, it is suggested to set both the MREG and PREG attributes to 1 when performing multiply functions.
Related violations: <none>

DPOP-2#12 Warning
MREG Output pipelining  
DSP FFT_Zynq_Axi_Lite_i/FFT_Butterfly_Axi_Li_0/inst/FFT_Butterfly_Axi_Lite_v1_0_S00_AXI_inst/Main/genblk1[3].FFT_INSTANCE/FFT_Block/complex_multiply_inst/a_Re_b_Re_cmult/res_full multiplier stage FFT_Zynq_Axi_Lite_i/FFT_Butterfly_Axi_Li_0/inst/FFT_Butterfly_Axi_Lite_v1_0_S00_AXI_inst/Main/genblk1[3].FFT_INSTANCE/FFT_Block/complex_multiply_inst/a_Re_b_Re_cmult/res_full/P[47:0] is not pipelined (MREG=0). Pipelining the multiplier function will improve performance and will save significant power so it is suggested whenever possible to fully pipeline this function.  If this multiplier was inferred, it is suggested to describe an additional register stage after this function.  If there is no registered adder/accumulator following the multiply function, two pipeline stages are suggested to allow both the MREG and PREG registers to be used.  If the DSP48 was instantiated in the design, it is suggested to set both the MREG and PREG attributes to 1 when performing multiply functions.
Related violations: <none>


