Copyright 1986-2018 Xilinx, Inc. All Rights Reserved.
------------------------------------------------------------------------------------------------------------------------------------------------------------
| Tool Version : Vivado v.2018.3 (win64) Build 2405991 Thu Dec  6 23:38:27 MST 2018
| Date         : Wed Jun  9 15:09:24 2021
| Host         : DESKTOP-DJCF65G running 64-bit major release  (build 9200)
| Command      : report_drc -file FFT_Microblaze_wrapper_drc_routed.rpt -pb FFT_Microblaze_wrapper_drc_routed.pb -rpx FFT_Microblaze_wrapper_drc_routed.rpx
| Design       : FFT_Microblaze_wrapper
| Device       : xc7z020clg484-1
| Speed File   : -1
| Design State : Fully Routed
------------------------------------------------------------------------------------------------------------------------------------------------------------

Report DRC

Table of Contents
-----------------
1. REPORT SUMMARY
2. REPORT DETAILS

1. REPORT SUMMARY
-----------------
            Netlist: netlist
          Floorplan: design_1
      Design limits: <entire design considered>
           Ruledeck: default
             Max violations: <unlimited>
             Violations found: 83
+----------+------------------+----------------------------+------------+
| Rule     | Severity         | Description                | Violations |
+----------+------------------+----------------------------+------------+
| NSTD-1   | Critical Warning | Unspecified I/O Standard   | 1          |
| UCIO-1   | Critical Warning | Unconstrained Logical Port | 1          |
| DPOP-1   | Warning          | PREG Output pipelining     | 12         |
| DPOP-2   | Warning          | MREG Output pipelining     | 12         |
| PDRC-153 | Warning          | Gated clock check          | 56         |
| ZPS7-1   | Warning          | PS7 block required         | 1          |
+----------+------------------+----------------------------+------------+

2. REPORT DETAILS
-----------------
NSTD-1#1 Critical Warning
Unspecified I/O Standard  
4 out of 4 logical ports use I/O standard (IOSTANDARD) value 'DEFAULT', instead of a user assigned specific value. This may cause I/O contention or incompatibility with the board power or connectivity affecting performance, signal integrity or in extreme cases cause damage to the device or the components to which it is connected. To correct this violation, specify all I/O standards. This design will fail to generate a bitstream unless all logical ports have a user specified I/O standard value defined. To allow bitstream creation with unspecified I/O standard values (not recommended), use this command: set_property SEVERITY {Warning} [get_drc_checks NSTD-1].  NOTE: When using the Vivado Runs infrastructure (e.g. launch_runs Tcl command), add this command to a .tcl file and add that file as a pre-hook for write_bitstream step for the implementation run. Problem ports: reset_rtl_0, diff_clock_rtl_clk_n, diff_clock_rtl_clk_p, reset_rtl.
Related violations: <none>

UCIO-1#1 Critical Warning
Unconstrained Logical Port  
4 out of 4 logical ports have no user assigned specific location constraint (LOC). This may cause I/O contention or incompatibility with the board power or connectivity affecting performance, signal integrity or in extreme cases cause damage to the device or the components to which it is connected. To correct this violation, specify all pin locations. This design will fail to generate a bitstream unless all logical ports have a user specified site LOC constraint defined.  To allow bitstream creation with unspecified pin locations (not recommended), use this command: set_property SEVERITY {Warning} [get_drc_checks UCIO-1].  NOTE: When using the Vivado Runs infrastructure (e.g. launch_runs Tcl command), add this command to a .tcl file and add that file as a pre-hook for write_bitstream step for the implementation run.  Problem ports: reset_rtl_0, diff_clock_rtl_clk_n, diff_clock_rtl_clk_p, reset_rtl.
Related violations: <none>

DPOP-1#1 Warning
PREG Output pipelining  
DSP FFT_Microblaze_i/FFT_Butterfly_Axi_Li_0/inst/FFT_Butterfly_Axi_Lite_v1_0_S00_AXI_inst/Main/genblk1[1].FFT_INSTANCE/FFT_Block/complex_multiply_inst/a_Im_b_Im_cmult/res_full output FFT_Microblaze_i/FFT_Butterfly_Axi_Li_0/inst/FFT_Butterfly_Axi_Lite_v1_0_S00_AXI_inst/Main/genblk1[1].FFT_INSTANCE/FFT_Block/complex_multiply_inst/a_Im_b_Im_cmult/res_full/P[47:0] is not pipelined (PREG=0). Pipelining the DSP48 output will improve performance and often saves power so it is suggested whenever possible to fully pipeline this function.  If this DSP48 function was inferred, it is suggested to describe an additional register stage after this function.  If the DSP48 was instantiated in the design, it is suggested to set the PREG attribute to 1.
Related violations: <none>

DPOP-1#2 Warning
PREG Output pipelining  
DSP FFT_Microblaze_i/FFT_Butterfly_Axi_Li_0/inst/FFT_Butterfly_Axi_Lite_v1_0_S00_AXI_inst/Main/genblk1[1].FFT_INSTANCE/FFT_Block/complex_multiply_inst/a_Im_b_Re_cmult/res_full output FFT_Microblaze_i/FFT_Butterfly_Axi_Li_0/inst/FFT_Butterfly_Axi_Lite_v1_0_S00_AXI_inst/Main/genblk1[1].FFT_INSTANCE/FFT_Block/complex_multiply_inst/a_Im_b_Re_cmult/res_full/P[47:0] is not pipelined (PREG=0). Pipelining the DSP48 output will improve performance and often saves power so it is suggested whenever possible to fully pipeline this function.  If this DSP48 function was inferred, it is suggested to describe an additional register stage after this function.  If the DSP48 was instantiated in the design, it is suggested to set the PREG attribute to 1.
Related violations: <none>

DPOP-1#3 Warning
PREG Output pipelining  
DSP FFT_Microblaze_i/FFT_Butterfly_Axi_Li_0/inst/FFT_Butterfly_Axi_Lite_v1_0_S00_AXI_inst/Main/genblk1[1].FFT_INSTANCE/FFT_Block/complex_multiply_inst/a_Re_b_Im_cmult/res_full output FFT_Microblaze_i/FFT_Butterfly_Axi_Li_0/inst/FFT_Butterfly_Axi_Lite_v1_0_S00_AXI_inst/Main/genblk1[1].FFT_INSTANCE/FFT_Block/complex_multiply_inst/a_Re_b_Im_cmult/res_full/P[47:0] is not pipelined (PREG=0). Pipelining the DSP48 output will improve performance and often saves power so it is suggested whenever possible to fully pipeline this function.  If this DSP48 function was inferred, it is suggested to describe an additional register stage after this function.  If the DSP48 was instantiated in the design, it is suggested to set the PREG attribute to 1.
Related violations: <none>

DPOP-1#4 Warning
PREG Output pipelining  
DSP FFT_Microblaze_i/FFT_Butterfly_Axi_Li_0/inst/FFT_Butterfly_Axi_Lite_v1_0_S00_AXI_inst/Main/genblk1[1].FFT_INSTANCE/FFT_Block/complex_multiply_inst/a_Re_b_Re_cmult/res_full output FFT_Microblaze_i/FFT_Butterfly_Axi_Li_0/inst/FFT_Butterfly_Axi_Lite_v1_0_S00_AXI_inst/Main/genblk1[1].FFT_INSTANCE/FFT_Block/complex_multiply_inst/a_Re_b_Re_cmult/res_full/P[47:0] is not pipelined (PREG=0). Pipelining the DSP48 output will improve performance and often saves power so it is suggested whenever possible to fully pipeline this function.  If this DSP48 function was inferred, it is suggested to describe an additional register stage after this function.  If the DSP48 was instantiated in the design, it is suggested to set the PREG attribute to 1.
Related violations: <none>

DPOP-1#5 Warning
PREG Output pipelining  
DSP FFT_Microblaze_i/FFT_Butterfly_Axi_Li_0/inst/FFT_Butterfly_Axi_Lite_v1_0_S00_AXI_inst/Main/genblk1[2].FFT_INSTANCE/FFT_Block/complex_multiply_inst/a_Im_b_Im_cmult/res_full output FFT_Microblaze_i/FFT_Butterfly_Axi_Li_0/inst/FFT_Butterfly_Axi_Lite_v1_0_S00_AXI_inst/Main/genblk1[2].FFT_INSTANCE/FFT_Block/complex_multiply_inst/a_Im_b_Im_cmult/res_full/P[47:0] is not pipelined (PREG=0). Pipelining the DSP48 output will improve performance and often saves power so it is suggested whenever possible to fully pipeline this function.  If this DSP48 function was inferred, it is suggested to describe an additional register stage after this function.  If the DSP48 was instantiated in the design, it is suggested to set the PREG attribute to 1.
Related violations: <none>

DPOP-1#6 Warning
PREG Output pipelining  
DSP FFT_Microblaze_i/FFT_Butterfly_Axi_Li_0/inst/FFT_Butterfly_Axi_Lite_v1_0_S00_AXI_inst/Main/genblk1[2].FFT_INSTANCE/FFT_Block/complex_multiply_inst/a_Im_b_Re_cmult/res_full output FFT_Microblaze_i/FFT_Butterfly_Axi_Li_0/inst/FFT_Butterfly_Axi_Lite_v1_0_S00_AXI_inst/Main/genblk1[2].FFT_INSTANCE/FFT_Block/complex_multiply_inst/a_Im_b_Re_cmult/res_full/P[47:0] is not pipelined (PREG=0). Pipelining the DSP48 output will improve performance and often saves power so it is suggested whenever possible to fully pipeline this function.  If this DSP48 function was inferred, it is suggested to describe an additional register stage after this function.  If the DSP48 was instantiated in the design, it is suggested to set the PREG attribute to 1.
Related violations: <none>

DPOP-1#7 Warning
PREG Output pipelining  
DSP FFT_Microblaze_i/FFT_Butterfly_Axi_Li_0/inst/FFT_Butterfly_Axi_Lite_v1_0_S00_AXI_inst/Main/genblk1[2].FFT_INSTANCE/FFT_Block/complex_multiply_inst/a_Re_b_Im_cmult/res_full output FFT_Microblaze_i/FFT_Butterfly_Axi_Li_0/inst/FFT_Butterfly_Axi_Lite_v1_0_S00_AXI_inst/Main/genblk1[2].FFT_INSTANCE/FFT_Block/complex_multiply_inst/a_Re_b_Im_cmult/res_full/P[47:0] is not pipelined (PREG=0). Pipelining the DSP48 output will improve performance and often saves power so it is suggested whenever possible to fully pipeline this function.  If this DSP48 function was inferred, it is suggested to describe an additional register stage after this function.  If the DSP48 was instantiated in the design, it is suggested to set the PREG attribute to 1.
Related violations: <none>

DPOP-1#8 Warning
PREG Output pipelining  
DSP FFT_Microblaze_i/FFT_Butterfly_Axi_Li_0/inst/FFT_Butterfly_Axi_Lite_v1_0_S00_AXI_inst/Main/genblk1[2].FFT_INSTANCE/FFT_Block/complex_multiply_inst/a_Re_b_Re_cmult/res_full output FFT_Microblaze_i/FFT_Butterfly_Axi_Li_0/inst/FFT_Butterfly_Axi_Lite_v1_0_S00_AXI_inst/Main/genblk1[2].FFT_INSTANCE/FFT_Block/complex_multiply_inst/a_Re_b_Re_cmult/res_full/P[47:0] is not pipelined (PREG=0). Pipelining the DSP48 output will improve performance and often saves power so it is suggested whenever possible to fully pipeline this function.  If this DSP48 function was inferred, it is suggested to describe an additional register stage after this function.  If the DSP48 was instantiated in the design, it is suggested to set the PREG attribute to 1.
Related violations: <none>

DPOP-1#9 Warning
PREG Output pipelining  
DSP FFT_Microblaze_i/FFT_Butterfly_Axi_Li_0/inst/FFT_Butterfly_Axi_Lite_v1_0_S00_AXI_inst/Main/genblk1[3].FFT_INSTANCE/FFT_Block/complex_multiply_inst/a_Im_b_Im_cmult/res_full output FFT_Microblaze_i/FFT_Butterfly_Axi_Li_0/inst/FFT_Butterfly_Axi_Lite_v1_0_S00_AXI_inst/Main/genblk1[3].FFT_INSTANCE/FFT_Block/complex_multiply_inst/a_Im_b_Im_cmult/res_full/P[47:0] is not pipelined (PREG=0). Pipelining the DSP48 output will improve performance and often saves power so it is suggested whenever possible to fully pipeline this function.  If this DSP48 function was inferred, it is suggested to describe an additional register stage after this function.  If the DSP48 was instantiated in the design, it is suggested to set the PREG attribute to 1.
Related violations: <none>

DPOP-1#10 Warning
PREG Output pipelining  
DSP FFT_Microblaze_i/FFT_Butterfly_Axi_Li_0/inst/FFT_Butterfly_Axi_Lite_v1_0_S00_AXI_inst/Main/genblk1[3].FFT_INSTANCE/FFT_Block/complex_multiply_inst/a_Im_b_Re_cmult/res_full output FFT_Microblaze_i/FFT_Butterfly_Axi_Li_0/inst/FFT_Butterfly_Axi_Lite_v1_0_S00_AXI_inst/Main/genblk1[3].FFT_INSTANCE/FFT_Block/complex_multiply_inst/a_Im_b_Re_cmult/res_full/P[47:0] is not pipelined (PREG=0). Pipelining the DSP48 output will improve performance and often saves power so it is suggested whenever possible to fully pipeline this function.  If this DSP48 function was inferred, it is suggested to describe an additional register stage after this function.  If the DSP48 was instantiated in the design, it is suggested to set the PREG attribute to 1.
Related violations: <none>

DPOP-1#11 Warning
PREG Output pipelining  
DSP FFT_Microblaze_i/FFT_Butterfly_Axi_Li_0/inst/FFT_Butterfly_Axi_Lite_v1_0_S00_AXI_inst/Main/genblk1[3].FFT_INSTANCE/FFT_Block/complex_multiply_inst/a_Re_b_Im_cmult/res_full output FFT_Microblaze_i/FFT_Butterfly_Axi_Li_0/inst/FFT_Butterfly_Axi_Lite_v1_0_S00_AXI_inst/Main/genblk1[3].FFT_INSTANCE/FFT_Block/complex_multiply_inst/a_Re_b_Im_cmult/res_full/P[47:0] is not pipelined (PREG=0). Pipelining the DSP48 output will improve performance and often saves power so it is suggested whenever possible to fully pipeline this function.  If this DSP48 function was inferred, it is suggested to describe an additional register stage after this function.  If the DSP48 was instantiated in the design, it is suggested to set the PREG attribute to 1.
Related violations: <none>

DPOP-1#12 Warning
PREG Output pipelining  
DSP FFT_Microblaze_i/FFT_Butterfly_Axi_Li_0/inst/FFT_Butterfly_Axi_Lite_v1_0_S00_AXI_inst/Main/genblk1[3].FFT_INSTANCE/FFT_Block/complex_multiply_inst/a_Re_b_Re_cmult/res_full output FFT_Microblaze_i/FFT_Butterfly_Axi_Li_0/inst/FFT_Butterfly_Axi_Lite_v1_0_S00_AXI_inst/Main/genblk1[3].FFT_INSTANCE/FFT_Block/complex_multiply_inst/a_Re_b_Re_cmult/res_full/P[47:0] is not pipelined (PREG=0). Pipelining the DSP48 output will improve performance and often saves power so it is suggested whenever possible to fully pipeline this function.  If this DSP48 function was inferred, it is suggested to describe an additional register stage after this function.  If the DSP48 was instantiated in the design, it is suggested to set the PREG attribute to 1.
Related violations: <none>

DPOP-2#1 Warning
MREG Output pipelining  
DSP FFT_Microblaze_i/FFT_Butterfly_Axi_Li_0/inst/FFT_Butterfly_Axi_Lite_v1_0_S00_AXI_inst/Main/genblk1[1].FFT_INSTANCE/FFT_Block/complex_multiply_inst/a_Im_b_Im_cmult/res_full multiplier stage FFT_Microblaze_i/FFT_Butterfly_Axi_Li_0/inst/FFT_Butterfly_Axi_Lite_v1_0_S00_AXI_inst/Main/genblk1[1].FFT_INSTANCE/FFT_Block/complex_multiply_inst/a_Im_b_Im_cmult/res_full/P[47:0] is not pipelined (MREG=0). Pipelining the multiplier function will improve performance and will save significant power so it is suggested whenever possible to fully pipeline this function.  If this multiplier was inferred, it is suggested to describe an additional register stage after this function.  If there is no registered adder/accumulator following the multiply function, two pipeline stages are suggested to allow both the MREG and PREG registers to be used.  If the DSP48 was instantiated in the design, it is suggested to set both the MREG and PREG attributes to 1 when performing multiply functions.
Related violations: <none>

DPOP-2#2 Warning
MREG Output pipelining  
DSP FFT_Microblaze_i/FFT_Butterfly_Axi_Li_0/inst/FFT_Butterfly_Axi_Lite_v1_0_S00_AXI_inst/Main/genblk1[1].FFT_INSTANCE/FFT_Block/complex_multiply_inst/a_Im_b_Re_cmult/res_full multiplier stage FFT_Microblaze_i/FFT_Butterfly_Axi_Li_0/inst/FFT_Butterfly_Axi_Lite_v1_0_S00_AXI_inst/Main/genblk1[1].FFT_INSTANCE/FFT_Block/complex_multiply_inst/a_Im_b_Re_cmult/res_full/P[47:0] is not pipelined (MREG=0). Pipelining the multiplier function will improve performance and will save significant power so it is suggested whenever possible to fully pipeline this function.  If this multiplier was inferred, it is suggested to describe an additional register stage after this function.  If there is no registered adder/accumulator following the multiply function, two pipeline stages are suggested to allow both the MREG and PREG registers to be used.  If the DSP48 was instantiated in the design, it is suggested to set both the MREG and PREG attributes to 1 when performing multiply functions.
Related violations: <none>

DPOP-2#3 Warning
MREG Output pipelining  
DSP FFT_Microblaze_i/FFT_Butterfly_Axi_Li_0/inst/FFT_Butterfly_Axi_Lite_v1_0_S00_AXI_inst/Main/genblk1[1].FFT_INSTANCE/FFT_Block/complex_multiply_inst/a_Re_b_Im_cmult/res_full multiplier stage FFT_Microblaze_i/FFT_Butterfly_Axi_Li_0/inst/FFT_Butterfly_Axi_Lite_v1_0_S00_AXI_inst/Main/genblk1[1].FFT_INSTANCE/FFT_Block/complex_multiply_inst/a_Re_b_Im_cmult/res_full/P[47:0] is not pipelined (MREG=0). Pipelining the multiplier function will improve performance and will save significant power so it is suggested whenever possible to fully pipeline this function.  If this multiplier was inferred, it is suggested to describe an additional register stage after this function.  If there is no registered adder/accumulator following the multiply function, two pipeline stages are suggested to allow both the MREG and PREG registers to be used.  If the DSP48 was instantiated in the design, it is suggested to set both the MREG and PREG attributes to 1 when performing multiply functions.
Related violations: <none>

DPOP-2#4 Warning
MREG Output pipelining  
DSP FFT_Microblaze_i/FFT_Butterfly_Axi_Li_0/inst/FFT_Butterfly_Axi_Lite_v1_0_S00_AXI_inst/Main/genblk1[1].FFT_INSTANCE/FFT_Block/complex_multiply_inst/a_Re_b_Re_cmult/res_full multiplier stage FFT_Microblaze_i/FFT_Butterfly_Axi_Li_0/inst/FFT_Butterfly_Axi_Lite_v1_0_S00_AXI_inst/Main/genblk1[1].FFT_INSTANCE/FFT_Block/complex_multiply_inst/a_Re_b_Re_cmult/res_full/P[47:0] is not pipelined (MREG=0). Pipelining the multiplier function will improve performance and will save significant power so it is suggested whenever possible to fully pipeline this function.  If this multiplier was inferred, it is suggested to describe an additional register stage after this function.  If there is no registered adder/accumulator following the multiply function, two pipeline stages are suggested to allow both the MREG and PREG registers to be used.  If the DSP48 was instantiated in the design, it is suggested to set both the MREG and PREG attributes to 1 when performing multiply functions.
Related violations: <none>

DPOP-2#5 Warning
MREG Output pipelining  
DSP FFT_Microblaze_i/FFT_Butterfly_Axi_Li_0/inst/FFT_Butterfly_Axi_Lite_v1_0_S00_AXI_inst/Main/genblk1[2].FFT_INSTANCE/FFT_Block/complex_multiply_inst/a_Im_b_Im_cmult/res_full multiplier stage FFT_Microblaze_i/FFT_Butterfly_Axi_Li_0/inst/FFT_Butterfly_Axi_Lite_v1_0_S00_AXI_inst/Main/genblk1[2].FFT_INSTANCE/FFT_Block/complex_multiply_inst/a_Im_b_Im_cmult/res_full/P[47:0] is not pipelined (MREG=0). Pipelining the multiplier function will improve performance and will save significant power so it is suggested whenever possible to fully pipeline this function.  If this multiplier was inferred, it is suggested to describe an additional register stage after this function.  If there is no registered adder/accumulator following the multiply function, two pipeline stages are suggested to allow both the MREG and PREG registers to be used.  If the DSP48 was instantiated in the design, it is suggested to set both the MREG and PREG attributes to 1 when performing multiply functions.
Related violations: <none>

DPOP-2#6 Warning
MREG Output pipelining  
DSP FFT_Microblaze_i/FFT_Butterfly_Axi_Li_0/inst/FFT_Butterfly_Axi_Lite_v1_0_S00_AXI_inst/Main/genblk1[2].FFT_INSTANCE/FFT_Block/complex_multiply_inst/a_Im_b_Re_cmult/res_full multiplier stage FFT_Microblaze_i/FFT_Butterfly_Axi_Li_0/inst/FFT_Butterfly_Axi_Lite_v1_0_S00_AXI_inst/Main/genblk1[2].FFT_INSTANCE/FFT_Block/complex_multiply_inst/a_Im_b_Re_cmult/res_full/P[47:0] is not pipelined (MREG=0). Pipelining the multiplier function will improve performance and will save significant power so it is suggested whenever possible to fully pipeline this function.  If this multiplier was inferred, it is suggested to describe an additional register stage after this function.  If there is no registered adder/accumulator following the multiply function, two pipeline stages are suggested to allow both the MREG and PREG registers to be used.  If the DSP48 was instantiated in the design, it is suggested to set both the MREG and PREG attributes to 1 when performing multiply functions.
Related violations: <none>

DPOP-2#7 Warning
MREG Output pipelining  
DSP FFT_Microblaze_i/FFT_Butterfly_Axi_Li_0/inst/FFT_Butterfly_Axi_Lite_v1_0_S00_AXI_inst/Main/genblk1[2].FFT_INSTANCE/FFT_Block/complex_multiply_inst/a_Re_b_Im_cmult/res_full multiplier stage FFT_Microblaze_i/FFT_Butterfly_Axi_Li_0/inst/FFT_Butterfly_Axi_Lite_v1_0_S00_AXI_inst/Main/genblk1[2].FFT_INSTANCE/FFT_Block/complex_multiply_inst/a_Re_b_Im_cmult/res_full/P[47:0] is not pipelined (MREG=0). Pipelining the multiplier function will improve performance and will save significant power so it is suggested whenever possible to fully pipeline this function.  If this multiplier was inferred, it is suggested to describe an additional register stage after this function.  If there is no registered adder/accumulator following the multiply function, two pipeline stages are suggested to allow both the MREG and PREG registers to be used.  If the DSP48 was instantiated in the design, it is suggested to set both the MREG and PREG attributes to 1 when performing multiply functions.
Related violations: <none>

DPOP-2#8 Warning
MREG Output pipelining  
DSP FFT_Microblaze_i/FFT_Butterfly_Axi_Li_0/inst/FFT_Butterfly_Axi_Lite_v1_0_S00_AXI_inst/Main/genblk1[2].FFT_INSTANCE/FFT_Block/complex_multiply_inst/a_Re_b_Re_cmult/res_full multiplier stage FFT_Microblaze_i/FFT_Butterfly_Axi_Li_0/inst/FFT_Butterfly_Axi_Lite_v1_0_S00_AXI_inst/Main/genblk1[2].FFT_INSTANCE/FFT_Block/complex_multiply_inst/a_Re_b_Re_cmult/res_full/P[47:0] is not pipelined (MREG=0). Pipelining the multiplier function will improve performance and will save significant power so it is suggested whenever possible to fully pipeline this function.  If this multiplier was inferred, it is suggested to describe an additional register stage after this function.  If there is no registered adder/accumulator following the multiply function, two pipeline stages are suggested to allow both the MREG and PREG registers to be used.  If the DSP48 was instantiated in the design, it is suggested to set both the MREG and PREG attributes to 1 when performing multiply functions.
Related violations: <none>

DPOP-2#9 Warning
MREG Output pipelining  
DSP FFT_Microblaze_i/FFT_Butterfly_Axi_Li_0/inst/FFT_Butterfly_Axi_Lite_v1_0_S00_AXI_inst/Main/genblk1[3].FFT_INSTANCE/FFT_Block/complex_multiply_inst/a_Im_b_Im_cmult/res_full multiplier stage FFT_Microblaze_i/FFT_Butterfly_Axi_Li_0/inst/FFT_Butterfly_Axi_Lite_v1_0_S00_AXI_inst/Main/genblk1[3].FFT_INSTANCE/FFT_Block/complex_multiply_inst/a_Im_b_Im_cmult/res_full/P[47:0] is not pipelined (MREG=0). Pipelining the multiplier function will improve performance and will save significant power so it is suggested whenever possible to fully pipeline this function.  If this multiplier was inferred, it is suggested to describe an additional register stage after this function.  If there is no registered adder/accumulator following the multiply function, two pipeline stages are suggested to allow both the MREG and PREG registers to be used.  If the DSP48 was instantiated in the design, it is suggested to set both the MREG and PREG attributes to 1 when performing multiply functions.
Related violations: <none>

DPOP-2#10 Warning
MREG Output pipelining  
DSP FFT_Microblaze_i/FFT_Butterfly_Axi_Li_0/inst/FFT_Butterfly_Axi_Lite_v1_0_S00_AXI_inst/Main/genblk1[3].FFT_INSTANCE/FFT_Block/complex_multiply_inst/a_Im_b_Re_cmult/res_full multiplier stage FFT_Microblaze_i/FFT_Butterfly_Axi_Li_0/inst/FFT_Butterfly_Axi_Lite_v1_0_S00_AXI_inst/Main/genblk1[3].FFT_INSTANCE/FFT_Block/complex_multiply_inst/a_Im_b_Re_cmult/res_full/P[47:0] is not pipelined (MREG=0). Pipelining the multiplier function will improve performance and will save significant power so it is suggested whenever possible to fully pipeline this function.  If this multiplier was inferred, it is suggested to describe an additional register stage after this function.  If there is no registered adder/accumulator following the multiply function, two pipeline stages are suggested to allow both the MREG and PREG registers to be used.  If the DSP48 was instantiated in the design, it is suggested to set both the MREG and PREG attributes to 1 when performing multiply functions.
Related violations: <none>

DPOP-2#11 Warning
MREG Output pipelining  
DSP FFT_Microblaze_i/FFT_Butterfly_Axi_Li_0/inst/FFT_Butterfly_Axi_Lite_v1_0_S00_AXI_inst/Main/genblk1[3].FFT_INSTANCE/FFT_Block/complex_multiply_inst/a_Re_b_Im_cmult/res_full multiplier stage FFT_Microblaze_i/FFT_Butterfly_Axi_Li_0/inst/FFT_Butterfly_Axi_Lite_v1_0_S00_AXI_inst/Main/genblk1[3].FFT_INSTANCE/FFT_Block/complex_multiply_inst/a_Re_b_Im_cmult/res_full/P[47:0] is not pipelined (MREG=0). Pipelining the multiplier function will improve performance and will save significant power so it is suggested whenever possible to fully pipeline this function.  If this multiplier was inferred, it is suggested to describe an additional register stage after this function.  If there is no registered adder/accumulator following the multiply function, two pipeline stages are suggested to allow both the MREG and PREG registers to be used.  If the DSP48 was instantiated in the design, it is suggested to set both the MREG and PREG attributes to 1 when performing multiply functions.
Related violations: <none>

DPOP-2#12 Warning
MREG Output pipelining  
DSP FFT_Microblaze_i/FFT_Butterfly_Axi_Li_0/inst/FFT_Butterfly_Axi_Lite_v1_0_S00_AXI_inst/Main/genblk1[3].FFT_INSTANCE/FFT_Block/complex_multiply_inst/a_Re_b_Re_cmult/res_full multiplier stage FFT_Microblaze_i/FFT_Butterfly_Axi_Li_0/inst/FFT_Butterfly_Axi_Lite_v1_0_S00_AXI_inst/Main/genblk1[3].FFT_INSTANCE/FFT_Block/complex_multiply_inst/a_Re_b_Re_cmult/res_full/P[47:0] is not pipelined (MREG=0). Pipelining the multiplier function will improve performance and will save significant power so it is suggested whenever possible to fully pipeline this function.  If this multiplier was inferred, it is suggested to describe an additional register stage after this function.  If there is no registered adder/accumulator following the multiply function, two pipeline stages are suggested to allow both the MREG and PREG registers to be used.  If the DSP48 was instantiated in the design, it is suggested to set both the MREG and PREG attributes to 1 when performing multiply functions.
Related violations: <none>

PDRC-153#1 Warning
Gated clock check  
Net FFT_Microblaze_i/FFT_Butterfly_Axi_Li_0/inst/FFT_Butterfly_Axi_Lite_v1_0_S00_AXI_inst/Main/First_Stage/Data_Output_Buffer_reg[11][Re][5]_i_2_n_0 is a gated clock net sourced by a combinational pin FFT_Microblaze_i/FFT_Butterfly_Axi_Li_0/inst/FFT_Butterfly_Axi_Lite_v1_0_S00_AXI_inst/Main/First_Stage/Data_Output_Buffer_reg[11][Re][5]_i_2/O, cell FFT_Microblaze_i/FFT_Butterfly_Axi_Li_0/inst/FFT_Butterfly_Axi_Lite_v1_0_S00_AXI_inst/Main/First_Stage/Data_Output_Buffer_reg[11][Re][5]_i_2. This is not good design practice and will likely impact performance. For SLICE registers, for example, use the CE pin to control the loading of data.
Related violations: <none>

PDRC-153#2 Warning
Gated clock check  
Net FFT_Microblaze_i/FFT_Butterfly_Axi_Li_0/inst/FFT_Butterfly_Axi_Lite_v1_0_S00_AXI_inst/Main/First_Stage/Data_Output_Buffer_reg[13][Re][5]_i_2_n_0 is a gated clock net sourced by a combinational pin FFT_Microblaze_i/FFT_Butterfly_Axi_Li_0/inst/FFT_Butterfly_Axi_Lite_v1_0_S00_AXI_inst/Main/First_Stage/Data_Output_Buffer_reg[13][Re][5]_i_2/O, cell FFT_Microblaze_i/FFT_Butterfly_Axi_Li_0/inst/FFT_Butterfly_Axi_Lite_v1_0_S00_AXI_inst/Main/First_Stage/Data_Output_Buffer_reg[13][Re][5]_i_2. This is not good design practice and will likely impact performance. For SLICE registers, for example, use the CE pin to control the loading of data.
Related violations: <none>

PDRC-153#3 Warning
Gated clock check  
Net FFT_Microblaze_i/FFT_Butterfly_Axi_Li_0/inst/FFT_Butterfly_Axi_Lite_v1_0_S00_AXI_inst/Main/First_Stage/Data_Output_Buffer_reg[15][Re][5]_i_2_n_0 is a gated clock net sourced by a combinational pin FFT_Microblaze_i/FFT_Butterfly_Axi_Li_0/inst/FFT_Butterfly_Axi_Lite_v1_0_S00_AXI_inst/Main/First_Stage/Data_Output_Buffer_reg[15][Re][5]_i_2/O, cell FFT_Microblaze_i/FFT_Butterfly_Axi_Li_0/inst/FFT_Butterfly_Axi_Lite_v1_0_S00_AXI_inst/Main/First_Stage/Data_Output_Buffer_reg[15][Re][5]_i_2. This is not good design practice and will likely impact performance. For SLICE registers, for example, use the CE pin to control the loading of data.
Related violations: <none>

PDRC-153#4 Warning
Gated clock check  
Net FFT_Microblaze_i/FFT_Butterfly_Axi_Li_0/inst/FFT_Butterfly_Axi_Lite_v1_0_S00_AXI_inst/Main/First_Stage/Data_Output_Buffer_reg[1][Re][5]_i_2_n_0 is a gated clock net sourced by a combinational pin FFT_Microblaze_i/FFT_Butterfly_Axi_Li_0/inst/FFT_Butterfly_Axi_Lite_v1_0_S00_AXI_inst/Main/First_Stage/Data_Output_Buffer_reg[1][Re][5]_i_2/O, cell FFT_Microblaze_i/FFT_Butterfly_Axi_Li_0/inst/FFT_Butterfly_Axi_Lite_v1_0_S00_AXI_inst/Main/First_Stage/Data_Output_Buffer_reg[1][Re][5]_i_2. This is not good design practice and will likely impact performance. For SLICE registers, for example, use the CE pin to control the loading of data.
Related violations: <none>

PDRC-153#5 Warning
Gated clock check  
Net FFT_Microblaze_i/FFT_Butterfly_Axi_Li_0/inst/FFT_Butterfly_Axi_Lite_v1_0_S00_AXI_inst/Main/First_Stage/Data_Output_Buffer_reg[3][Re][5]_i_2_n_0 is a gated clock net sourced by a combinational pin FFT_Microblaze_i/FFT_Butterfly_Axi_Li_0/inst/FFT_Butterfly_Axi_Lite_v1_0_S00_AXI_inst/Main/First_Stage/Data_Output_Buffer_reg[3][Re][5]_i_2/O, cell FFT_Microblaze_i/FFT_Butterfly_Axi_Li_0/inst/FFT_Butterfly_Axi_Lite_v1_0_S00_AXI_inst/Main/First_Stage/Data_Output_Buffer_reg[3][Re][5]_i_2. This is not good design practice and will likely impact performance. For SLICE registers, for example, use the CE pin to control the loading of data.
Related violations: <none>

PDRC-153#6 Warning
Gated clock check  
Net FFT_Microblaze_i/FFT_Butterfly_Axi_Li_0/inst/FFT_Butterfly_Axi_Lite_v1_0_S00_AXI_inst/Main/First_Stage/Data_Output_Buffer_reg[5][Re][5]_i_2_n_0 is a gated clock net sourced by a combinational pin FFT_Microblaze_i/FFT_Butterfly_Axi_Li_0/inst/FFT_Butterfly_Axi_Lite_v1_0_S00_AXI_inst/Main/First_Stage/Data_Output_Buffer_reg[5][Re][5]_i_2/O, cell FFT_Microblaze_i/FFT_Butterfly_Axi_Li_0/inst/FFT_Butterfly_Axi_Lite_v1_0_S00_AXI_inst/Main/First_Stage/Data_Output_Buffer_reg[5][Re][5]_i_2. This is not good design practice and will likely impact performance. For SLICE registers, for example, use the CE pin to control the loading of data.
Related violations: <none>

PDRC-153#7 Warning
Gated clock check  
Net FFT_Microblaze_i/FFT_Butterfly_Axi_Li_0/inst/FFT_Butterfly_Axi_Lite_v1_0_S00_AXI_inst/Main/First_Stage/Data_Output_Buffer_reg[7][Re][5]_i_2_n_0 is a gated clock net sourced by a combinational pin FFT_Microblaze_i/FFT_Butterfly_Axi_Li_0/inst/FFT_Butterfly_Axi_Lite_v1_0_S00_AXI_inst/Main/First_Stage/Data_Output_Buffer_reg[7][Re][5]_i_2/O, cell FFT_Microblaze_i/FFT_Butterfly_Axi_Li_0/inst/FFT_Butterfly_Axi_Lite_v1_0_S00_AXI_inst/Main/First_Stage/Data_Output_Buffer_reg[7][Re][5]_i_2. This is not good design practice and will likely impact performance. For SLICE registers, for example, use the CE pin to control the loading of data.
Related violations: <none>

PDRC-153#8 Warning
Gated clock check  
Net FFT_Microblaze_i/FFT_Butterfly_Axi_Li_0/inst/FFT_Butterfly_Axi_Lite_v1_0_S00_AXI_inst/Main/First_Stage/Data_Output_Buffer_reg[9][Re][5]_i_2_n_0 is a gated clock net sourced by a combinational pin FFT_Microblaze_i/FFT_Butterfly_Axi_Li_0/inst/FFT_Butterfly_Axi_Lite_v1_0_S00_AXI_inst/Main/First_Stage/Data_Output_Buffer_reg[9][Re][5]_i_2/O, cell FFT_Microblaze_i/FFT_Butterfly_Axi_Li_0/inst/FFT_Butterfly_Axi_Lite_v1_0_S00_AXI_inst/Main/First_Stage/Data_Output_Buffer_reg[9][Re][5]_i_2. This is not good design practice and will likely impact performance. For SLICE registers, for example, use the CE pin to control the loading of data.
Related violations: <none>

PDRC-153#9 Warning
Gated clock check  
Net FFT_Microblaze_i/FFT_Butterfly_Axi_Li_0/inst/FFT_Butterfly_Axi_Lite_v1_0_S00_AXI_inst/Main/genblk1[1].FFT_INSTANCE/Data_Output_Buffer_reg[0][Re]__0__0 is a gated clock net sourced by a combinational pin FFT_Microblaze_i/FFT_Butterfly_Axi_Li_0/inst/FFT_Butterfly_Axi_Lite_v1_0_S00_AXI_inst/Main/genblk1[1].FFT_INSTANCE/Data_Output_Buffer_reg[0][Re][5]_i_1/O, cell FFT_Microblaze_i/FFT_Butterfly_Axi_Li_0/inst/FFT_Butterfly_Axi_Lite_v1_0_S00_AXI_inst/Main/genblk1[1].FFT_INSTANCE/Data_Output_Buffer_reg[0][Re][5]_i_1. This is not good design practice and will likely impact performance. For SLICE registers, for example, use the CE pin to control the loading of data.
Related violations: <none>

PDRC-153#10 Warning
Gated clock check  
Net FFT_Microblaze_i/FFT_Butterfly_Axi_Li_0/inst/FFT_Butterfly_Axi_Lite_v1_0_S00_AXI_inst/Main/genblk1[1].FFT_INSTANCE/Data_Output_Buffer_reg[10][Re][5]_i_2_n_0 is a gated clock net sourced by a combinational pin FFT_Microblaze_i/FFT_Butterfly_Axi_Li_0/inst/FFT_Butterfly_Axi_Lite_v1_0_S00_AXI_inst/Main/genblk1[1].FFT_INSTANCE/Data_Output_Buffer_reg[10][Re][5]_i_2/O, cell FFT_Microblaze_i/FFT_Butterfly_Axi_Li_0/inst/FFT_Butterfly_Axi_Lite_v1_0_S00_AXI_inst/Main/genblk1[1].FFT_INSTANCE/Data_Output_Buffer_reg[10][Re][5]_i_2. This is not good design practice and will likely impact performance. For SLICE registers, for example, use the CE pin to control the loading of data.
Related violations: <none>

PDRC-153#11 Warning
Gated clock check  
Net FFT_Microblaze_i/FFT_Butterfly_Axi_Li_0/inst/FFT_Butterfly_Axi_Lite_v1_0_S00_AXI_inst/Main/genblk1[1].FFT_INSTANCE/Data_Output_Buffer_reg[11][Re][5]_i_2__0_n_0 is a gated clock net sourced by a combinational pin FFT_Microblaze_i/FFT_Butterfly_Axi_Li_0/inst/FFT_Butterfly_Axi_Lite_v1_0_S00_AXI_inst/Main/genblk1[1].FFT_INSTANCE/Data_Output_Buffer_reg[11][Re][5]_i_2__0/O, cell FFT_Microblaze_i/FFT_Butterfly_Axi_Li_0/inst/FFT_Butterfly_Axi_Lite_v1_0_S00_AXI_inst/Main/genblk1[1].FFT_INSTANCE/Data_Output_Buffer_reg[11][Re][5]_i_2__0. This is not good design practice and will likely impact performance. For SLICE registers, for example, use the CE pin to control the loading of data.
Related violations: <none>

PDRC-153#12 Warning
Gated clock check  
Net FFT_Microblaze_i/FFT_Butterfly_Axi_Li_0/inst/FFT_Butterfly_Axi_Lite_v1_0_S00_AXI_inst/Main/genblk1[1].FFT_INSTANCE/Data_Output_Buffer_reg[12][Re][5]_i_2_n_0 is a gated clock net sourced by a combinational pin FFT_Microblaze_i/FFT_Butterfly_Axi_Li_0/inst/FFT_Butterfly_Axi_Lite_v1_0_S00_AXI_inst/Main/genblk1[1].FFT_INSTANCE/Data_Output_Buffer_reg[12][Re][5]_i_2/O, cell FFT_Microblaze_i/FFT_Butterfly_Axi_Li_0/inst/FFT_Butterfly_Axi_Lite_v1_0_S00_AXI_inst/Main/genblk1[1].FFT_INSTANCE/Data_Output_Buffer_reg[12][Re][5]_i_2. This is not good design practice and will likely impact performance. For SLICE registers, for example, use the CE pin to control the loading of data.
Related violations: <none>

PDRC-153#13 Warning
Gated clock check  
Net FFT_Microblaze_i/FFT_Butterfly_Axi_Li_0/inst/FFT_Butterfly_Axi_Lite_v1_0_S00_AXI_inst/Main/genblk1[1].FFT_INSTANCE/Data_Output_Buffer_reg[13][Re][5]_i_2__0_n_0 is a gated clock net sourced by a combinational pin FFT_Microblaze_i/FFT_Butterfly_Axi_Li_0/inst/FFT_Butterfly_Axi_Lite_v1_0_S00_AXI_inst/Main/genblk1[1].FFT_INSTANCE/Data_Output_Buffer_reg[13][Re][5]_i_2__0/O, cell FFT_Microblaze_i/FFT_Butterfly_Axi_Li_0/inst/FFT_Butterfly_Axi_Lite_v1_0_S00_AXI_inst/Main/genblk1[1].FFT_INSTANCE/Data_Output_Buffer_reg[13][Re][5]_i_2__0. This is not good design practice and will likely impact performance. For SLICE registers, for example, use the CE pin to control the loading of data.
Related violations: <none>

PDRC-153#14 Warning
Gated clock check  
Net FFT_Microblaze_i/FFT_Butterfly_Axi_Li_0/inst/FFT_Butterfly_Axi_Lite_v1_0_S00_AXI_inst/Main/genblk1[1].FFT_INSTANCE/Data_Output_Buffer_reg[14][Re][5]_i_2_n_0 is a gated clock net sourced by a combinational pin FFT_Microblaze_i/FFT_Butterfly_Axi_Li_0/inst/FFT_Butterfly_Axi_Lite_v1_0_S00_AXI_inst/Main/genblk1[1].FFT_INSTANCE/Data_Output_Buffer_reg[14][Re][5]_i_2/O, cell FFT_Microblaze_i/FFT_Butterfly_Axi_Li_0/inst/FFT_Butterfly_Axi_Lite_v1_0_S00_AXI_inst/Main/genblk1[1].FFT_INSTANCE/Data_Output_Buffer_reg[14][Re][5]_i_2. This is not good design practice and will likely impact performance. For SLICE registers, for example, use the CE pin to control the loading of data.
Related violations: <none>

PDRC-153#15 Warning
Gated clock check  
Net FFT_Microblaze_i/FFT_Butterfly_Axi_Li_0/inst/FFT_Butterfly_Axi_Lite_v1_0_S00_AXI_inst/Main/genblk1[1].FFT_INSTANCE/Data_Output_Buffer_reg[15][Re][5]_i_2__0_n_0 is a gated clock net sourced by a combinational pin FFT_Microblaze_i/FFT_Butterfly_Axi_Li_0/inst/FFT_Butterfly_Axi_Lite_v1_0_S00_AXI_inst/Main/genblk1[1].FFT_INSTANCE/Data_Output_Buffer_reg[15][Re][5]_i_2__0/O, cell FFT_Microblaze_i/FFT_Butterfly_Axi_Li_0/inst/FFT_Butterfly_Axi_Lite_v1_0_S00_AXI_inst/Main/genblk1[1].FFT_INSTANCE/Data_Output_Buffer_reg[15][Re][5]_i_2__0. This is not good design practice and will likely impact performance. For SLICE registers, for example, use the CE pin to control the loading of data.
Related violations: <none>

PDRC-153#16 Warning
Gated clock check  
Net FFT_Microblaze_i/FFT_Butterfly_Axi_Li_0/inst/FFT_Butterfly_Axi_Lite_v1_0_S00_AXI_inst/Main/genblk1[1].FFT_INSTANCE/Data_Output_Buffer_reg[1][Re]__0__0 is a gated clock net sourced by a combinational pin FFT_Microblaze_i/FFT_Butterfly_Axi_Li_0/inst/FFT_Butterfly_Axi_Lite_v1_0_S00_AXI_inst/Main/genblk1[1].FFT_INSTANCE/Data_Output_Buffer_reg[1][Re][5]_i_1__0/O, cell FFT_Microblaze_i/FFT_Butterfly_Axi_Li_0/inst/FFT_Butterfly_Axi_Lite_v1_0_S00_AXI_inst/Main/genblk1[1].FFT_INSTANCE/Data_Output_Buffer_reg[1][Re][5]_i_1__0. This is not good design practice and will likely impact performance. For SLICE registers, for example, use the CE pin to control the loading of data.
Related violations: <none>

PDRC-153#17 Warning
Gated clock check  
Net FFT_Microblaze_i/FFT_Butterfly_Axi_Li_0/inst/FFT_Butterfly_Axi_Lite_v1_0_S00_AXI_inst/Main/genblk1[1].FFT_INSTANCE/Data_Output_Buffer_reg[2][Re][5]_i_2_n_0 is a gated clock net sourced by a combinational pin FFT_Microblaze_i/FFT_Butterfly_Axi_Li_0/inst/FFT_Butterfly_Axi_Lite_v1_0_S00_AXI_inst/Main/genblk1[1].FFT_INSTANCE/Data_Output_Buffer_reg[2][Re][5]_i_2/O, cell FFT_Microblaze_i/FFT_Butterfly_Axi_Li_0/inst/FFT_Butterfly_Axi_Lite_v1_0_S00_AXI_inst/Main/genblk1[1].FFT_INSTANCE/Data_Output_Buffer_reg[2][Re][5]_i_2. This is not good design practice and will likely impact performance. For SLICE registers, for example, use the CE pin to control the loading of data.
Related violations: <none>

PDRC-153#18 Warning
Gated clock check  
Net FFT_Microblaze_i/FFT_Butterfly_Axi_Li_0/inst/FFT_Butterfly_Axi_Lite_v1_0_S00_AXI_inst/Main/genblk1[1].FFT_INSTANCE/Data_Output_Buffer_reg[3][Re][5]_i_2__0_n_0 is a gated clock net sourced by a combinational pin FFT_Microblaze_i/FFT_Butterfly_Axi_Li_0/inst/FFT_Butterfly_Axi_Lite_v1_0_S00_AXI_inst/Main/genblk1[1].FFT_INSTANCE/Data_Output_Buffer_reg[3][Re][5]_i_2__0/O, cell FFT_Microblaze_i/FFT_Butterfly_Axi_Li_0/inst/FFT_Butterfly_Axi_Lite_v1_0_S00_AXI_inst/Main/genblk1[1].FFT_INSTANCE/Data_Output_Buffer_reg[3][Re][5]_i_2__0. This is not good design practice and will likely impact performance. For SLICE registers, for example, use the CE pin to control the loading of data.
Related violations: <none>

PDRC-153#19 Warning
Gated clock check  
Net FFT_Microblaze_i/FFT_Butterfly_Axi_Li_0/inst/FFT_Butterfly_Axi_Lite_v1_0_S00_AXI_inst/Main/genblk1[1].FFT_INSTANCE/Data_Output_Buffer_reg[4][Re][5]_i_2_n_0 is a gated clock net sourced by a combinational pin FFT_Microblaze_i/FFT_Butterfly_Axi_Li_0/inst/FFT_Butterfly_Axi_Lite_v1_0_S00_AXI_inst/Main/genblk1[1].FFT_INSTANCE/Data_Output_Buffer_reg[4][Re][5]_i_2/O, cell FFT_Microblaze_i/FFT_Butterfly_Axi_Li_0/inst/FFT_Butterfly_Axi_Lite_v1_0_S00_AXI_inst/Main/genblk1[1].FFT_INSTANCE/Data_Output_Buffer_reg[4][Re][5]_i_2. This is not good design practice and will likely impact performance. For SLICE registers, for example, use the CE pin to control the loading of data.
Related violations: <none>

PDRC-153#20 Warning
Gated clock check  
Net FFT_Microblaze_i/FFT_Butterfly_Axi_Li_0/inst/FFT_Butterfly_Axi_Lite_v1_0_S00_AXI_inst/Main/genblk1[1].FFT_INSTANCE/Data_Output_Buffer_reg[5][Re][5]_i_2__0_n_0 is a gated clock net sourced by a combinational pin FFT_Microblaze_i/FFT_Butterfly_Axi_Li_0/inst/FFT_Butterfly_Axi_Lite_v1_0_S00_AXI_inst/Main/genblk1[1].FFT_INSTANCE/Data_Output_Buffer_reg[5][Re][5]_i_2__0/O, cell FFT_Microblaze_i/FFT_Butterfly_Axi_Li_0/inst/FFT_Butterfly_Axi_Lite_v1_0_S00_AXI_inst/Main/genblk1[1].FFT_INSTANCE/Data_Output_Buffer_reg[5][Re][5]_i_2__0. This is not good design practice and will likely impact performance. For SLICE registers, for example, use the CE pin to control the loading of data.
Related violations: <none>

PDRC-153#21 Warning
Gated clock check  
Net FFT_Microblaze_i/FFT_Butterfly_Axi_Li_0/inst/FFT_Butterfly_Axi_Lite_v1_0_S00_AXI_inst/Main/genblk1[1].FFT_INSTANCE/Data_Output_Buffer_reg[6][Re][5]_i_2_n_0 is a gated clock net sourced by a combinational pin FFT_Microblaze_i/FFT_Butterfly_Axi_Li_0/inst/FFT_Butterfly_Axi_Lite_v1_0_S00_AXI_inst/Main/genblk1[1].FFT_INSTANCE/Data_Output_Buffer_reg[6][Re][5]_i_2/O, cell FFT_Microblaze_i/FFT_Butterfly_Axi_Li_0/inst/FFT_Butterfly_Axi_Lite_v1_0_S00_AXI_inst/Main/genblk1[1].FFT_INSTANCE/Data_Output_Buffer_reg[6][Re][5]_i_2. This is not good design practice and will likely impact performance. For SLICE registers, for example, use the CE pin to control the loading of data.
Related violations: <none>

PDRC-153#22 Warning
Gated clock check  
Net FFT_Microblaze_i/FFT_Butterfly_Axi_Li_0/inst/FFT_Butterfly_Axi_Lite_v1_0_S00_AXI_inst/Main/genblk1[1].FFT_INSTANCE/Data_Output_Buffer_reg[7][Re][5]_i_2__0_n_0 is a gated clock net sourced by a combinational pin FFT_Microblaze_i/FFT_Butterfly_Axi_Li_0/inst/FFT_Butterfly_Axi_Lite_v1_0_S00_AXI_inst/Main/genblk1[1].FFT_INSTANCE/Data_Output_Buffer_reg[7][Re][5]_i_2__0/O, cell FFT_Microblaze_i/FFT_Butterfly_Axi_Li_0/inst/FFT_Butterfly_Axi_Lite_v1_0_S00_AXI_inst/Main/genblk1[1].FFT_INSTANCE/Data_Output_Buffer_reg[7][Re][5]_i_2__0. This is not good design practice and will likely impact performance. For SLICE registers, for example, use the CE pin to control the loading of data.
Related violations: <none>

PDRC-153#23 Warning
Gated clock check  
Net FFT_Microblaze_i/FFT_Butterfly_Axi_Li_0/inst/FFT_Butterfly_Axi_Lite_v1_0_S00_AXI_inst/Main/genblk1[1].FFT_INSTANCE/Data_Output_Buffer_reg[8][Re][5]_i_2_n_0 is a gated clock net sourced by a combinational pin FFT_Microblaze_i/FFT_Butterfly_Axi_Li_0/inst/FFT_Butterfly_Axi_Lite_v1_0_S00_AXI_inst/Main/genblk1[1].FFT_INSTANCE/Data_Output_Buffer_reg[8][Re][5]_i_2/O, cell FFT_Microblaze_i/FFT_Butterfly_Axi_Li_0/inst/FFT_Butterfly_Axi_Lite_v1_0_S00_AXI_inst/Main/genblk1[1].FFT_INSTANCE/Data_Output_Buffer_reg[8][Re][5]_i_2. This is not good design practice and will likely impact performance. For SLICE registers, for example, use the CE pin to control the loading of data.
Related violations: <none>

PDRC-153#24 Warning
Gated clock check  
Net FFT_Microblaze_i/FFT_Butterfly_Axi_Li_0/inst/FFT_Butterfly_Axi_Lite_v1_0_S00_AXI_inst/Main/genblk1[1].FFT_INSTANCE/Data_Output_Buffer_reg[9][Re][5]_i_2__0_n_0 is a gated clock net sourced by a combinational pin FFT_Microblaze_i/FFT_Butterfly_Axi_Li_0/inst/FFT_Butterfly_Axi_Lite_v1_0_S00_AXI_inst/Main/genblk1[1].FFT_INSTANCE/Data_Output_Buffer_reg[9][Re][5]_i_2__0/O, cell FFT_Microblaze_i/FFT_Butterfly_Axi_Li_0/inst/FFT_Butterfly_Axi_Lite_v1_0_S00_AXI_inst/Main/genblk1[1].FFT_INSTANCE/Data_Output_Buffer_reg[9][Re][5]_i_2__0. This is not good design practice and will likely impact performance. For SLICE registers, for example, use the CE pin to control the loading of data.
Related violations: <none>

PDRC-153#25 Warning
Gated clock check  
Net FFT_Microblaze_i/FFT_Butterfly_Axi_Li_0/inst/FFT_Butterfly_Axi_Lite_v1_0_S00_AXI_inst/Main/genblk1[2].FFT_INSTANCE/Data_Output_Buffer_reg[0][Re]__0 is a gated clock net sourced by a combinational pin FFT_Microblaze_i/FFT_Butterfly_Axi_Li_0/inst/FFT_Butterfly_Axi_Lite_v1_0_S00_AXI_inst/Main/genblk1[2].FFT_INSTANCE/Data_Output_Buffer_reg[0][Re][5]_i_1__0/O, cell FFT_Microblaze_i/FFT_Butterfly_Axi_Li_0/inst/FFT_Butterfly_Axi_Lite_v1_0_S00_AXI_inst/Main/genblk1[2].FFT_INSTANCE/Data_Output_Buffer_reg[0][Re][5]_i_1__0. This is not good design practice and will likely impact performance. For SLICE registers, for example, use the CE pin to control the loading of data.
Related violations: <none>

PDRC-153#26 Warning
Gated clock check  
Net FFT_Microblaze_i/FFT_Butterfly_Axi_Li_0/inst/FFT_Butterfly_Axi_Lite_v1_0_S00_AXI_inst/Main/genblk1[2].FFT_INSTANCE/Data_Output_Buffer_reg[10][Re][5]_i_2__0_n_0 is a gated clock net sourced by a combinational pin FFT_Microblaze_i/FFT_Butterfly_Axi_Li_0/inst/FFT_Butterfly_Axi_Lite_v1_0_S00_AXI_inst/Main/genblk1[2].FFT_INSTANCE/Data_Output_Buffer_reg[10][Re][5]_i_2__0/O, cell FFT_Microblaze_i/FFT_Butterfly_Axi_Li_0/inst/FFT_Butterfly_Axi_Lite_v1_0_S00_AXI_inst/Main/genblk1[2].FFT_INSTANCE/Data_Output_Buffer_reg[10][Re][5]_i_2__0. This is not good design practice and will likely impact performance. For SLICE registers, for example, use the CE pin to control the loading of data.
Related violations: <none>

PDRC-153#27 Warning
Gated clock check  
Net FFT_Microblaze_i/FFT_Butterfly_Axi_Li_0/inst/FFT_Butterfly_Axi_Lite_v1_0_S00_AXI_inst/Main/genblk1[2].FFT_INSTANCE/Data_Output_Buffer_reg[11][Re][5]_i_2__1_n_0 is a gated clock net sourced by a combinational pin FFT_Microblaze_i/FFT_Butterfly_Axi_Li_0/inst/FFT_Butterfly_Axi_Lite_v1_0_S00_AXI_inst/Main/genblk1[2].FFT_INSTANCE/Data_Output_Buffer_reg[11][Re][5]_i_2__1/O, cell FFT_Microblaze_i/FFT_Butterfly_Axi_Li_0/inst/FFT_Butterfly_Axi_Lite_v1_0_S00_AXI_inst/Main/genblk1[2].FFT_INSTANCE/Data_Output_Buffer_reg[11][Re][5]_i_2__1. This is not good design practice and will likely impact performance. For SLICE registers, for example, use the CE pin to control the loading of data.
Related violations: <none>

PDRC-153#28 Warning
Gated clock check  
Net FFT_Microblaze_i/FFT_Butterfly_Axi_Li_0/inst/FFT_Butterfly_Axi_Lite_v1_0_S00_AXI_inst/Main/genblk1[2].FFT_INSTANCE/Data_Output_Buffer_reg[12][Re][5]_i_2__0_n_0 is a gated clock net sourced by a combinational pin FFT_Microblaze_i/FFT_Butterfly_Axi_Li_0/inst/FFT_Butterfly_Axi_Lite_v1_0_S00_AXI_inst/Main/genblk1[2].FFT_INSTANCE/Data_Output_Buffer_reg[12][Re][5]_i_2__0/O, cell FFT_Microblaze_i/FFT_Butterfly_Axi_Li_0/inst/FFT_Butterfly_Axi_Lite_v1_0_S00_AXI_inst/Main/genblk1[2].FFT_INSTANCE/Data_Output_Buffer_reg[12][Re][5]_i_2__0. This is not good design practice and will likely impact performance. For SLICE registers, for example, use the CE pin to control the loading of data.
Related violations: <none>

PDRC-153#29 Warning
Gated clock check  
Net FFT_Microblaze_i/FFT_Butterfly_Axi_Li_0/inst/FFT_Butterfly_Axi_Lite_v1_0_S00_AXI_inst/Main/genblk1[2].FFT_INSTANCE/Data_Output_Buffer_reg[13][Re][5]_i_2__1_n_0 is a gated clock net sourced by a combinational pin FFT_Microblaze_i/FFT_Butterfly_Axi_Li_0/inst/FFT_Butterfly_Axi_Lite_v1_0_S00_AXI_inst/Main/genblk1[2].FFT_INSTANCE/Data_Output_Buffer_reg[13][Re][5]_i_2__1/O, cell FFT_Microblaze_i/FFT_Butterfly_Axi_Li_0/inst/FFT_Butterfly_Axi_Lite_v1_0_S00_AXI_inst/Main/genblk1[2].FFT_INSTANCE/Data_Output_Buffer_reg[13][Re][5]_i_2__1. This is not good design practice and will likely impact performance. For SLICE registers, for example, use the CE pin to control the loading of data.
Related violations: <none>

PDRC-153#30 Warning
Gated clock check  
Net FFT_Microblaze_i/FFT_Butterfly_Axi_Li_0/inst/FFT_Butterfly_Axi_Lite_v1_0_S00_AXI_inst/Main/genblk1[2].FFT_INSTANCE/Data_Output_Buffer_reg[14][Re][5]_i_2__0_n_0 is a gated clock net sourced by a combinational pin FFT_Microblaze_i/FFT_Butterfly_Axi_Li_0/inst/FFT_Butterfly_Axi_Lite_v1_0_S00_AXI_inst/Main/genblk1[2].FFT_INSTANCE/Data_Output_Buffer_reg[14][Re][5]_i_2__0/O, cell FFT_Microblaze_i/FFT_Butterfly_Axi_Li_0/inst/FFT_Butterfly_Axi_Lite_v1_0_S00_AXI_inst/Main/genblk1[2].FFT_INSTANCE/Data_Output_Buffer_reg[14][Re][5]_i_2__0. This is not good design practice and will likely impact performance. For SLICE registers, for example, use the CE pin to control the loading of data.
Related violations: <none>

PDRC-153#31 Warning
Gated clock check  
Net FFT_Microblaze_i/FFT_Butterfly_Axi_Li_0/inst/FFT_Butterfly_Axi_Lite_v1_0_S00_AXI_inst/Main/genblk1[2].FFT_INSTANCE/Data_Output_Buffer_reg[15][Re][5]_i_2__1_n_0 is a gated clock net sourced by a combinational pin FFT_Microblaze_i/FFT_Butterfly_Axi_Li_0/inst/FFT_Butterfly_Axi_Lite_v1_0_S00_AXI_inst/Main/genblk1[2].FFT_INSTANCE/Data_Output_Buffer_reg[15][Re][5]_i_2__1/O, cell FFT_Microblaze_i/FFT_Butterfly_Axi_Li_0/inst/FFT_Butterfly_Axi_Lite_v1_0_S00_AXI_inst/Main/genblk1[2].FFT_INSTANCE/Data_Output_Buffer_reg[15][Re][5]_i_2__1. This is not good design practice and will likely impact performance. For SLICE registers, for example, use the CE pin to control the loading of data.
Related violations: <none>

PDRC-153#32 Warning
Gated clock check  
Net FFT_Microblaze_i/FFT_Butterfly_Axi_Li_0/inst/FFT_Butterfly_Axi_Lite_v1_0_S00_AXI_inst/Main/genblk1[2].FFT_INSTANCE/Data_Output_Buffer_reg[1][Re]__0 is a gated clock net sourced by a combinational pin FFT_Microblaze_i/FFT_Butterfly_Axi_Li_0/inst/FFT_Butterfly_Axi_Lite_v1_0_S00_AXI_inst/Main/genblk1[2].FFT_INSTANCE/Data_Output_Buffer_reg[1][Re][5]_i_1__1/O, cell FFT_Microblaze_i/FFT_Butterfly_Axi_Li_0/inst/FFT_Butterfly_Axi_Lite_v1_0_S00_AXI_inst/Main/genblk1[2].FFT_INSTANCE/Data_Output_Buffer_reg[1][Re][5]_i_1__1. This is not good design practice and will likely impact performance. For SLICE registers, for example, use the CE pin to control the loading of data.
Related violations: <none>

PDRC-153#33 Warning
Gated clock check  
Net FFT_Microblaze_i/FFT_Butterfly_Axi_Li_0/inst/FFT_Butterfly_Axi_Lite_v1_0_S00_AXI_inst/Main/genblk1[2].FFT_INSTANCE/Data_Output_Buffer_reg[2][Re]__0 is a gated clock net sourced by a combinational pin FFT_Microblaze_i/FFT_Butterfly_Axi_Li_0/inst/FFT_Butterfly_Axi_Lite_v1_0_S00_AXI_inst/Main/genblk1[2].FFT_INSTANCE/Data_Output_Buffer_reg[2][Re][5]_i_1__0/O, cell FFT_Microblaze_i/FFT_Butterfly_Axi_Li_0/inst/FFT_Butterfly_Axi_Lite_v1_0_S00_AXI_inst/Main/genblk1[2].FFT_INSTANCE/Data_Output_Buffer_reg[2][Re][5]_i_1__0. This is not good design practice and will likely impact performance. For SLICE registers, for example, use the CE pin to control the loading of data.
Related violations: <none>

PDRC-153#34 Warning
Gated clock check  
Net FFT_Microblaze_i/FFT_Butterfly_Axi_Li_0/inst/FFT_Butterfly_Axi_Lite_v1_0_S00_AXI_inst/Main/genblk1[2].FFT_INSTANCE/Data_Output_Buffer_reg[3][Re]__0 is a gated clock net sourced by a combinational pin FFT_Microblaze_i/FFT_Butterfly_Axi_Li_0/inst/FFT_Butterfly_Axi_Lite_v1_0_S00_AXI_inst/Main/genblk1[2].FFT_INSTANCE/Data_Output_Buffer_reg[3][Re][5]_i_1__1/O, cell FFT_Microblaze_i/FFT_Butterfly_Axi_Li_0/inst/FFT_Butterfly_Axi_Lite_v1_0_S00_AXI_inst/Main/genblk1[2].FFT_INSTANCE/Data_Output_Buffer_reg[3][Re][5]_i_1__1. This is not good design practice and will likely impact performance. For SLICE registers, for example, use the CE pin to control the loading of data.
Related violations: <none>

PDRC-153#35 Warning
Gated clock check  
Net FFT_Microblaze_i/FFT_Butterfly_Axi_Li_0/inst/FFT_Butterfly_Axi_Lite_v1_0_S00_AXI_inst/Main/genblk1[2].FFT_INSTANCE/Data_Output_Buffer_reg[4][Re][5]_i_2__0_n_0 is a gated clock net sourced by a combinational pin FFT_Microblaze_i/FFT_Butterfly_Axi_Li_0/inst/FFT_Butterfly_Axi_Lite_v1_0_S00_AXI_inst/Main/genblk1[2].FFT_INSTANCE/Data_Output_Buffer_reg[4][Re][5]_i_2__0/O, cell FFT_Microblaze_i/FFT_Butterfly_Axi_Li_0/inst/FFT_Butterfly_Axi_Lite_v1_0_S00_AXI_inst/Main/genblk1[2].FFT_INSTANCE/Data_Output_Buffer_reg[4][Re][5]_i_2__0. This is not good design practice and will likely impact performance. For SLICE registers, for example, use the CE pin to control the loading of data.
Related violations: <none>

PDRC-153#36 Warning
Gated clock check  
Net FFT_Microblaze_i/FFT_Butterfly_Axi_Li_0/inst/FFT_Butterfly_Axi_Lite_v1_0_S00_AXI_inst/Main/genblk1[2].FFT_INSTANCE/Data_Output_Buffer_reg[5][Re][5]_i_2__1_n_0 is a gated clock net sourced by a combinational pin FFT_Microblaze_i/FFT_Butterfly_Axi_Li_0/inst/FFT_Butterfly_Axi_Lite_v1_0_S00_AXI_inst/Main/genblk1[2].FFT_INSTANCE/Data_Output_Buffer_reg[5][Re][5]_i_2__1/O, cell FFT_Microblaze_i/FFT_Butterfly_Axi_Li_0/inst/FFT_Butterfly_Axi_Lite_v1_0_S00_AXI_inst/Main/genblk1[2].FFT_INSTANCE/Data_Output_Buffer_reg[5][Re][5]_i_2__1. This is not good design practice and will likely impact performance. For SLICE registers, for example, use the CE pin to control the loading of data.
Related violations: <none>

PDRC-153#37 Warning
Gated clock check  
Net FFT_Microblaze_i/FFT_Butterfly_Axi_Li_0/inst/FFT_Butterfly_Axi_Lite_v1_0_S00_AXI_inst/Main/genblk1[2].FFT_INSTANCE/Data_Output_Buffer_reg[6][Re][5]_i_2__0_n_0 is a gated clock net sourced by a combinational pin FFT_Microblaze_i/FFT_Butterfly_Axi_Li_0/inst/FFT_Butterfly_Axi_Lite_v1_0_S00_AXI_inst/Main/genblk1[2].FFT_INSTANCE/Data_Output_Buffer_reg[6][Re][5]_i_2__0/O, cell FFT_Microblaze_i/FFT_Butterfly_Axi_Li_0/inst/FFT_Butterfly_Axi_Lite_v1_0_S00_AXI_inst/Main/genblk1[2].FFT_INSTANCE/Data_Output_Buffer_reg[6][Re][5]_i_2__0. This is not good design practice and will likely impact performance. For SLICE registers, for example, use the CE pin to control the loading of data.
Related violations: <none>

PDRC-153#38 Warning
Gated clock check  
Net FFT_Microblaze_i/FFT_Butterfly_Axi_Li_0/inst/FFT_Butterfly_Axi_Lite_v1_0_S00_AXI_inst/Main/genblk1[2].FFT_INSTANCE/Data_Output_Buffer_reg[7][Re][5]_i_2__1_n_0 is a gated clock net sourced by a combinational pin FFT_Microblaze_i/FFT_Butterfly_Axi_Li_0/inst/FFT_Butterfly_Axi_Lite_v1_0_S00_AXI_inst/Main/genblk1[2].FFT_INSTANCE/Data_Output_Buffer_reg[7][Re][5]_i_2__1/O, cell FFT_Microblaze_i/FFT_Butterfly_Axi_Li_0/inst/FFT_Butterfly_Axi_Lite_v1_0_S00_AXI_inst/Main/genblk1[2].FFT_INSTANCE/Data_Output_Buffer_reg[7][Re][5]_i_2__1. This is not good design practice and will likely impact performance. For SLICE registers, for example, use the CE pin to control the loading of data.
Related violations: <none>

PDRC-153#39 Warning
Gated clock check  
Net FFT_Microblaze_i/FFT_Butterfly_Axi_Li_0/inst/FFT_Butterfly_Axi_Lite_v1_0_S00_AXI_inst/Main/genblk1[2].FFT_INSTANCE/Data_Output_Buffer_reg[8][Re][5]_i_2__0_n_0 is a gated clock net sourced by a combinational pin FFT_Microblaze_i/FFT_Butterfly_Axi_Li_0/inst/FFT_Butterfly_Axi_Lite_v1_0_S00_AXI_inst/Main/genblk1[2].FFT_INSTANCE/Data_Output_Buffer_reg[8][Re][5]_i_2__0/O, cell FFT_Microblaze_i/FFT_Butterfly_Axi_Li_0/inst/FFT_Butterfly_Axi_Lite_v1_0_S00_AXI_inst/Main/genblk1[2].FFT_INSTANCE/Data_Output_Buffer_reg[8][Re][5]_i_2__0. This is not good design practice and will likely impact performance. For SLICE registers, for example, use the CE pin to control the loading of data.
Related violations: <none>

PDRC-153#40 Warning
Gated clock check  
Net FFT_Microblaze_i/FFT_Butterfly_Axi_Li_0/inst/FFT_Butterfly_Axi_Lite_v1_0_S00_AXI_inst/Main/genblk1[2].FFT_INSTANCE/Data_Output_Buffer_reg[9][Re][5]_i_2__1_n_0 is a gated clock net sourced by a combinational pin FFT_Microblaze_i/FFT_Butterfly_Axi_Li_0/inst/FFT_Butterfly_Axi_Lite_v1_0_S00_AXI_inst/Main/genblk1[2].FFT_INSTANCE/Data_Output_Buffer_reg[9][Re][5]_i_2__1/O, cell FFT_Microblaze_i/FFT_Butterfly_Axi_Li_0/inst/FFT_Butterfly_Axi_Lite_v1_0_S00_AXI_inst/Main/genblk1[2].FFT_INSTANCE/Data_Output_Buffer_reg[9][Re][5]_i_2__1. This is not good design practice and will likely impact performance. For SLICE registers, for example, use the CE pin to control the loading of data.
Related violations: <none>

PDRC-153#41 Warning
Gated clock check  
Net FFT_Microblaze_i/FFT_Butterfly_Axi_Li_0/inst/FFT_Butterfly_Axi_Lite_v1_0_S00_AXI_inst/Main/genblk1[3].FFT_INSTANCE/Data_Output_Buffer_reg[0][Re]__0 is a gated clock net sourced by a combinational pin FFT_Microblaze_i/FFT_Butterfly_Axi_Li_0/inst/FFT_Butterfly_Axi_Lite_v1_0_S00_AXI_inst/Main/genblk1[3].FFT_INSTANCE/Data_Output_Buffer_reg[0][Re][5]_i_1__1/O, cell FFT_Microblaze_i/FFT_Butterfly_Axi_Li_0/inst/FFT_Butterfly_Axi_Lite_v1_0_S00_AXI_inst/Main/genblk1[3].FFT_INSTANCE/Data_Output_Buffer_reg[0][Re][5]_i_1__1. This is not good design practice and will likely impact performance. For SLICE registers, for example, use the CE pin to control the loading of data.
Related violations: <none>

PDRC-153#42 Warning
Gated clock check  
Net FFT_Microblaze_i/FFT_Butterfly_Axi_Li_0/inst/FFT_Butterfly_Axi_Lite_v1_0_S00_AXI_inst/Main/genblk1[3].FFT_INSTANCE/Data_Output_Buffer_reg[10][Re][5]_i_2__1_n_0 is a gated clock net sourced by a combinational pin FFT_Microblaze_i/FFT_Butterfly_Axi_Li_0/inst/FFT_Butterfly_Axi_Lite_v1_0_S00_AXI_inst/Main/genblk1[3].FFT_INSTANCE/Data_Output_Buffer_reg[10][Re][5]_i_2__1/O, cell FFT_Microblaze_i/FFT_Butterfly_Axi_Li_0/inst/FFT_Butterfly_Axi_Lite_v1_0_S00_AXI_inst/Main/genblk1[3].FFT_INSTANCE/Data_Output_Buffer_reg[10][Re][5]_i_2__1. This is not good design practice and will likely impact performance. For SLICE registers, for example, use the CE pin to control the loading of data.
Related violations: <none>

PDRC-153#43 Warning
Gated clock check  
Net FFT_Microblaze_i/FFT_Butterfly_Axi_Li_0/inst/FFT_Butterfly_Axi_Lite_v1_0_S00_AXI_inst/Main/genblk1[3].FFT_INSTANCE/Data_Output_Buffer_reg[11][Re][5]_i_2__2_n_0 is a gated clock net sourced by a combinational pin FFT_Microblaze_i/FFT_Butterfly_Axi_Li_0/inst/FFT_Butterfly_Axi_Lite_v1_0_S00_AXI_inst/Main/genblk1[3].FFT_INSTANCE/Data_Output_Buffer_reg[11][Re][5]_i_2__2/O, cell FFT_Microblaze_i/FFT_Butterfly_Axi_Li_0/inst/FFT_Butterfly_Axi_Lite_v1_0_S00_AXI_inst/Main/genblk1[3].FFT_INSTANCE/Data_Output_Buffer_reg[11][Re][5]_i_2__2. This is not good design practice and will likely impact performance. For SLICE registers, for example, use the CE pin to control the loading of data.
Related violations: <none>

PDRC-153#44 Warning
Gated clock check  
Net FFT_Microblaze_i/FFT_Butterfly_Axi_Li_0/inst/FFT_Butterfly_Axi_Lite_v1_0_S00_AXI_inst/Main/genblk1[3].FFT_INSTANCE/Data_Output_Buffer_reg[12][Re][5]_i_2__1_n_0 is a gated clock net sourced by a combinational pin FFT_Microblaze_i/FFT_Butterfly_Axi_Li_0/inst/FFT_Butterfly_Axi_Lite_v1_0_S00_AXI_inst/Main/genblk1[3].FFT_INSTANCE/Data_Output_Buffer_reg[12][Re][5]_i_2__1/O, cell FFT_Microblaze_i/FFT_Butterfly_Axi_Li_0/inst/FFT_Butterfly_Axi_Lite_v1_0_S00_AXI_inst/Main/genblk1[3].FFT_INSTANCE/Data_Output_Buffer_reg[12][Re][5]_i_2__1. This is not good design practice and will likely impact performance. For SLICE registers, for example, use the CE pin to control the loading of data.
Related violations: <none>

PDRC-153#45 Warning
Gated clock check  
Net FFT_Microblaze_i/FFT_Butterfly_Axi_Li_0/inst/FFT_Butterfly_Axi_Lite_v1_0_S00_AXI_inst/Main/genblk1[3].FFT_INSTANCE/Data_Output_Buffer_reg[13][Re][5]_i_2__2_n_0 is a gated clock net sourced by a combinational pin FFT_Microblaze_i/FFT_Butterfly_Axi_Li_0/inst/FFT_Butterfly_Axi_Lite_v1_0_S00_AXI_inst/Main/genblk1[3].FFT_INSTANCE/Data_Output_Buffer_reg[13][Re][5]_i_2__2/O, cell FFT_Microblaze_i/FFT_Butterfly_Axi_Li_0/inst/FFT_Butterfly_Axi_Lite_v1_0_S00_AXI_inst/Main/genblk1[3].FFT_INSTANCE/Data_Output_Buffer_reg[13][Re][5]_i_2__2. This is not good design practice and will likely impact performance. For SLICE registers, for example, use the CE pin to control the loading of data.
Related violations: <none>

PDRC-153#46 Warning
Gated clock check  
Net FFT_Microblaze_i/FFT_Butterfly_Axi_Li_0/inst/FFT_Butterfly_Axi_Lite_v1_0_S00_AXI_inst/Main/genblk1[3].FFT_INSTANCE/Data_Output_Buffer_reg[14][Re][5]_i_2__1_n_0 is a gated clock net sourced by a combinational pin FFT_Microblaze_i/FFT_Butterfly_Axi_Li_0/inst/FFT_Butterfly_Axi_Lite_v1_0_S00_AXI_inst/Main/genblk1[3].FFT_INSTANCE/Data_Output_Buffer_reg[14][Re][5]_i_2__1/O, cell FFT_Microblaze_i/FFT_Butterfly_Axi_Li_0/inst/FFT_Butterfly_Axi_Lite_v1_0_S00_AXI_inst/Main/genblk1[3].FFT_INSTANCE/Data_Output_Buffer_reg[14][Re][5]_i_2__1. This is not good design practice and will likely impact performance. For SLICE registers, for example, use the CE pin to control the loading of data.
Related violations: <none>

PDRC-153#47 Warning
Gated clock check  
Net FFT_Microblaze_i/FFT_Butterfly_Axi_Li_0/inst/FFT_Butterfly_Axi_Lite_v1_0_S00_AXI_inst/Main/genblk1[3].FFT_INSTANCE/Data_Output_Buffer_reg[15][Re][5]_i_2__2_n_0 is a gated clock net sourced by a combinational pin FFT_Microblaze_i/FFT_Butterfly_Axi_Li_0/inst/FFT_Butterfly_Axi_Lite_v1_0_S00_AXI_inst/Main/genblk1[3].FFT_INSTANCE/Data_Output_Buffer_reg[15][Re][5]_i_2__2/O, cell FFT_Microblaze_i/FFT_Butterfly_Axi_Li_0/inst/FFT_Butterfly_Axi_Lite_v1_0_S00_AXI_inst/Main/genblk1[3].FFT_INSTANCE/Data_Output_Buffer_reg[15][Re][5]_i_2__2. This is not good design practice and will likely impact performance. For SLICE registers, for example, use the CE pin to control the loading of data.
Related violations: <none>

PDRC-153#48 Warning
Gated clock check  
Net FFT_Microblaze_i/FFT_Butterfly_Axi_Li_0/inst/FFT_Butterfly_Axi_Lite_v1_0_S00_AXI_inst/Main/genblk1[3].FFT_INSTANCE/Data_Output_Buffer_reg[1][Re]__0 is a gated clock net sourced by a combinational pin FFT_Microblaze_i/FFT_Butterfly_Axi_Li_0/inst/FFT_Butterfly_Axi_Lite_v1_0_S00_AXI_inst/Main/genblk1[3].FFT_INSTANCE/Data_Output_Buffer_reg[1][Re][5]_i_1__2/O, cell FFT_Microblaze_i/FFT_Butterfly_Axi_Li_0/inst/FFT_Butterfly_Axi_Lite_v1_0_S00_AXI_inst/Main/genblk1[3].FFT_INSTANCE/Data_Output_Buffer_reg[1][Re][5]_i_1__2. This is not good design practice and will likely impact performance. For SLICE registers, for example, use the CE pin to control the loading of data.
Related violations: <none>

PDRC-153#49 Warning
Gated clock check  
Net FFT_Microblaze_i/FFT_Butterfly_Axi_Li_0/inst/FFT_Butterfly_Axi_Lite_v1_0_S00_AXI_inst/Main/genblk1[3].FFT_INSTANCE/Data_Output_Buffer_reg[2][Re]__0 is a gated clock net sourced by a combinational pin FFT_Microblaze_i/FFT_Butterfly_Axi_Li_0/inst/FFT_Butterfly_Axi_Lite_v1_0_S00_AXI_inst/Main/genblk1[3].FFT_INSTANCE/Data_Output_Buffer_reg[2][Re][5]_i_1__1/O, cell FFT_Microblaze_i/FFT_Butterfly_Axi_Li_0/inst/FFT_Butterfly_Axi_Lite_v1_0_S00_AXI_inst/Main/genblk1[3].FFT_INSTANCE/Data_Output_Buffer_reg[2][Re][5]_i_1__1. This is not good design practice and will likely impact performance. For SLICE registers, for example, use the CE pin to control the loading of data.
Related violations: <none>

PDRC-153#50 Warning
Gated clock check  
Net FFT_Microblaze_i/FFT_Butterfly_Axi_Li_0/inst/FFT_Butterfly_Axi_Lite_v1_0_S00_AXI_inst/Main/genblk1[3].FFT_INSTANCE/Data_Output_Buffer_reg[3][Re]__0 is a gated clock net sourced by a combinational pin FFT_Microblaze_i/FFT_Butterfly_Axi_Li_0/inst/FFT_Butterfly_Axi_Lite_v1_0_S00_AXI_inst/Main/genblk1[3].FFT_INSTANCE/Data_Output_Buffer_reg[3][Re][5]_i_1__2/O, cell FFT_Microblaze_i/FFT_Butterfly_Axi_Li_0/inst/FFT_Butterfly_Axi_Lite_v1_0_S00_AXI_inst/Main/genblk1[3].FFT_INSTANCE/Data_Output_Buffer_reg[3][Re][5]_i_1__2. This is not good design practice and will likely impact performance. For SLICE registers, for example, use the CE pin to control the loading of data.
Related violations: <none>

PDRC-153#51 Warning
Gated clock check  
Net FFT_Microblaze_i/FFT_Butterfly_Axi_Li_0/inst/FFT_Butterfly_Axi_Lite_v1_0_S00_AXI_inst/Main/genblk1[3].FFT_INSTANCE/Data_Output_Buffer_reg[4][Re]__0 is a gated clock net sourced by a combinational pin FFT_Microblaze_i/FFT_Butterfly_Axi_Li_0/inst/FFT_Butterfly_Axi_Lite_v1_0_S00_AXI_inst/Main/genblk1[3].FFT_INSTANCE/Data_Output_Buffer_reg[4][Re][5]_i_1__1/O, cell FFT_Microblaze_i/FFT_Butterfly_Axi_Li_0/inst/FFT_Butterfly_Axi_Lite_v1_0_S00_AXI_inst/Main/genblk1[3].FFT_INSTANCE/Data_Output_Buffer_reg[4][Re][5]_i_1__1. This is not good design practice and will likely impact performance. For SLICE registers, for example, use the CE pin to control the loading of data.
Related violations: <none>

PDRC-153#52 Warning
Gated clock check  
Net FFT_Microblaze_i/FFT_Butterfly_Axi_Li_0/inst/FFT_Butterfly_Axi_Lite_v1_0_S00_AXI_inst/Main/genblk1[3].FFT_INSTANCE/Data_Output_Buffer_reg[5][Re]__0 is a gated clock net sourced by a combinational pin FFT_Microblaze_i/FFT_Butterfly_Axi_Li_0/inst/FFT_Butterfly_Axi_Lite_v1_0_S00_AXI_inst/Main/genblk1[3].FFT_INSTANCE/Data_Output_Buffer_reg[5][Re][5]_i_1__2/O, cell FFT_Microblaze_i/FFT_Butterfly_Axi_Li_0/inst/FFT_Butterfly_Axi_Lite_v1_0_S00_AXI_inst/Main/genblk1[3].FFT_INSTANCE/Data_Output_Buffer_reg[5][Re][5]_i_1__2. This is not good design practice and will likely impact performance. For SLICE registers, for example, use the CE pin to control the loading of data.
Related violations: <none>

PDRC-153#53 Warning
Gated clock check  
Net FFT_Microblaze_i/FFT_Butterfly_Axi_Li_0/inst/FFT_Butterfly_Axi_Lite_v1_0_S00_AXI_inst/Main/genblk1[3].FFT_INSTANCE/Data_Output_Buffer_reg[6][Re]__0 is a gated clock net sourced by a combinational pin FFT_Microblaze_i/FFT_Butterfly_Axi_Li_0/inst/FFT_Butterfly_Axi_Lite_v1_0_S00_AXI_inst/Main/genblk1[3].FFT_INSTANCE/Data_Output_Buffer_reg[6][Re][5]_i_1__1/O, cell FFT_Microblaze_i/FFT_Butterfly_Axi_Li_0/inst/FFT_Butterfly_Axi_Lite_v1_0_S00_AXI_inst/Main/genblk1[3].FFT_INSTANCE/Data_Output_Buffer_reg[6][Re][5]_i_1__1. This is not good design practice and will likely impact performance. For SLICE registers, for example, use the CE pin to control the loading of data.
Related violations: <none>

PDRC-153#54 Warning
Gated clock check  
Net FFT_Microblaze_i/FFT_Butterfly_Axi_Li_0/inst/FFT_Butterfly_Axi_Lite_v1_0_S00_AXI_inst/Main/genblk1[3].FFT_INSTANCE/Data_Output_Buffer_reg[7][Re]__0 is a gated clock net sourced by a combinational pin FFT_Microblaze_i/FFT_Butterfly_Axi_Li_0/inst/FFT_Butterfly_Axi_Lite_v1_0_S00_AXI_inst/Main/genblk1[3].FFT_INSTANCE/Data_Output_Buffer_reg[7][Re][5]_i_1__2/O, cell FFT_Microblaze_i/FFT_Butterfly_Axi_Li_0/inst/FFT_Butterfly_Axi_Lite_v1_0_S00_AXI_inst/Main/genblk1[3].FFT_INSTANCE/Data_Output_Buffer_reg[7][Re][5]_i_1__2. This is not good design practice and will likely impact performance. For SLICE registers, for example, use the CE pin to control the loading of data.
Related violations: <none>

PDRC-153#55 Warning
Gated clock check  
Net FFT_Microblaze_i/FFT_Butterfly_Axi_Li_0/inst/FFT_Butterfly_Axi_Lite_v1_0_S00_AXI_inst/Main/genblk1[3].FFT_INSTANCE/Data_Output_Buffer_reg[8][Re][5]_i_2__1_n_0 is a gated clock net sourced by a combinational pin FFT_Microblaze_i/FFT_Butterfly_Axi_Li_0/inst/FFT_Butterfly_Axi_Lite_v1_0_S00_AXI_inst/Main/genblk1[3].FFT_INSTANCE/Data_Output_Buffer_reg[8][Re][5]_i_2__1/O, cell FFT_Microblaze_i/FFT_Butterfly_Axi_Li_0/inst/FFT_Butterfly_Axi_Lite_v1_0_S00_AXI_inst/Main/genblk1[3].FFT_INSTANCE/Data_Output_Buffer_reg[8][Re][5]_i_2__1. This is not good design practice and will likely impact performance. For SLICE registers, for example, use the CE pin to control the loading of data.
Related violations: <none>

PDRC-153#56 Warning
Gated clock check  
Net FFT_Microblaze_i/FFT_Butterfly_Axi_Li_0/inst/FFT_Butterfly_Axi_Lite_v1_0_S00_AXI_inst/Main/genblk1[3].FFT_INSTANCE/Data_Output_Buffer_reg[9][Re][5]_i_2__2_n_0 is a gated clock net sourced by a combinational pin FFT_Microblaze_i/FFT_Butterfly_Axi_Li_0/inst/FFT_Butterfly_Axi_Lite_v1_0_S00_AXI_inst/Main/genblk1[3].FFT_INSTANCE/Data_Output_Buffer_reg[9][Re][5]_i_2__2/O, cell FFT_Microblaze_i/FFT_Butterfly_Axi_Li_0/inst/FFT_Butterfly_Axi_Lite_v1_0_S00_AXI_inst/Main/genblk1[3].FFT_INSTANCE/Data_Output_Buffer_reg[9][Re][5]_i_2__2. This is not good design practice and will likely impact performance. For SLICE registers, for example, use the CE pin to control the loading of data.
Related violations: <none>

ZPS7-1#1 Warning
PS7 block required  
The PS7 cell must be used in this Zynq design in order to enable correct default configuration.
Related violations: <none>


