Vivado Simulator 2018.3
Copyright 1986-1999, 2001-2018 Xilinx, Inc. All Rights Reserved.
Running: E:/Vivado_2018_3/Vivado/2018.3/bin/unwrapped/win64.o/xelab.exe -wto 2ce66c6aef364950b00b24e9ac48c0c3 --incr --debug typical --relax --mt 2 -L xil_defaultlib -L blk_mem_gen_v8_4_2 -L microblaze_v11_0_0 -L lmb_v10_v3_0_9 -L lmb_bram_if_cntlr_v4_0_15 -L axi_lite_ipif_v3_0_4 -L mdm_v3_2_15 -L lib_cdc_v1_0_2 -L proc_sys_reset_v5_0_13 -L xilinx_vip -L unisims_ver -L unimacro_ver -L secureip -L xpm --snapshot FFT_Microblaze_Tb_behav xil_defaultlib.FFT_Microblaze_Tb xil_defaultlib.glbl -log elaborate.log 
Using 2 slave threads.
Starting static elaboration
WARNING: [VRFC 10-3091] actual bit length 5 differs from formal bit length 4 for port 'addr_in' [C:/Users/Vrael/Desktop/FFT_Project/module_sim/fft_module/fft_module.ip_user_files/bd/FFT_Microblaze/ipshared/7694/src/Reverse_Input_Data_Adress.sv:62]
Completed static elaboration
Starting simulation data flow analysis
Completed simulation data flow analysis
Time Resolution for simulation is 1ps
Compiling package std.standard
Compiling package std.textio
Compiling package ieee.std_logic_1164
Compiling package ieee.numeric_std
Compiling package ieee.std_logic_arith
Compiling package ieee.std_logic_unsigned
Compiling package axi_lite_ipif_v3_0_4.ipif_pkg
Compiling package mdm_v3_2_15.mdm_funcs
Compiling package unisim.vcomponents
Compiling package ieee.vital_timing
Compiling package ieee.vital_primitives
Compiling package unisim.vpkg
Compiling package microblaze_v11_0_0.microblaze_types
Compiling package microblaze_v11_0_0.microblaze_isa
Compiling package microblaze_v11_0_0.mmu_types
Compiling package lmb_bram_if_cntlr_v4_0_15.lmb_bram_if_funcs
Compiling package synopsys.attributes
Compiling package ieee.std_logic_misc
Compiling package xil_defaultlib.fft_package
Compiling module xil_defaultlib.addr_rearr_comb_default
Compiling module xil_defaultlib.Reverse_Input_Data_Adress
Compiling module xil_defaultlib.fft_block_simplified_rtl
Compiling module xil_defaultlib.Simplified_fft_stage
Compiling module blk_mem_gen_v8_4_2.blk_mem_gen_v8_4_2_output_stage(...
Compiling module blk_mem_gen_v8_4_2.blk_mem_gen_v8_4_2_softecc_outpu...
Compiling module blk_mem_gen_v8_4_2.blk_mem_gen_v8_4_2_mem_module(C_...
Compiling module blk_mem_gen_v8_4_2.blk_mem_gen_v8_4_2(C_FAMILY="zyn...
Compiling module xil_defaultlib.Phase_Im_Factor_ROM_Memory
Compiling module blk_mem_gen_v8_4_2.blk_mem_gen_v8_4_2_mem_module(C_...
Compiling module blk_mem_gen_v8_4_2.blk_mem_gen_v8_4_2(C_FAMILY="zyn...
Compiling module xil_defaultlib.Phase_Re_Factor_ROM_Memory
Compiling module xil_defaultlib.change_sign_rtl
Compiling module xil_defaultlib.s_mult_rtl
Compiling module xil_defaultlib.comp_mult_rtl
Compiling module xil_defaultlib.fft_block_rtl
Compiling module xil_defaultlib.FFT_STAGE
Compiling module xil_defaultlib.FFT_STAGE(Number_Of_Stage=2)
Compiling module xil_defaultlib.FFT_STAGE(Number_Of_Stage=3)
Compiling module xil_defaultlib.Main_Module_default
Compiling module xil_defaultlib.FFT_Butterfly_Axi_Lite_v1_0_S00_...
Compiling module xil_defaultlib.FFT_Butterfly_Axi_Lite_v1_0
Compiling module xil_defaultlib.FFT_Microblaze_FFT_Butterfly_Axi...
Compiling module unisims_ver.IBUFDS
Compiling module unisims_ver.MMCME2_ADV(CLKFBOUT_MULT_F=10.0,...
Compiling module unisims_ver.BUFG
Compiling module xil_defaultlib.FFT_Microblaze_clk_wiz_1_0_clk_w...
Compiling module xil_defaultlib.FFT_Microblaze_clk_wiz_1_0
Compiling architecture bscane2_v of entity unisim.BSCANE2 [\BSCANE2(jtag_chain=2)(1,5)\]
Compiling architecture imp of entity mdm_v3_2_15.MB_BSCANE2 [\MB_BSCANE2(c_target=non_rtl,jta...]
Compiling architecture bufg_v of entity unisim.BUFG [bufg_default]
Compiling architecture imp of entity mdm_v3_2_15.MB_BUFG [\MB_BUFG(c_target=non_rtl)\]
Compiling architecture fdce_v of entity unisim.FDCE [fdce_default]
Compiling architecture fdc_1_v of entity unisim.FDC_1 [fdc_1_default]
Compiling architecture imp of entity mdm_v3_2_15.MB_FDC_1 [\MB_FDC_1(c_target=non_rtl)\]
Compiling architecture fdre_v of entity unisim.FDRE [fdre_default]
Compiling architecture fdre_1_v of entity unisim.FDRE_1 [fdre_1_default]
Compiling architecture imp of entity mdm_v3_2_15.MB_FDRE_1 [\MB_FDRE_1(c_target=non_rtl)\]
Compiling architecture srl16e_v of entity unisim.SRL16E [\SRL16E(init="0000000101100111")...]
Compiling architecture imp of entity mdm_v3_2_15.MB_SRL16E [\MB_SRL16E(c_target=non_rtl,c_st...]
Compiling architecture srl16e_v of entity unisim.SRL16E [\SRL16E(init="0100001010000111")...]
Compiling architecture imp of entity mdm_v3_2_15.MB_SRL16E [\MB_SRL16E(c_target=non_rtl,c_st...]
Compiling architecture srl16e_v of entity unisim.SRL16E [\SRL16E(init="0100010001000011")...]
Compiling architecture imp of entity mdm_v3_2_15.MB_SRL16E [\MB_SRL16E(c_target=non_rtl,c_st...]
Compiling architecture srl16e_v of entity unisim.SRL16E [\SRL16E(init="0101100001001101")...]
Compiling architecture imp of entity mdm_v3_2_15.MB_SRL16E [\MB_SRL16E(c_target=non_rtl,c_st...]
Compiling architecture imp of entity mdm_v3_2_15.JTAG_CONTROL [\JTAG_CONTROL(c_target=non_rtl,c...]
Compiling architecture imp of entity mdm_v3_2_15.MDM_Core [\MDM_Core(c_target=non_rtl,c_jta...]
Compiling architecture imp of entity mdm_v3_2_15.MDM [\MDM(c_family="zynq",c_bscanid=7...]
Compiling architecture fft_microblaze_mdm_1_0_arch of entity xil_defaultlib.FFT_Microblaze_mdm_1_0 [fft_microblaze_mdm_1_0_default]
Compiling architecture imp of entity microblaze_v11_0_0.DAXI_interface [\DAXI_interface(c_data_size=32,c...]
Compiling architecture and2b1l_v of entity unisim.AND2B1L [and2b1l_default]
Compiling architecture imp of entity microblaze_v11_0_0.MB_AND2B1L [\MB_AND2B1L(c_target=zynq)\]
Compiling architecture srl16e_v of entity unisim.SRL16E [\SRL16E(init="1111111111111111")...]
Compiling architecture imp of entity microblaze_v11_0_0.MB_SRL16E [\MB_SRL16E(c_target=zynq,c_use_s...]
Compiling architecture srl16e_v of entity unisim.SRL16E [\SRL16E(init="0011111111111111")...]
Compiling architecture imp of entity microblaze_v11_0_0.MB_SRL16E [\MB_SRL16E(c_target=zynq,c_use_s...]
Compiling architecture srl16e_v of entity unisim.SRL16E [\SRL16E(init="0000000000011011")...]
Compiling architecture imp of entity microblaze_v11_0_0.MB_SRL16E [\MB_SRL16E(c_target=zynq,c_use_s...]
Compiling architecture srl16e_v of entity unisim.SRL16E [\SRL16E(15,0)\]
Compiling architecture imp of entity microblaze_v11_0_0.MB_SRL16E [\MB_SRL16E(c_target=zynq,c_use_s...]
Compiling architecture srl16e_v of entity unisim.SRL16E [\SRL16E(init="0000000001100100")...]
Compiling architecture imp of entity microblaze_v11_0_0.MB_SRL16E [\MB_SRL16E(c_target=zynq,c_use_s...]
Compiling architecture srl16e_v of entity unisim.SRL16E [\SRL16E(init="0010010100000000")...]
Compiling architecture imp of entity microblaze_v11_0_0.MB_SRL16E [\MB_SRL16E(c_target=zynq,c_use_s...]
Compiling architecture imp of entity microblaze_v11_0_0.mb_sync_bit [\mb_sync_bit(c_levels=1,c_reset_...]
Compiling architecture imp of entity microblaze_v11_0_0.mb_sync_vec [\mb_sync_vec(c_levels=1,c_reset_...]
Compiling architecture imp of entity microblaze_v11_0_0.mb_sync_bit [\mb_sync_bit(c_levels=1)\]
Compiling architecture imp of entity microblaze_v11_0_0.mb_sync_vec [\mb_sync_vec(c_width=10)\]
Compiling architecture srlc16e_v of entity unisim.SRLC16E [\SRLC16E(0,15)\]
Compiling architecture imp of entity microblaze_v11_0_0.MB_SRLC16E [\MB_SRLC16E(c_target=zynq,c_use_...]
Compiling architecture imp of entity microblaze_v11_0_0.address_hit [\address_hit(c_target=zynq,c_fir...]
Compiling architecture imp of entity microblaze_v11_0_0.Debug [\Debug(c_data_size=32,c_instr_si...]
Compiling architecture imp of entity microblaze_v11_0_0.interrupt_mode_converter [\interrupt_mode_converter(c_edge...]
Compiling architecture lut6_v of entity unisim.LUT6 [\LUT6(init="10010000000010010000...]
Compiling architecture imp of entity microblaze_v11_0_0.MB_LUT6 [\MB_LUT6(c_target=zynq,init="100...]
Compiling architecture lut6_v of entity unisim.LUT6 [\LUT6(init="10010000000010010000...]
Compiling architecture imp of entity microblaze_v11_0_0.MB_LUT6 [\MB_LUT6(c_target=zynq,init="100...]
Compiling architecture imp of entity microblaze_v11_0_0.MB_FDRE [\MB_FDRE(c_target=zynq)\]
Compiling architecture muxcy_v of entity unisim.MUXCY [muxcy_default]
Compiling architecture muxcy_l_v of entity unisim.MUXCY_L [muxcy_l_default]
Compiling architecture xorcy_v of entity unisim.XORCY [xorcy_default]
Compiling architecture imp of entity microblaze_v11_0_0.MB_MUXCY_XORCY [\MB_MUXCY_XORCY(c_target=zynq)\]
Compiling architecture muxf7_v of entity unisim.MUXF7 [muxf7_default]
Compiling architecture imp of entity microblaze_v11_0_0.MB_MUXF7 [\MB_MUXF7(c_target=zynq)\]
Compiling architecture fdr_v of entity unisim.FDR [fdr_default]
Compiling architecture imp of entity microblaze_v11_0_0.MB_FDR [\MB_FDR(c_target=zynq)\]
Compiling architecture imp of entity microblaze_v11_0_0.PC_Module_gti [\PC_Module_gti(c_data_size=32,c_...]
Compiling architecture lut6_v of entity unisim.LUT6 [\LUT6(init="00000000000000000000...]
Compiling architecture imp of entity microblaze_v11_0_0.MB_LUT6 [\MB_LUT6(c_target=zynq,init="000...]
Compiling architecture lut6_v of entity unisim.LUT6 [\LUT6(init="00000000000000001111...]
Compiling architecture imp of entity microblaze_v11_0_0.MB_LUT6 [\MB_LUT6(c_target=zynq,init="000...]
Compiling architecture lut6_v of entity unisim.LUT6 [\LUT6(init="11111111000000001111...]
Compiling architecture imp of entity microblaze_v11_0_0.MB_LUT6 [\MB_LUT6(c_target=zynq,init="111...]
Compiling architecture fdse_v of entity unisim.FDSE [fdse_default]
Compiling architecture fds_v of entity unisim.FDS [fds_default]
Compiling architecture imp of entity microblaze_v11_0_0.MB_FDS [\MB_FDS(c_target=zynq)\]
Compiling architecture lut6_v of entity unisim.LUT6 [\LUT6(init="00000000111111110000...]
Compiling architecture imp of entity microblaze_v11_0_0.MB_LUT6 [\MB_LUT6(c_target=zynq,init="000...]
Compiling architecture imp of entity microblaze_v11_0_0.PreFetch_Buffer_gti [\PreFetch_Buffer_gti(c_instr_siz...]
Compiling architecture imp of entity microblaze_v11_0_0.MB_MUXCY [\MB_MUXCY(c_target=zynq)\]
Compiling architecture imp of entity microblaze_v11_0_0.carry_and [\carry_and(c_target=zynq)\]
Compiling architecture imp of entity microblaze_v11_0_0.jump_logic [\jump_logic(c_instr_size=32,c_ta...]
Compiling architecture imp of entity microblaze_v11_0_0.carry_or [\carry_or(c_target=zynq)\]
Compiling architecture imp of entity microblaze_v11_0_0.Decode_gti [\Decode_gti(c_data_size=32,c_ins...]
Compiling architecture lut6_2_v of entity unisim.LUT6_2 [\LUT6_2(init="000000001111111100...]
Compiling architecture imp of entity microblaze_v11_0_0.MB_LUT6_2 [\MB_LUT6_2(c_target=zynq,init="0...]
Compiling architecture ram32m_v of entity unisim.RAM32M [ram32m_default]
Compiling architecture imp of entity microblaze_v11_0_0.MB_RAM32M [\MB_RAM32M(c_target=zynq,c_use_l...]
Compiling architecture imp of entity microblaze_v11_0_0.Register_File_gti [\Register_File_gti(c_data_size=3...]
Compiling architecture imp of entity microblaze_v11_0_0.Operand_Select_gti [\Operand_Select_gti(c_data_size=...]
Compiling architecture lut6_2_v of entity unisim.LUT6_2 [\LUT6_2(init="011000000111101010...]
Compiling architecture imp of entity microblaze_v11_0_0.MB_LUT6_2 [\MB_LUT6_2(c_target=zynq,init="0...]
Compiling architecture imp of entity microblaze_v11_0_0.ALU_Bit [\ALU_Bit(c_target=zynq,c_allow_l...]
Compiling architecture lut6_v of entity unisim.LUT6 [\LUT6(init="01100000011110101010...]
Compiling architecture imp of entity microblaze_v11_0_0.MB_LUT6 [\MB_LUT6(c_target=zynq,init="011...]
Compiling architecture lut4_v of entity unisim.LUT4 [\LUT4(init="1111101000001010")(0...]
Compiling architecture imp of entity microblaze_v11_0_0.MB_LUT4 [\MB_LUT4(c_target=zynq,init="111...]
Compiling architecture lut2_v of entity unisim.LUT2 [\LUT2(init="1000")(0,3)\]
Compiling architecture mult_and_v of entity unisim.MULT_AND [mult_and_default]
Compiling architecture imp of entity microblaze_v11_0_0.MB_MULT_AND [\MB_MULT_AND(c_target=zynq)\]
Compiling architecture imp of entity microblaze_v11_0_0.ALU_Bit [\ALU_Bit(c_target=zynq,c_allow_l...]
Compiling architecture imp of entity microblaze_v11_0_0.ALU [\ALU(c_data_size=32,c_allow_lut6...]
Compiling architecture imp of entity microblaze_v11_0_0.MB_LUT6 [\MB_LUT6(c_target=rtl,init="1100...]
Compiling architecture imp of entity microblaze_v11_0_0.MB_LUT6 [\MB_LUT6(c_target=rtl,init="1100...]
Compiling architecture imp of entity microblaze_v11_0_0.MB_LUT6 [\MB_LUT6(c_target=rtl,init="1100...]
Compiling architecture imp of entity microblaze_v11_0_0.Shift_Logic_Module_gti [\Shift_Logic_Module_gti(c_data_s...]
Compiling architecture imp of entity microblaze_v11_0_0.mul_unit [\mul_unit(c_data_size=32,c_targe...]
Compiling architecture imp of entity microblaze_v11_0_0.Barrel_Shifter_gti [\Barrel_Shifter_gti(c_data_size=...]
Compiling architecture imp of entity microblaze_v11_0_0.WB_Mux_Bit [\WB_Mux_Bit(c_target=zynq,c_lut_...]
Compiling architecture imp of entity microblaze_v11_0_0.WB_Mux [\WB_Mux(c_data_size=32,c_daddr_s...]
Compiling architecture imp of entity microblaze_v11_0_0.Zero_Detect_gti [\Zero_Detect_gti(c_data_size=32,...]
Compiling architecture imp of entity microblaze_v11_0_0.Byte_Doublet_Handle_gti [\Byte_Doublet_Handle_gti(c_data_...]
Compiling architecture imp of entity microblaze_v11_0_0.Data_Flow_Logic [\Data_Flow_Logic(c_data_size=32,...]
Compiling architecture msr_reg of entity microblaze_v11_0_0.msr_reg_gti [\msr_reg_gti(c_data_size=32,c_ta...]
Compiling architecture lut6_2_v of entity unisim.LUT6_2 [\LUT6_2(init="111111110000000011...]
Compiling architecture imp of entity microblaze_v11_0_0.MB_LUT6_2 [\MB_LUT6_2(c_target=zynq,init="1...]
Compiling architecture imp of entity microblaze_v11_0_0.mux_bus [\mux_bus(c_target=zynq,c_allow_l...]
Compiling architecture lut6_2_v of entity unisim.LUT6_2 [\LUT6_2(init="100101101001011010...]
Compiling architecture imp of entity microblaze_v11_0_0.MB_LUT6_2 [\MB_LUT6_2(c_target=zynq,init="1...]
Compiling architecture fde_v of entity unisim.FDE [fde_default]
Compiling architecture imp of entity microblaze_v11_0_0.MB_FDE [\MB_FDE(c_target=zynq)\]
Compiling architecture imp of entity microblaze_v11_0_0.exception_registers_gti [\exception_registers_gti(c_data_...]
Compiling architecture imp of entity microblaze_v11_0_0.Fpu [\Fpu(c_data_size=32,c_target=zyn...]
Compiling architecture imp of entity microblaze_v11_0_0.PVR [\PVR(c_data_size=32,c_daddr_size...]
Compiling architecture imp of entity microblaze_v11_0_0.Data_Flow_gti [\Data_Flow_gti(c_data_size=32,c_...]
Compiling architecture imp of entity microblaze_v11_0_0.read_data_mux [\read_data_mux(c_data_size=32,c_...]
Compiling architecture imp of entity microblaze_v11_0_0.instr_mux [\instr_mux(c_instr_size=32,c_tar...]
Compiling architecture imp of entity microblaze_v11_0_0.MMU [\MMU(c_data_size=32,c_daddr_size...]
Compiling architecture imp of entity microblaze_v11_0_0.MicroBlaze_GTi [\MicroBlaze_GTi(c_num_sync_ff_cl...]
Compiling architecture imp of entity microblaze_v11_0_0.mb_sync_bit [mb_sync_bit_default]
Compiling architecture imp of entity microblaze_v11_0_0.MicroBlaze_Core [\MicroBlaze_Core(c_freq=10000000...]
Compiling architecture imp of entity microblaze_v11_0_0.MicroBlaze [\MicroBlaze(c_freq=100000000,c_e...]
Compiling architecture fft_microblaze_microblaze_0_0_arch of entity xil_defaultlib.FFT_Microblaze_microblaze_0_0 [fft_microblaze_microblaze_0_0_de...]
Compiling module xil_defaultlib.s00_couplers_imp_1OEXH0O
Compiling module xil_defaultlib.FFT_Microblaze_microblaze_0_axi_...
Compiling architecture imp of entity lmb_bram_if_cntlr_v4_0_15.pselect_mask [\pselect_mask(c_bar="00000000000...]
Compiling architecture imp of entity lmb_bram_if_cntlr_v4_0_15.lmb_mux [\lmb_mux(c_target=zynq,c_baseadd...]
Compiling architecture imp of entity lmb_bram_if_cntlr_v4_0_15.lmb_bram_if_cntlr [\lmb_bram_if_cntlr(c_family="zyn...]
Compiling architecture fft_microblaze_dlmb_bram_if_cntlr_0_arch of entity xil_defaultlib.FFT_Microblaze_dlmb_bram_if_cntlr_0 [fft_microblaze_dlmb_bram_if_cntl...]
Compiling architecture imp of entity lmb_v10_v3_0_9.lmb_v10 [\lmb_v10(c_lmb_num_slaves=1)\]
Compiling architecture fft_microblaze_dlmb_v10_0_arch of entity xil_defaultlib.FFT_Microblaze_dlmb_v10_0 [fft_microblaze_dlmb_v10_0_defaul...]
Compiling architecture imp of entity lmb_bram_if_cntlr_v4_0_15.pselect_mask [\pselect_mask(c_bar="00000000000...]
Compiling architecture imp of entity lmb_bram_if_cntlr_v4_0_15.lmb_mux [\lmb_mux(c_target=zynq,c_baseadd...]
Compiling architecture imp of entity lmb_bram_if_cntlr_v4_0_15.lmb_bram_if_cntlr [\lmb_bram_if_cntlr(c_family="zyn...]
Compiling architecture fft_microblaze_ilmb_bram_if_cntlr_0_arch of entity xil_defaultlib.FFT_Microblaze_ilmb_bram_if_cntlr_0 [fft_microblaze_ilmb_bram_if_cntl...]
Compiling architecture fft_microblaze_ilmb_v10_0_arch of entity xil_defaultlib.FFT_Microblaze_ilmb_v10_0 [fft_microblaze_ilmb_v10_0_defaul...]
Compiling module blk_mem_gen_v8_4_2.blk_mem_gen_v8_4_2_output_stage(...
Compiling module blk_mem_gen_v8_4_2.blk_mem_gen_v8_4_2_softecc_outpu...
Compiling module blk_mem_gen_v8_4_2.blk_mem_gen_v8_4_2_mem_module(C_...
Compiling module blk_mem_gen_v8_4_2.blk_mem_gen_v8_4_2(C_FAMILY="zyn...
Compiling module xil_defaultlib.FFT_Microblaze_lmb_bram_0
Compiling module xil_defaultlib.microblaze_0_local_memory_imp_5Y...
Compiling architecture fdre_v of entity unisim.FDRE [\FDRE(init='1')\]
Compiling architecture implementation of entity lib_cdc_v1_0_2.cdc_sync [\cdc_sync(c_vector_width=2,c_mtb...]
Compiling architecture srl16e_v of entity unisim.SRL16E [\SRL16E(init="1111111111111111")...]
Compiling architecture srl16_v of entity unisim.SRL16 [\SRL16(init="1111111111111111")(...]
Compiling architecture imp of entity proc_sys_reset_v5_0_13.lpf [\lpf(c_ext_rst_width=4,c_aux_rst...]
Compiling architecture imp of entity proc_sys_reset_v5_0_13.upcnt_n [\upcnt_n(c_size=6)\]
Compiling architecture imp of entity proc_sys_reset_v5_0_13.sequence_psr [sequence_psr_default]
Compiling architecture imp of entity proc_sys_reset_v5_0_13.proc_sys_reset [\proc_sys_reset(c_family="zynq",...]
Compiling architecture fft_microblaze_rst_clk_wiz_1_100m_0_arch of entity xil_defaultlib.FFT_Microblaze_rst_clk_wiz_1_100M_0 [fft_microblaze_rst_clk_wiz_1_100...]
Compiling module xil_defaultlib.FFT_Microblaze
Compiling module xil_defaultlib.FFT_Microblaze_wrapper
Compiling module xil_defaultlib.FFT_Microblaze_Tb
Compiling module xil_defaultlib.glbl
Built simulation snapshot FFT_Microblaze_Tb_behav
