17:53:44 INFO  : Registering command handlers for SDK TCF services
17:53:44 INFO  : Launching XSCT server: xsct.bat -interactive D:\addam\Git\SDUP\zynq_fft_ip_core\module_sim\fft_module\fft_module.sdk\temp_xsdb_launch_script.tcl
17:53:46 INFO  : XSCT server has started successfully.
17:53:46 INFO  : Successfully done setting XSCT server connection channel  
17:53:46 INFO  : Successfully done setting SDK workspace  
17:53:46 INFO  : Processing command line option -hwspec D:/addam/Git/SDUP/zynq_fft_ip_core/module_sim/fft_module/fft_module.sdk/FFT_Zynq_Axi_Lite_wrapper.hdf.
17:55:07 INFO  : Connected to target on host '127.0.0.1' and port '3121'.
17:55:08 INFO  : 'targets -set -filter {jtag_cable_name =~ "Digilent Zed 210248572000" && level==0} -index 1' command is executed.
17:55:10 INFO  : FPGA configured successfully with bitstream "D:/addam/Git/SDUP/zynq_fft_ip_core/module_sim/fft_module/fft_module.sdk/FFT_Zynq_Axi_Lite_wrapper_hw_platform_0/FFT_Zynq_Axi_Lite_wrapper.bit"
17:55:19 INFO  : 'targets -set -filter {jtag_cable_name =~ "Digilent Zed 210248572000" && level==0} -index 1' command is executed.
17:55:19 INFO  : 'fpga -state' command is executed.
17:55:19 INFO  : Connected to target on host '127.0.0.1' and port '3121'.
17:55:19 INFO  : Jtag cable 'Digilent Zed 210248572000' is selected.
17:55:19 INFO  : 'jtag frequency' command is executed.
17:55:19 INFO  : Sourcing of 'D:/addam/Git/SDUP/zynq_fft_ip_core/module_sim/fft_module/fft_module.sdk/FFT_Zynq_Axi_Lite_wrapper_hw_platform_0/ps7_init.tcl' is done.
17:55:22 ERROR : no targets found with "name =~"APU*" && jtag_cable_name =~ "Digilent Zed 210248572000"". available targets:
  1  DAP (JTAG port open error. AP transaction error, DAP status 30000021)
  2* xc7z020
17:55:22 INFO  : ----------------XSDB Script----------------
connect -url tcp:127.0.0.1:3121
source D:/addam/Git/SDUP/zynq_fft_ip_core/module_sim/fft_module/fft_module.sdk/FFT_Zynq_Axi_Lite_wrapper_hw_platform_0/ps7_init.tcl
targets -set -nocase -filter {name =~"APU*" && jtag_cable_name =~ "Digilent Zed 210248572000"} -index 0
----------------End of Script----------------

17:58:37 INFO  : 'targets -set -filter {jtag_cable_name =~ "Digilent Zed 210248572000" && level==0} -index 1' command is executed.
17:58:37 INFO  : 'fpga -state' command is executed.
17:58:37 INFO  : Connected to target on host '127.0.0.1' and port '3121'.
17:58:37 INFO  : Jtag cable 'Digilent Zed 210248572000' is selected.
17:58:37 INFO  : 'jtag frequency' command is executed.
17:58:37 INFO  : Sourcing of 'D:/addam/Git/SDUP/zynq_fft_ip_core/module_sim/fft_module/fft_module.sdk/FFT_Zynq_Axi_Lite_wrapper_hw_platform_0/ps7_init.tcl' is done.
17:58:40 ERROR : no targets found with "name =~"APU*" && jtag_cable_name =~ "Digilent Zed 210248572000"". available targets:
  1  DAP (JTAG port open error. AP transaction error, DAP status 30000021)
  2* xc7z020
17:58:40 INFO  : ----------------XSDB Script----------------
connect -url tcp:127.0.0.1:3121
source D:/addam/Git/SDUP/zynq_fft_ip_core/module_sim/fft_module/fft_module.sdk/FFT_Zynq_Axi_Lite_wrapper_hw_platform_0/ps7_init.tcl
targets -set -nocase -filter {name =~"APU*" && jtag_cable_name =~ "Digilent Zed 210248572000"} -index 0
----------------End of Script----------------

18:00:41 INFO  : Connected to target on host '127.0.0.1' and port '3121'.
18:00:42 INFO  : 'targets -set -filter {jtag_cable_name =~ "Digilent Zed 210248572000" && level==0} -index 1' command is executed.
18:00:44 INFO  : FPGA configured successfully with bitstream "D:/addam/Git/SDUP/zynq_fft_ip_core/module_sim/fft_module/fft_module.sdk/FFT_Zynq_Axi_Lite_wrapper_hw_platform_0/FFT_Zynq_Axi_Lite_wrapper.bit"
18:00:48 INFO  : 'targets -set -filter {jtag_cable_name =~ "Digilent Zed 210248572000" && level==0} -index 1' command is executed.
18:00:48 INFO  : 'fpga -state' command is executed.
18:00:48 INFO  : Connected to target on host '127.0.0.1' and port '3121'.
18:00:48 INFO  : Jtag cable 'Digilent Zed 210248572000' is selected.
18:00:48 INFO  : 'jtag frequency' command is executed.
18:00:48 INFO  : Sourcing of 'D:/addam/Git/SDUP/zynq_fft_ip_core/module_sim/fft_module/fft_module.sdk/FFT_Zynq_Axi_Lite_wrapper_hw_platform_0/ps7_init.tcl' is done.
18:00:48 INFO  : Context for 'APU' is selected.
18:00:48 INFO  : Hardware design information is loaded from 'D:/addam/Git/SDUP/zynq_fft_ip_core/module_sim/fft_module/fft_module.sdk/FFT_Zynq_Axi_Lite_wrapper_hw_platform_0/system.hdf'.
18:00:49 INFO  : 'configparams force-mem-access 1' command is executed.
18:00:49 INFO  : Context for 'APU' is selected.
18:00:49 INFO  : 'stop' command is executed.
18:00:49 INFO  : 'ps7_init' command is executed.
18:00:49 INFO  : 'ps7_post_config' command is executed.
18:00:49 INFO  : Context for processor 'ps7_cortexa9_0' is selected.
18:00:49 INFO  : Processor reset is completed for 'ps7_cortexa9_0'.
18:00:49 INFO  : Context for processor 'ps7_cortexa9_0' is selected.
18:00:49 INFO  : The application 'D:/addam/Git/SDUP/zynq_fft_ip_core/module_sim/fft_module/fft_module.sdk/fft_butt_app/Debug/fft_butt_app.elf' is downloaded to processor 'ps7_cortexa9_0'.
18:00:49 INFO  : 'configparams force-mem-access 0' command is executed.
18:00:49 INFO  : ----------------XSDB Script----------------
connect -url tcp:127.0.0.1:3121
source D:/addam/Git/SDUP/zynq_fft_ip_core/module_sim/fft_module/fft_module.sdk/FFT_Zynq_Axi_Lite_wrapper_hw_platform_0/ps7_init.tcl
targets -set -nocase -filter {name =~"APU*" && jtag_cable_name =~ "Digilent Zed 210248572000"} -index 0
loadhw -hw D:/addam/Git/SDUP/zynq_fft_ip_core/module_sim/fft_module/fft_module.sdk/FFT_Zynq_Axi_Lite_wrapper_hw_platform_0/system.hdf -mem-ranges [list {0x40000000 0xbfffffff}]
configparams force-mem-access 1
targets -set -nocase -filter {name =~"APU*" && jtag_cable_name =~ "Digilent Zed 210248572000"} -index 0
stop
ps7_init
ps7_post_config
targets -set -nocase -filter {name =~ "ARM*#0" && jtag_cable_name =~ "Digilent Zed 210248572000"} -index 0
rst -processor
targets -set -nocase -filter {name =~ "ARM*#0" && jtag_cable_name =~ "Digilent Zed 210248572000"} -index 0
dow D:/addam/Git/SDUP/zynq_fft_ip_core/module_sim/fft_module/fft_module.sdk/fft_butt_app/Debug/fft_butt_app.elf
configparams force-mem-access 0
----------------End of Script----------------

18:00:49 INFO  : Memory regions updated for context APU
18:00:49 INFO  : Context for processor 'ps7_cortexa9_0' is selected.
18:00:49 INFO  : 'con' command is executed.
18:00:49 INFO  : ----------------XSDB Script (After Launch)----------------
targets -set -nocase -filter {name =~ "ARM*#0" && jtag_cable_name =~ "Digilent Zed 210248572000"} -index 0
con
----------------End of Script----------------

18:00:49 INFO  : Launch script is exported to file 'D:\addam\Git\SDUP\zynq_fft_ip_core\module_sim\fft_module\fft_module.sdk\.sdk\launch_scripts\xilinx_c-c++_application_(system_debugger)\system_debugger_using_debug_fft_butt_app.elf_on_local.tcl'
18:02:53 INFO  : Disconnected from the channel tcfchan#1.
18:02:54 INFO  : 'targets -set -filter {jtag_cable_name =~ "Digilent Zed 210248572000" && level==0} -index 1' command is executed.
18:02:54 INFO  : 'fpga -state' command is executed.
18:02:54 INFO  : Connected to target on host '127.0.0.1' and port '3121'.
18:02:54 INFO  : Jtag cable 'Digilent Zed 210248572000' is selected.
18:02:54 INFO  : 'jtag frequency' command is executed.
18:02:54 INFO  : Sourcing of 'D:/addam/Git/SDUP/zynq_fft_ip_core/module_sim/fft_module/fft_module.sdk/FFT_Zynq_Axi_Lite_wrapper_hw_platform_0/ps7_init.tcl' is done.
18:02:54 INFO  : Context for 'APU' is selected.
18:02:56 INFO  : Hardware design information is loaded from 'D:/addam/Git/SDUP/zynq_fft_ip_core/module_sim/fft_module/fft_module.sdk/FFT_Zynq_Axi_Lite_wrapper_hw_platform_0/system.hdf'.
18:02:56 INFO  : 'configparams force-mem-access 1' command is executed.
18:02:56 INFO  : Context for 'APU' is selected.
18:02:56 INFO  : 'stop' command is executed.
18:02:56 INFO  : 'ps7_init' command is executed.
18:02:56 INFO  : 'ps7_post_config' command is executed.
18:02:56 INFO  : Context for processor 'ps7_cortexa9_0' is selected.
18:02:56 INFO  : Processor reset is completed for 'ps7_cortexa9_0'.
18:02:56 INFO  : Context for processor 'ps7_cortexa9_0' is selected.
18:02:56 INFO  : The application 'D:/addam/Git/SDUP/zynq_fft_ip_core/module_sim/fft_module/fft_module.sdk/fft_butt_app/Debug/fft_butt_app.elf' is downloaded to processor 'ps7_cortexa9_0'.
18:02:56 INFO  : 'configparams force-mem-access 0' command is executed.
18:02:56 INFO  : ----------------XSDB Script----------------
connect -url tcp:127.0.0.1:3121
source D:/addam/Git/SDUP/zynq_fft_ip_core/module_sim/fft_module/fft_module.sdk/FFT_Zynq_Axi_Lite_wrapper_hw_platform_0/ps7_init.tcl
targets -set -nocase -filter {name =~"APU*" && jtag_cable_name =~ "Digilent Zed 210248572000"} -index 0
loadhw -hw D:/addam/Git/SDUP/zynq_fft_ip_core/module_sim/fft_module/fft_module.sdk/FFT_Zynq_Axi_Lite_wrapper_hw_platform_0/system.hdf -mem-ranges [list {0x40000000 0xbfffffff}]
configparams force-mem-access 1
targets -set -nocase -filter {name =~"APU*" && jtag_cable_name =~ "Digilent Zed 210248572000"} -index 0
stop
ps7_init
ps7_post_config
targets -set -nocase -filter {name =~ "ARM*#0" && jtag_cable_name =~ "Digilent Zed 210248572000"} -index 0
rst -processor
targets -set -nocase -filter {name =~ "ARM*#0" && jtag_cable_name =~ "Digilent Zed 210248572000"} -index 0
dow D:/addam/Git/SDUP/zynq_fft_ip_core/module_sim/fft_module/fft_module.sdk/fft_butt_app/Debug/fft_butt_app.elf
configparams force-mem-access 0
----------------End of Script----------------

18:02:56 INFO  : Memory regions updated for context APU
18:02:57 INFO  : Context for processor 'ps7_cortexa9_0' is selected.
18:02:57 INFO  : 'con' command is executed.
18:02:57 INFO  : ----------------XSDB Script (After Launch)----------------
targets -set -nocase -filter {name =~ "ARM*#0" && jtag_cable_name =~ "Digilent Zed 210248572000"} -index 0
con
----------------End of Script----------------

18:02:57 INFO  : Launch script is exported to file 'D:\addam\Git\SDUP\zynq_fft_ip_core\module_sim\fft_module\fft_module.sdk\.sdk\launch_scripts\xilinx_c-c++_application_(system_debugger)\system_debugger_using_debug_fft_butt_app.elf_on_local.tcl'
18:05:07 INFO  : Disconnected from the channel tcfchan#2.
18:05:09 INFO  : 'targets -set -filter {jtag_cable_name =~ "Digilent Zed 210248572000" && level==0} -index 1' command is executed.
18:05:09 INFO  : 'fpga -state' command is executed.
18:05:09 INFO  : Connected to target on host '127.0.0.1' and port '3121'.
18:05:09 INFO  : Jtag cable 'Digilent Zed 210248572000' is selected.
18:05:09 INFO  : 'jtag frequency' command is executed.
18:05:09 INFO  : Sourcing of 'D:/addam/Git/SDUP/zynq_fft_ip_core/module_sim/fft_module/fft_module.sdk/FFT_Zynq_Axi_Lite_wrapper_hw_platform_0/ps7_init.tcl' is done.
18:05:09 INFO  : Context for 'APU' is selected.
18:05:11 INFO  : Hardware design information is loaded from 'D:/addam/Git/SDUP/zynq_fft_ip_core/module_sim/fft_module/fft_module.sdk/FFT_Zynq_Axi_Lite_wrapper_hw_platform_0/system.hdf'.
18:05:11 INFO  : 'configparams force-mem-access 1' command is executed.
18:05:11 INFO  : Context for 'APU' is selected.
18:05:11 INFO  : 'stop' command is executed.
18:05:11 INFO  : 'ps7_init' command is executed.
18:05:11 INFO  : 'ps7_post_config' command is executed.
18:05:11 INFO  : Context for processor 'ps7_cortexa9_0' is selected.
18:05:11 INFO  : Processor reset is completed for 'ps7_cortexa9_0'.
18:05:11 INFO  : Context for processor 'ps7_cortexa9_0' is selected.
18:05:11 INFO  : The application 'D:/addam/Git/SDUP/zynq_fft_ip_core/module_sim/fft_module/fft_module.sdk/fft_butt_app/Debug/fft_butt_app.elf' is downloaded to processor 'ps7_cortexa9_0'.
18:05:11 INFO  : 'configparams force-mem-access 0' command is executed.
18:05:11 INFO  : ----------------XSDB Script----------------
connect -url tcp:127.0.0.1:3121
source D:/addam/Git/SDUP/zynq_fft_ip_core/module_sim/fft_module/fft_module.sdk/FFT_Zynq_Axi_Lite_wrapper_hw_platform_0/ps7_init.tcl
targets -set -nocase -filter {name =~"APU*" && jtag_cable_name =~ "Digilent Zed 210248572000"} -index 0
loadhw -hw D:/addam/Git/SDUP/zynq_fft_ip_core/module_sim/fft_module/fft_module.sdk/FFT_Zynq_Axi_Lite_wrapper_hw_platform_0/system.hdf -mem-ranges [list {0x40000000 0xbfffffff}]
configparams force-mem-access 1
targets -set -nocase -filter {name =~"APU*" && jtag_cable_name =~ "Digilent Zed 210248572000"} -index 0
stop
ps7_init
ps7_post_config
targets -set -nocase -filter {name =~ "ARM*#0" && jtag_cable_name =~ "Digilent Zed 210248572000"} -index 0
rst -processor
targets -set -nocase -filter {name =~ "ARM*#0" && jtag_cable_name =~ "Digilent Zed 210248572000"} -index 0
dow D:/addam/Git/SDUP/zynq_fft_ip_core/module_sim/fft_module/fft_module.sdk/fft_butt_app/Debug/fft_butt_app.elf
configparams force-mem-access 0
----------------End of Script----------------

18:05:11 INFO  : Memory regions updated for context APU
18:05:11 INFO  : Context for processor 'ps7_cortexa9_0' is selected.
18:05:11 INFO  : 'con' command is executed.
18:05:11 INFO  : ----------------XSDB Script (After Launch)----------------
targets -set -nocase -filter {name =~ "ARM*#0" && jtag_cable_name =~ "Digilent Zed 210248572000"} -index 0
con
----------------End of Script----------------

18:05:11 INFO  : Launch script is exported to file 'D:\addam\Git\SDUP\zynq_fft_ip_core\module_sim\fft_module\fft_module.sdk\.sdk\launch_scripts\xilinx_c-c++_application_(system_debugger)\system_debugger_using_debug_fft_butt_app.elf_on_local.tcl'
18:07:02 INFO  : Disconnected from the channel tcfchan#3.
18:07:03 INFO  : 'targets -set -filter {jtag_cable_name =~ "Digilent Zed 210248572000" && level==0} -index 1' command is executed.
18:07:03 INFO  : 'fpga -state' command is executed.
18:07:03 INFO  : Connected to target on host '127.0.0.1' and port '3121'.
18:07:03 INFO  : Jtag cable 'Digilent Zed 210248572000' is selected.
18:07:03 INFO  : 'jtag frequency' command is executed.
18:07:03 INFO  : Sourcing of 'D:/addam/Git/SDUP/zynq_fft_ip_core/module_sim/fft_module/fft_module.sdk/FFT_Zynq_Axi_Lite_wrapper_hw_platform_0/ps7_init.tcl' is done.
18:07:03 INFO  : Context for 'APU' is selected.
18:07:05 INFO  : Hardware design information is loaded from 'D:/addam/Git/SDUP/zynq_fft_ip_core/module_sim/fft_module/fft_module.sdk/FFT_Zynq_Axi_Lite_wrapper_hw_platform_0/system.hdf'.
18:07:05 INFO  : 'configparams force-mem-access 1' command is executed.
18:07:05 INFO  : Context for 'APU' is selected.
18:07:05 INFO  : 'stop' command is executed.
18:07:05 INFO  : 'ps7_init' command is executed.
18:07:05 INFO  : 'ps7_post_config' command is executed.
18:07:05 INFO  : Context for processor 'ps7_cortexa9_0' is selected.
18:07:05 INFO  : Processor reset is completed for 'ps7_cortexa9_0'.
18:07:05 INFO  : Context for processor 'ps7_cortexa9_0' is selected.
18:07:05 INFO  : The application 'D:/addam/Git/SDUP/zynq_fft_ip_core/module_sim/fft_module/fft_module.sdk/fft_butt_app/Debug/fft_butt_app.elf' is downloaded to processor 'ps7_cortexa9_0'.
18:07:05 INFO  : 'configparams force-mem-access 0' command is executed.
18:07:05 INFO  : ----------------XSDB Script----------------
connect -url tcp:127.0.0.1:3121
source D:/addam/Git/SDUP/zynq_fft_ip_core/module_sim/fft_module/fft_module.sdk/FFT_Zynq_Axi_Lite_wrapper_hw_platform_0/ps7_init.tcl
targets -set -nocase -filter {name =~"APU*" && jtag_cable_name =~ "Digilent Zed 210248572000"} -index 0
loadhw -hw D:/addam/Git/SDUP/zynq_fft_ip_core/module_sim/fft_module/fft_module.sdk/FFT_Zynq_Axi_Lite_wrapper_hw_platform_0/system.hdf -mem-ranges [list {0x40000000 0xbfffffff}]
configparams force-mem-access 1
targets -set -nocase -filter {name =~"APU*" && jtag_cable_name =~ "Digilent Zed 210248572000"} -index 0
stop
ps7_init
ps7_post_config
targets -set -nocase -filter {name =~ "ARM*#0" && jtag_cable_name =~ "Digilent Zed 210248572000"} -index 0
rst -processor
targets -set -nocase -filter {name =~ "ARM*#0" && jtag_cable_name =~ "Digilent Zed 210248572000"} -index 0
dow D:/addam/Git/SDUP/zynq_fft_ip_core/module_sim/fft_module/fft_module.sdk/fft_butt_app/Debug/fft_butt_app.elf
configparams force-mem-access 0
----------------End of Script----------------

18:07:05 INFO  : Memory regions updated for context APU
18:07:05 INFO  : Context for processor 'ps7_cortexa9_0' is selected.
18:07:05 INFO  : 'con' command is executed.
18:07:05 INFO  : ----------------XSDB Script (After Launch)----------------
targets -set -nocase -filter {name =~ "ARM*#0" && jtag_cable_name =~ "Digilent Zed 210248572000"} -index 0
con
----------------End of Script----------------

18:07:05 INFO  : Launch script is exported to file 'D:\addam\Git\SDUP\zynq_fft_ip_core\module_sim\fft_module\fft_module.sdk\.sdk\launch_scripts\xilinx_c-c++_application_(system_debugger)\system_debugger_using_debug_fft_butt_app.elf_on_local.tcl'
18:08:21 INFO  : Disconnected from the channel tcfchan#4.
18:08:22 INFO  : 'targets -set -filter {jtag_cable_name =~ "Digilent Zed 210248572000" && level==0} -index 1' command is executed.
18:08:22 INFO  : 'fpga -state' command is executed.
18:08:22 INFO  : Connected to target on host '127.0.0.1' and port '3121'.
18:08:22 INFO  : Jtag cable 'Digilent Zed 210248572000' is selected.
18:08:22 INFO  : 'jtag frequency' command is executed.
18:08:22 INFO  : Sourcing of 'D:/addam/Git/SDUP/zynq_fft_ip_core/module_sim/fft_module/fft_module.sdk/FFT_Zynq_Axi_Lite_wrapper_hw_platform_0/ps7_init.tcl' is done.
18:08:22 INFO  : Context for 'APU' is selected.
18:08:24 INFO  : Hardware design information is loaded from 'D:/addam/Git/SDUP/zynq_fft_ip_core/module_sim/fft_module/fft_module.sdk/FFT_Zynq_Axi_Lite_wrapper_hw_platform_0/system.hdf'.
18:08:24 INFO  : 'configparams force-mem-access 1' command is executed.
18:08:24 INFO  : Context for 'APU' is selected.
18:08:24 INFO  : 'stop' command is executed.
18:08:24 INFO  : 'ps7_init' command is executed.
18:08:24 INFO  : 'ps7_post_config' command is executed.
18:08:24 INFO  : Context for processor 'ps7_cortexa9_0' is selected.
18:08:24 INFO  : Processor reset is completed for 'ps7_cortexa9_0'.
18:08:24 INFO  : Context for processor 'ps7_cortexa9_0' is selected.
18:08:24 INFO  : The application 'D:/addam/Git/SDUP/zynq_fft_ip_core/module_sim/fft_module/fft_module.sdk/fft_butt_app/Debug/fft_butt_app.elf' is downloaded to processor 'ps7_cortexa9_0'.
18:08:24 INFO  : 'configparams force-mem-access 0' command is executed.
18:08:24 INFO  : ----------------XSDB Script----------------
connect -url tcp:127.0.0.1:3121
source D:/addam/Git/SDUP/zynq_fft_ip_core/module_sim/fft_module/fft_module.sdk/FFT_Zynq_Axi_Lite_wrapper_hw_platform_0/ps7_init.tcl
targets -set -nocase -filter {name =~"APU*" && jtag_cable_name =~ "Digilent Zed 210248572000"} -index 0
loadhw -hw D:/addam/Git/SDUP/zynq_fft_ip_core/module_sim/fft_module/fft_module.sdk/FFT_Zynq_Axi_Lite_wrapper_hw_platform_0/system.hdf -mem-ranges [list {0x40000000 0xbfffffff}]
configparams force-mem-access 1
targets -set -nocase -filter {name =~"APU*" && jtag_cable_name =~ "Digilent Zed 210248572000"} -index 0
stop
ps7_init
ps7_post_config
targets -set -nocase -filter {name =~ "ARM*#0" && jtag_cable_name =~ "Digilent Zed 210248572000"} -index 0
rst -processor
targets -set -nocase -filter {name =~ "ARM*#0" && jtag_cable_name =~ "Digilent Zed 210248572000"} -index 0
dow D:/addam/Git/SDUP/zynq_fft_ip_core/module_sim/fft_module/fft_module.sdk/fft_butt_app/Debug/fft_butt_app.elf
configparams force-mem-access 0
----------------End of Script----------------

18:08:24 INFO  : Memory regions updated for context APU
18:08:25 INFO  : Context for processor 'ps7_cortexa9_0' is selected.
18:08:25 INFO  : 'con' command is executed.
18:08:25 INFO  : ----------------XSDB Script (After Launch)----------------
targets -set -nocase -filter {name =~ "ARM*#0" && jtag_cable_name =~ "Digilent Zed 210248572000"} -index 0
con
----------------End of Script----------------

18:08:25 INFO  : Launch script is exported to file 'D:\addam\Git\SDUP\zynq_fft_ip_core\module_sim\fft_module\fft_module.sdk\.sdk\launch_scripts\xilinx_c-c++_application_(system_debugger)\system_debugger_using_debug_fft_butt_app.elf_on_local.tcl'
18:10:05 INFO  : Connected to target on host '127.0.0.1' and port '3121'.
18:10:08 INFO  : 'targets -set -filter {jtag_cable_name =~ "Digilent Zed 210248572000" && level==0} -index 1' command is executed.
18:10:11 INFO  : FPGA configured successfully with bitstream "D:/addam/Git/SDUP/zynq_fft_ip_core/module_sim/fft_module/fft_module.sdk/FFT_Zynq_Axi_Lite_wrapper_hw_platform_0/FFT_Zynq_Axi_Lite_wrapper.bit"
18:10:32 INFO  : Disconnected from the channel tcfchan#5.
18:10:33 INFO  : 'targets -set -filter {jtag_cable_name =~ "Digilent Zed 210248572000" && level==0} -index 1' command is executed.
18:10:33 INFO  : 'fpga -state' command is executed.
18:10:33 INFO  : Connected to target on host '127.0.0.1' and port '3121'.
18:10:34 INFO  : Jtag cable 'Digilent Zed 210248572000' is selected.
18:10:34 INFO  : 'jtag frequency' command is executed.
18:10:34 INFO  : Sourcing of 'D:/addam/Git/SDUP/zynq_fft_ip_core/module_sim/fft_module/fft_module.sdk/FFT_Zynq_Axi_Lite_wrapper_hw_platform_0/ps7_init.tcl' is done.
18:10:34 INFO  : Context for 'APU' is selected.
18:10:35 INFO  : Hardware design information is loaded from 'D:/addam/Git/SDUP/zynq_fft_ip_core/module_sim/fft_module/fft_module.sdk/FFT_Zynq_Axi_Lite_wrapper_hw_platform_0/system.hdf'.
18:10:35 INFO  : 'configparams force-mem-access 1' command is executed.
18:10:35 INFO  : Context for 'APU' is selected.
18:10:36 INFO  : 'stop' command is executed.
18:10:36 INFO  : 'ps7_init' command is executed.
18:10:36 INFO  : 'ps7_post_config' command is executed.
18:10:36 INFO  : Context for processor 'ps7_cortexa9_0' is selected.
18:10:36 INFO  : Processor reset is completed for 'ps7_cortexa9_0'.
18:10:36 INFO  : Context for processor 'ps7_cortexa9_0' is selected.
18:10:36 INFO  : The application 'D:/addam/Git/SDUP/zynq_fft_ip_core/module_sim/fft_module/fft_module.sdk/fft_butt_app/Debug/fft_butt_app.elf' is downloaded to processor 'ps7_cortexa9_0'.
18:10:36 INFO  : 'configparams force-mem-access 0' command is executed.
18:10:36 INFO  : ----------------XSDB Script----------------
connect -url tcp:127.0.0.1:3121
source D:/addam/Git/SDUP/zynq_fft_ip_core/module_sim/fft_module/fft_module.sdk/FFT_Zynq_Axi_Lite_wrapper_hw_platform_0/ps7_init.tcl
targets -set -nocase -filter {name =~"APU*" && jtag_cable_name =~ "Digilent Zed 210248572000"} -index 0
loadhw -hw D:/addam/Git/SDUP/zynq_fft_ip_core/module_sim/fft_module/fft_module.sdk/FFT_Zynq_Axi_Lite_wrapper_hw_platform_0/system.hdf -mem-ranges [list {0x40000000 0xbfffffff}]
configparams force-mem-access 1
targets -set -nocase -filter {name =~"APU*" && jtag_cable_name =~ "Digilent Zed 210248572000"} -index 0
stop
ps7_init
ps7_post_config
targets -set -nocase -filter {name =~ "ARM*#0" && jtag_cable_name =~ "Digilent Zed 210248572000"} -index 0
rst -processor
targets -set -nocase -filter {name =~ "ARM*#0" && jtag_cable_name =~ "Digilent Zed 210248572000"} -index 0
dow D:/addam/Git/SDUP/zynq_fft_ip_core/module_sim/fft_module/fft_module.sdk/fft_butt_app/Debug/fft_butt_app.elf
configparams force-mem-access 0
----------------End of Script----------------

18:10:36 INFO  : Memory regions updated for context APU
18:10:36 INFO  : Context for processor 'ps7_cortexa9_0' is selected.
18:10:36 INFO  : 'con' command is executed.
18:10:36 INFO  : ----------------XSDB Script (After Launch)----------------
targets -set -nocase -filter {name =~ "ARM*#0" && jtag_cable_name =~ "Digilent Zed 210248572000"} -index 0
con
----------------End of Script----------------

18:10:36 INFO  : Launch script is exported to file 'D:\addam\Git\SDUP\zynq_fft_ip_core\module_sim\fft_module\fft_module.sdk\.sdk\launch_scripts\xilinx_c-c++_application_(system_debugger)\system_debugger_using_debug_fft_butt_app.elf_on_local.tcl'
18:11:51 INFO  : Disconnected from the channel tcfchan#6.
18:11:52 INFO  : 'targets -set -filter {jtag_cable_name =~ "Digilent Zed 210248572000" && level==0} -index 1' command is executed.
18:11:52 INFO  : 'fpga -state' command is executed.
18:11:52 INFO  : Connected to target on host '127.0.0.1' and port '3121'.
18:11:52 INFO  : Jtag cable 'Digilent Zed 210248572000' is selected.
18:11:52 INFO  : 'jtag frequency' command is executed.
18:11:52 INFO  : Sourcing of 'D:/addam/Git/SDUP/zynq_fft_ip_core/module_sim/fft_module/fft_module.sdk/FFT_Zynq_Axi_Lite_wrapper_hw_platform_0/ps7_init.tcl' is done.
18:11:52 INFO  : Context for 'APU' is selected.
18:11:54 INFO  : Hardware design information is loaded from 'D:/addam/Git/SDUP/zynq_fft_ip_core/module_sim/fft_module/fft_module.sdk/FFT_Zynq_Axi_Lite_wrapper_hw_platform_0/system.hdf'.
18:11:54 INFO  : 'configparams force-mem-access 1' command is executed.
18:11:54 INFO  : Context for 'APU' is selected.
18:11:54 INFO  : 'stop' command is executed.
18:11:54 INFO  : 'ps7_init' command is executed.
18:11:54 INFO  : 'ps7_post_config' command is executed.
18:11:54 INFO  : Context for processor 'ps7_cortexa9_0' is selected.
18:11:54 INFO  : Processor reset is completed for 'ps7_cortexa9_0'.
18:11:55 INFO  : Context for processor 'ps7_cortexa9_0' is selected.
18:11:55 INFO  : The application 'D:/addam/Git/SDUP/zynq_fft_ip_core/module_sim/fft_module/fft_module.sdk/fft_butt_app/Debug/fft_butt_app.elf' is downloaded to processor 'ps7_cortexa9_0'.
18:11:55 INFO  : 'configparams force-mem-access 0' command is executed.
18:11:55 INFO  : ----------------XSDB Script----------------
connect -url tcp:127.0.0.1:3121
source D:/addam/Git/SDUP/zynq_fft_ip_core/module_sim/fft_module/fft_module.sdk/FFT_Zynq_Axi_Lite_wrapper_hw_platform_0/ps7_init.tcl
targets -set -nocase -filter {name =~"APU*" && jtag_cable_name =~ "Digilent Zed 210248572000"} -index 0
loadhw -hw D:/addam/Git/SDUP/zynq_fft_ip_core/module_sim/fft_module/fft_module.sdk/FFT_Zynq_Axi_Lite_wrapper_hw_platform_0/system.hdf -mem-ranges [list {0x40000000 0xbfffffff}]
configparams force-mem-access 1
targets -set -nocase -filter {name =~"APU*" && jtag_cable_name =~ "Digilent Zed 210248572000"} -index 0
stop
ps7_init
ps7_post_config
targets -set -nocase -filter {name =~ "ARM*#0" && jtag_cable_name =~ "Digilent Zed 210248572000"} -index 0
rst -processor
targets -set -nocase -filter {name =~ "ARM*#0" && jtag_cable_name =~ "Digilent Zed 210248572000"} -index 0
dow D:/addam/Git/SDUP/zynq_fft_ip_core/module_sim/fft_module/fft_module.sdk/fft_butt_app/Debug/fft_butt_app.elf
configparams force-mem-access 0
----------------End of Script----------------

18:11:55 INFO  : Memory regions updated for context APU
18:11:55 INFO  : Context for processor 'ps7_cortexa9_0' is selected.
18:11:55 INFO  : 'con' command is executed.
18:11:55 INFO  : ----------------XSDB Script (After Launch)----------------
targets -set -nocase -filter {name =~ "ARM*#0" && jtag_cable_name =~ "Digilent Zed 210248572000"} -index 0
con
----------------End of Script----------------

18:11:55 INFO  : Launch script is exported to file 'D:\addam\Git\SDUP\zynq_fft_ip_core\module_sim\fft_module\fft_module.sdk\.sdk\launch_scripts\xilinx_c-c++_application_(system_debugger)\system_debugger_using_debug_fft_butt_app.elf_on_local.tcl'
18:12:42 INFO  : Connected to target on host '127.0.0.1' and port '3121'.
18:12:42 INFO  : 'targets -set -filter {jtag_cable_name =~ "Digilent Zed 210248572000" && level==0} -index 1' command is executed.
18:12:44 INFO  : FPGA configured successfully with bitstream "D:/addam/Git/SDUP/zynq_fft_ip_core/module_sim/fft_module/fft_module.sdk/FFT_Zynq_Axi_Lite_wrapper_hw_platform_0/FFT_Zynq_Axi_Lite_wrapper.bit"
18:12:50 INFO  : Disconnected from the channel tcfchan#7.
18:12:51 INFO  : 'targets -set -filter {jtag_cable_name =~ "Digilent Zed 210248572000" && level==0} -index 1' command is executed.
18:12:51 INFO  : 'fpga -state' command is executed.
18:12:51 INFO  : Connected to target on host '127.0.0.1' and port '3121'.
18:12:51 INFO  : Jtag cable 'Digilent Zed 210248572000' is selected.
18:12:51 INFO  : 'jtag frequency' command is executed.
18:12:51 INFO  : Sourcing of 'D:/addam/Git/SDUP/zynq_fft_ip_core/module_sim/fft_module/fft_module.sdk/FFT_Zynq_Axi_Lite_wrapper_hw_platform_0/ps7_init.tcl' is done.
18:12:51 INFO  : Context for 'APU' is selected.
18:12:53 INFO  : Hardware design information is loaded from 'D:/addam/Git/SDUP/zynq_fft_ip_core/module_sim/fft_module/fft_module.sdk/FFT_Zynq_Axi_Lite_wrapper_hw_platform_0/system.hdf'.
18:12:53 INFO  : 'configparams force-mem-access 1' command is executed.
18:12:53 INFO  : Context for 'APU' is selected.
18:12:53 INFO  : 'stop' command is executed.
18:12:53 INFO  : 'ps7_init' command is executed.
18:12:53 INFO  : 'ps7_post_config' command is executed.
18:12:53 INFO  : Context for processor 'ps7_cortexa9_0' is selected.
18:12:53 INFO  : Processor reset is completed for 'ps7_cortexa9_0'.
18:12:54 INFO  : Context for processor 'ps7_cortexa9_0' is selected.
18:12:54 INFO  : The application 'D:/addam/Git/SDUP/zynq_fft_ip_core/module_sim/fft_module/fft_module.sdk/fft_butt_app/Debug/fft_butt_app.elf' is downloaded to processor 'ps7_cortexa9_0'.
18:12:54 INFO  : 'configparams force-mem-access 0' command is executed.
18:12:54 INFO  : ----------------XSDB Script----------------
connect -url tcp:127.0.0.1:3121
source D:/addam/Git/SDUP/zynq_fft_ip_core/module_sim/fft_module/fft_module.sdk/FFT_Zynq_Axi_Lite_wrapper_hw_platform_0/ps7_init.tcl
targets -set -nocase -filter {name =~"APU*" && jtag_cable_name =~ "Digilent Zed 210248572000"} -index 0
loadhw -hw D:/addam/Git/SDUP/zynq_fft_ip_core/module_sim/fft_module/fft_module.sdk/FFT_Zynq_Axi_Lite_wrapper_hw_platform_0/system.hdf -mem-ranges [list {0x40000000 0xbfffffff}]
configparams force-mem-access 1
targets -set -nocase -filter {name =~"APU*" && jtag_cable_name =~ "Digilent Zed 210248572000"} -index 0
stop
ps7_init
ps7_post_config
targets -set -nocase -filter {name =~ "ARM*#0" && jtag_cable_name =~ "Digilent Zed 210248572000"} -index 0
rst -processor
targets -set -nocase -filter {name =~ "ARM*#0" && jtag_cable_name =~ "Digilent Zed 210248572000"} -index 0
dow D:/addam/Git/SDUP/zynq_fft_ip_core/module_sim/fft_module/fft_module.sdk/fft_butt_app/Debug/fft_butt_app.elf
configparams force-mem-access 0
----------------End of Script----------------

18:12:54 INFO  : Memory regions updated for context APU
18:12:54 INFO  : Context for processor 'ps7_cortexa9_0' is selected.
18:12:54 INFO  : 'con' command is executed.
18:12:54 INFO  : ----------------XSDB Script (After Launch)----------------
targets -set -nocase -filter {name =~ "ARM*#0" && jtag_cable_name =~ "Digilent Zed 210248572000"} -index 0
con
----------------End of Script----------------

18:12:54 INFO  : Launch script is exported to file 'D:\addam\Git\SDUP\zynq_fft_ip_core\module_sim\fft_module\fft_module.sdk\.sdk\launch_scripts\xilinx_c-c++_application_(system_debugger)\system_debugger_using_debug_fft_butt_app.elf_on_local.tcl'
18:14:50 INFO  : Connected to target on host '127.0.0.1' and port '3121'.
18:14:50 INFO  : 'targets -set -filter {jtag_cable_name =~ "Digilent Zed 210248572000" && level==0} -index 1' command is executed.
18:14:53 INFO  : FPGA configured successfully with bitstream "D:/addam/Git/SDUP/zynq_fft_ip_core/module_sim/fft_module/fft_module.sdk/FFT_Zynq_Axi_Lite_wrapper_hw_platform_0/FFT_Zynq_Axi_Lite_wrapper.bit"
18:15:09 INFO  : Disconnected from the channel tcfchan#8.
18:15:10 INFO  : 'targets -set -filter {jtag_cable_name =~ "Digilent Zed 210248572000" && level==0} -index 1' command is executed.
18:15:10 INFO  : 'fpga -state' command is executed.
18:15:10 INFO  : Connected to target on host '127.0.0.1' and port '3121'.
18:15:10 INFO  : Jtag cable 'Digilent Zed 210248572000' is selected.
18:15:10 INFO  : 'jtag frequency' command is executed.
18:15:10 INFO  : Sourcing of 'D:/addam/Git/SDUP/zynq_fft_ip_core/module_sim/fft_module/fft_module.sdk/FFT_Zynq_Axi_Lite_wrapper_hw_platform_0/ps7_init.tcl' is done.
18:15:10 INFO  : Context for 'APU' is selected.
18:15:12 INFO  : Hardware design information is loaded from 'D:/addam/Git/SDUP/zynq_fft_ip_core/module_sim/fft_module/fft_module.sdk/FFT_Zynq_Axi_Lite_wrapper_hw_platform_0/system.hdf'.
18:15:13 INFO  : 'configparams force-mem-access 1' command is executed.
18:15:13 INFO  : Context for 'APU' is selected.
18:15:13 INFO  : 'stop' command is executed.
18:15:13 INFO  : 'ps7_init' command is executed.
18:15:13 INFO  : 'ps7_post_config' command is executed.
18:15:13 INFO  : Context for processor 'ps7_cortexa9_0' is selected.
18:15:13 INFO  : Processor reset is completed for 'ps7_cortexa9_0'.
18:15:13 INFO  : Context for processor 'ps7_cortexa9_0' is selected.
18:15:13 INFO  : The application 'D:/addam/Git/SDUP/zynq_fft_ip_core/module_sim/fft_module/fft_module.sdk/fft_butt_app/Debug/fft_butt_app.elf' is downloaded to processor 'ps7_cortexa9_0'.
18:15:13 INFO  : 'configparams force-mem-access 0' command is executed.
18:15:13 INFO  : ----------------XSDB Script----------------
connect -url tcp:127.0.0.1:3121
source D:/addam/Git/SDUP/zynq_fft_ip_core/module_sim/fft_module/fft_module.sdk/FFT_Zynq_Axi_Lite_wrapper_hw_platform_0/ps7_init.tcl
targets -set -nocase -filter {name =~"APU*" && jtag_cable_name =~ "Digilent Zed 210248572000"} -index 0
loadhw -hw D:/addam/Git/SDUP/zynq_fft_ip_core/module_sim/fft_module/fft_module.sdk/FFT_Zynq_Axi_Lite_wrapper_hw_platform_0/system.hdf -mem-ranges [list {0x40000000 0xbfffffff}]
configparams force-mem-access 1
targets -set -nocase -filter {name =~"APU*" && jtag_cable_name =~ "Digilent Zed 210248572000"} -index 0
stop
ps7_init
ps7_post_config
targets -set -nocase -filter {name =~ "ARM*#0" && jtag_cable_name =~ "Digilent Zed 210248572000"} -index 0
rst -processor
targets -set -nocase -filter {name =~ "ARM*#0" && jtag_cable_name =~ "Digilent Zed 210248572000"} -index 0
dow D:/addam/Git/SDUP/zynq_fft_ip_core/module_sim/fft_module/fft_module.sdk/fft_butt_app/Debug/fft_butt_app.elf
configparams force-mem-access 0
----------------End of Script----------------

18:15:13 INFO  : Memory regions updated for context APU
18:15:13 INFO  : Context for processor 'ps7_cortexa9_0' is selected.
18:15:13 INFO  : 'con' command is executed.
18:15:13 INFO  : ----------------XSDB Script (After Launch)----------------
targets -set -nocase -filter {name =~ "ARM*#0" && jtag_cable_name =~ "Digilent Zed 210248572000"} -index 0
con
----------------End of Script----------------

18:15:13 INFO  : Launch script is exported to file 'D:\addam\Git\SDUP\zynq_fft_ip_core\module_sim\fft_module\fft_module.sdk\.sdk\launch_scripts\xilinx_c-c++_application_(system_debugger)\system_debugger_using_debug_fft_butt_app.elf_on_local.tcl'
18:16:40 INFO  : Connected to target on host '127.0.0.1' and port '3121'.
18:16:40 INFO  : 'targets -set -filter {jtag_cable_name =~ "Digilent Zed 210248572000" && level==0} -index 1' command is executed.
18:16:43 INFO  : FPGA configured successfully with bitstream "D:/addam/Git/SDUP/zynq_fft_ip_core/module_sim/fft_module/fft_module.sdk/FFT_Zynq_Axi_Lite_wrapper_hw_platform_0/FFT_Zynq_Axi_Lite_wrapper.bit"
18:16:47 INFO  : Disconnected from the channel tcfchan#9.
18:16:48 INFO  : 'targets -set -filter {jtag_cable_name =~ "Digilent Zed 210248572000" && level==0} -index 1' command is executed.
18:16:48 INFO  : 'fpga -state' command is executed.
18:16:48 INFO  : Connected to target on host '127.0.0.1' and port '3121'.
18:16:48 INFO  : Jtag cable 'Digilent Zed 210248572000' is selected.
18:16:48 INFO  : 'jtag frequency' command is executed.
18:16:48 INFO  : Sourcing of 'D:/addam/Git/SDUP/zynq_fft_ip_core/module_sim/fft_module/fft_module.sdk/FFT_Zynq_Axi_Lite_wrapper_hw_platform_0/ps7_init.tcl' is done.
18:16:48 INFO  : Context for 'APU' is selected.
18:16:50 INFO  : Hardware design information is loaded from 'D:/addam/Git/SDUP/zynq_fft_ip_core/module_sim/fft_module/fft_module.sdk/FFT_Zynq_Axi_Lite_wrapper_hw_platform_0/system.hdf'.
18:16:50 INFO  : 'configparams force-mem-access 1' command is executed.
18:16:50 INFO  : Context for 'APU' is selected.
18:16:50 INFO  : 'stop' command is executed.
18:16:51 INFO  : 'ps7_init' command is executed.
18:16:51 INFO  : 'ps7_post_config' command is executed.
18:16:51 INFO  : Context for processor 'ps7_cortexa9_0' is selected.
18:16:51 INFO  : Processor reset is completed for 'ps7_cortexa9_0'.
18:16:51 INFO  : Context for processor 'ps7_cortexa9_0' is selected.
18:16:51 INFO  : The application 'D:/addam/Git/SDUP/zynq_fft_ip_core/module_sim/fft_module/fft_module.sdk/fft_butt_app/Debug/fft_butt_app.elf' is downloaded to processor 'ps7_cortexa9_0'.
18:16:51 INFO  : 'configparams force-mem-access 0' command is executed.
18:16:51 INFO  : ----------------XSDB Script----------------
connect -url tcp:127.0.0.1:3121
source D:/addam/Git/SDUP/zynq_fft_ip_core/module_sim/fft_module/fft_module.sdk/FFT_Zynq_Axi_Lite_wrapper_hw_platform_0/ps7_init.tcl
targets -set -nocase -filter {name =~"APU*" && jtag_cable_name =~ "Digilent Zed 210248572000"} -index 0
loadhw -hw D:/addam/Git/SDUP/zynq_fft_ip_core/module_sim/fft_module/fft_module.sdk/FFT_Zynq_Axi_Lite_wrapper_hw_platform_0/system.hdf -mem-ranges [list {0x40000000 0xbfffffff}]
configparams force-mem-access 1
targets -set -nocase -filter {name =~"APU*" && jtag_cable_name =~ "Digilent Zed 210248572000"} -index 0
stop
ps7_init
ps7_post_config
targets -set -nocase -filter {name =~ "ARM*#0" && jtag_cable_name =~ "Digilent Zed 210248572000"} -index 0
rst -processor
targets -set -nocase -filter {name =~ "ARM*#0" && jtag_cable_name =~ "Digilent Zed 210248572000"} -index 0
dow D:/addam/Git/SDUP/zynq_fft_ip_core/module_sim/fft_module/fft_module.sdk/fft_butt_app/Debug/fft_butt_app.elf
configparams force-mem-access 0
----------------End of Script----------------

18:16:51 INFO  : Memory regions updated for context APU
18:16:51 INFO  : Context for processor 'ps7_cortexa9_0' is selected.
18:16:51 INFO  : 'con' command is executed.
18:16:51 INFO  : ----------------XSDB Script (After Launch)----------------
targets -set -nocase -filter {name =~ "ARM*#0" && jtag_cable_name =~ "Digilent Zed 210248572000"} -index 0
con
----------------End of Script----------------

18:16:51 INFO  : Launch script is exported to file 'D:\addam\Git\SDUP\zynq_fft_ip_core\module_sim\fft_module\fft_module.sdk\.sdk\launch_scripts\xilinx_c-c++_application_(system_debugger)\system_debugger_using_debug_fft_butt_app.elf_on_local.tcl'
18:18:07 INFO  : Connected to target on host '127.0.0.1' and port '3121'.
18:18:07 INFO  : 'targets -set -filter {jtag_cable_name =~ "Digilent Zed 210248572000" && level==0} -index 1' command is executed.
18:18:10 INFO  : FPGA configured successfully with bitstream "D:/addam/Git/SDUP/zynq_fft_ip_core/module_sim/fft_module/fft_module.sdk/FFT_Zynq_Axi_Lite_wrapper_hw_platform_0/FFT_Zynq_Axi_Lite_wrapper.bit"
18:18:14 INFO  : Disconnected from the channel tcfchan#10.
18:18:15 INFO  : 'targets -set -filter {jtag_cable_name =~ "Digilent Zed 210248572000" && level==0} -index 1' command is executed.
18:18:15 INFO  : 'fpga -state' command is executed.
18:18:15 INFO  : Connected to target on host '127.0.0.1' and port '3121'.
18:18:15 INFO  : Jtag cable 'Digilent Zed 210248572000' is selected.
18:18:15 INFO  : 'jtag frequency' command is executed.
18:18:15 INFO  : Sourcing of 'D:/addam/Git/SDUP/zynq_fft_ip_core/module_sim/fft_module/fft_module.sdk/FFT_Zynq_Axi_Lite_wrapper_hw_platform_0/ps7_init.tcl' is done.
18:18:16 INFO  : Context for 'APU' is selected.
18:18:17 INFO  : Hardware design information is loaded from 'D:/addam/Git/SDUP/zynq_fft_ip_core/module_sim/fft_module/fft_module.sdk/FFT_Zynq_Axi_Lite_wrapper_hw_platform_0/system.hdf'.
18:18:17 INFO  : 'configparams force-mem-access 1' command is executed.
18:18:17 INFO  : Context for 'APU' is selected.
18:18:17 INFO  : 'stop' command is executed.
18:18:18 INFO  : 'ps7_init' command is executed.
18:18:18 INFO  : 'ps7_post_config' command is executed.
18:18:18 INFO  : Context for processor 'ps7_cortexa9_0' is selected.
18:18:18 INFO  : Processor reset is completed for 'ps7_cortexa9_0'.
18:18:18 INFO  : Context for processor 'ps7_cortexa9_0' is selected.
18:18:18 INFO  : The application 'D:/addam/Git/SDUP/zynq_fft_ip_core/module_sim/fft_module/fft_module.sdk/fft_butt_app/Debug/fft_butt_app.elf' is downloaded to processor 'ps7_cortexa9_0'.
18:18:18 INFO  : 'configparams force-mem-access 0' command is executed.
18:18:18 INFO  : ----------------XSDB Script----------------
connect -url tcp:127.0.0.1:3121
source D:/addam/Git/SDUP/zynq_fft_ip_core/module_sim/fft_module/fft_module.sdk/FFT_Zynq_Axi_Lite_wrapper_hw_platform_0/ps7_init.tcl
targets -set -nocase -filter {name =~"APU*" && jtag_cable_name =~ "Digilent Zed 210248572000"} -index 0
loadhw -hw D:/addam/Git/SDUP/zynq_fft_ip_core/module_sim/fft_module/fft_module.sdk/FFT_Zynq_Axi_Lite_wrapper_hw_platform_0/system.hdf -mem-ranges [list {0x40000000 0xbfffffff}]
configparams force-mem-access 1
targets -set -nocase -filter {name =~"APU*" && jtag_cable_name =~ "Digilent Zed 210248572000"} -index 0
stop
ps7_init
ps7_post_config
targets -set -nocase -filter {name =~ "ARM*#0" && jtag_cable_name =~ "Digilent Zed 210248572000"} -index 0
rst -processor
targets -set -nocase -filter {name =~ "ARM*#0" && jtag_cable_name =~ "Digilent Zed 210248572000"} -index 0
dow D:/addam/Git/SDUP/zynq_fft_ip_core/module_sim/fft_module/fft_module.sdk/fft_butt_app/Debug/fft_butt_app.elf
configparams force-mem-access 0
----------------End of Script----------------

18:18:18 INFO  : Memory regions updated for context APU
18:18:18 INFO  : Context for processor 'ps7_cortexa9_0' is selected.
18:18:18 INFO  : 'con' command is executed.
18:18:18 INFO  : ----------------XSDB Script (After Launch)----------------
targets -set -nocase -filter {name =~ "ARM*#0" && jtag_cable_name =~ "Digilent Zed 210248572000"} -index 0
con
----------------End of Script----------------

18:18:18 INFO  : Launch script is exported to file 'D:\addam\Git\SDUP\zynq_fft_ip_core\module_sim\fft_module\fft_module.sdk\.sdk\launch_scripts\xilinx_c-c++_application_(system_debugger)\system_debugger_using_debug_fft_butt_app.elf_on_local.tcl'
18:19:25 INFO  : Disconnected from the channel tcfchan#11.
