Copyright 1986-2018 Xilinx, Inc. All Rights Reserved.
------------------------------------------------------------------------------------
| Tool Version : Vivado v.2018.3 (win64) Build 2405991 Thu Dec  6 23:38:27 MST 2018
| Date         : Sat Jun  5 19:39:44 2021
| Host         : DESKTOP-DJCF65G running 64-bit major release  (build 9200)
| Command      : upgrade_ip
| Device       : xc7z020clg484-1
------------------------------------------------------------------------------------

Upgrade Log for IP 'FFT_Zynq_Axi_Lite_FFT_Butterfly_Axi_Li_0_0'

1. Summary
----------

SUCCESS in the upgrade of FFT_Zynq_Axi_Lite_FFT_Butterfly_Axi_Li_0_0 (xilinx.com:user:FFT_Butterfly_Axi_Lite:1.0) from (Rev. 10) to (Rev. 11)






Copyright 1986-2018 Xilinx, Inc. All Rights Reserved.
------------------------------------------------------------------------------------
| Tool Version : Vivado v.2018.3 (win64) Build 2405991 Thu Dec  6 23:38:27 MST 2018
| Date         : Sat Jun  5 19:33:58 2021
| Host         : DESKTOP-DJCF65G running 64-bit major release  (build 9200)
| Command      : upgrade_ip
| Device       : xc7z020clg484-1
------------------------------------------------------------------------------------

Upgrade Log for IP 'FFT_Zynq_Axi_Lite_FFT_Butterfly_Axi_Li_0_0'

1. Summary
----------

SUCCESS in the upgrade of FFT_Zynq_Axi_Lite_FFT_Butterfly_Axi_Li_0_0 (xilinx.com:user:FFT_Butterfly_Axi_Lite:1.0) from (Rev. 9) to (Rev. 10)






Copyright 1986-2018 Xilinx, Inc. All Rights Reserved.
------------------------------------------------------------------------------------
| Tool Version : Vivado v.2018.3 (win64) Build 2405991 Thu Dec  6 23:38:27 MST 2018
| Date         : Sat Jun  5 19:27:32 2021
| Host         : DESKTOP-DJCF65G running 64-bit major release  (build 9200)
| Command      : upgrade_ip
| Device       : xc7z020clg484-1
------------------------------------------------------------------------------------

Upgrade Log for IP 'FFT_Zynq_Axi_Lite_FFT_Butterfly_Axi_Li_0_0'

1. Summary
----------

SUCCESS in the upgrade of FFT_Zynq_Axi_Lite_FFT_Butterfly_Axi_Li_0_0 (xilinx.com:user:FFT_Butterfly_Axi_Lite:1.0) from (Rev. 8) to (Rev. 9)






Copyright 1986-2018 Xilinx, Inc. All Rights Reserved.
------------------------------------------------------------------------------------
| Tool Version : Vivado v.2018.3 (win64) Build 2405991 Thu Dec  6 23:38:27 MST 2018
| Date         : Sat Jun  5 19:23:56 2021
| Host         : DESKTOP-DJCF65G running 64-bit major release  (build 9200)
| Command      : upgrade_ip
| Device       : xc7z020clg484-1
------------------------------------------------------------------------------------

Upgrade Log for IP 'FFT_Zynq_Axi_Lite_FFT_Butterfly_Axi_Li_0_0'

1. Summary
----------

SUCCESS in the upgrade of FFT_Zynq_Axi_Lite_FFT_Butterfly_Axi_Li_0_0 (xilinx.com:user:FFT_Butterfly_Axi_Lite:1.0) from (Rev. 7) to (Rev. 8)






Copyright 1986-2018 Xilinx, Inc. All Rights Reserved.
------------------------------------------------------------------------------------
| Tool Version : Vivado v.2018.3 (win64) Build 2405991 Thu Dec  6 23:38:27 MST 2018
| Date         : Sat Jun  5 19:19:39 2021
| Host         : DESKTOP-DJCF65G running 64-bit major release  (build 9200)
| Command      : upgrade_ip
| Device       : xc7z020clg484-1
------------------------------------------------------------------------------------

Upgrade Log for IP 'FFT_Zynq_Axi_Lite_FFT_Butterfly_Axi_Li_0_0'

1. Summary
----------

SUCCESS in the upgrade of FFT_Zynq_Axi_Lite_FFT_Butterfly_Axi_Li_0_0 (xilinx.com:user:FFT_Butterfly_Axi_Lite:1.0) from (Rev. 6) to (Rev. 7)






Copyright 1986-2018 Xilinx, Inc. All Rights Reserved.
------------------------------------------------------------------------------------
| Tool Version : Vivado v.2018.3 (win64) Build 2405991 Thu Dec  6 23:38:27 MST 2018
| Date         : Sat Jun  5 19:10:53 2021
| Host         : DESKTOP-DJCF65G running 64-bit major release  (build 9200)
| Command      : upgrade_ip
| Device       : xc7z020clg484-1
------------------------------------------------------------------------------------

Upgrade Log for IP 'FFT_Zynq_Axi_Lite_FFT_Butterfly_Axi_Li_0_0'

1. Summary
----------

SUCCESS in the upgrade of FFT_Zynq_Axi_Lite_FFT_Butterfly_Axi_Li_0_0 (xilinx.com:user:FFT_Butterfly_Axi_Lite:1.0) from (Rev. 5) to (Rev. 6)






Copyright 1986-2018 Xilinx, Inc. All Rights Reserved.
------------------------------------------------------------------------------------
| Tool Version : Vivado v.2018.3 (win64) Build 2405991 Thu Dec  6 23:38:27 MST 2018
| Date         : Sat Jun  5 19:08:59 2021
| Host         : DESKTOP-DJCF65G running 64-bit major release  (build 9200)
| Command      : upgrade_ip
| Device       : xc7z020clg484-1
------------------------------------------------------------------------------------

Upgrade Log for IP 'FFT_Zynq_Axi_Lite_FFT_Butterfly_Axi_Li_0_0'

1. Summary
----------

SUCCESS in the upgrade of FFT_Zynq_Axi_Lite_FFT_Butterfly_Axi_Li_0_0 (xilinx.com:user:FFT_Butterfly_Axi_Lite:1.0) from (Rev. 4) to (Rev. 5)






Copyright 1986-2018 Xilinx, Inc. All Rights Reserved.
------------------------------------------------------------------------------------
| Tool Version : Vivado v.2018.3 (win64) Build 2405991 Thu Dec  6 23:38:27 MST 2018
| Date         : Sat Jun  5 18:58:12 2021
| Host         : DESKTOP-DJCF65G running 64-bit major release  (build 9200)
| Command      : upgrade_ip
| Device       : xc7z020clg484-1
------------------------------------------------------------------------------------

Upgrade Log for IP 'FFT_Zynq_Axi_Lite_FFT_Butterfly_Axi_Li_0_0'

1. Summary
----------

SUCCESS in the upgrade of FFT_Zynq_Axi_Lite_FFT_Butterfly_Axi_Li_0_0 (xilinx.com:user:FFT_Butterfly_Axi_Lite:1.0) from (Rev. 1) to (Rev. 4)






Copyright 1986-2018 Xilinx, Inc. All Rights Reserved.
------------------------------------------------------------------------------------
| Tool Version : Vivado v.2018.3 (win64) Build 2405991 Thu Dec  6 23:38:27 MST 2018
| Date         : Fri Jun  4 23:37:50 2021
| Host         : DESKTOP-DJCF65G running 64-bit major release  (build 9200)
| Command      : upgrade_ip
| Device       : xc7z020clg484-1
------------------------------------------------------------------------------------

Upgrade Log for IP 'FFT_Zynq_fft_butterlfy_ip_0_1'

1. Summary
----------

SUCCESS in the upgrade of FFT_Zynq_fft_butterlfy_ip_0_1 (xilinx.com:user:fft_butterlfy_ip:1.0) from (Rev. 13) to (Rev. 14)






Copyright 1986-2018 Xilinx, Inc. All Rights Reserved.
------------------------------------------------------------------------------------
| Tool Version : Vivado v.2018.3 (win64) Build 2405991 Thu Dec  6 23:38:27 MST 2018
| Date         : Fri Jun  4 23:29:04 2021
| Host         : DESKTOP-DJCF65G running 64-bit major release  (build 9200)
| Command      : upgrade_ip
| Device       : xc7z020clg484-1
------------------------------------------------------------------------------------

Upgrade Log for IP 'FFT_Zynq_fft_butterlfy_ip_0_1'

1. Summary
----------

SUCCESS in the upgrade of FFT_Zynq_fft_butterlfy_ip_0_1 (xilinx.com:user:fft_butterlfy_ip:1.0) from (Rev. 12) to (Rev. 13)






Copyright 1986-2018 Xilinx, Inc. All Rights Reserved.
------------------------------------------------------------------------------------
| Tool Version : Vivado v.2018.3 (win64) Build 2405991 Thu Dec  6 23:38:27 MST 2018
| Date         : Fri Jun  4 23:26:10 2021
| Host         : DESKTOP-DJCF65G running 64-bit major release  (build 9200)
| Command      : upgrade_ip
| Device       : xc7z020clg484-1
------------------------------------------------------------------------------------

Upgrade Log for IP 'FFT_Zynq_fft_butterlfy_ip_0_1'

1. Summary
----------

SUCCESS in the upgrade of FFT_Zynq_fft_butterlfy_ip_0_1 (xilinx.com:user:fft_butterlfy_ip:1.0) from (Rev. 11) to (Rev. 12)






Copyright 1986-2018 Xilinx, Inc. All Rights Reserved.
------------------------------------------------------------------------------------
| Tool Version : Vivado v.2018.3 (win64) Build 2405991 Thu Dec  6 23:38:27 MST 2018
| Date         : Fri Jun  4 23:16:39 2021
| Host         : DESKTOP-DJCF65G running 64-bit major release  (build 9200)
| Command      : upgrade_ip
| Device       : xc7z020clg484-1
------------------------------------------------------------------------------------

Upgrade Log for IP 'FFT_Zynq_fft_butterlfy_ip_0_1'

1. Summary
----------

SUCCESS in the upgrade of FFT_Zynq_fft_butterlfy_ip_0_1 (xilinx.com:user:fft_butterlfy_ip:1.0) from (Rev. 10) to (Rev. 11)






Copyright 1986-2018 Xilinx, Inc. All Rights Reserved.
------------------------------------------------------------------------------------
| Tool Version : Vivado v.2018.3 (win64) Build 2405991 Thu Dec  6 23:38:27 MST 2018
| Date         : Fri Jun  4 22:59:00 2021
| Host         : DESKTOP-DJCF65G running 64-bit major release  (build 9200)
| Command      : upgrade_ip
| Device       : xc7z020clg484-1
------------------------------------------------------------------------------------

Upgrade Log for IP 'FFT_Zynq_fft_butterlfy_ip_0_1'

1. Summary
----------

SUCCESS in the upgrade of FFT_Zynq_fft_butterlfy_ip_0_1 (xilinx.com:user:fft_butterlfy_ip:1.0) from (Rev. 9) to (Rev. 10)






Copyright 1986-2018 Xilinx, Inc. All Rights Reserved.
------------------------------------------------------------------------------------
| Tool Version : Vivado v.2018.3 (win64) Build 2405991 Thu Dec  6 23:38:27 MST 2018
| Date         : Fri Jun  4 22:58:00 2021
| Host         : DESKTOP-DJCF65G running 64-bit major release  (build 9200)
| Command      : upgrade_ip
| Device       : xc7z020clg484-1
------------------------------------------------------------------------------------

Upgrade Log for IP 'FFT_Zynq_fft_butterlfy_ip_0_1'

1. Summary
----------

SUCCESS in the conversion of FFT_Zynq_fft_butterlfy_ip_0_1 (xilinx.com:user:fft_butterlfy_ip:1.0 (Rev. 9)) to Vivado generation flows.






Copyright 1986-2018 Xilinx, Inc. All Rights Reserved.
------------------------------------------------------------------------------------
| Tool Version : Vivado v.2018.3 (win64) Build 2405991 Thu Dec  6 23:38:27 MST 2018
| Date         : Fri Jun  4 22:56:51 2021
| Host         : DESKTOP-DJCF65G running 64-bit major release  (build 9200)
| Command      : upgrade_ip
| Device       : xc7z020clg484-1
------------------------------------------------------------------------------------

Upgrade Log for IP 'FFT_Zynq_fft_butterlfy_ip_0_1'

1. Summary
----------

SUCCESS in the upgrade of FFT_Zynq_fft_butterlfy_ip_0_1 (xilinx.com:user:fft_butterlfy_ip:1.0) from (Rev. 8) to (Rev. 9)






Copyright 1986-2018 Xilinx, Inc. All Rights Reserved.
------------------------------------------------------------------------------------
| Tool Version : Vivado v.2018.3 (win64) Build 2405991 Thu Dec  6 23:38:27 MST 2018
| Date         : Fri Jun  4 22:54:59 2021
| Host         : DESKTOP-DJCF65G running 64-bit major release  (build 9200)
| Command      : upgrade_ip
| Device       : xc7z020clg484-1
------------------------------------------------------------------------------------

Upgrade Log for IP 'FFT_Zynq_fft_butterlfy_ip_0_1'

1. Summary
----------

SUCCESS in the conversion of FFT_Zynq_fft_butterlfy_ip_0_1 (xilinx.com:user:fft_butterlfy_ip:1.0 (Rev. 8)) to Vivado generation flows.

