#-----------------------------------------------------------
# Vivado v2018.3 (64-bit)
# SW Build 2405991 on Thu Dec  6 23:38:27 MST 2018
# IP Build 2404404 on Fri Dec  7 01:43:56 MST 2018
# Start of session at: Sat Jun 12 17:50:37 2021
# Process ID: 23248
# Current directory: D:/addam/Git/SDUP/zynq_fft_ip_core/module_sim/fft_module
# Command line: vivado.exe -gui_launcher_event rodinguilauncherevent19880 D:\addam\Git\SDUP\zynq_fft_ip_core\module_sim\fft_module\fft_module.xpr
# Log file: D:/addam/Git/SDUP/zynq_fft_ip_core/module_sim/fft_module/vivado.log
# Journal file: D:/addam/Git/SDUP/zynq_fft_ip_core/module_sim/fft_module\vivado.jou
#-----------------------------------------------------------
start_gui
open_project D:/addam/Git/SDUP/zynq_fft_ip_core/module_sim/fft_module/fft_module.xpr
INFO: [Project 1-313] Project file moved from 'C:/Users/Vrael/Desktop/FFT_Project/module_sim/fft_module' since last save.
CRITICAL WARNING: [Project 1-311] Could not find the file 'D:/addam/Git/SDUP/zynq_fft_ip_core/module_sim/fft_module/fft_module.sdk/FFT_Microblaze_App/Debug/FFT_Microblaze_App.elf', nor could it be found using path 'C:/Users/Vrael/Desktop/FFT_Project/module_sim/fft_module/fft_module.sdk/FFT_Microblaze_App/Debug/FFT_Microblaze_App.elf'.
Scanning sources...
Finished scanning sources
INFO: [IP_Flow 19-234] Refreshing IP repositories
INFO: [IP_Flow 19-1700] Loaded user IP repository 'd:/addam/Git/SDUP/zynq_fft_ip_core/module_sim/ip_repo/FFT_Butterfly_Axi_Lite_1.0'.
WARNING: [IP_Flow 19-2207] Repository 'd:/addam/Git/SDUP/zynq_fft_ip_core/module_sim/ip_repo/fft_butterfly_Axi_Lite_1.0' already exists; ignoring attempt to add it again.
INFO: [IP_Flow 19-1700] Loaded user IP repository 'd:/addam/Git/SDUP/zynq_fft_ip_core/module_sim/ip_repo/fft_butterfly_Axi_Lite_1.0'.
INFO: [IP_Flow 19-1700] Loaded user IP repository 'd:/addam/Git/SDUP/zynq_fft_ip_core/module_sim/ip_repo_1/fft_butterlfy_ip_1.0'.
INFO: [IP_Flow 19-1700] Loaded user IP repository 'd:/addam/Git/SDUP/zynq_fft_ip_core/module_sim/ip_repo/fft_ip_1.0'.
INFO: [IP_Flow 19-2313] Loaded Vivado IP repository 'D:/Xilinx2/Vivado/2018.3/data/ip'.
open_project: Time (s): cpu = 00:00:16 ; elapsed = 00:00:11 . Memory (MB): peak = 768.234 ; gain = 100.371
update_compile_order -fileset sources_1
launch_sdk -workspace D:/addam/Git/SDUP/zynq_fft_ip_core/module_sim/fft_module/fft_module.sdk -hwspec D:/addam/Git/SDUP/zynq_fft_ip_core/module_sim/fft_module/fft_module.sdk/FFT_Zynq_Axi_Lite_wrapper.hdf
INFO: [Vivado 12-393] Launching SDK...
INFO: [Vivado 12-417] Running xsdk -workspace D:/addam/Git/SDUP/zynq_fft_ip_core/module_sim/fft_module/fft_module.sdk -hwspec D:/addam/Git/SDUP/zynq_fft_ip_core/module_sim/fft_module/fft_module.sdk/FFT_Zynq_Axi_Lite_wrapper.hdf
INFO: [Vivado 12-3157] SDK launch initiated. Please check console for any further messages.
launch_sdk -workspace D:/addam/Git/SDUP/zynq_fft_ip_core/module_sim/fft_module/fft_module.sdk -hwspec D:/addam/Git/SDUP/zynq_fft_ip_core/module_sim/fft_module/fft_module.sdk/FFT_Zynq_Axi_Lite_wrapper.hdf
INFO: [Vivado 12-393] Launching SDK...
INFO: [Vivado 12-417] Running xsdk -workspace D:/addam/Git/SDUP/zynq_fft_ip_core/module_sim/fft_module/fft_module.sdk -hwspec D:/addam/Git/SDUP/zynq_fft_ip_core/module_sim/fft_module/fft_module.sdk/FFT_Zynq_Axi_Lite_wrapper.hdf
INFO: [Vivado 12-3157] SDK launch initiated. Please check console for any further messages.
exit
INFO: [Common 17-206] Exiting Vivado at Sat Jun 12 17:52:27 2021...
