#-----------------------------------------------------------
# Vivado v2018.3 (64-bit)
# SW Build 2405991 on Thu Dec  6 23:38:27 MST 2018
# IP Build 2404404 on Fri Dec  7 01:43:56 MST 2018
# Start of session at: Sat Apr 17 03:14:21 2021
# Process ID: 23016
# Current directory: D:/addam/Git/SDUP/zynq_fft_ip_core/module_sim/fft_module
# Command line: vivado.exe -gui_launcher_event rodinguilauncherevent20856 D:\addam\Git\SDUP\zynq_fft_ip_core\module_sim\fft_module\fft_module.xpr
# Log file: D:/addam/Git/SDUP/zynq_fft_ip_core/module_sim/fft_module/vivado.log
# Journal file: D:/addam/Git/SDUP/zynq_fft_ip_core/module_sim/fft_module\vivado.jou
#-----------------------------------------------------------
start_gui
open_project D:/addam/Git/SDUP/zynq_fft_ip_core/module_sim/fft_module/fft_module.xpr
Scanning sources...
Finished scanning sources
INFO: [IP_Flow 19-234] Refreshing IP repositories
INFO: [IP_Flow 19-1704] No user IP repositories specified
INFO: [IP_Flow 19-2313] Loaded Vivado IP repository 'D:/Xilinx2/Vivado/2018.3/data/ip'.
update_compile_order -fileset sources_1
launch_simulation
INFO: [Vivado 12-5682] Launching behavioral simulation in 'D:/addam/Git/SDUP/zynq_fft_ip_core/module_sim/fft_module/fft_module.sim/sim_1/behav/xsim'
INFO: [SIM-utils-51] Simulation object is 'sim_1'
INFO: [SIM-utils-54] Inspecting design source files for 'butterfly_tb' in fileset 'sim_1'...
INFO: [USF-XSim-97] Finding global include files...
INFO: [USF-XSim-98] Fetching design files from 'sim_1'...
INFO: [USF-XSim-2] XSim::Compile design
INFO: [USF-XSim-61] Executing 'COMPILE and ANALYZE' step in 'D:/addam/Git/SDUP/zynq_fft_ip_core/module_sim/fft_module/fft_module.sim/sim_1/behav/xsim'
"xvlog --incr --relax -prj butterfly_tb_vlog.prj"
INFO: [VRFC 10-2263] Analyzing SystemVerilog file "D:/addam/Git/SDUP/zynq_fft_ip_core/module_sim/fft_module/fft_module.srcs/sources_1/new/butterfly_beh.sv" into library xil_defaultlib
INFO: [VRFC 10-311] analyzing module butterfly_beh
INFO: [VRFC 10-2263] Analyzing SystemVerilog file "D:/addam/Git/SDUP/zynq_fft_ip_core/module_sim/fft_module/fft_module.srcs/sim_1/new/butterfly_tb.sv" into library xil_defaultlib
INFO: [VRFC 10-311] analyzing module butterfly_tb
INFO: [USF-XSim-69] 'compile' step finished in '1' seconds
INFO: [USF-XSim-3] XSim::Elaborate design
INFO: [USF-XSim-61] Executing 'ELABORATE' step in 'D:/addam/Git/SDUP/zynq_fft_ip_core/module_sim/fft_module/fft_module.sim/sim_1/behav/xsim'
Vivado Simulator 2018.3
Copyright 1986-1999, 2001-2018 Xilinx, Inc. All Rights Reserved.
Running: D:/Xilinx2/Vivado/2018.3/bin/unwrapped/win64.o/xelab.exe -wto 2ce66c6aef364950b00b24e9ac48c0c3 --incr --debug typical --relax --mt 2 -L xil_defaultlib -L unisims_ver -L unimacro_ver -L secureip --snapshot butterfly_tb_behav xil_defaultlib.butterfly_tb xil_defaultlib.glbl -log elaborate.log 
Using 2 slave threads.
Starting static elaboration
Completed static elaboration
Starting simulation data flow analysis
Completed simulation data flow analysis
Time Resolution for simulation is 1ps
Compiling package xil_defaultlib.$unit_butterfly_beh_sv
Compiling module xil_defaultlib.butterfly_beh_default
Compiling module xil_defaultlib.butterfly_tb
Compiling module xil_defaultlib.glbl
Built simulation snapshot butterfly_tb_behav
INFO: [USF-XSim-69] 'elaborate' step finished in '2' seconds
INFO: [USF-XSim-4] XSim::Simulate design
INFO: [USF-XSim-61] Executing 'SIMULATE' step in 'D:/addam/Git/SDUP/zynq_fft_ip_core/module_sim/fft_module/fft_module.sim/sim_1/behav/xsim'
INFO: [USF-XSim-98] *** Running xsim
   with args "butterfly_tb_behav -key {Behavioral:sim_1:Functional:butterfly_tb} -tclbatch {butterfly_tb.tcl} -log {simulate.log}"
INFO: [USF-XSim-8] Loading simulator feature
Vivado Simulator 2018.3
Time resolution is 1 ps
source butterfly_tb.tcl
# set curr_wave [current_wave_config]
# if { [string length $curr_wave] == 0 } {
#   if { [llength [get_objects]] > 0} {
#     add_wave /
#     set_property needs_save false [current_wave_config]
#   } else {
#      send_msg_id Add_Wave-1 WARNING "No top level signals found. Simulator will start without a wave window. If you want to open a wave window go to 'File->New Waveform Configuration' or type 'create_wave_config' in the TCL console."
#   }
# }
WARNING: Simulation object /butterfly_tb/input_rand was not traceable in the design for the following reason:
Vivado Simulator does not support tracing of System Verilog Dynamic Type object.
# run 1000ns
POWER = 8
x_input[0] = xxxx
x_input[0] = b981
input_reg[0] = b981
x_input[1] = xxxx
x_input[1] = 98ec
input_reg[1] = 98ec
x_input[2] = xxxx
x_input[2] = ee62
input_reg[2] = ee62
x_input[3] = xxxx
x_input[3] = 67a8
input_reg[3] = 67a8
x_input[4] = xxxx
x_input[4] = 202d
input_reg[4] = 202d
x_input[5] = xxxx
x_input[5] = 0
input_reg[5] = 0
x_input[6] = xxxx
x_input[6] = 0
input_reg[6] = 0
x_input[7] = xxxx
x_input[7] = 0
input_reg[7] = 0
x_input[0] = b981
x_input[0] = b981
input_reg[0] = b981
x_input[1] = ee62
x_input[1] = 98ec
input_reg[1] = 98ec
x_input[2] = 202d
x_input[2] = ee62
input_reg[2] = ee62
x_input[3] = 0
x_input[3] = 67a8
input_reg[3] = 67a8
x_input[4] = 98ec
x_input[4] = 202d
input_reg[4] = 202d
x_input[5] = 67a8
x_input[5] = 0
input_reg[5] = 0
x_input[6] = 0
x_input[6] = 0
input_reg[6] = 0
x_input[7] = 0
x_input[7] = 0
input_reg[7] = 0
$finish called at time : 25 ns : File "D:/addam/Git/SDUP/zynq_fft_ip_core/module_sim/fft_module/fft_module.srcs/sim_1/new/butterfly_tb.sv" Line 60
INFO: [USF-XSim-96] XSim completed. Design snapshot 'butterfly_tb_behav' loaded.
INFO: [USF-XSim-97] XSim simulation ran for 1000ns
launch_simulation: Time (s): cpu = 00:00:07 ; elapsed = 00:00:06 . Memory (MB): peak = 777.559 ; gain = 33.980
run all
x_input[0] = b981
x_input[0] = b981
input_reg[0] = b981
x_input[1] = ee62
x_input[1] = 98ec
input_reg[1] = 98ec
x_input[2] = 202d
x_input[2] = ee62
input_reg[2] = ee62
x_input[3] = 0
x_input[3] = 67a8
input_reg[3] = 67a8
x_input[4] = 98ec
x_input[4] = 202d
input_reg[4] = 202d
x_input[5] = 67a8
x_input[5] = 0
input_reg[5] = 0
x_input[6] = 0
x_input[6] = 0
input_reg[6] = 0
x_input[7] = 0
x_input[7] = 0
input_reg[7] = 0
run all
run all
run all
close_sim
INFO: [Simtcl 6-16] Simulation closed
exit
INFO: [Common 17-206] Exiting Vivado at Sat Apr 17 03:15:40 2021...
