#-----------------------------------------------------------
# Vivado v2018.3 (64-bit)
# SW Build 2405991 on Thu Dec  6 23:38:27 MST 2018
# IP Build 2404404 on Fri Dec  7 01:43:56 MST 2018
# Start of session at: Fri Apr 16 22:21:20 2021
# Process ID: 22708
# Current directory: D:/addam/Git/SDUP/zynq_fft_ip_core/module_sim/fft_module
# Command line: vivado.exe -gui_launcher_event rodinguilauncherevent22308 D:\addam\Git\SDUP\zynq_fft_ip_core\module_sim\fft_module\fft_module.xpr
# Log file: D:/addam/Git/SDUP/zynq_fft_ip_core/module_sim/fft_module/vivado.log
# Journal file: D:/addam/Git/SDUP/zynq_fft_ip_core/module_sim/fft_module\vivado.jou
#-----------------------------------------------------------
start_gui
open_project D:/addam/Git/SDUP/zynq_fft_ip_core/module_sim/fft_module/fft_module.xpr
INFO: [Project 1-313] Project file moved from 'D:/addam/wazneskrypty/HDL/SDUP/newton_rapson/fft_module' since last save.
Scanning sources...
Finished scanning sources
INFO: [IP_Flow 19-234] Refreshing IP repositories
INFO: [IP_Flow 19-1704] No user IP repositories specified
INFO: [IP_Flow 19-2313] Loaded Vivado IP repository 'D:/Xilinx2/Vivado/2018.3/data/ip'.
open_project: Time (s): cpu = 00:00:11 ; elapsed = 00:00:09 . Memory (MB): peak = 673.516 ; gain = 57.332
update_compile_order -fileset sources_1
exit
INFO: [Common 17-206] Exiting Vivado at Fri Apr 16 22:26:06 2021...
