#-----------------------------------------------------------
# Vivado v2018.3 (64-bit)
# SW Build 2405991 on Thu Dec  6 23:38:27 MST 2018
# IP Build 2404404 on Fri Dec  7 01:43:56 MST 2018
# Start of session at: Wed Apr 28 13:15:46 2021
# Process ID: 15412
# Current directory: C:/Users/Vrael/Desktop/FFT_Project/module_sim/fft_module
# Command line: vivado.exe -gui_launcher_event rodinguilauncherevent10384 C:\Users\Vrael\Desktop\FFT_Project\module_sim\fft_module\fft_module.xpr
# Log file: C:/Users/Vrael/Desktop/FFT_Project/module_sim/fft_module/vivado.log
# Journal file: C:/Users/Vrael/Desktop/FFT_Project/module_sim/fft_module\vivado.jou
#-----------------------------------------------------------
start_gui
open_project C:/Users/Vrael/Desktop/FFT_Project/module_sim/fft_module/fft_module.xpr
Scanning sources...
Finished scanning sources
INFO: [IP_Flow 19-234] Refreshing IP repositories
INFO: [IP_Flow 19-1704] No user IP repositories specified
INFO: [IP_Flow 19-2313] Loaded Vivado IP repository 'E:/Vivado_2018_3/Vivado/2018.3/data/ip'.
open_project: Time (s): cpu = 00:00:18 ; elapsed = 00:00:07 . Memory (MB): peak = 709.660 ; gain = 94.461
update_compile_order -fileset sources_1
exit
INFO: [Common 17-206] Exiting Vivado at Wed Apr 28 13:19:45 2021...
