#-----------------------------------------------------------
# Vivado v2018.3 (64-bit)
# SW Build 2405991 on Thu Dec  6 23:38:27 MST 2018
# IP Build 2404404 on Fri Dec  7 01:43:56 MST 2018
# Start of session at: Fri Jun 11 23:48:59 2021
# Process ID: 12556
# Current directory: C:/Users/Vrael/Desktop/FFT_Project/module_sim/fft_module
# Command line: vivado.exe -gui_launcher_event rodinguilauncherevent2456 C:\Users\Vrael\Desktop\FFT_Project\module_sim\fft_module\fft_module.xpr
# Log file: C:/Users/Vrael/Desktop/FFT_Project/module_sim/fft_module/vivado.log
# Journal file: C:/Users/Vrael/Desktop/FFT_Project/module_sim/fft_module\vivado.jou
#-----------------------------------------------------------
start_gui
open_project C:/Users/Vrael/Desktop/FFT_Project/module_sim/fft_module/fft_module.xpr
Scanning sources...
Finished scanning sources
INFO: [IP_Flow 19-234] Refreshing IP repositories
INFO: [IP_Flow 19-1700] Loaded user IP repository 'c:/Users/Vrael/Desktop/FFT_Project/module_sim/ip_repo/FFT_Butterfly_Axi_Lite_1.0'.
WARNING: [IP_Flow 19-2207] Repository 'c:/Users/Vrael/Desktop/FFT_Project/module_sim/ip_repo/fft_butterfly_Axi_Lite_1.0' already exists; ignoring attempt to add it again.
INFO: [IP_Flow 19-1700] Loaded user IP repository 'c:/Users/Vrael/Desktop/FFT_Project/module_sim/ip_repo/fft_butterfly_Axi_Lite_1.0'.
INFO: [IP_Flow 19-1700] Loaded user IP repository 'c:/Users/Vrael/Desktop/FFT_Project/module_sim/ip_repo_1/fft_butterlfy_ip_1.0'.
INFO: [IP_Flow 19-1700] Loaded user IP repository 'c:/Users/Vrael/Desktop/FFT_Project/module_sim/ip_repo/fft_ip_1.0'.
INFO: [IP_Flow 19-2313] Loaded Vivado IP repository 'E:/Vivado_2018_3/Vivado/2018.3/data/ip'.
open_project: Time (s): cpu = 00:00:21 ; elapsed = 00:00:11 . Memory (MB): peak = 822.016 ; gain = 214.734
update_compile_order -fileset sources_1
exit
INFO: [Common 17-206] Exiting Vivado at Fri Jun 11 23:55:10 2021...
