#-----------------------------------------------------------
# Vivado v2018.3 (64-bit)
# SW Build 2405991 on Thu Dec  6 23:38:27 MST 2018
# IP Build 2404404 on Fri Dec  7 01:43:56 MST 2018
# Start of session at: Sat Jun  5 21:40:57 2021
# Process ID: 8392
# Current directory: D:/addam/Git/SDUP/zynq_fft_ip_core/soc_sim/module_sim/fft_module
# Command line: vivado.exe -gui_launcher_event rodinguilauncherevent9980 D:\addam\Git\SDUP\zynq_fft_ip_core\soc_sim\module_sim\fft_module\fft_module.xpr
# Log file: D:/addam/Git/SDUP/zynq_fft_ip_core/soc_sim/module_sim/fft_module/vivado.log
# Journal file: D:/addam/Git/SDUP/zynq_fft_ip_core/soc_sim/module_sim/fft_module\vivado.jou
#-----------------------------------------------------------
start_gui
open_project D:/addam/Git/SDUP/zynq_fft_ip_core/soc_sim/module_sim/fft_module/fft_module.xpr
INFO: [Project 1-313] Project file moved from 'C:/Users/Vrael/Desktop/FFT_Project/module_sim/fft_module' since last save.
CRITICAL WARNING: [Project 1-311] Could not find the file 'D:/addam/Git/SDUP/zynq_fft_ip_core/soc_sim/SDUP_FFT/Phase_Cos_Re_Factors_ROM_Init.coe', nor could it be found using path 'C:/Users/Vrael/Desktop/FFT_Project/SDUP_FFT/Phase_Cos_Re_Factors_ROM_Init.coe'.
Scanning sources...
Finished scanning sources
INFO: [IP_Flow 19-234] Refreshing IP repositories
INFO: [IP_Flow 19-1700] Loaded user IP repository 'd:/addam/Git/SDUP/zynq_fft_ip_core/soc_sim/module_sim/ip_repo/FFT_Butterfly_Axi_Lite_1.0'.
WARNING: [IP_Flow 19-2207] Repository 'd:/addam/Git/SDUP/zynq_fft_ip_core/soc_sim/module_sim/ip_repo/fft_butterfly_Axi_Lite_1.0' already exists; ignoring attempt to add it again.
INFO: [IP_Flow 19-1700] Loaded user IP repository 'd:/addam/Git/SDUP/zynq_fft_ip_core/soc_sim/module_sim/ip_repo/fft_butterfly_Axi_Lite_1.0'.
INFO: [IP_Flow 19-1700] Loaded user IP repository 'd:/addam/Git/SDUP/zynq_fft_ip_core/soc_sim/module_sim/ip_repo_1/fft_butterlfy_ip_1.0'.
INFO: [IP_Flow 19-1700] Loaded user IP repository 'd:/addam/Git/SDUP/zynq_fft_ip_core/soc_sim/module_sim/ip_repo/fft_ip_1.0'.
INFO: [IP_Flow 19-2313] Loaded Vivado IP repository 'D:/Xilinx2/Vivado/2018.3/data/ip'.
open_project: Time (s): cpu = 00:00:15 ; elapsed = 00:00:17 . Memory (MB): peak = 757.047 ; gain = 113.852
update_compile_order -fileset sources_1
export_ip_user_files -of_objects  [get_files D:/addam/Git/SDUP/zynq_fft_ip_core/soc_sim/SDUP_FFT/Phase_Cos_Re_Factors_ROM_Init.coe] -no_script -reset -force -quiet
remove_files  D:/addam/Git/SDUP/zynq_fft_ip_core/soc_sim/SDUP_FFT/Phase_Cos_Re_Factors_ROM_Init.coe
remove_files  D:/addam/Git/SDUP/zynq_fft_ip_core/soc_sim/SDUP_FFT/Phase_Cos_Re_Factors_ROM_Init.coe
WARNING: [Vivado 12-818] No files matched 'D:/addam/Git/SDUP/zynq_fft_ip_core/soc_sim/SDUP_FFT/Phase_Cos_Re_Factors_ROM_Init.coe'
launch_sdk -workspace D:/addam/Git/SDUP/zynq_fft_ip_core/soc_sim/module_sim/fft_module/fft_module.sdk -hwspec D:/addam/Git/SDUP/zynq_fft_ip_core/soc_sim/module_sim/fft_module/fft_module.sdk/FFT_Zynq_Axi_Lite_wrapper.hdf
INFO: [Vivado 12-393] Launching SDK...
INFO: [Vivado 12-417] Running xsdk -workspace D:/addam/Git/SDUP/zynq_fft_ip_core/soc_sim/module_sim/fft_module/fft_module.sdk -hwspec D:/addam/Git/SDUP/zynq_fft_ip_core/soc_sim/module_sim/fft_module/fft_module.sdk/FFT_Zynq_Axi_Lite_wrapper.hdf
INFO: [Vivado 12-3157] SDK launch initiated. Please check console for any further messages.
launch_sdk -workspace D:/addam/Git/SDUP/zynq_fft_ip_core/soc_sim/module_sim/fft_module/fft_module.sdk -hwspec D:/addam/Git/SDUP/zynq_fft_ip_core/soc_sim/module_sim/fft_module/fft_module.sdk/FFT_Zynq_Axi_Lite_wrapper.hdf
INFO: [Vivado 12-393] Launching SDK...
INFO: [Vivado 12-417] Running xsdk -workspace D:/addam/Git/SDUP/zynq_fft_ip_core/soc_sim/module_sim/fft_module/fft_module.sdk -hwspec D:/addam/Git/SDUP/zynq_fft_ip_core/soc_sim/module_sim/fft_module/fft_module.sdk/FFT_Zynq_Axi_Lite_wrapper.hdf
INFO: [Vivado 12-3157] SDK launch initiated. Please check console for any further messages.
launch_sdk -workspace D:/addam/Git/SDUP/zynq_fft_ip_core/soc_sim/module_sim/fft_module/fft_module.sdk -hwspec D:/addam/Git/SDUP/zynq_fft_ip_core/soc_sim/module_sim/fft_module/fft_module.sdk/FFT_Zynq_Axi_Lite_wrapper.hdf
INFO: [Vivado 12-393] Launching SDK...
INFO: [Vivado 12-417] Running xsdk -workspace D:/addam/Git/SDUP/zynq_fft_ip_core/soc_sim/module_sim/fft_module/fft_module.sdk -hwspec D:/addam/Git/SDUP/zynq_fft_ip_core/soc_sim/module_sim/fft_module/fft_module.sdk/FFT_Zynq_Axi_Lite_wrapper.hdf
INFO: [Vivado 12-3157] SDK launch initiated. Please check console for any further messages.
launch_sdk -workspace D:/addam/Git/SDUP/zynq_fft_ip_core/soc_sim/module_sim/fft_module/fft_module.sdk -hwspec D:/addam/Git/SDUP/zynq_fft_ip_core/soc_sim/module_sim/fft_module/fft_module.sdk/FFT_Zynq_Axi_Lite_wrapper.hdf
INFO: [Vivado 12-393] Launching SDK...
INFO: [Vivado 12-417] Running xsdk -workspace D:/addam/Git/SDUP/zynq_fft_ip_core/soc_sim/module_sim/fft_module/fft_module.sdk -hwspec D:/addam/Git/SDUP/zynq_fft_ip_core/soc_sim/module_sim/fft_module/fft_module.sdk/FFT_Zynq_Axi_Lite_wrapper.hdf
INFO: [Vivado 12-3157] SDK launch initiated. Please check console for any further messages.
exit
INFO: [Common 17-206] Exiting Vivado at Sat Jun  5 21:45:34 2021...
