<<<<<<< HEAD
23:46:58 INFO  : Registering command handlers for SDK TCF services
23:46:58 INFO  : Launching XSCT server: xsct.bat -interactive C:\Users\Vrael\Desktop\FFT_Project\module_sim\fft_module\fft_module.sdk\temp_xsdb_launch_script.tcl
23:47:00 INFO  : XSCT server has started successfully.
23:47:03 INFO  : Successfully done setting XSCT server connection channel  
23:47:03 INFO  : Successfully done setting SDK workspace  
23:47:03 INFO  : Processing command line option -hwspec C:/Users/Vrael/Desktop/FFT_Project/module_sim/fft_module/fft_module.sdk/FFT_Zynq_wrapper.hdf.
21:08:11 INFO  : Launching XSCT server: xsct.bat -interactive C:\Users\Vrael\Desktop\FFT_Project\module_sim\fft_module\fft_module.sdk\temp_xsdb_launch_script.tcl
21:08:14 INFO  : XSCT server has started successfully.
21:08:14 INFO  : Successfully done setting XSCT server connection channel  
21:08:21 INFO  : Successfully done setting SDK workspace  
21:08:23 INFO  : Registering command handlers for SDK TCF services
21:08:24 INFO  : Processing command line option -hwspec C:/Users/Vrael/Desktop/FFT_Project/module_sim/fft_module/fft_module.sdk/FFT_Zynq_Axi_Lite_wrapper.hdf.
11:49:16 INFO  : Launching XSCT server: xsct.bat -interactive C:\Users\Vrael\Desktop\FFT_Project\module_sim\fft_module\fft_module.sdk\temp_xsdb_launch_script.tcl
11:49:18 INFO  : XSCT server has started successfully.
11:49:18 INFO  : Successfully done setting XSCT server connection channel  
11:49:19 INFO  : Successfully done setting SDK workspace  
11:49:26 INFO  : Registering command handlers for SDK TCF services
11:49:26 INFO  : Processing command line option -hwspec C:/Users/Vrael/Desktop/FFT_Project/module_sim/fft_module/fft_module.sdk/FFT_Microblaze_wrapper.hdf.
=======
21:48:55 INFO  : Registering command handlers for SDK TCF services
21:48:56 INFO  : Launching XSCT server: xsct.bat -interactive D:\addam\Git\SDUP\zynq_fft_ip_core\soc_sim\module_sim\fft_module\fft_module.sdk\temp_xsdb_launch_script.tcl
21:49:00 INFO  : XSCT server has started successfully.
21:49:05 INFO  : Successfully done setting XSCT server connection channel  
21:49:05 INFO  : Successfully done setting SDK workspace  
21:49:05 INFO  : Processing command line option -hwspec D:/addam/Git/SDUP/zynq_fft_ip_core/soc_sim/module_sim/fft_module/fft_module.sdk/FFT_Zynq_Axi_Lite_wrapper.hdf.
21:52:49 INFO  : Connected to target on host '127.0.0.1' and port '3121'.
21:52:50 INFO  : 'targets -set -filter {jtag_cable_name =~ "Digilent Zed 210248572000" && level==0} -index 1' command is executed.
21:52:52 INFO  : FPGA configured successfully with bitstream "D:/addam/Git/SDUP/zynq_fft_ip_core/soc_sim/module_sim/fft_module/fft_module.sdk/FFT_Zynq_Axi_Lite_wrapper_hw_platform_0/FFT_Zynq_Axi_Lite_wrapper.bit"
21:53:08 INFO  : 'targets -set -filter {jtag_cable_name =~ "Digilent Zed 210248572000" && level==0} -index 1' command is executed.
21:53:08 INFO  : 'fpga -state' command is executed.
21:53:08 INFO  : Connected to target on host '127.0.0.1' and port '3121'.
21:53:08 INFO  : Jtag cable 'Digilent Zed 210248572000' is selected.
21:53:08 INFO  : 'jtag frequency' command is executed.
21:53:08 INFO  : Sourcing of 'D:/addam/Git/SDUP/zynq_fft_ip_core/soc_sim/module_sim/fft_module/fft_module.sdk/FFT_Zynq_Axi_Lite_wrapper_hw_platform_0/ps7_init.tcl' is done.
21:53:08 INFO  : Context for 'APU' is selected.
21:53:08 INFO  : Hardware design information is loaded from 'D:/addam/Git/SDUP/zynq_fft_ip_core/soc_sim/module_sim/fft_module/fft_module.sdk/FFT_Zynq_Axi_Lite_wrapper_hw_platform_0/system.hdf'.
21:53:08 INFO  : 'configparams force-mem-access 1' command is executed.
21:53:09 INFO  : Context for 'APU' is selected.
21:53:09 INFO  : 'stop' command is executed.
21:53:09 INFO  : 'ps7_init' command is executed.
21:53:09 INFO  : 'ps7_post_config' command is executed.
21:53:09 INFO  : Context for processor 'ps7_cortexa9_0' is selected.
21:53:09 INFO  : Processor reset is completed for 'ps7_cortexa9_0'.
21:53:09 INFO  : Context for processor 'ps7_cortexa9_0' is selected.
21:53:09 INFO  : The application 'D:/addam/Git/SDUP/zynq_fft_ip_core/soc_sim/module_sim/fft_module/fft_module.sdk/fft_project/Debug/fft_project.elf' is downloaded to processor 'ps7_cortexa9_0'.
21:53:09 INFO  : 'configparams force-mem-access 0' command is executed.
21:53:09 INFO  : ----------------XSDB Script----------------
connect -url tcp:127.0.0.1:3121
source D:/addam/Git/SDUP/zynq_fft_ip_core/soc_sim/module_sim/fft_module/fft_module.sdk/FFT_Zynq_Axi_Lite_wrapper_hw_platform_0/ps7_init.tcl
targets -set -nocase -filter {name =~"APU*" && jtag_cable_name =~ "Digilent Zed 210248572000"} -index 0
loadhw -hw D:/addam/Git/SDUP/zynq_fft_ip_core/soc_sim/module_sim/fft_module/fft_module.sdk/FFT_Zynq_Axi_Lite_wrapper_hw_platform_0/system.hdf -mem-ranges [list {0x40000000 0xbfffffff}]
configparams force-mem-access 1
targets -set -nocase -filter {name =~"APU*" && jtag_cable_name =~ "Digilent Zed 210248572000"} -index 0
stop
ps7_init
ps7_post_config
targets -set -nocase -filter {name =~ "ARM*#0" && jtag_cable_name =~ "Digilent Zed 210248572000"} -index 0
rst -processor
targets -set -nocase -filter {name =~ "ARM*#0" && jtag_cable_name =~ "Digilent Zed 210248572000"} -index 0
dow D:/addam/Git/SDUP/zynq_fft_ip_core/soc_sim/module_sim/fft_module/fft_module.sdk/fft_project/Debug/fft_project.elf
configparams force-mem-access 0
----------------End of Script----------------

21:53:09 INFO  : Memory regions updated for context APU
21:53:09 INFO  : Context for processor 'ps7_cortexa9_0' is selected.
21:53:09 INFO  : 'con' command is executed.
21:53:09 INFO  : ----------------XSDB Script (After Launch)----------------
targets -set -nocase -filter {name =~ "ARM*#0" && jtag_cable_name =~ "Digilent Zed 210248572000"} -index 0
con
----------------End of Script----------------

21:53:09 INFO  : Launch script is exported to file 'D:\addam\Git\SDUP\zynq_fft_ip_core\soc_sim\module_sim\fft_module\fft_module.sdk\.sdk\launch_scripts\xilinx_c-c++_application_(system_debugger)\system_debugger_using_debug_fft_project.elf_on_local.tcl'
21:55:05 INFO  : Disconnected from the channel tcfchan#1.
21:55:06 INFO  : 'targets -set -filter {jtag_cable_name =~ "Digilent Zed 210248572000" && level==0} -index 1' command is executed.
21:55:06 INFO  : 'fpga -state' command is executed.
21:55:06 INFO  : Connected to target on host '127.0.0.1' and port '3121'.
21:55:06 INFO  : Jtag cable 'Digilent Zed 210248572000' is selected.
21:55:06 INFO  : 'jtag frequency' command is executed.
21:55:06 INFO  : Sourcing of 'D:/addam/Git/SDUP/zynq_fft_ip_core/soc_sim/module_sim/fft_module/fft_module.sdk/FFT_Zynq_Axi_Lite_wrapper_hw_platform_0/ps7_init.tcl' is done.
21:55:06 INFO  : Context for 'APU' is selected.
21:55:08 INFO  : Hardware design information is loaded from 'D:/addam/Git/SDUP/zynq_fft_ip_core/soc_sim/module_sim/fft_module/fft_module.sdk/FFT_Zynq_Axi_Lite_wrapper_hw_platform_0/system.hdf'.
21:55:08 INFO  : 'configparams force-mem-access 1' command is executed.
21:55:08 INFO  : Context for 'APU' is selected.
21:55:08 INFO  : 'stop' command is executed.
21:55:08 INFO  : 'ps7_init' command is executed.
21:55:08 INFO  : 'ps7_post_config' command is executed.
21:55:08 INFO  : Context for processor 'ps7_cortexa9_0' is selected.
21:55:09 INFO  : Processor reset is completed for 'ps7_cortexa9_0'.
21:55:09 INFO  : Context for processor 'ps7_cortexa9_0' is selected.
21:55:09 INFO  : The application 'D:/addam/Git/SDUP/zynq_fft_ip_core/soc_sim/module_sim/fft_module/fft_module.sdk/fft_project/Debug/fft_project.elf' is downloaded to processor 'ps7_cortexa9_0'.
21:55:09 INFO  : 'configparams force-mem-access 0' command is executed.
21:55:09 INFO  : ----------------XSDB Script----------------
connect -url tcp:127.0.0.1:3121
source D:/addam/Git/SDUP/zynq_fft_ip_core/soc_sim/module_sim/fft_module/fft_module.sdk/FFT_Zynq_Axi_Lite_wrapper_hw_platform_0/ps7_init.tcl
targets -set -nocase -filter {name =~"APU*" && jtag_cable_name =~ "Digilent Zed 210248572000"} -index 0
loadhw -hw D:/addam/Git/SDUP/zynq_fft_ip_core/soc_sim/module_sim/fft_module/fft_module.sdk/FFT_Zynq_Axi_Lite_wrapper_hw_platform_0/system.hdf -mem-ranges [list {0x40000000 0xbfffffff}]
configparams force-mem-access 1
targets -set -nocase -filter {name =~"APU*" && jtag_cable_name =~ "Digilent Zed 210248572000"} -index 0
stop
ps7_init
ps7_post_config
targets -set -nocase -filter {name =~ "ARM*#0" && jtag_cable_name =~ "Digilent Zed 210248572000"} -index 0
rst -processor
targets -set -nocase -filter {name =~ "ARM*#0" && jtag_cable_name =~ "Digilent Zed 210248572000"} -index 0
dow D:/addam/Git/SDUP/zynq_fft_ip_core/soc_sim/module_sim/fft_module/fft_module.sdk/fft_project/Debug/fft_project.elf
configparams force-mem-access 0
----------------End of Script----------------

21:55:09 INFO  : Memory regions updated for context APU
21:55:09 INFO  : Context for processor 'ps7_cortexa9_0' is selected.
21:55:09 INFO  : 'con' command is executed.
21:55:09 INFO  : ----------------XSDB Script (After Launch)----------------
targets -set -nocase -filter {name =~ "ARM*#0" && jtag_cable_name =~ "Digilent Zed 210248572000"} -index 0
con
----------------End of Script----------------

21:55:09 INFO  : Launch script is exported to file 'D:\addam\Git\SDUP\zynq_fft_ip_core\soc_sim\module_sim\fft_module\fft_module.sdk\.sdk\launch_scripts\xilinx_c-c++_application_(system_debugger)\system_debugger_using_debug_fft_project.elf_on_local.tcl'
22:02:58 INFO  : Disconnected from the channel tcfchan#2.
22:02:59 INFO  : 'targets -set -filter {jtag_cable_name =~ "Digilent Zed 210248572000" && level==0} -index 1' command is executed.
22:02:59 INFO  : 'fpga -state' command is executed.
22:02:59 INFO  : Connected to target on host '127.0.0.1' and port '3121'.
22:02:59 INFO  : Jtag cable 'Digilent Zed 210248572000' is selected.
22:02:59 INFO  : 'jtag frequency' command is executed.
22:02:59 INFO  : Sourcing of 'D:/addam/Git/SDUP/zynq_fft_ip_core/soc_sim/module_sim/fft_module/fft_module.sdk/FFT_Zynq_Axi_Lite_wrapper_hw_platform_0/ps7_init.tcl' is done.
22:02:59 INFO  : Context for 'APU' is selected.
22:03:01 INFO  : Hardware design information is loaded from 'D:/addam/Git/SDUP/zynq_fft_ip_core/soc_sim/module_sim/fft_module/fft_module.sdk/FFT_Zynq_Axi_Lite_wrapper_hw_platform_0/system.hdf'.
22:03:01 INFO  : 'configparams force-mem-access 1' command is executed.
22:03:01 INFO  : Context for 'APU' is selected.
22:03:01 INFO  : 'stop' command is executed.
22:03:01 INFO  : 'ps7_init' command is executed.
22:03:01 INFO  : 'ps7_post_config' command is executed.
22:03:01 INFO  : Context for processor 'ps7_cortexa9_0' is selected.
22:03:02 INFO  : Processor reset is completed for 'ps7_cortexa9_0'.
22:03:02 INFO  : Context for processor 'ps7_cortexa9_0' is selected.
22:03:02 INFO  : The application 'D:/addam/Git/SDUP/zynq_fft_ip_core/soc_sim/module_sim/fft_module/fft_module.sdk/fft_project/Debug/fft_project.elf' is downloaded to processor 'ps7_cortexa9_0'.
22:03:02 INFO  : 'configparams force-mem-access 0' command is executed.
22:03:02 INFO  : ----------------XSDB Script----------------
connect -url tcp:127.0.0.1:3121
source D:/addam/Git/SDUP/zynq_fft_ip_core/soc_sim/module_sim/fft_module/fft_module.sdk/FFT_Zynq_Axi_Lite_wrapper_hw_platform_0/ps7_init.tcl
targets -set -nocase -filter {name =~"APU*" && jtag_cable_name =~ "Digilent Zed 210248572000"} -index 0
loadhw -hw D:/addam/Git/SDUP/zynq_fft_ip_core/soc_sim/module_sim/fft_module/fft_module.sdk/FFT_Zynq_Axi_Lite_wrapper_hw_platform_0/system.hdf -mem-ranges [list {0x40000000 0xbfffffff}]
configparams force-mem-access 1
targets -set -nocase -filter {name =~"APU*" && jtag_cable_name =~ "Digilent Zed 210248572000"} -index 0
stop
ps7_init
ps7_post_config
targets -set -nocase -filter {name =~ "ARM*#0" && jtag_cable_name =~ "Digilent Zed 210248572000"} -index 0
rst -processor
targets -set -nocase -filter {name =~ "ARM*#0" && jtag_cable_name =~ "Digilent Zed 210248572000"} -index 0
dow D:/addam/Git/SDUP/zynq_fft_ip_core/soc_sim/module_sim/fft_module/fft_module.sdk/fft_project/Debug/fft_project.elf
configparams force-mem-access 0
----------------End of Script----------------

22:03:02 INFO  : Memory regions updated for context APU
22:03:02 INFO  : Context for processor 'ps7_cortexa9_0' is selected.
22:03:02 INFO  : 'con' command is executed.
22:03:02 INFO  : ----------------XSDB Script (After Launch)----------------
targets -set -nocase -filter {name =~ "ARM*#0" && jtag_cable_name =~ "Digilent Zed 210248572000"} -index 0
con
----------------End of Script----------------

22:03:02 INFO  : Launch script is exported to file 'D:\addam\Git\SDUP\zynq_fft_ip_core\soc_sim\module_sim\fft_module\fft_module.sdk\.sdk\launch_scripts\xilinx_c-c++_application_(system_debugger)\system_debugger_using_debug_fft_project.elf_on_local.tcl'
22:05:39 INFO  : Disconnected from the channel tcfchan#3.
22:05:40 INFO  : 'targets -set -filter {jtag_cable_name =~ "Digilent Zed 210248572000" && level==0} -index 1' command is executed.
22:05:40 INFO  : 'fpga -state' command is executed.
22:05:40 INFO  : Connected to target on host '127.0.0.1' and port '3121'.
22:05:40 INFO  : Jtag cable 'Digilent Zed 210248572000' is selected.
22:05:40 INFO  : 'jtag frequency' command is executed.
22:05:40 INFO  : Sourcing of 'D:/addam/Git/SDUP/zynq_fft_ip_core/soc_sim/module_sim/fft_module/fft_module.sdk/FFT_Zynq_Axi_Lite_wrapper_hw_platform_0/ps7_init.tcl' is done.
22:05:40 INFO  : Context for 'APU' is selected.
22:05:42 INFO  : Hardware design information is loaded from 'D:/addam/Git/SDUP/zynq_fft_ip_core/soc_sim/module_sim/fft_module/fft_module.sdk/FFT_Zynq_Axi_Lite_wrapper_hw_platform_0/system.hdf'.
22:05:42 INFO  : 'configparams force-mem-access 1' command is executed.
22:05:42 INFO  : Context for 'APU' is selected.
22:05:42 INFO  : 'stop' command is executed.
22:05:42 INFO  : 'ps7_init' command is executed.
22:05:42 INFO  : 'ps7_post_config' command is executed.
22:05:42 INFO  : Context for processor 'ps7_cortexa9_0' is selected.
22:05:42 INFO  : Processor reset is completed for 'ps7_cortexa9_0'.
22:05:42 INFO  : Context for processor 'ps7_cortexa9_0' is selected.
22:05:42 INFO  : The application 'D:/addam/Git/SDUP/zynq_fft_ip_core/soc_sim/module_sim/fft_module/fft_module.sdk/fft_project/Debug/fft_project.elf' is downloaded to processor 'ps7_cortexa9_0'.
22:05:42 INFO  : 'configparams force-mem-access 0' command is executed.
22:05:42 INFO  : ----------------XSDB Script----------------
connect -url tcp:127.0.0.1:3121
source D:/addam/Git/SDUP/zynq_fft_ip_core/soc_sim/module_sim/fft_module/fft_module.sdk/FFT_Zynq_Axi_Lite_wrapper_hw_platform_0/ps7_init.tcl
targets -set -nocase -filter {name =~"APU*" && jtag_cable_name =~ "Digilent Zed 210248572000"} -index 0
loadhw -hw D:/addam/Git/SDUP/zynq_fft_ip_core/soc_sim/module_sim/fft_module/fft_module.sdk/FFT_Zynq_Axi_Lite_wrapper_hw_platform_0/system.hdf -mem-ranges [list {0x40000000 0xbfffffff}]
configparams force-mem-access 1
targets -set -nocase -filter {name =~"APU*" && jtag_cable_name =~ "Digilent Zed 210248572000"} -index 0
stop
ps7_init
ps7_post_config
targets -set -nocase -filter {name =~ "ARM*#0" && jtag_cable_name =~ "Digilent Zed 210248572000"} -index 0
rst -processor
targets -set -nocase -filter {name =~ "ARM*#0" && jtag_cable_name =~ "Digilent Zed 210248572000"} -index 0
dow D:/addam/Git/SDUP/zynq_fft_ip_core/soc_sim/module_sim/fft_module/fft_module.sdk/fft_project/Debug/fft_project.elf
configparams force-mem-access 0
----------------End of Script----------------

22:05:42 INFO  : Memory regions updated for context APU
22:05:42 INFO  : Context for processor 'ps7_cortexa9_0' is selected.
22:05:42 INFO  : 'con' command is executed.
22:05:42 INFO  : ----------------XSDB Script (After Launch)----------------
targets -set -nocase -filter {name =~ "ARM*#0" && jtag_cable_name =~ "Digilent Zed 210248572000"} -index 0
con
----------------End of Script----------------

22:05:42 INFO  : Launch script is exported to file 'D:\addam\Git\SDUP\zynq_fft_ip_core\soc_sim\module_sim\fft_module\fft_module.sdk\.sdk\launch_scripts\xilinx_c-c++_application_(system_debugger)\system_debugger_using_debug_fft_project.elf_on_local.tcl'
22:07:05 INFO  : Disconnected from the channel tcfchan#4.
22:07:06 INFO  : 'targets -set -filter {jtag_cable_name =~ "Digilent Zed 210248572000" && level==0} -index 1' command is executed.
22:07:06 INFO  : 'fpga -state' command is executed.
22:07:06 INFO  : Connected to target on host '127.0.0.1' and port '3121'.
22:07:06 INFO  : Jtag cable 'Digilent Zed 210248572000' is selected.
22:07:06 INFO  : 'jtag frequency' command is executed.
22:07:06 INFO  : Sourcing of 'D:/addam/Git/SDUP/zynq_fft_ip_core/soc_sim/module_sim/fft_module/fft_module.sdk/FFT_Zynq_Axi_Lite_wrapper_hw_platform_0/ps7_init.tcl' is done.
22:07:06 INFO  : Context for 'APU' is selected.
22:07:08 INFO  : Hardware design information is loaded from 'D:/addam/Git/SDUP/zynq_fft_ip_core/soc_sim/module_sim/fft_module/fft_module.sdk/FFT_Zynq_Axi_Lite_wrapper_hw_platform_0/system.hdf'.
22:07:08 INFO  : 'configparams force-mem-access 1' command is executed.
22:07:08 INFO  : Context for 'APU' is selected.
22:07:08 INFO  : 'stop' command is executed.
22:07:08 INFO  : 'ps7_init' command is executed.
22:07:08 INFO  : 'ps7_post_config' command is executed.
22:07:08 INFO  : Context for processor 'ps7_cortexa9_0' is selected.
22:07:08 INFO  : Processor reset is completed for 'ps7_cortexa9_0'.
22:07:08 INFO  : Context for processor 'ps7_cortexa9_0' is selected.
22:07:08 INFO  : The application 'D:/addam/Git/SDUP/zynq_fft_ip_core/soc_sim/module_sim/fft_module/fft_module.sdk/fft_project/Debug/fft_project.elf' is downloaded to processor 'ps7_cortexa9_0'.
22:07:08 INFO  : 'configparams force-mem-access 0' command is executed.
22:07:08 INFO  : ----------------XSDB Script----------------
connect -url tcp:127.0.0.1:3121
source D:/addam/Git/SDUP/zynq_fft_ip_core/soc_sim/module_sim/fft_module/fft_module.sdk/FFT_Zynq_Axi_Lite_wrapper_hw_platform_0/ps7_init.tcl
targets -set -nocase -filter {name =~"APU*" && jtag_cable_name =~ "Digilent Zed 210248572000"} -index 0
loadhw -hw D:/addam/Git/SDUP/zynq_fft_ip_core/soc_sim/module_sim/fft_module/fft_module.sdk/FFT_Zynq_Axi_Lite_wrapper_hw_platform_0/system.hdf -mem-ranges [list {0x40000000 0xbfffffff}]
configparams force-mem-access 1
targets -set -nocase -filter {name =~"APU*" && jtag_cable_name =~ "Digilent Zed 210248572000"} -index 0
stop
ps7_init
ps7_post_config
targets -set -nocase -filter {name =~ "ARM*#0" && jtag_cable_name =~ "Digilent Zed 210248572000"} -index 0
rst -processor
targets -set -nocase -filter {name =~ "ARM*#0" && jtag_cable_name =~ "Digilent Zed 210248572000"} -index 0
dow D:/addam/Git/SDUP/zynq_fft_ip_core/soc_sim/module_sim/fft_module/fft_module.sdk/fft_project/Debug/fft_project.elf
configparams force-mem-access 0
----------------End of Script----------------

22:07:08 INFO  : Memory regions updated for context APU
22:07:08 INFO  : Context for processor 'ps7_cortexa9_0' is selected.
22:07:08 INFO  : 'con' command is executed.
22:07:08 INFO  : ----------------XSDB Script (After Launch)----------------
targets -set -nocase -filter {name =~ "ARM*#0" && jtag_cable_name =~ "Digilent Zed 210248572000"} -index 0
con
----------------End of Script----------------

22:07:08 INFO  : Launch script is exported to file 'D:\addam\Git\SDUP\zynq_fft_ip_core\soc_sim\module_sim\fft_module\fft_module.sdk\.sdk\launch_scripts\xilinx_c-c++_application_(system_debugger)\system_debugger_using_debug_fft_project.elf_on_local.tcl'
22:07:22 INFO  : Connected to target on host '127.0.0.1' and port '3121'.
22:07:22 INFO  : 'targets -set -filter {jtag_cable_name =~ "Digilent Zed 210248572000" && level==0} -index 1' command is executed.
22:07:25 INFO  : FPGA configured successfully with bitstream "D:/addam/Git/SDUP/zynq_fft_ip_core/soc_sim/module_sim/fft_module/fft_module.sdk/FFT_Zynq_Axi_Lite_wrapper_hw_platform_0/FFT_Zynq_Axi_Lite_wrapper.bit"
22:07:30 INFO  : Disconnected from the channel tcfchan#5.
22:07:32 INFO  : 'targets -set -filter {jtag_cable_name =~ "Digilent Zed 210248572000" && level==0} -index 1' command is executed.
22:07:32 INFO  : 'fpga -state' command is executed.
22:07:32 INFO  : Connected to target on host '127.0.0.1' and port '3121'.
22:07:32 INFO  : Jtag cable 'Digilent Zed 210248572000' is selected.
22:07:32 INFO  : 'jtag frequency' command is executed.
22:07:32 INFO  : Sourcing of 'D:/addam/Git/SDUP/zynq_fft_ip_core/soc_sim/module_sim/fft_module/fft_module.sdk/FFT_Zynq_Axi_Lite_wrapper_hw_platform_0/ps7_init.tcl' is done.
22:07:32 INFO  : Context for 'APU' is selected.
22:07:34 INFO  : Hardware design information is loaded from 'D:/addam/Git/SDUP/zynq_fft_ip_core/soc_sim/module_sim/fft_module/fft_module.sdk/FFT_Zynq_Axi_Lite_wrapper_hw_platform_0/system.hdf'.
22:07:34 INFO  : 'configparams force-mem-access 1' command is executed.
22:07:34 INFO  : Context for 'APU' is selected.
22:07:34 INFO  : 'stop' command is executed.
22:07:34 INFO  : 'ps7_init' command is executed.
22:07:34 INFO  : 'ps7_post_config' command is executed.
22:07:34 INFO  : Context for processor 'ps7_cortexa9_0' is selected.
22:07:34 INFO  : Processor reset is completed for 'ps7_cortexa9_0'.
22:07:34 INFO  : Context for processor 'ps7_cortexa9_0' is selected.
22:07:34 INFO  : The application 'D:/addam/Git/SDUP/zynq_fft_ip_core/soc_sim/module_sim/fft_module/fft_module.sdk/fft_project/Debug/fft_project.elf' is downloaded to processor 'ps7_cortexa9_0'.
22:07:34 INFO  : 'configparams force-mem-access 0' command is executed.
22:07:34 INFO  : ----------------XSDB Script----------------
connect -url tcp:127.0.0.1:3121
source D:/addam/Git/SDUP/zynq_fft_ip_core/soc_sim/module_sim/fft_module/fft_module.sdk/FFT_Zynq_Axi_Lite_wrapper_hw_platform_0/ps7_init.tcl
targets -set -nocase -filter {name =~"APU*" && jtag_cable_name =~ "Digilent Zed 210248572000"} -index 0
loadhw -hw D:/addam/Git/SDUP/zynq_fft_ip_core/soc_sim/module_sim/fft_module/fft_module.sdk/FFT_Zynq_Axi_Lite_wrapper_hw_platform_0/system.hdf -mem-ranges [list {0x40000000 0xbfffffff}]
configparams force-mem-access 1
targets -set -nocase -filter {name =~"APU*" && jtag_cable_name =~ "Digilent Zed 210248572000"} -index 0
stop
ps7_init
ps7_post_config
targets -set -nocase -filter {name =~ "ARM*#0" && jtag_cable_name =~ "Digilent Zed 210248572000"} -index 0
rst -processor
targets -set -nocase -filter {name =~ "ARM*#0" && jtag_cable_name =~ "Digilent Zed 210248572000"} -index 0
dow D:/addam/Git/SDUP/zynq_fft_ip_core/soc_sim/module_sim/fft_module/fft_module.sdk/fft_project/Debug/fft_project.elf
configparams force-mem-access 0
----------------End of Script----------------

22:07:34 INFO  : Memory regions updated for context APU
22:07:34 INFO  : Context for processor 'ps7_cortexa9_0' is selected.
22:07:34 INFO  : 'con' command is executed.
22:07:34 INFO  : ----------------XSDB Script (After Launch)----------------
targets -set -nocase -filter {name =~ "ARM*#0" && jtag_cable_name =~ "Digilent Zed 210248572000"} -index 0
con
----------------End of Script----------------

22:07:34 INFO  : Launch script is exported to file 'D:\addam\Git\SDUP\zynq_fft_ip_core\soc_sim\module_sim\fft_module\fft_module.sdk\.sdk\launch_scripts\xilinx_c-c++_application_(system_debugger)\system_debugger_using_debug_fft_project.elf_on_local.tcl'
22:09:56 INFO  : Disconnected from the channel tcfchan#6.
22:09:57 INFO  : 'targets -set -filter {jtag_cable_name =~ "Digilent Zed 210248572000" && level==0} -index 1' command is executed.
22:09:57 INFO  : 'fpga -state' command is executed.
22:09:57 INFO  : Connected to target on host '127.0.0.1' and port '3121'.
22:09:58 INFO  : Jtag cable 'Digilent Zed 210248572000' is selected.
22:09:58 INFO  : 'jtag frequency' command is executed.
22:09:58 INFO  : Sourcing of 'D:/addam/Git/SDUP/zynq_fft_ip_core/soc_sim/module_sim/fft_module/fft_module.sdk/FFT_Zynq_Axi_Lite_wrapper_hw_platform_0/ps7_init.tcl' is done.
22:09:58 INFO  : Context for 'APU' is selected.
22:09:59 INFO  : Hardware design information is loaded from 'D:/addam/Git/SDUP/zynq_fft_ip_core/soc_sim/module_sim/fft_module/fft_module.sdk/FFT_Zynq_Axi_Lite_wrapper_hw_platform_0/system.hdf'.
22:09:59 INFO  : 'configparams force-mem-access 1' command is executed.
22:09:59 INFO  : Context for 'APU' is selected.
22:09:59 INFO  : 'stop' command is executed.
22:10:00 INFO  : 'ps7_init' command is executed.
22:10:00 INFO  : 'ps7_post_config' command is executed.
22:10:00 INFO  : Context for processor 'ps7_cortexa9_0' is selected.
22:10:00 INFO  : Processor reset is completed for 'ps7_cortexa9_0'.
22:10:00 INFO  : Context for processor 'ps7_cortexa9_0' is selected.
22:10:00 INFO  : The application 'D:/addam/Git/SDUP/zynq_fft_ip_core/soc_sim/module_sim/fft_module/fft_module.sdk/fft_project/Debug/fft_project.elf' is downloaded to processor 'ps7_cortexa9_0'.
22:10:00 INFO  : 'configparams force-mem-access 0' command is executed.
22:10:00 INFO  : ----------------XSDB Script----------------
connect -url tcp:127.0.0.1:3121
source D:/addam/Git/SDUP/zynq_fft_ip_core/soc_sim/module_sim/fft_module/fft_module.sdk/FFT_Zynq_Axi_Lite_wrapper_hw_platform_0/ps7_init.tcl
targets -set -nocase -filter {name =~"APU*" && jtag_cable_name =~ "Digilent Zed 210248572000"} -index 0
loadhw -hw D:/addam/Git/SDUP/zynq_fft_ip_core/soc_sim/module_sim/fft_module/fft_module.sdk/FFT_Zynq_Axi_Lite_wrapper_hw_platform_0/system.hdf -mem-ranges [list {0x40000000 0xbfffffff}]
configparams force-mem-access 1
targets -set -nocase -filter {name =~"APU*" && jtag_cable_name =~ "Digilent Zed 210248572000"} -index 0
stop
ps7_init
ps7_post_config
targets -set -nocase -filter {name =~ "ARM*#0" && jtag_cable_name =~ "Digilent Zed 210248572000"} -index 0
rst -processor
targets -set -nocase -filter {name =~ "ARM*#0" && jtag_cable_name =~ "Digilent Zed 210248572000"} -index 0
dow D:/addam/Git/SDUP/zynq_fft_ip_core/soc_sim/module_sim/fft_module/fft_module.sdk/fft_project/Debug/fft_project.elf
configparams force-mem-access 0
----------------End of Script----------------

22:10:00 INFO  : Memory regions updated for context APU
22:10:00 INFO  : Context for processor 'ps7_cortexa9_0' is selected.
22:10:00 INFO  : 'con' command is executed.
22:10:00 INFO  : ----------------XSDB Script (After Launch)----------------
targets -set -nocase -filter {name =~ "ARM*#0" && jtag_cable_name =~ "Digilent Zed 210248572000"} -index 0
con
----------------End of Script----------------

22:10:00 INFO  : Launch script is exported to file 'D:\addam\Git\SDUP\zynq_fft_ip_core\soc_sim\module_sim\fft_module\fft_module.sdk\.sdk\launch_scripts\xilinx_c-c++_application_(system_debugger)\system_debugger_using_debug_fft_project.elf_on_local.tcl'
22:10:30 INFO  : Disconnected from the channel tcfchan#7.
22:10:31 INFO  : 'targets -set -filter {jtag_cable_name =~ "Digilent Zed 210248572000" && level==0} -index 1' command is executed.
22:10:31 INFO  : 'fpga -state' command is executed.
22:10:31 INFO  : Connected to target on host '127.0.0.1' and port '3121'.
22:10:31 INFO  : Jtag cable 'Digilent Zed 210248572000' is selected.
22:10:31 INFO  : 'jtag frequency' command is executed.
22:10:31 INFO  : Sourcing of 'D:/addam/Git/SDUP/zynq_fft_ip_core/soc_sim/module_sim/fft_module/fft_module.sdk/FFT_Zynq_Axi_Lite_wrapper_hw_platform_0/ps7_init.tcl' is done.
22:10:31 INFO  : Context for 'APU' is selected.
22:10:33 INFO  : Hardware design information is loaded from 'D:/addam/Git/SDUP/zynq_fft_ip_core/soc_sim/module_sim/fft_module/fft_module.sdk/FFT_Zynq_Axi_Lite_wrapper_hw_platform_0/system.hdf'.
22:10:33 INFO  : 'configparams force-mem-access 1' command is executed.
22:10:33 INFO  : Context for 'APU' is selected.
22:10:33 INFO  : 'stop' command is executed.
22:10:33 INFO  : 'ps7_init' command is executed.
22:10:33 INFO  : 'ps7_post_config' command is executed.
22:10:33 INFO  : Context for processor 'ps7_cortexa9_0' is selected.
22:10:33 INFO  : Processor reset is completed for 'ps7_cortexa9_0'.
22:10:33 INFO  : Context for processor 'ps7_cortexa9_0' is selected.
22:10:33 INFO  : The application 'D:/addam/Git/SDUP/zynq_fft_ip_core/soc_sim/module_sim/fft_module/fft_module.sdk/fft_project/Debug/fft_project.elf' is downloaded to processor 'ps7_cortexa9_0'.
22:10:33 INFO  : 'configparams force-mem-access 0' command is executed.
22:10:33 INFO  : ----------------XSDB Script----------------
connect -url tcp:127.0.0.1:3121
source D:/addam/Git/SDUP/zynq_fft_ip_core/soc_sim/module_sim/fft_module/fft_module.sdk/FFT_Zynq_Axi_Lite_wrapper_hw_platform_0/ps7_init.tcl
targets -set -nocase -filter {name =~"APU*" && jtag_cable_name =~ "Digilent Zed 210248572000"} -index 0
loadhw -hw D:/addam/Git/SDUP/zynq_fft_ip_core/soc_sim/module_sim/fft_module/fft_module.sdk/FFT_Zynq_Axi_Lite_wrapper_hw_platform_0/system.hdf -mem-ranges [list {0x40000000 0xbfffffff}]
configparams force-mem-access 1
targets -set -nocase -filter {name =~"APU*" && jtag_cable_name =~ "Digilent Zed 210248572000"} -index 0
stop
ps7_init
ps7_post_config
targets -set -nocase -filter {name =~ "ARM*#0" && jtag_cable_name =~ "Digilent Zed 210248572000"} -index 0
rst -processor
targets -set -nocase -filter {name =~ "ARM*#0" && jtag_cable_name =~ "Digilent Zed 210248572000"} -index 0
dow D:/addam/Git/SDUP/zynq_fft_ip_core/soc_sim/module_sim/fft_module/fft_module.sdk/fft_project/Debug/fft_project.elf
configparams force-mem-access 0
----------------End of Script----------------

22:10:33 INFO  : Memory regions updated for context APU
22:10:33 INFO  : Context for processor 'ps7_cortexa9_0' is selected.
22:10:34 INFO  : 'con' command is executed.
22:10:34 INFO  : ----------------XSDB Script (After Launch)----------------
targets -set -nocase -filter {name =~ "ARM*#0" && jtag_cable_name =~ "Digilent Zed 210248572000"} -index 0
con
----------------End of Script----------------

22:10:34 INFO  : Launch script is exported to file 'D:\addam\Git\SDUP\zynq_fft_ip_core\soc_sim\module_sim\fft_module\fft_module.sdk\.sdk\launch_scripts\xilinx_c-c++_application_(system_debugger)\system_debugger_using_debug_fft_project.elf_on_local.tcl'
22:11:42 INFO  : Disconnected from the channel tcfchan#8.
22:11:43 INFO  : 'targets -set -filter {jtag_cable_name =~ "Digilent Zed 210248572000" && level==0} -index 1' command is executed.
22:11:43 INFO  : 'fpga -state' command is executed.
22:11:43 INFO  : Connected to target on host '127.0.0.1' and port '3121'.
22:11:43 INFO  : Jtag cable 'Digilent Zed 210248572000' is selected.
22:11:43 INFO  : 'jtag frequency' command is executed.
22:11:43 INFO  : Sourcing of 'D:/addam/Git/SDUP/zynq_fft_ip_core/soc_sim/module_sim/fft_module/fft_module.sdk/FFT_Zynq_Axi_Lite_wrapper_hw_platform_0/ps7_init.tcl' is done.
22:11:44 INFO  : Context for 'APU' is selected.
22:11:46 INFO  : Hardware design information is loaded from 'D:/addam/Git/SDUP/zynq_fft_ip_core/soc_sim/module_sim/fft_module/fft_module.sdk/FFT_Zynq_Axi_Lite_wrapper_hw_platform_0/system.hdf'.
22:11:46 INFO  : 'configparams force-mem-access 1' command is executed.
22:11:46 INFO  : Context for 'APU' is selected.
22:11:46 INFO  : 'stop' command is executed.
22:11:46 INFO  : 'ps7_init' command is executed.
22:11:46 INFO  : 'ps7_post_config' command is executed.
22:11:46 INFO  : Context for processor 'ps7_cortexa9_0' is selected.
22:11:46 INFO  : Processor reset is completed for 'ps7_cortexa9_0'.
22:11:46 INFO  : Context for processor 'ps7_cortexa9_0' is selected.
22:11:46 INFO  : The application 'D:/addam/Git/SDUP/zynq_fft_ip_core/soc_sim/module_sim/fft_module/fft_module.sdk/fft_project/Debug/fft_project.elf' is downloaded to processor 'ps7_cortexa9_0'.
22:11:46 INFO  : 'configparams force-mem-access 0' command is executed.
22:11:46 INFO  : ----------------XSDB Script----------------
connect -url tcp:127.0.0.1:3121
source D:/addam/Git/SDUP/zynq_fft_ip_core/soc_sim/module_sim/fft_module/fft_module.sdk/FFT_Zynq_Axi_Lite_wrapper_hw_platform_0/ps7_init.tcl
targets -set -nocase -filter {name =~"APU*" && jtag_cable_name =~ "Digilent Zed 210248572000"} -index 0
loadhw -hw D:/addam/Git/SDUP/zynq_fft_ip_core/soc_sim/module_sim/fft_module/fft_module.sdk/FFT_Zynq_Axi_Lite_wrapper_hw_platform_0/system.hdf -mem-ranges [list {0x40000000 0xbfffffff}]
configparams force-mem-access 1
targets -set -nocase -filter {name =~"APU*" && jtag_cable_name =~ "Digilent Zed 210248572000"} -index 0
stop
ps7_init
ps7_post_config
targets -set -nocase -filter {name =~ "ARM*#0" && jtag_cable_name =~ "Digilent Zed 210248572000"} -index 0
rst -processor
targets -set -nocase -filter {name =~ "ARM*#0" && jtag_cable_name =~ "Digilent Zed 210248572000"} -index 0
dow D:/addam/Git/SDUP/zynq_fft_ip_core/soc_sim/module_sim/fft_module/fft_module.sdk/fft_project/Debug/fft_project.elf
configparams force-mem-access 0
----------------End of Script----------------

22:11:46 INFO  : Memory regions updated for context APU
22:11:46 INFO  : Context for processor 'ps7_cortexa9_0' is selected.
22:11:46 INFO  : 'con' command is executed.
22:11:46 INFO  : ----------------XSDB Script (After Launch)----------------
targets -set -nocase -filter {name =~ "ARM*#0" && jtag_cable_name =~ "Digilent Zed 210248572000"} -index 0
con
----------------End of Script----------------

22:11:46 INFO  : Launch script is exported to file 'D:\addam\Git\SDUP\zynq_fft_ip_core\soc_sim\module_sim\fft_module\fft_module.sdk\.sdk\launch_scripts\xilinx_c-c++_application_(system_debugger)\system_debugger_using_debug_fft_project.elf_on_local.tcl'
22:13:04 INFO  : Disconnected from the channel tcfchan#9.
22:13:05 INFO  : 'targets -set -filter {jtag_cable_name =~ "Digilent Zed 210248572000" && level==0} -index 1' command is executed.
22:13:05 INFO  : 'fpga -state' command is executed.
22:13:05 INFO  : Connected to target on host '127.0.0.1' and port '3121'.
22:13:05 INFO  : Jtag cable 'Digilent Zed 210248572000' is selected.
22:13:05 INFO  : 'jtag frequency' command is executed.
22:13:05 INFO  : Sourcing of 'D:/addam/Git/SDUP/zynq_fft_ip_core/soc_sim/module_sim/fft_module/fft_module.sdk/FFT_Zynq_Axi_Lite_wrapper_hw_platform_0/ps7_init.tcl' is done.
22:13:05 INFO  : Context for 'APU' is selected.
22:13:07 INFO  : Hardware design information is loaded from 'D:/addam/Git/SDUP/zynq_fft_ip_core/soc_sim/module_sim/fft_module/fft_module.sdk/FFT_Zynq_Axi_Lite_wrapper_hw_platform_0/system.hdf'.
22:13:07 INFO  : 'configparams force-mem-access 1' command is executed.
22:13:07 INFO  : Context for 'APU' is selected.
22:13:07 INFO  : 'stop' command is executed.
22:13:07 INFO  : 'ps7_init' command is executed.
22:13:07 INFO  : 'ps7_post_config' command is executed.
22:13:07 INFO  : Context for processor 'ps7_cortexa9_0' is selected.
22:13:07 INFO  : Processor reset is completed for 'ps7_cortexa9_0'.
22:13:07 INFO  : Context for processor 'ps7_cortexa9_0' is selected.
22:13:07 INFO  : The application 'D:/addam/Git/SDUP/zynq_fft_ip_core/soc_sim/module_sim/fft_module/fft_module.sdk/fft_project/Debug/fft_project.elf' is downloaded to processor 'ps7_cortexa9_0'.
22:13:07 INFO  : 'configparams force-mem-access 0' command is executed.
22:13:07 INFO  : ----------------XSDB Script----------------
connect -url tcp:127.0.0.1:3121
source D:/addam/Git/SDUP/zynq_fft_ip_core/soc_sim/module_sim/fft_module/fft_module.sdk/FFT_Zynq_Axi_Lite_wrapper_hw_platform_0/ps7_init.tcl
targets -set -nocase -filter {name =~"APU*" && jtag_cable_name =~ "Digilent Zed 210248572000"} -index 0
loadhw -hw D:/addam/Git/SDUP/zynq_fft_ip_core/soc_sim/module_sim/fft_module/fft_module.sdk/FFT_Zynq_Axi_Lite_wrapper_hw_platform_0/system.hdf -mem-ranges [list {0x40000000 0xbfffffff}]
configparams force-mem-access 1
targets -set -nocase -filter {name =~"APU*" && jtag_cable_name =~ "Digilent Zed 210248572000"} -index 0
stop
ps7_init
ps7_post_config
targets -set -nocase -filter {name =~ "ARM*#0" && jtag_cable_name =~ "Digilent Zed 210248572000"} -index 0
rst -processor
targets -set -nocase -filter {name =~ "ARM*#0" && jtag_cable_name =~ "Digilent Zed 210248572000"} -index 0
dow D:/addam/Git/SDUP/zynq_fft_ip_core/soc_sim/module_sim/fft_module/fft_module.sdk/fft_project/Debug/fft_project.elf
configparams force-mem-access 0
----------------End of Script----------------

22:13:07 INFO  : Memory regions updated for context APU
22:13:07 INFO  : Context for processor 'ps7_cortexa9_0' is selected.
22:13:07 INFO  : 'con' command is executed.
22:13:07 INFO  : ----------------XSDB Script (After Launch)----------------
targets -set -nocase -filter {name =~ "ARM*#0" && jtag_cable_name =~ "Digilent Zed 210248572000"} -index 0
con
----------------End of Script----------------

22:13:07 INFO  : Launch script is exported to file 'D:\addam\Git\SDUP\zynq_fft_ip_core\soc_sim\module_sim\fft_module\fft_module.sdk\.sdk\launch_scripts\xilinx_c-c++_application_(system_debugger)\system_debugger_using_debug_fft_project.elf_on_local.tcl'
22:14:58 INFO  : Disconnected from the channel tcfchan#10.
22:14:59 INFO  : 'targets -set -filter {jtag_cable_name =~ "Digilent Zed 210248572000" && level==0} -index 1' command is executed.
22:14:59 INFO  : 'fpga -state' command is executed.
22:14:59 INFO  : Connected to target on host '127.0.0.1' and port '3121'.
22:14:59 INFO  : Jtag cable 'Digilent Zed 210248572000' is selected.
22:14:59 INFO  : 'jtag frequency' command is executed.
22:14:59 INFO  : Sourcing of 'D:/addam/Git/SDUP/zynq_fft_ip_core/soc_sim/module_sim/fft_module/fft_module.sdk/FFT_Zynq_Axi_Lite_wrapper_hw_platform_0/ps7_init.tcl' is done.
22:14:59 INFO  : Context for 'APU' is selected.
22:15:01 INFO  : Hardware design information is loaded from 'D:/addam/Git/SDUP/zynq_fft_ip_core/soc_sim/module_sim/fft_module/fft_module.sdk/FFT_Zynq_Axi_Lite_wrapper_hw_platform_0/system.hdf'.
22:15:01 INFO  : 'configparams force-mem-access 1' command is executed.
22:15:01 INFO  : Context for 'APU' is selected.
22:15:01 INFO  : 'stop' command is executed.
22:15:02 INFO  : 'ps7_init' command is executed.
22:15:02 INFO  : 'ps7_post_config' command is executed.
22:15:02 INFO  : Context for processor 'ps7_cortexa9_0' is selected.
22:15:02 INFO  : Processor reset is completed for 'ps7_cortexa9_0'.
22:15:02 INFO  : Context for processor 'ps7_cortexa9_0' is selected.
22:15:02 INFO  : The application 'D:/addam/Git/SDUP/zynq_fft_ip_core/soc_sim/module_sim/fft_module/fft_module.sdk/fft_project/Debug/fft_project.elf' is downloaded to processor 'ps7_cortexa9_0'.
22:15:02 INFO  : 'configparams force-mem-access 0' command is executed.
22:15:02 INFO  : ----------------XSDB Script----------------
connect -url tcp:127.0.0.1:3121
source D:/addam/Git/SDUP/zynq_fft_ip_core/soc_sim/module_sim/fft_module/fft_module.sdk/FFT_Zynq_Axi_Lite_wrapper_hw_platform_0/ps7_init.tcl
targets -set -nocase -filter {name =~"APU*" && jtag_cable_name =~ "Digilent Zed 210248572000"} -index 0
loadhw -hw D:/addam/Git/SDUP/zynq_fft_ip_core/soc_sim/module_sim/fft_module/fft_module.sdk/FFT_Zynq_Axi_Lite_wrapper_hw_platform_0/system.hdf -mem-ranges [list {0x40000000 0xbfffffff}]
configparams force-mem-access 1
targets -set -nocase -filter {name =~"APU*" && jtag_cable_name =~ "Digilent Zed 210248572000"} -index 0
stop
ps7_init
ps7_post_config
targets -set -nocase -filter {name =~ "ARM*#0" && jtag_cable_name =~ "Digilent Zed 210248572000"} -index 0
rst -processor
targets -set -nocase -filter {name =~ "ARM*#0" && jtag_cable_name =~ "Digilent Zed 210248572000"} -index 0
dow D:/addam/Git/SDUP/zynq_fft_ip_core/soc_sim/module_sim/fft_module/fft_module.sdk/fft_project/Debug/fft_project.elf
configparams force-mem-access 0
----------------End of Script----------------

22:15:02 INFO  : Memory regions updated for context APU
22:15:02 INFO  : Context for processor 'ps7_cortexa9_0' is selected.
22:15:02 INFO  : 'con' command is executed.
22:15:02 INFO  : ----------------XSDB Script (After Launch)----------------
targets -set -nocase -filter {name =~ "ARM*#0" && jtag_cable_name =~ "Digilent Zed 210248572000"} -index 0
con
----------------End of Script----------------

22:15:02 INFO  : Launch script is exported to file 'D:\addam\Git\SDUP\zynq_fft_ip_core\soc_sim\module_sim\fft_module\fft_module.sdk\.sdk\launch_scripts\xilinx_c-c++_application_(system_debugger)\system_debugger_using_debug_fft_project.elf_on_local.tcl'
22:15:36 INFO  : Disconnected from the channel tcfchan#11.
22:15:37 INFO  : 'targets -set -filter {jtag_cable_name =~ "Digilent Zed 210248572000" && level==0} -index 1' command is executed.
22:15:38 INFO  : 'fpga -state' command is executed.
22:15:38 INFO  : Connected to target on host '127.0.0.1' and port '3121'.
22:15:38 INFO  : Jtag cable 'Digilent Zed 210248572000' is selected.
22:15:38 INFO  : 'jtag frequency' command is executed.
22:15:38 INFO  : Sourcing of 'D:/addam/Git/SDUP/zynq_fft_ip_core/soc_sim/module_sim/fft_module/fft_module.sdk/FFT_Zynq_Axi_Lite_wrapper_hw_platform_0/ps7_init.tcl' is done.
22:15:38 INFO  : Context for 'APU' is selected.
22:15:39 INFO  : Hardware design information is loaded from 'D:/addam/Git/SDUP/zynq_fft_ip_core/soc_sim/module_sim/fft_module/fft_module.sdk/FFT_Zynq_Axi_Lite_wrapper_hw_platform_0/system.hdf'.
22:15:39 INFO  : 'configparams force-mem-access 1' command is executed.
22:15:39 INFO  : Context for 'APU' is selected.
22:15:40 INFO  : 'stop' command is executed.
22:15:40 INFO  : 'ps7_init' command is executed.
22:15:40 INFO  : 'ps7_post_config' command is executed.
22:15:40 INFO  : Context for processor 'ps7_cortexa9_0' is selected.
22:15:40 INFO  : Processor reset is completed for 'ps7_cortexa9_0'.
22:15:40 INFO  : Context for processor 'ps7_cortexa9_0' is selected.
22:15:40 INFO  : The application 'D:/addam/Git/SDUP/zynq_fft_ip_core/soc_sim/module_sim/fft_module/fft_module.sdk/fft_project/Debug/fft_project.elf' is downloaded to processor 'ps7_cortexa9_0'.
22:15:40 INFO  : 'configparams force-mem-access 0' command is executed.
22:15:40 INFO  : ----------------XSDB Script----------------
connect -url tcp:127.0.0.1:3121
source D:/addam/Git/SDUP/zynq_fft_ip_core/soc_sim/module_sim/fft_module/fft_module.sdk/FFT_Zynq_Axi_Lite_wrapper_hw_platform_0/ps7_init.tcl
targets -set -nocase -filter {name =~"APU*" && jtag_cable_name =~ "Digilent Zed 210248572000"} -index 0
loadhw -hw D:/addam/Git/SDUP/zynq_fft_ip_core/soc_sim/module_sim/fft_module/fft_module.sdk/FFT_Zynq_Axi_Lite_wrapper_hw_platform_0/system.hdf -mem-ranges [list {0x40000000 0xbfffffff}]
configparams force-mem-access 1
targets -set -nocase -filter {name =~"APU*" && jtag_cable_name =~ "Digilent Zed 210248572000"} -index 0
stop
ps7_init
ps7_post_config
targets -set -nocase -filter {name =~ "ARM*#0" && jtag_cable_name =~ "Digilent Zed 210248572000"} -index 0
rst -processor
targets -set -nocase -filter {name =~ "ARM*#0" && jtag_cable_name =~ "Digilent Zed 210248572000"} -index 0
dow D:/addam/Git/SDUP/zynq_fft_ip_core/soc_sim/module_sim/fft_module/fft_module.sdk/fft_project/Debug/fft_project.elf
configparams force-mem-access 0
----------------End of Script----------------

22:15:40 INFO  : Memory regions updated for context APU
22:15:40 INFO  : Context for processor 'ps7_cortexa9_0' is selected.
22:15:40 INFO  : 'con' command is executed.
22:15:40 INFO  : ----------------XSDB Script (After Launch)----------------
targets -set -nocase -filter {name =~ "ARM*#0" && jtag_cable_name =~ "Digilent Zed 210248572000"} -index 0
con
----------------End of Script----------------

22:15:40 INFO  : Launch script is exported to file 'D:\addam\Git\SDUP\zynq_fft_ip_core\soc_sim\module_sim\fft_module\fft_module.sdk\.sdk\launch_scripts\xilinx_c-c++_application_(system_debugger)\system_debugger_using_debug_fft_project.elf_on_local.tcl'
22:17:25 INFO  : Disconnected from the channel tcfchan#12.
22:17:26 INFO  : 'targets -set -filter {jtag_cable_name =~ "Digilent Zed 210248572000" && level==0} -index 1' command is executed.
22:17:26 INFO  : 'fpga -state' command is executed.
22:17:26 INFO  : Connected to target on host '127.0.0.1' and port '3121'.
22:17:26 INFO  : Jtag cable 'Digilent Zed 210248572000' is selected.
22:17:26 INFO  : 'jtag frequency' command is executed.
22:17:26 INFO  : Sourcing of 'D:/addam/Git/SDUP/zynq_fft_ip_core/soc_sim/module_sim/fft_module/fft_module.sdk/FFT_Zynq_Axi_Lite_wrapper_hw_platform_0/ps7_init.tcl' is done.
22:17:26 INFO  : Context for 'APU' is selected.
22:17:28 INFO  : Hardware design information is loaded from 'D:/addam/Git/SDUP/zynq_fft_ip_core/soc_sim/module_sim/fft_module/fft_module.sdk/FFT_Zynq_Axi_Lite_wrapper_hw_platform_0/system.hdf'.
22:17:28 INFO  : 'configparams force-mem-access 1' command is executed.
22:17:28 INFO  : Context for 'APU' is selected.
22:17:28 INFO  : 'stop' command is executed.
22:17:28 INFO  : 'ps7_init' command is executed.
22:17:28 INFO  : 'ps7_post_config' command is executed.
22:17:28 INFO  : Context for processor 'ps7_cortexa9_0' is selected.
22:17:29 INFO  : Processor reset is completed for 'ps7_cortexa9_0'.
22:17:29 INFO  : Context for processor 'ps7_cortexa9_0' is selected.
22:17:29 INFO  : The application 'D:/addam/Git/SDUP/zynq_fft_ip_core/soc_sim/module_sim/fft_module/fft_module.sdk/fft_project/Debug/fft_project.elf' is downloaded to processor 'ps7_cortexa9_0'.
22:17:29 INFO  : 'configparams force-mem-access 0' command is executed.
22:17:29 INFO  : ----------------XSDB Script----------------
connect -url tcp:127.0.0.1:3121
source D:/addam/Git/SDUP/zynq_fft_ip_core/soc_sim/module_sim/fft_module/fft_module.sdk/FFT_Zynq_Axi_Lite_wrapper_hw_platform_0/ps7_init.tcl
targets -set -nocase -filter {name =~"APU*" && jtag_cable_name =~ "Digilent Zed 210248572000"} -index 0
loadhw -hw D:/addam/Git/SDUP/zynq_fft_ip_core/soc_sim/module_sim/fft_module/fft_module.sdk/FFT_Zynq_Axi_Lite_wrapper_hw_platform_0/system.hdf -mem-ranges [list {0x40000000 0xbfffffff}]
configparams force-mem-access 1
targets -set -nocase -filter {name =~"APU*" && jtag_cable_name =~ "Digilent Zed 210248572000"} -index 0
stop
ps7_init
ps7_post_config
targets -set -nocase -filter {name =~ "ARM*#0" && jtag_cable_name =~ "Digilent Zed 210248572000"} -index 0
rst -processor
targets -set -nocase -filter {name =~ "ARM*#0" && jtag_cable_name =~ "Digilent Zed 210248572000"} -index 0
dow D:/addam/Git/SDUP/zynq_fft_ip_core/soc_sim/module_sim/fft_module/fft_module.sdk/fft_project/Debug/fft_project.elf
configparams force-mem-access 0
----------------End of Script----------------

22:17:29 INFO  : Memory regions updated for context APU
22:17:29 INFO  : Context for processor 'ps7_cortexa9_0' is selected.
22:17:29 INFO  : 'con' command is executed.
22:17:29 INFO  : ----------------XSDB Script (After Launch)----------------
targets -set -nocase -filter {name =~ "ARM*#0" && jtag_cable_name =~ "Digilent Zed 210248572000"} -index 0
con
----------------End of Script----------------

22:17:29 INFO  : Launch script is exported to file 'D:\addam\Git\SDUP\zynq_fft_ip_core\soc_sim\module_sim\fft_module\fft_module.sdk\.sdk\launch_scripts\xilinx_c-c++_application_(system_debugger)\system_debugger_using_debug_fft_project.elf_on_local.tcl'
22:18:26 INFO  : Disconnected from the channel tcfchan#13.
22:18:27 INFO  : 'targets -set -filter {jtag_cable_name =~ "Digilent Zed 210248572000" && level==0} -index 1' command is executed.
22:18:27 INFO  : 'fpga -state' command is executed.
22:18:27 INFO  : Connected to target on host '127.0.0.1' and port '3121'.
22:18:27 INFO  : Jtag cable 'Digilent Zed 210248572000' is selected.
22:18:27 INFO  : 'jtag frequency' command is executed.
22:18:27 INFO  : Sourcing of 'D:/addam/Git/SDUP/zynq_fft_ip_core/soc_sim/module_sim/fft_module/fft_module.sdk/FFT_Zynq_Axi_Lite_wrapper_hw_platform_0/ps7_init.tcl' is done.
22:18:28 INFO  : Context for 'APU' is selected.
22:18:30 INFO  : Hardware design information is loaded from 'D:/addam/Git/SDUP/zynq_fft_ip_core/soc_sim/module_sim/fft_module/fft_module.sdk/FFT_Zynq_Axi_Lite_wrapper_hw_platform_0/system.hdf'.
22:18:30 INFO  : 'configparams force-mem-access 1' command is executed.
22:18:30 INFO  : Context for 'APU' is selected.
22:18:30 INFO  : 'stop' command is executed.
22:18:30 INFO  : 'ps7_init' command is executed.
22:18:30 INFO  : 'ps7_post_config' command is executed.
22:18:30 INFO  : Context for processor 'ps7_cortexa9_0' is selected.
22:18:30 INFO  : Processor reset is completed for 'ps7_cortexa9_0'.
22:18:30 INFO  : Context for processor 'ps7_cortexa9_0' is selected.
22:18:30 INFO  : The application 'D:/addam/Git/SDUP/zynq_fft_ip_core/soc_sim/module_sim/fft_module/fft_module.sdk/fft_project/Debug/fft_project.elf' is downloaded to processor 'ps7_cortexa9_0'.
22:18:30 INFO  : 'configparams force-mem-access 0' command is executed.
22:18:30 INFO  : ----------------XSDB Script----------------
connect -url tcp:127.0.0.1:3121
source D:/addam/Git/SDUP/zynq_fft_ip_core/soc_sim/module_sim/fft_module/fft_module.sdk/FFT_Zynq_Axi_Lite_wrapper_hw_platform_0/ps7_init.tcl
targets -set -nocase -filter {name =~"APU*" && jtag_cable_name =~ "Digilent Zed 210248572000"} -index 0
loadhw -hw D:/addam/Git/SDUP/zynq_fft_ip_core/soc_sim/module_sim/fft_module/fft_module.sdk/FFT_Zynq_Axi_Lite_wrapper_hw_platform_0/system.hdf -mem-ranges [list {0x40000000 0xbfffffff}]
configparams force-mem-access 1
targets -set -nocase -filter {name =~"APU*" && jtag_cable_name =~ "Digilent Zed 210248572000"} -index 0
stop
ps7_init
ps7_post_config
targets -set -nocase -filter {name =~ "ARM*#0" && jtag_cable_name =~ "Digilent Zed 210248572000"} -index 0
rst -processor
targets -set -nocase -filter {name =~ "ARM*#0" && jtag_cable_name =~ "Digilent Zed 210248572000"} -index 0
dow D:/addam/Git/SDUP/zynq_fft_ip_core/soc_sim/module_sim/fft_module/fft_module.sdk/fft_project/Debug/fft_project.elf
configparams force-mem-access 0
----------------End of Script----------------

22:18:30 INFO  : Memory regions updated for context APU
22:18:30 INFO  : Context for processor 'ps7_cortexa9_0' is selected.
22:18:30 INFO  : 'con' command is executed.
22:18:30 INFO  : ----------------XSDB Script (After Launch)----------------
targets -set -nocase -filter {name =~ "ARM*#0" && jtag_cable_name =~ "Digilent Zed 210248572000"} -index 0
con
----------------End of Script----------------

22:18:30 INFO  : Launch script is exported to file 'D:\addam\Git\SDUP\zynq_fft_ip_core\soc_sim\module_sim\fft_module\fft_module.sdk\.sdk\launch_scripts\xilinx_c-c++_application_(system_debugger)\system_debugger_using_debug_fft_project.elf_on_local.tcl'
22:19:46 INFO  : Disconnected from the channel tcfchan#14.
22:19:47 INFO  : 'targets -set -filter {jtag_cable_name =~ "Digilent Zed 210248572000" && level==0} -index 1' command is executed.
22:19:47 INFO  : 'fpga -state' command is executed.
22:19:47 INFO  : Connected to target on host '127.0.0.1' and port '3121'.
22:19:47 INFO  : Jtag cable 'Digilent Zed 210248572000' is selected.
22:19:47 INFO  : 'jtag frequency' command is executed.
22:19:47 INFO  : Sourcing of 'D:/addam/Git/SDUP/zynq_fft_ip_core/soc_sim/module_sim/fft_module/fft_module.sdk/FFT_Zynq_Axi_Lite_wrapper_hw_platform_0/ps7_init.tcl' is done.
22:19:47 INFO  : Context for 'APU' is selected.
22:19:49 INFO  : Hardware design information is loaded from 'D:/addam/Git/SDUP/zynq_fft_ip_core/soc_sim/module_sim/fft_module/fft_module.sdk/FFT_Zynq_Axi_Lite_wrapper_hw_platform_0/system.hdf'.
22:19:49 INFO  : 'configparams force-mem-access 1' command is executed.
22:19:49 INFO  : Context for 'APU' is selected.
22:19:49 INFO  : 'stop' command is executed.
22:19:50 INFO  : 'ps7_init' command is executed.
22:19:50 INFO  : 'ps7_post_config' command is executed.
22:19:50 INFO  : Context for processor 'ps7_cortexa9_0' is selected.
22:19:50 INFO  : Processor reset is completed for 'ps7_cortexa9_0'.
22:19:50 INFO  : Context for processor 'ps7_cortexa9_0' is selected.
22:19:50 INFO  : The application 'D:/addam/Git/SDUP/zynq_fft_ip_core/soc_sim/module_sim/fft_module/fft_module.sdk/fft_project/Debug/fft_project.elf' is downloaded to processor 'ps7_cortexa9_0'.
22:19:50 INFO  : 'configparams force-mem-access 0' command is executed.
22:19:50 INFO  : ----------------XSDB Script----------------
connect -url tcp:127.0.0.1:3121
source D:/addam/Git/SDUP/zynq_fft_ip_core/soc_sim/module_sim/fft_module/fft_module.sdk/FFT_Zynq_Axi_Lite_wrapper_hw_platform_0/ps7_init.tcl
targets -set -nocase -filter {name =~"APU*" && jtag_cable_name =~ "Digilent Zed 210248572000"} -index 0
loadhw -hw D:/addam/Git/SDUP/zynq_fft_ip_core/soc_sim/module_sim/fft_module/fft_module.sdk/FFT_Zynq_Axi_Lite_wrapper_hw_platform_0/system.hdf -mem-ranges [list {0x40000000 0xbfffffff}]
configparams force-mem-access 1
targets -set -nocase -filter {name =~"APU*" && jtag_cable_name =~ "Digilent Zed 210248572000"} -index 0
stop
ps7_init
ps7_post_config
targets -set -nocase -filter {name =~ "ARM*#0" && jtag_cable_name =~ "Digilent Zed 210248572000"} -index 0
rst -processor
targets -set -nocase -filter {name =~ "ARM*#0" && jtag_cable_name =~ "Digilent Zed 210248572000"} -index 0
dow D:/addam/Git/SDUP/zynq_fft_ip_core/soc_sim/module_sim/fft_module/fft_module.sdk/fft_project/Debug/fft_project.elf
configparams force-mem-access 0
----------------End of Script----------------

22:19:50 INFO  : Memory regions updated for context APU
22:19:50 INFO  : Context for processor 'ps7_cortexa9_0' is selected.
22:19:50 INFO  : 'con' command is executed.
22:19:50 INFO  : ----------------XSDB Script (After Launch)----------------
targets -set -nocase -filter {name =~ "ARM*#0" && jtag_cable_name =~ "Digilent Zed 210248572000"} -index 0
con
----------------End of Script----------------

22:19:50 INFO  : Launch script is exported to file 'D:\addam\Git\SDUP\zynq_fft_ip_core\soc_sim\module_sim\fft_module\fft_module.sdk\.sdk\launch_scripts\xilinx_c-c++_application_(system_debugger)\system_debugger_using_debug_fft_project.elf_on_local.tcl'
22:20:42 INFO  : Disconnected from the channel tcfchan#15.
22:20:43 INFO  : 'targets -set -filter {jtag_cable_name =~ "Digilent Zed 210248572000" && level==0} -index 1' command is executed.
22:20:43 INFO  : 'fpga -state' command is executed.
22:20:43 INFO  : Connected to target on host '127.0.0.1' and port '3121'.
22:20:43 INFO  : Jtag cable 'Digilent Zed 210248572000' is selected.
22:20:43 INFO  : 'jtag frequency' command is executed.
22:20:43 INFO  : Sourcing of 'D:/addam/Git/SDUP/zynq_fft_ip_core/soc_sim/module_sim/fft_module/fft_module.sdk/FFT_Zynq_Axi_Lite_wrapper_hw_platform_0/ps7_init.tcl' is done.
22:20:44 INFO  : Context for 'APU' is selected.
22:20:45 INFO  : Hardware design information is loaded from 'D:/addam/Git/SDUP/zynq_fft_ip_core/soc_sim/module_sim/fft_module/fft_module.sdk/FFT_Zynq_Axi_Lite_wrapper_hw_platform_0/system.hdf'.
22:20:45 INFO  : 'configparams force-mem-access 1' command is executed.
22:20:45 INFO  : Context for 'APU' is selected.
22:20:45 INFO  : 'stop' command is executed.
22:20:46 INFO  : 'ps7_init' command is executed.
22:20:46 INFO  : 'ps7_post_config' command is executed.
22:20:46 INFO  : Context for processor 'ps7_cortexa9_0' is selected.
22:20:46 INFO  : Processor reset is completed for 'ps7_cortexa9_0'.
22:20:46 INFO  : Context for processor 'ps7_cortexa9_0' is selected.
22:20:46 INFO  : The application 'D:/addam/Git/SDUP/zynq_fft_ip_core/soc_sim/module_sim/fft_module/fft_module.sdk/fft_project/Debug/fft_project.elf' is downloaded to processor 'ps7_cortexa9_0'.
22:20:46 INFO  : 'configparams force-mem-access 0' command is executed.
22:20:46 INFO  : ----------------XSDB Script----------------
connect -url tcp:127.0.0.1:3121
source D:/addam/Git/SDUP/zynq_fft_ip_core/soc_sim/module_sim/fft_module/fft_module.sdk/FFT_Zynq_Axi_Lite_wrapper_hw_platform_0/ps7_init.tcl
targets -set -nocase -filter {name =~"APU*" && jtag_cable_name =~ "Digilent Zed 210248572000"} -index 0
loadhw -hw D:/addam/Git/SDUP/zynq_fft_ip_core/soc_sim/module_sim/fft_module/fft_module.sdk/FFT_Zynq_Axi_Lite_wrapper_hw_platform_0/system.hdf -mem-ranges [list {0x40000000 0xbfffffff}]
configparams force-mem-access 1
targets -set -nocase -filter {name =~"APU*" && jtag_cable_name =~ "Digilent Zed 210248572000"} -index 0
stop
ps7_init
ps7_post_config
targets -set -nocase -filter {name =~ "ARM*#0" && jtag_cable_name =~ "Digilent Zed 210248572000"} -index 0
rst -processor
targets -set -nocase -filter {name =~ "ARM*#0" && jtag_cable_name =~ "Digilent Zed 210248572000"} -index 0
dow D:/addam/Git/SDUP/zynq_fft_ip_core/soc_sim/module_sim/fft_module/fft_module.sdk/fft_project/Debug/fft_project.elf
configparams force-mem-access 0
----------------End of Script----------------

22:20:46 INFO  : Memory regions updated for context APU
22:20:46 INFO  : Context for processor 'ps7_cortexa9_0' is selected.
22:20:46 INFO  : 'con' command is executed.
22:20:46 INFO  : ----------------XSDB Script (After Launch)----------------
targets -set -nocase -filter {name =~ "ARM*#0" && jtag_cable_name =~ "Digilent Zed 210248572000"} -index 0
con
----------------End of Script----------------

22:20:46 INFO  : Launch script is exported to file 'D:\addam\Git\SDUP\zynq_fft_ip_core\soc_sim\module_sim\fft_module\fft_module.sdk\.sdk\launch_scripts\xilinx_c-c++_application_(system_debugger)\system_debugger_using_debug_fft_project.elf_on_local.tcl'
23:11:53 INFO  : Connected to target on host '127.0.0.1' and port '3121'.
23:11:53 INFO  : 'targets -set -filter {jtag_cable_name =~ "Digilent Zed 210248572000" && level==0} -index 1' command is executed.
23:11:55 INFO  : FPGA configured successfully with bitstream "D:/addam/Git/SDUP/zynq_fft_ip_core/soc_sim/module_sim/fft_module/fft_module.sdk/FFT_Zynq_Axi_Lite_wrapper_hw_platform_0/FFT_Zynq_Axi_Lite_wrapper.bit"
23:12:08 INFO  : Disconnected from the channel tcfchan#16.
23:12:09 INFO  : 'targets -set -filter {jtag_cable_name =~ "Digilent Zed 210248572000" && level==0} -index 1' command is executed.
23:12:09 INFO  : 'fpga -state' command is executed.
23:12:09 INFO  : Connected to target on host '127.0.0.1' and port '3121'.
23:12:09 INFO  : Jtag cable 'Digilent Zed 210248572000' is selected.
23:12:09 INFO  : 'jtag frequency' command is executed.
23:12:09 INFO  : Sourcing of 'D:/addam/Git/SDUP/zynq_fft_ip_core/soc_sim/module_sim/fft_module/fft_module.sdk/FFT_Zynq_Axi_Lite_wrapper_hw_platform_0/ps7_init.tcl' is done.
23:12:09 INFO  : Context for 'APU' is selected.
23:12:11 INFO  : Hardware design information is loaded from 'D:/addam/Git/SDUP/zynq_fft_ip_core/soc_sim/module_sim/fft_module/fft_module.sdk/FFT_Zynq_Axi_Lite_wrapper_hw_platform_0/system.hdf'.
23:12:11 INFO  : 'configparams force-mem-access 1' command is executed.
23:12:11 INFO  : Context for 'APU' is selected.
23:12:11 INFO  : 'stop' command is executed.
23:12:11 INFO  : 'ps7_init' command is executed.
23:12:11 INFO  : 'ps7_post_config' command is executed.
23:12:11 INFO  : Context for processor 'ps7_cortexa9_0' is selected.
23:12:12 INFO  : Processor reset is completed for 'ps7_cortexa9_0'.
23:12:12 INFO  : Context for processor 'ps7_cortexa9_0' is selected.
23:12:12 INFO  : The application 'D:/addam/Git/SDUP/zynq_fft_ip_core/soc_sim/module_sim/fft_module/fft_module.sdk/fft_project/Debug/fft_project.elf' is downloaded to processor 'ps7_cortexa9_0'.
23:12:12 INFO  : 'configparams force-mem-access 0' command is executed.
23:12:12 INFO  : ----------------XSDB Script----------------
connect -url tcp:127.0.0.1:3121
source D:/addam/Git/SDUP/zynq_fft_ip_core/soc_sim/module_sim/fft_module/fft_module.sdk/FFT_Zynq_Axi_Lite_wrapper_hw_platform_0/ps7_init.tcl
targets -set -nocase -filter {name =~"APU*" && jtag_cable_name =~ "Digilent Zed 210248572000"} -index 0
loadhw -hw D:/addam/Git/SDUP/zynq_fft_ip_core/soc_sim/module_sim/fft_module/fft_module.sdk/FFT_Zynq_Axi_Lite_wrapper_hw_platform_0/system.hdf -mem-ranges [list {0x40000000 0xbfffffff}]
configparams force-mem-access 1
targets -set -nocase -filter {name =~"APU*" && jtag_cable_name =~ "Digilent Zed 210248572000"} -index 0
stop
ps7_init
ps7_post_config
targets -set -nocase -filter {name =~ "ARM*#0" && jtag_cable_name =~ "Digilent Zed 210248572000"} -index 0
rst -processor
targets -set -nocase -filter {name =~ "ARM*#0" && jtag_cable_name =~ "Digilent Zed 210248572000"} -index 0
dow D:/addam/Git/SDUP/zynq_fft_ip_core/soc_sim/module_sim/fft_module/fft_module.sdk/fft_project/Debug/fft_project.elf
configparams force-mem-access 0
----------------End of Script----------------

23:12:12 INFO  : Memory regions updated for context APU
23:12:12 INFO  : Context for processor 'ps7_cortexa9_0' is selected.
23:12:12 INFO  : 'con' command is executed.
23:12:12 INFO  : ----------------XSDB Script (After Launch)----------------
targets -set -nocase -filter {name =~ "ARM*#0" && jtag_cable_name =~ "Digilent Zed 210248572000"} -index 0
con
----------------End of Script----------------

23:12:12 INFO  : Launch script is exported to file 'D:\addam\Git\SDUP\zynq_fft_ip_core\soc_sim\module_sim\fft_module\fft_module.sdk\.sdk\launch_scripts\xilinx_c-c++_application_(system_debugger)\system_debugger_using_debug_fft_project.elf_on_local.tcl'
23:15:28 INFO  : Connected to target on host '127.0.0.1' and port '3121'.
23:15:28 INFO  : 'targets -set -filter {jtag_cable_name =~ "Digilent Zed 210248572000" && level==0} -index 1' command is executed.
23:15:31 INFO  : FPGA configured successfully with bitstream "D:/addam/Git/SDUP/zynq_fft_ip_core/soc_sim/module_sim/fft_module/fft_module.sdk/FFT_Zynq_Axi_Lite_wrapper_hw_platform_0/FFT_Zynq_Axi_Lite_wrapper.bit"
23:15:53 INFO  : Disconnected from the channel tcfchan#17.
23:15:54 INFO  : 'targets -set -filter {jtag_cable_name =~ "Digilent Zed 210248572000" && level==0} -index 1' command is executed.
23:15:54 INFO  : 'fpga -state' command is executed.
23:15:54 INFO  : Connected to target on host '127.0.0.1' and port '3121'.
23:15:54 INFO  : Jtag cable 'Digilent Zed 210248572000' is selected.
23:15:54 INFO  : 'jtag frequency' command is executed.
23:15:54 INFO  : Sourcing of 'D:/addam/Git/SDUP/zynq_fft_ip_core/soc_sim/module_sim/fft_module/fft_module.sdk/FFT_Zynq_Axi_Lite_wrapper_hw_platform_0/ps7_init.tcl' is done.
23:15:54 INFO  : Context for 'APU' is selected.
23:15:56 INFO  : Hardware design information is loaded from 'D:/addam/Git/SDUP/zynq_fft_ip_core/soc_sim/module_sim/fft_module/fft_module.sdk/FFT_Zynq_Axi_Lite_wrapper_hw_platform_0/system.hdf'.
23:15:56 INFO  : 'configparams force-mem-access 1' command is executed.
23:15:56 INFO  : Context for 'APU' is selected.
23:15:56 INFO  : 'stop' command is executed.
23:15:57 INFO  : 'ps7_init' command is executed.
23:15:57 INFO  : 'ps7_post_config' command is executed.
23:15:57 INFO  : Context for processor 'ps7_cortexa9_0' is selected.
23:15:57 INFO  : Processor reset is completed for 'ps7_cortexa9_0'.
23:15:57 INFO  : Context for processor 'ps7_cortexa9_0' is selected.
23:15:57 INFO  : The application 'D:/addam/Git/SDUP/zynq_fft_ip_core/soc_sim/module_sim/fft_module/fft_module.sdk/fft_project/Debug/fft_project.elf' is downloaded to processor 'ps7_cortexa9_0'.
23:15:57 INFO  : 'configparams force-mem-access 0' command is executed.
23:15:57 INFO  : ----------------XSDB Script----------------
connect -url tcp:127.0.0.1:3121
source D:/addam/Git/SDUP/zynq_fft_ip_core/soc_sim/module_sim/fft_module/fft_module.sdk/FFT_Zynq_Axi_Lite_wrapper_hw_platform_0/ps7_init.tcl
targets -set -nocase -filter {name =~"APU*" && jtag_cable_name =~ "Digilent Zed 210248572000"} -index 0
loadhw -hw D:/addam/Git/SDUP/zynq_fft_ip_core/soc_sim/module_sim/fft_module/fft_module.sdk/FFT_Zynq_Axi_Lite_wrapper_hw_platform_0/system.hdf -mem-ranges [list {0x40000000 0xbfffffff}]
configparams force-mem-access 1
targets -set -nocase -filter {name =~"APU*" && jtag_cable_name =~ "Digilent Zed 210248572000"} -index 0
stop
ps7_init
ps7_post_config
targets -set -nocase -filter {name =~ "ARM*#0" && jtag_cable_name =~ "Digilent Zed 210248572000"} -index 0
rst -processor
targets -set -nocase -filter {name =~ "ARM*#0" && jtag_cable_name =~ "Digilent Zed 210248572000"} -index 0
dow D:/addam/Git/SDUP/zynq_fft_ip_core/soc_sim/module_sim/fft_module/fft_module.sdk/fft_project/Debug/fft_project.elf
configparams force-mem-access 0
----------------End of Script----------------

23:15:57 INFO  : Memory regions updated for context APU
23:15:57 INFO  : Context for processor 'ps7_cortexa9_0' is selected.
23:15:57 INFO  : 'con' command is executed.
23:15:57 INFO  : ----------------XSDB Script (After Launch)----------------
targets -set -nocase -filter {name =~ "ARM*#0" && jtag_cable_name =~ "Digilent Zed 210248572000"} -index 0
con
----------------End of Script----------------

23:15:57 INFO  : Launch script is exported to file 'D:\addam\Git\SDUP\zynq_fft_ip_core\soc_sim\module_sim\fft_module\fft_module.sdk\.sdk\launch_scripts\xilinx_c-c++_application_(system_debugger)\system_debugger_using_debug_fft_project.elf_on_local.tcl'
23:16:34 INFO  : Connected to target on host '127.0.0.1' and port '3121'.
23:16:34 INFO  : 'targets -set -filter {jtag_cable_name =~ "Digilent Zed 210248572000" && level==0} -index 1' command is executed.
23:16:36 INFO  : FPGA configured successfully with bitstream "D:/addam/Git/SDUP/zynq_fft_ip_core/soc_sim/module_sim/fft_module/fft_module.sdk/FFT_Zynq_Axi_Lite_wrapper_hw_platform_0/FFT_Zynq_Axi_Lite_wrapper.bit"
23:16:43 INFO  : Disconnected from the channel tcfchan#18.
23:16:44 INFO  : 'targets -set -filter {jtag_cable_name =~ "Digilent Zed 210248572000" && level==0} -index 1' command is executed.
23:16:44 INFO  : 'fpga -state' command is executed.
23:16:44 INFO  : Connected to target on host '127.0.0.1' and port '3121'.
23:16:44 INFO  : Jtag cable 'Digilent Zed 210248572000' is selected.
23:16:44 INFO  : 'jtag frequency' command is executed.
23:16:44 INFO  : Sourcing of 'D:/addam/Git/SDUP/zynq_fft_ip_core/soc_sim/module_sim/fft_module/fft_module.sdk/FFT_Zynq_Axi_Lite_wrapper_hw_platform_0/ps7_init.tcl' is done.
23:16:44 INFO  : Context for 'APU' is selected.
23:16:46 INFO  : Hardware design information is loaded from 'D:/addam/Git/SDUP/zynq_fft_ip_core/soc_sim/module_sim/fft_module/fft_module.sdk/FFT_Zynq_Axi_Lite_wrapper_hw_platform_0/system.hdf'.
23:16:46 INFO  : 'configparams force-mem-access 1' command is executed.
23:16:46 INFO  : Context for 'APU' is selected.
23:16:46 INFO  : 'stop' command is executed.
23:16:47 INFO  : 'ps7_init' command is executed.
23:16:47 INFO  : 'ps7_post_config' command is executed.
23:16:47 INFO  : Context for processor 'ps7_cortexa9_0' is selected.
23:16:47 INFO  : Processor reset is completed for 'ps7_cortexa9_0'.
23:16:47 INFO  : Context for processor 'ps7_cortexa9_0' is selected.
23:16:47 INFO  : The application 'D:/addam/Git/SDUP/zynq_fft_ip_core/soc_sim/module_sim/fft_module/fft_module.sdk/fft_project/Debug/fft_project.elf' is downloaded to processor 'ps7_cortexa9_0'.
23:16:47 INFO  : 'configparams force-mem-access 0' command is executed.
23:16:47 INFO  : ----------------XSDB Script----------------
connect -url tcp:127.0.0.1:3121
source D:/addam/Git/SDUP/zynq_fft_ip_core/soc_sim/module_sim/fft_module/fft_module.sdk/FFT_Zynq_Axi_Lite_wrapper_hw_platform_0/ps7_init.tcl
targets -set -nocase -filter {name =~"APU*" && jtag_cable_name =~ "Digilent Zed 210248572000"} -index 0
loadhw -hw D:/addam/Git/SDUP/zynq_fft_ip_core/soc_sim/module_sim/fft_module/fft_module.sdk/FFT_Zynq_Axi_Lite_wrapper_hw_platform_0/system.hdf -mem-ranges [list {0x40000000 0xbfffffff}]
configparams force-mem-access 1
targets -set -nocase -filter {name =~"APU*" && jtag_cable_name =~ "Digilent Zed 210248572000"} -index 0
stop
ps7_init
ps7_post_config
targets -set -nocase -filter {name =~ "ARM*#0" && jtag_cable_name =~ "Digilent Zed 210248572000"} -index 0
rst -processor
targets -set -nocase -filter {name =~ "ARM*#0" && jtag_cable_name =~ "Digilent Zed 210248572000"} -index 0
dow D:/addam/Git/SDUP/zynq_fft_ip_core/soc_sim/module_sim/fft_module/fft_module.sdk/fft_project/Debug/fft_project.elf
configparams force-mem-access 0
----------------End of Script----------------

23:16:47 INFO  : Memory regions updated for context APU
23:16:47 INFO  : Context for processor 'ps7_cortexa9_0' is selected.
23:16:47 INFO  : 'con' command is executed.
23:16:47 INFO  : ----------------XSDB Script (After Launch)----------------
targets -set -nocase -filter {name =~ "ARM*#0" && jtag_cable_name =~ "Digilent Zed 210248572000"} -index 0
con
----------------End of Script----------------

23:16:47 INFO  : Launch script is exported to file 'D:\addam\Git\SDUP\zynq_fft_ip_core\soc_sim\module_sim\fft_module\fft_module.sdk\.sdk\launch_scripts\xilinx_c-c++_application_(system_debugger)\system_debugger_using_debug_fft_project.elf_on_local.tcl'
23:23:13 INFO  : Disconnected from the channel tcfchan#19.
>>>>>>> b964d010866706ff67bde9ea1930c97a97cd9502
